

================================================================
== Vitis HLS Report for 'udpPortUnreachable'
================================================================
* Date:           Sat Mar 18 14:31:45 2023

* Version:        2021.2 (Build 3367213 on Tue Oct 19 02:47:39 MDT 2021)
* Project:        icmp_server_prj
* Solution:       solution1 (Vivado IP Flow Target)
* Product family: virtexuplus
* Target device:  xcu280-fsvh2892-2L-e


================================================================
== Performance Estimates
================================================================
+ Timing: 
    * Summary: 
    +--------+---------+----------+------------+
    |  Clock |  Target | Estimated| Uncertainty|
    +--------+---------+----------+------------+
    |ap_clk  |  3.20 ns|  4.392 ns|     0.86 ns|
    +--------+---------+----------+------------+

+ Latency: 
    * Summary: 
    +---------+---------+----------+----------+-----+-----+---------+
    |  Latency (cycles) |  Latency (absolute) |  Interval | Pipeline|
    |   min   |   max   |    min   |    max   | min | max |   Type  |
    +---------+---------+----------+----------+-----+-----+---------+
    |        0|        0|      0 ns|      0 ns|    1|    1|      yes|
    +---------+---------+----------+----------+-----+-----+---------+

    + Detail: 
        * Instance: 
        N/A

        * Loop: 
        N/A

============================================================
+ Verbose Summary: Synthesis Manager
============================================================
InlineROM: 1
ExposeGlobal: 0
============================================================
+ Verbose Summary: CDFG Model
============================================================
IsTopModel: 0
ResetActiveHigh: 1
IsCombinational: 2
IsDatapathOnly: 0
HasWiredReturn: 1
HasMFsm: 2
HasVarLatency: 0
IsPipeline: 1
IsRtlPipelined: 0
IsInstanceOverlapped: 0
IsDontTouch: 0
HasImplIP: 0
IsGatedGlobalClock: 0

+ Individual pipeline summary: 
  * Pipeline-0: initiation interval (II) = 1, depth = 1


============================================================
+ Verbose Summary: Schedule
============================================================
* Number of FSM states : 1
* Pipeline : 1
  Pipeline-0 : II = 1, D = 1, States = { 1 }
* Dataflow Pipeline: 0

* FSM state transitions: 
1 --> 

* FSM state operations: 

State 1 <SV = 0> <Delay = 4.39>
ST_1 : Operation 2 [1/1] (0.00ns)   --->   "%specinterface_ln0 = specinterface void @_ssdm_op_SpecInterface, i16 %icmp_server_stream_net_axis_64_0_stream_net_axis_64_0_stream_net_axis_64_0_stream_net_axis_64_0_checksumStreams_1, void @empty, i32 0, i32 0, void @empty_0, i32 0, i32 0, void @empty_0, void @empty_0, void @empty_0, i32 0, i32 0, i32 0, i32 0, void @empty_0, void @empty_0"   --->   Operation 2 'specinterface' 'specinterface_ln0' <Predicate = true> <Delay = 0.00>
ST_1 : Operation 3 [1/1] (0.00ns)   --->   "%specinterface_ln0 = specinterface void @_ssdm_op_SpecInterface, i16 %icmp_server_stream_net_axis_64_0_stream_net_axis_64_0_stream_net_axis_64_0_stream_net_axis_64_0_checksumStreams_1, void @empty, i32 0, i32 0, void @empty_0, i32 0, i32 0, void @empty_0, void @empty_0, void @empty_0, i32 0, i32 0, i32 0, i32 0, void @empty_0, void @empty_0"   --->   Operation 3 'specinterface' 'specinterface_ln0' <Predicate = true> <Delay = 0.00>
ST_1 : Operation 4 [1/1] (0.00ns)   --->   "%specinterface_ln0 = specinterface void @_ssdm_op_SpecInterface, i16 %icmp_server_stream_net_axis_64_0_stream_net_axis_64_0_stream_net_axis_64_0_stream_net_axis_64_0_checksumStreams_1, void @empty, i32 0, i32 0, void @empty_0, i32 0, i32 0, void @empty_0, void @empty_0, void @empty_0, i32 0, i32 0, i32 0, i32 0, void @empty_0, void @empty_0"   --->   Operation 4 'specinterface' 'specinterface_ln0' <Predicate = true> <Delay = 0.00>
ST_1 : Operation 5 [1/1] (0.00ns)   --->   "%specinterface_ln0 = specinterface void @_ssdm_op_SpecInterface, i128 %ttlIn_internal, void @empty, i32 0, i32 0, void @empty_0, i32 0, i32 0, void @empty_0, void @empty_0, void @empty_0, i32 0, i32 0, i32 0, i32 0, void @empty_0, void @empty_0"   --->   Operation 5 'specinterface' 'specinterface_ln0' <Predicate = true> <Delay = 0.00>
ST_1 : Operation 6 [1/1] (0.00ns)   --->   "%specinterface_ln0 = specinterface void @_ssdm_op_SpecInterface, i128 %ttlIn_internal, void @empty, i32 0, i32 0, void @empty_0, i32 0, i32 0, void @empty_0, void @empty_0, void @empty_0, i32 0, i32 0, i32 0, i32 0, void @empty_0, void @empty_0"   --->   Operation 6 'specinterface' 'specinterface_ln0' <Predicate = true> <Delay = 0.00>
ST_1 : Operation 7 [1/1] (0.00ns)   --->   "%specinterface_ln0 = specinterface void @_ssdm_op_SpecInterface, i128 %ttlIn_internal, void @empty, i32 0, i32 0, void @empty_0, i32 0, i32 0, void @empty_0, void @empty_0, void @empty_0, i32 0, i32 0, i32 0, i32 0, void @empty_0, void @empty_0"   --->   Operation 7 'specinterface' 'specinterface_ln0' <Predicate = true> <Delay = 0.00>
ST_1 : Operation 8 [1/1] (0.00ns)   --->   "%specinterface_ln0 = specinterface void @_ssdm_op_SpecInterface, i128 %udpIn_internal, void @empty, i32 0, i32 0, void @empty_0, i32 0, i32 0, void @empty_0, void @empty_0, void @empty_0, i32 0, i32 0, i32 0, i32 0, void @empty_0, void @empty_0"   --->   Operation 8 'specinterface' 'specinterface_ln0' <Predicate = true> <Delay = 0.00>
ST_1 : Operation 9 [1/1] (0.00ns)   --->   "%specinterface_ln0 = specinterface void @_ssdm_op_SpecInterface, i128 %udpIn_internal, void @empty, i32 0, i32 0, void @empty_0, i32 0, i32 0, void @empty_0, void @empty_0, void @empty_0, i32 0, i32 0, i32 0, i32 0, void @empty_0, void @empty_0"   --->   Operation 9 'specinterface' 'specinterface_ln0' <Predicate = true> <Delay = 0.00>
ST_1 : Operation 10 [1/1] (0.00ns)   --->   "%specinterface_ln0 = specinterface void @_ssdm_op_SpecInterface, i128 %udpIn_internal, void @empty, i32 0, i32 0, void @empty_0, i32 0, i32 0, void @empty_0, void @empty_0, void @empty_0, i32 0, i32 0, i32 0, i32 0, void @empty_0, void @empty_0"   --->   Operation 10 'specinterface' 'specinterface_ln0' <Predicate = true> <Delay = 0.00>
ST_1 : Operation 11 [1/1] (0.00ns)   --->   "%specinterface_ln0 = specinterface void @_ssdm_op_SpecInterface, i128 %udpPort2addIpHeader_data, void @empty, i32 0, i32 0, void @empty_0, i32 0, i32 0, void @empty_0, void @empty_0, void @empty_0, i32 0, i32 0, i32 0, i32 0, void @empty_0, void @empty_0"   --->   Operation 11 'specinterface' 'specinterface_ln0' <Predicate = true> <Delay = 0.00>
ST_1 : Operation 12 [1/1] (0.00ns)   --->   "%specinterface_ln0 = specinterface void @_ssdm_op_SpecInterface, i128 %udpPort2addIpHeader_data, void @empty, i32 0, i32 0, void @empty_0, i32 0, i32 0, void @empty_0, void @empty_0, void @empty_0, i32 0, i32 0, i32 0, i32 0, void @empty_0, void @empty_0"   --->   Operation 12 'specinterface' 'specinterface_ln0' <Predicate = true> <Delay = 0.00>
ST_1 : Operation 13 [1/1] (0.00ns)   --->   "%specinterface_ln0 = specinterface void @_ssdm_op_SpecInterface, i128 %udpPort2addIpHeader_data, void @empty, i32 0, i32 0, void @empty_0, i32 0, i32 0, void @empty_0, void @empty_0, void @empty_0, i32 0, i32 0, i32 0, i32 0, void @empty_0, void @empty_0"   --->   Operation 13 'specinterface' 'specinterface_ln0' <Predicate = true> <Delay = 0.00>
ST_1 : Operation 14 [1/1] (0.00ns)   --->   "%specinterface_ln0 = specinterface void @_ssdm_op_SpecInterface, i64 %udpPort2addIpHeader_header, void @empty, i32 0, i32 0, void @empty_0, i32 0, i32 0, void @empty_0, void @empty_0, void @empty_0, i32 0, i32 0, i32 0, i32 0, void @empty_0, void @empty_0"   --->   Operation 14 'specinterface' 'specinterface_ln0' <Predicate = true> <Delay = 0.00>
ST_1 : Operation 15 [1/1] (0.00ns)   --->   "%specinterface_ln0 = specinterface void @_ssdm_op_SpecInterface, i64 %udpPort2addIpHeader_header, void @empty, i32 0, i32 0, void @empty_0, i32 0, i32 0, void @empty_0, void @empty_0, void @empty_0, i32 0, i32 0, i32 0, i32 0, void @empty_0, void @empty_0"   --->   Operation 15 'specinterface' 'specinterface_ln0' <Predicate = true> <Delay = 0.00>
ST_1 : Operation 16 [1/1] (0.00ns)   --->   "%specinterface_ln0 = specinterface void @_ssdm_op_SpecInterface, i64 %udpPort2addIpHeader_header, void @empty, i32 0, i32 0, void @empty_0, i32 0, i32 0, void @empty_0, void @empty_0, void @empty_0, i32 0, i32 0, i32 0, i32 0, void @empty_0, void @empty_0"   --->   Operation 16 'specinterface' 'specinterface_ln0' <Predicate = true> <Delay = 0.00>
ST_1 : Operation 17 [1/1] (0.00ns)   --->   "%specinterface_ln0 = specinterface void @_ssdm_op_SpecInterface, i16 %icmp_server_stream_net_axis_64_0_stream_net_axis_64_0_stream_net_axis_64_0_stream_net_axis_64_0_checksumStreams_1, void @empty, i32 0, i32 0, void @empty_0, i32 0, i32 0, void @empty_0, void @empty_0, void @empty_0, i32 0, i32 0, i32 0, i32 0, void @empty_0, void @empty_0"   --->   Operation 17 'specinterface' 'specinterface_ln0' <Predicate = true> <Delay = 0.00>
ST_1 : Operation 18 [1/1] (0.00ns)   --->   "%specinterface_ln0 = specinterface void @_ssdm_op_SpecInterface, i64 %udpPort2addIpHeader_header, void @empty, i32 0, i32 0, void @empty_0, i32 0, i32 0, void @empty_0, void @empty_0, void @empty_0, i32 0, i32 0, i32 0, i32 0, void @empty_0, void @empty_0"   --->   Operation 18 'specinterface' 'specinterface_ln0' <Predicate = true> <Delay = 0.00>
ST_1 : Operation 19 [1/1] (0.00ns)   --->   "%specinterface_ln0 = specinterface void @_ssdm_op_SpecInterface, i128 %udpPort2addIpHeader_data, void @empty, i32 0, i32 0, void @empty_0, i32 0, i32 0, void @empty_0, void @empty_0, void @empty_0, i32 0, i32 0, i32 0, i32 0, void @empty_0, void @empty_0"   --->   Operation 19 'specinterface' 'specinterface_ln0' <Predicate = true> <Delay = 0.00>
ST_1 : Operation 20 [1/1] (0.00ns)   --->   "%specinterface_ln0 = specinterface void @_ssdm_op_SpecInterface, i128 %ttlIn_internal, void @empty, i32 0, i32 0, void @empty_0, i32 0, i32 0, void @empty_0, void @empty_0, void @empty_0, i32 0, i32 0, i32 0, i32 0, void @empty_0, void @empty_0"   --->   Operation 20 'specinterface' 'specinterface_ln0' <Predicate = true> <Delay = 0.00>
ST_1 : Operation 21 [1/1] (0.00ns)   --->   "%specinterface_ln0 = specinterface void @_ssdm_op_SpecInterface, i128 %udpIn_internal, void @empty, i32 0, i32 0, void @empty_0, i32 0, i32 0, void @empty_0, void @empty_0, void @empty_0, i32 0, i32 0, i32 0, i32 0, void @empty_0, void @empty_0"   --->   Operation 21 'specinterface' 'specinterface_ln0' <Predicate = true> <Delay = 0.00>
ST_1 : Operation 22 [1/1] (0.00ns)   --->   "%specpipeline_ln169 = specpipeline void @_ssdm_op_SpecPipeline, i32 1, i32 0, i32 0, i32 0, void @empty_0" [/home/yangz0e/Desktop/Vitis_with_100Gbps_TCP-IP_top_k/fpga-network-stack/hls/icmp_server/icmp_server.cpp:169]   --->   Operation 22 'specpipeline' 'specpipeline_ln169' <Predicate = true> <Delay = 0.00>
ST_1 : Operation 23 [1/1] (0.00ns)   --->   "%tmp_i = nbreadreq i1 @_ssdm_op_NbReadReq.ap_fifo.i128P0A, i128 %udpIn_internal, i32 1" [/tools/Xilinx/Vitis_HLS/2021.2/common/technology/autopilot/hls_stream_39.h:135]   --->   Operation 23 'nbreadreq' 'tmp_i' <Predicate = true> <Delay = 0.00> <CoreInst = "FIFO_SRL">   --->   Core 81 'FIFO_SRL' <Latency = 0> <II = 1> <Delay = 1.40> <Storage> <Opcode : 'read' 'write' 'nbread' 'nbwrite'> <Ports = 0> <Width = 128> <Depth = 2> <FIFO>
ST_1 : Operation 24 [1/1] (0.00ns)   --->   "%tmp_1_i = nbreadreq i1 @_ssdm_op_NbReadReq.ap_fifo.i128P0A, i128 %ttlIn_internal, i32 1" [/tools/Xilinx/Vitis_HLS/2021.2/common/technology/autopilot/hls_stream_39.h:135]   --->   Operation 24 'nbreadreq' 'tmp_1_i' <Predicate = true> <Delay = 0.00> <CoreInst = "FIFO_SRL">   --->   Core 81 'FIFO_SRL' <Latency = 0> <II = 1> <Delay = 1.40> <Storage> <Opcode : 'read' 'write' 'nbread' 'nbwrite'> <Ports = 0> <Width = 128> <Depth = 2> <FIFO>
ST_1 : Operation 25 [1/1] (0.00ns)   --->   "%udpState_load = load i2 %udpState" [/home/yangz0e/Desktop/Vitis_with_100Gbps_TCP-IP_top_k/fpga-network-stack/hls/icmp_server/icmp_server.cpp:182]   --->   Operation 25 'load' 'udpState_load' <Predicate = true> <Delay = 0.00>
ST_1 : Operation 26 [1/1] (0.00ns)   --->   "%ipWordCounter_V_load = load i3 %ipWordCounter_V"   --->   Operation 26 'load' 'ipWordCounter_V_load' <Predicate = true> <Delay = 0.00>
ST_1 : Operation 27 [1/1] (0.00ns)   --->   "%streamSource_V_load = load i1 %streamSource_V"   --->   Operation 27 'load' 'streamSource_V_load' <Predicate = true> <Delay = 0.00>
ST_1 : Operation 28 [1/1] (0.00ns)   --->   "%udpChecksum_V_load = load i20 %udpChecksum_V"   --->   Operation 28 'load' 'udpChecksum_V_load' <Predicate = true> <Delay = 0.00>
ST_1 : Operation 29 [1/1] (0.00ns)   --->   "%trunc_ln182 = trunc i20 %udpChecksum_V_load" [/home/yangz0e/Desktop/Vitis_with_100Gbps_TCP-IP_top_k/fpga-network-stack/hls/icmp_server/icmp_server.cpp:182]   --->   Operation 29 'trunc' 'trunc_ln182' <Predicate = true> <Delay = 0.00>
ST_1 : Operation 30 [1/1] (0.65ns)   --->   "%switch_ln182 = switch i2 %udpState_load, void, i2 3, void, i2 1, void, i2 2, void" [/home/yangz0e/Desktop/Vitis_with_100Gbps_TCP-IP_top_k/fpga-network-stack/hls/icmp_server/icmp_server.cpp:182]   --->   Operation 30 'switch' 'switch_ln182' <Predicate = true> <Delay = 0.65>
ST_1 : Operation 31 [1/1] (0.00ns) (grouped into LUT with out node or_ln217)   --->   "%xor_ln217 = xor i1 %streamSource_V_load, i1 1" [/home/yangz0e/Desktop/Vitis_with_100Gbps_TCP-IP_top_k/fpga-network-stack/hls/icmp_server/icmp_server.cpp:217]   --->   Operation 31 'xor' 'xor_ln217' <Predicate = (udpState_load == 2)> <Delay = 0.00> <CoreInst = "LogicGate">   --->   Core 74 'LogicGate' <Latency = 0> <II = 1> <Delay = 0.12> <FuncUnit> <Opcode : 'and' 'or' 'xor'> <InPorts = 2> <OutPorts = 1>
ST_1 : Operation 32 [1/1] (0.00ns) (grouped into LUT with out node or_ln217)   --->   "%and_ln217 = and i1 %tmp_i, i1 %xor_ln217" [/home/yangz0e/Desktop/Vitis_with_100Gbps_TCP-IP_top_k/fpga-network-stack/hls/icmp_server/icmp_server.cpp:217]   --->   Operation 32 'and' 'and_ln217' <Predicate = (udpState_load == 2)> <Delay = 0.00> <CoreInst = "LogicGate">   --->   Core 74 'LogicGate' <Latency = 0> <II = 1> <Delay = 0.12> <FuncUnit> <Opcode : 'and' 'or' 'xor'> <InPorts = 2> <OutPorts = 1>
ST_1 : Operation 33 [1/1] (0.00ns) (grouped into LUT with out node or_ln217)   --->   "%and_ln217_1 = and i1 %streamSource_V_load, i1 %tmp_1_i" [/home/yangz0e/Desktop/Vitis_with_100Gbps_TCP-IP_top_k/fpga-network-stack/hls/icmp_server/icmp_server.cpp:217]   --->   Operation 33 'and' 'and_ln217_1' <Predicate = (udpState_load == 2)> <Delay = 0.00> <CoreInst = "LogicGate">   --->   Core 74 'LogicGate' <Latency = 0> <II = 1> <Delay = 0.12> <FuncUnit> <Opcode : 'and' 'or' 'xor'> <InPorts = 2> <OutPorts = 1>
ST_1 : Operation 34 [1/1] (0.12ns) (out node of the LUT)   --->   "%or_ln217 = or i1 %and_ln217, i1 %and_ln217_1" [/home/yangz0e/Desktop/Vitis_with_100Gbps_TCP-IP_top_k/fpga-network-stack/hls/icmp_server/icmp_server.cpp:217]   --->   Operation 34 'or' 'or_ln217' <Predicate = (udpState_load == 2)> <Delay = 0.12> <CoreInst = "LogicGate">   --->   Core 74 'LogicGate' <Latency = 0> <II = 1> <Delay = 0.12> <FuncUnit> <Opcode : 'and' 'or' 'xor'> <InPorts = 2> <OutPorts = 1>
ST_1 : Operation 35 [1/1] (0.00ns)   --->   "%br_ln217 = br i1 %or_ln217, void %._crit_edge12.i, void" [/home/yangz0e/Desktop/Vitis_with_100Gbps_TCP-IP_top_k/fpga-network-stack/hls/icmp_server/icmp_server.cpp:217]   --->   Operation 35 'br' 'br_ln217' <Predicate = (udpState_load == 2)> <Delay = 0.00>
ST_1 : Operation 36 [1/1] (0.00ns)   --->   "%tmp_5_i = nbwritereq i1 @_ssdm_op_NbWriteReq.ap_fifo.i128P0A, i128 %udpPort2addIpHeader_data, i32 1" [/tools/Xilinx/Vitis_HLS/2021.2/common/technology/autopilot/hls_stream_39.h:139]   --->   Operation 36 'nbwritereq' 'tmp_5_i' <Predicate = (udpState_load == 2 & or_ln217)> <Delay = 0.00> <CoreInst = "FIFO">   --->   Core 78 'FIFO' <Latency = 0> <II = 1> <Delay = 1.21> <Storage> <Opcode : 'read' 'write' 'nbread' 'nbwrite'> <Ports = 0> <Width = 128> <Depth = 192> <FIFO>
ST_1 : Operation 37 [1/1] (0.00ns)   --->   "%br_ln217 = br i1 %tmp_5_i, void %._crit_edge12.i, void" [/home/yangz0e/Desktop/Vitis_with_100Gbps_TCP-IP_top_k/fpga-network-stack/hls/icmp_server/icmp_server.cpp:217]   --->   Operation 37 'br' 'br_ln217' <Predicate = (udpState_load == 2 & or_ln217)> <Delay = 0.00>
ST_1 : Operation 38 [1/1] (0.00ns)   --->   "%br_ln219 = br i1 %streamSource_V_load, void, void" [/home/yangz0e/Desktop/Vitis_with_100Gbps_TCP-IP_top_k/fpga-network-stack/hls/icmp_server/icmp_server.cpp:219]   --->   Operation 38 'br' 'br_ln219' <Predicate = (udpState_load == 2 & or_ln217 & tmp_5_i)> <Delay = 0.00>
ST_1 : Operation 39 [1/1] (1.16ns)   --->   "%tmp_1 = read i128 @_ssdm_op_Read.ap_fifo.volatile.i128P0A, i128 %udpIn_internal" [/tools/Xilinx/Vitis_HLS/2021.2/common/technology/autopilot/hls_stream_39.h:144]   --->   Operation 39 'read' 'tmp_1' <Predicate = (udpState_load == 2 & or_ln217 & tmp_5_i & !streamSource_V_load)> <Delay = 1.16> <CoreInst = "FIFO_SRL">   --->   Core 81 'FIFO_SRL' <Latency = 0> <II = 1> <Delay = 1.40> <Storage> <Opcode : 'read' 'write' 'nbread' 'nbwrite'> <Ports = 0> <Width = 128> <Depth = 2> <FIFO>
ST_1 : Operation 40 [1/1] (0.38ns)   --->   "%br_ln220 = br void" [/home/yangz0e/Desktop/Vitis_with_100Gbps_TCP-IP_top_k/fpga-network-stack/hls/icmp_server/icmp_server.cpp:220]   --->   Operation 40 'br' 'br_ln220' <Predicate = (udpState_load == 2 & or_ln217 & tmp_5_i & !streamSource_V_load)> <Delay = 0.38>
ST_1 : Operation 41 [1/1] (1.16ns)   --->   "%tmp = read i128 @_ssdm_op_Read.ap_fifo.volatile.i128P0A, i128 %ttlIn_internal" [/tools/Xilinx/Vitis_HLS/2021.2/common/technology/autopilot/hls_stream_39.h:144]   --->   Operation 41 'read' 'tmp' <Predicate = (udpState_load == 2 & or_ln217 & tmp_5_i & streamSource_V_load)> <Delay = 1.16> <CoreInst = "FIFO_SRL">   --->   Core 81 'FIFO_SRL' <Latency = 0> <II = 1> <Delay = 1.40> <Storage> <Opcode : 'read' 'write' 'nbread' 'nbwrite'> <Ports = 0> <Width = 128> <Depth = 2> <FIFO>
ST_1 : Operation 42 [1/1] (0.38ns)   --->   "%br_ln222 = br void" [/home/yangz0e/Desktop/Vitis_with_100Gbps_TCP-IP_top_k/fpga-network-stack/hls/icmp_server/icmp_server.cpp:222]   --->   Operation 42 'br' 'br_ln222' <Predicate = (udpState_load == 2 & or_ln217 & tmp_5_i & streamSource_V_load)> <Delay = 0.38>
ST_1 : Operation 43 [1/1] (0.00ns)   --->   "%phi_ln154 = phi i128 %tmp_1, void, i128 %tmp, void"   --->   Operation 43 'phi' 'phi_ln154' <Predicate = (udpState_load == 2 & or_ln217 & tmp_5_i)> <Delay = 0.00>
ST_1 : Operation 44 [1/1] (0.00ns)   --->   "%trunc_ln154 = trunc i128 %phi_ln154" [/tools/Xilinx/Vitis_HLS/2021.2/common/technology/autopilot/hls_stream_39.h:154]   --->   Operation 44 'trunc' 'trunc_ln154' <Predicate = (udpState_load == 2 & or_ln217 & tmp_5_i)> <Delay = 0.00>
ST_1 : Operation 45 [1/1] (0.00ns)   --->   "%tempWord_last_V = bitselect i1 @_ssdm_op_BitSelect.i1.i128.i32, i128 %phi_ln154, i32 72" [/home/yangz0e/Desktop/Vitis_with_100Gbps_TCP-IP_top_k/fpga-network-stack/hls/icmp_server/icmp_server.cpp:218]   --->   Operation 45 'bitselect' 'tempWord_last_V' <Predicate = (udpState_load == 2 & or_ln217 & tmp_5_i)> <Delay = 0.00>
ST_1 : Operation 46 [1/1] (0.00ns)   --->   "%p_Result_4_i = partselect i16 @_ssdm_op_PartSelect.i16.i128.i32.i32, i128 %phi_ln154, i32 48, i32 63"   --->   Operation 46 'partselect' 'p_Result_4_i' <Predicate = (udpState_load == 2 & or_ln217 & tmp_5_i)> <Delay = 0.00>
ST_1 : Operation 47 [1/1] (0.00ns)   --->   "%p_Result_5_i = partselect i16 @_ssdm_op_PartSelect.i16.i128.i32.i32, i128 %phi_ln154, i32 32, i32 47"   --->   Operation 47 'partselect' 'p_Result_5_i' <Predicate = (udpState_load == 2 & or_ln217 & tmp_5_i)> <Delay = 0.00>
ST_1 : Operation 48 [1/1] (0.00ns)   --->   "%zext_ln223 = zext i16 %p_Result_4_i"   --->   Operation 48 'zext' 'zext_ln223' <Predicate = (udpState_load == 2 & or_ln217 & tmp_5_i)> <Delay = 0.00>
ST_1 : Operation 49 [1/1] (0.00ns)   --->   "%zext_ln674 = zext i16 %p_Result_5_i"   --->   Operation 49 'zext' 'zext_ln674' <Predicate = (udpState_load == 2 & or_ln217 & tmp_5_i)> <Delay = 0.00>
ST_1 : Operation 50 [1/1] (0.00ns)   --->   "%p_Result_6_i = partselect i16 @_ssdm_op_PartSelect.i16.i128.i32.i32, i128 %phi_ln154, i32 16, i32 31"   --->   Operation 50 'partselect' 'p_Result_6_i' <Predicate = (udpState_load == 2 & or_ln217 & tmp_5_i)> <Delay = 0.00>
ST_1 : Operation 51 [1/1] (0.00ns)   --->   "%zext_ln674_1 = zext i16 %p_Result_6_i"   --->   Operation 51 'zext' 'zext_ln674_1' <Predicate = (udpState_load == 2 & or_ln217 & tmp_5_i)> <Delay = 0.00>
ST_1 : Operation 52 [1/1] (0.00ns)   --->   "%trunc_ln674_1 = trunc i128 %phi_ln154"   --->   Operation 52 'trunc' 'trunc_ln674_1' <Predicate = (udpState_load == 2 & or_ln217 & tmp_5_i)> <Delay = 0.00>
ST_1 : Operation 53 [1/1] (0.00ns)   --->   "%zext_ln223_1 = zext i16 %trunc_ln674_1"   --->   Operation 53 'zext' 'zext_ln223_1' <Predicate = (udpState_load == 2 & or_ln217 & tmp_5_i)> <Delay = 0.00>
ST_1 : Operation 54 [1/1] (0.78ns)   --->   "%add_ln223 = add i17 %zext_ln674, i17 %zext_ln223"   --->   Operation 54 'add' 'add_ln223' <Predicate = (udpState_load == 2 & or_ln217 & tmp_5_i)> <Delay = 0.78> <CoreInst = "Adder">   --->   Core 1 'Adder' <Latency = 0> <II = 1> <Delay = 0.78> <FuncUnit> <Opcode : 'add' 'sub'> <InPorts = 2> <OutPorts = 1>
ST_1 : Operation 55 [1/1] (0.00ns)   --->   "%zext_ln223_2 = zext i17 %add_ln223"   --->   Operation 55 'zext' 'zext_ln223_2' <Predicate = (udpState_load == 2 & or_ln217 & tmp_5_i)> <Delay = 0.00>
ST_1 : Operation 56 [1/1] (0.78ns)   --->   "%add_ln223_1 = add i17 %zext_ln674_1, i17 %zext_ln223_1"   --->   Operation 56 'add' 'add_ln223_1' <Predicate = (udpState_load == 2 & or_ln217 & tmp_5_i)> <Delay = 0.78> <CoreInst = "Adder">   --->   Core 1 'Adder' <Latency = 0> <II = 1> <Delay = 0.78> <FuncUnit> <Opcode : 'add' 'sub'> <InPorts = 2> <OutPorts = 1>
ST_1 : Operation 57 [1/1] (0.00ns)   --->   "%zext_ln223_3 = zext i17 %add_ln223_1"   --->   Operation 57 'zext' 'zext_ln223_3' <Predicate = (udpState_load == 2 & or_ln217 & tmp_5_i)> <Delay = 0.00>
ST_1 : Operation 58 [1/1] (0.79ns)   --->   "%add_ln223_2 = add i18 %zext_ln223_3, i18 %zext_ln223_2"   --->   Operation 58 'add' 'add_ln223_2' <Predicate = (udpState_load == 2 & or_ln217 & tmp_5_i)> <Delay = 0.79> <CoreInst = "Adder">   --->   Core 1 'Adder' <Latency = 0> <II = 1> <Delay = 0.78> <FuncUnit> <Opcode : 'add' 'sub'> <InPorts = 2> <OutPorts = 1>
ST_1 : Operation 59 [1/1] (0.00ns)   --->   "%zext_ln223_4 = zext i18 %add_ln223_2"   --->   Operation 59 'zext' 'zext_ln223_4' <Predicate = (udpState_load == 2 & or_ln217 & tmp_5_i)> <Delay = 0.00>
ST_1 : Operation 60 [1/1] (0.80ns)   --->   "%add_ln223_3 = add i20 %udpChecksum_V_load, i20 %zext_ln223_4"   --->   Operation 60 'add' 'add_ln223_3' <Predicate = (udpState_load == 2 & or_ln217 & tmp_5_i)> <Delay = 0.80> <CoreInst = "Adder">   --->   Core 1 'Adder' <Latency = 0> <II = 1> <Delay = 0.78> <FuncUnit> <Opcode : 'add' 'sub'> <InPorts = 2> <OutPorts = 1>
ST_1 : Operation 61 [1/1] (0.45ns)   --->   "%store_ln223 = store i20 %add_ln223_3, i20 %udpChecksum_V" [/home/yangz0e/Desktop/Vitis_with_100Gbps_TCP-IP_top_k/fpga-network-stack/hls/icmp_server/icmp_server.cpp:223]   --->   Operation 61 'store' 'store_ln223' <Predicate = (udpState_load == 2 & or_ln217 & tmp_5_i)> <Delay = 0.45>
ST_1 : Operation 62 [1/1] (0.00ns)   --->   "%zext_ln173_1 = zext i73 %trunc_ln154" [/tools/Xilinx/Vitis_HLS/2021.2/common/technology/autopilot/hls_stream_39.h:173]   --->   Operation 62 'zext' 'zext_ln173_1' <Predicate = (udpState_load == 2 & or_ln217 & tmp_5_i)> <Delay = 0.00>
ST_1 : Operation 63 [1/1] (1.16ns)   --->   "%write_ln173 = write void @_ssdm_op_Write.ap_fifo.volatile.i128P0A, i128 %udpPort2addIpHeader_data, i128 %zext_ln173_1" [/tools/Xilinx/Vitis_HLS/2021.2/common/technology/autopilot/hls_stream_39.h:173]   --->   Operation 63 'write' 'write_ln173' <Predicate = (udpState_load == 2 & or_ln217 & tmp_5_i)> <Delay = 1.16> <CoreInst = "FIFO">   --->   Core 78 'FIFO' <Latency = 0> <II = 1> <Delay = 1.21> <Storage> <Opcode : 'read' 'write' 'nbread' 'nbwrite'> <Ports = 0> <Width = 128> <Depth = 192> <FIFO>
ST_1 : Operation 64 [1/1] (0.00ns)   --->   "%br_ln225 = br i1 %tempWord_last_V, void %._crit_edge14.i, void" [/home/yangz0e/Desktop/Vitis_with_100Gbps_TCP-IP_top_k/fpga-network-stack/hls/icmp_server/icmp_server.cpp:225]   --->   Operation 64 'br' 'br_ln225' <Predicate = (udpState_load == 2 & or_ln217 & tmp_5_i)> <Delay = 0.00>
ST_1 : Operation 65 [1/1] (0.45ns)   --->   "%store_ln226 = store i2 3, i2 %udpState" [/home/yangz0e/Desktop/Vitis_with_100Gbps_TCP-IP_top_k/fpga-network-stack/hls/icmp_server/icmp_server.cpp:226]   --->   Operation 65 'store' 'store_ln226' <Predicate = (udpState_load == 2 & or_ln217 & tmp_5_i & tempWord_last_V)> <Delay = 0.45>
ST_1 : Operation 66 [1/1] (0.00ns)   --->   "%br_ln226 = br void %._crit_edge14.i" [/home/yangz0e/Desktop/Vitis_with_100Gbps_TCP-IP_top_k/fpga-network-stack/hls/icmp_server/icmp_server.cpp:226]   --->   Operation 66 'br' 'br_ln226' <Predicate = (udpState_load == 2 & or_ln217 & tmp_5_i & tempWord_last_V)> <Delay = 0.00>
ST_1 : Operation 67 [1/1] (0.00ns)   --->   "%br_ln227 = br void %._crit_edge12.i" [/home/yangz0e/Desktop/Vitis_with_100Gbps_TCP-IP_top_k/fpga-network-stack/hls/icmp_server/icmp_server.cpp:227]   --->   Operation 67 'br' 'br_ln227' <Predicate = (udpState_load == 2 & or_ln217 & tmp_5_i)> <Delay = 0.00>
ST_1 : Operation 68 [1/1] (0.00ns)   --->   "%br_ln228 = br void %udpPortUnreachable.exit" [/home/yangz0e/Desktop/Vitis_with_100Gbps_TCP-IP_top_k/fpga-network-stack/hls/icmp_server/icmp_server.cpp:228]   --->   Operation 68 'br' 'br_ln228' <Predicate = (udpState_load == 2)> <Delay = 0.00>
ST_1 : Operation 69 [1/1] (0.00ns) (grouped into LUT with out node or_ln201)   --->   "%xor_ln201 = xor i1 %streamSource_V_load, i1 1" [/home/yangz0e/Desktop/Vitis_with_100Gbps_TCP-IP_top_k/fpga-network-stack/hls/icmp_server/icmp_server.cpp:201]   --->   Operation 69 'xor' 'xor_ln201' <Predicate = (udpState_load == 1)> <Delay = 0.00> <CoreInst = "LogicGate">   --->   Core 74 'LogicGate' <Latency = 0> <II = 1> <Delay = 0.12> <FuncUnit> <Opcode : 'and' 'or' 'xor'> <InPorts = 2> <OutPorts = 1>
ST_1 : Operation 70 [1/1] (0.00ns) (grouped into LUT with out node or_ln201)   --->   "%and_ln201 = and i1 %tmp_i, i1 %xor_ln201" [/home/yangz0e/Desktop/Vitis_with_100Gbps_TCP-IP_top_k/fpga-network-stack/hls/icmp_server/icmp_server.cpp:201]   --->   Operation 70 'and' 'and_ln201' <Predicate = (udpState_load == 1)> <Delay = 0.00> <CoreInst = "LogicGate">   --->   Core 74 'LogicGate' <Latency = 0> <II = 1> <Delay = 0.12> <FuncUnit> <Opcode : 'and' 'or' 'xor'> <InPorts = 2> <OutPorts = 1>
ST_1 : Operation 71 [1/1] (0.00ns) (grouped into LUT with out node or_ln201)   --->   "%and_ln201_1 = and i1 %streamSource_V_load, i1 %tmp_1_i" [/home/yangz0e/Desktop/Vitis_with_100Gbps_TCP-IP_top_k/fpga-network-stack/hls/icmp_server/icmp_server.cpp:201]   --->   Operation 71 'and' 'and_ln201_1' <Predicate = (udpState_load == 1)> <Delay = 0.00> <CoreInst = "LogicGate">   --->   Core 74 'LogicGate' <Latency = 0> <II = 1> <Delay = 0.12> <FuncUnit> <Opcode : 'and' 'or' 'xor'> <InPorts = 2> <OutPorts = 1>
ST_1 : Operation 72 [1/1] (0.12ns) (out node of the LUT)   --->   "%or_ln201 = or i1 %and_ln201, i1 %and_ln201_1" [/home/yangz0e/Desktop/Vitis_with_100Gbps_TCP-IP_top_k/fpga-network-stack/hls/icmp_server/icmp_server.cpp:201]   --->   Operation 72 'or' 'or_ln201' <Predicate = (udpState_load == 1)> <Delay = 0.12> <CoreInst = "LogicGate">   --->   Core 74 'LogicGate' <Latency = 0> <II = 1> <Delay = 0.12> <FuncUnit> <Opcode : 'and' 'or' 'xor'> <InPorts = 2> <OutPorts = 1>
ST_1 : Operation 73 [1/1] (0.00ns)   --->   "%br_ln201 = br i1 %or_ln201, void %._crit_edge9.i, void" [/home/yangz0e/Desktop/Vitis_with_100Gbps_TCP-IP_top_k/fpga-network-stack/hls/icmp_server/icmp_server.cpp:201]   --->   Operation 73 'br' 'br_ln201' <Predicate = (udpState_load == 1)> <Delay = 0.00>
ST_1 : Operation 74 [1/1] (0.00ns)   --->   "%tmp_4_i = nbwritereq i1 @_ssdm_op_NbWriteReq.ap_fifo.i128P0A, i128 %udpPort2addIpHeader_data, i32 1" [/tools/Xilinx/Vitis_HLS/2021.2/common/technology/autopilot/hls_stream_39.h:139]   --->   Operation 74 'nbwritereq' 'tmp_4_i' <Predicate = (udpState_load == 1 & or_ln201)> <Delay = 0.00> <CoreInst = "FIFO">   --->   Core 78 'FIFO' <Latency = 0> <II = 1> <Delay = 1.21> <Storage> <Opcode : 'read' 'write' 'nbread' 'nbwrite'> <Ports = 0> <Width = 128> <Depth = 192> <FIFO>
ST_1 : Operation 75 [1/1] (0.00ns)   --->   "%br_ln201 = br i1 %tmp_4_i, void %._crit_edge9.i, void" [/home/yangz0e/Desktop/Vitis_with_100Gbps_TCP-IP_top_k/fpga-network-stack/hls/icmp_server/icmp_server.cpp:201]   --->   Operation 75 'br' 'br_ln201' <Predicate = (udpState_load == 1 & or_ln201)> <Delay = 0.00>
ST_1 : Operation 76 [1/1] (0.00ns)   --->   "%tmp_7_i = nbwritereq i1 @_ssdm_op_NbWriteReq.ap_fifo.i64P0A, i64 %udpPort2addIpHeader_header, i32 1" [/tools/Xilinx/Vitis_HLS/2021.2/common/technology/autopilot/hls_stream_39.h:139]   --->   Operation 76 'nbwritereq' 'tmp_7_i' <Predicate = (udpState_load == 1 & or_ln201 & tmp_4_i)> <Delay = 0.00> <CoreInst = "FIFO">   --->   Core 78 'FIFO' <Latency = 0> <II = 1> <Delay = 1.13> <Storage> <Opcode : 'read' 'write' 'nbread' 'nbwrite'> <Ports = 0> <Width = 64> <Depth = 64> <FIFO>
ST_1 : Operation 77 [1/1] (0.00ns)   --->   "%br_ln201 = br i1 %tmp_7_i, void %._crit_edge9.i, void" [/home/yangz0e/Desktop/Vitis_with_100Gbps_TCP-IP_top_k/fpga-network-stack/hls/icmp_server/icmp_server.cpp:201]   --->   Operation 77 'br' 'br_ln201' <Predicate = (udpState_load == 1 & or_ln201 & tmp_4_i)> <Delay = 0.00>
ST_1 : Operation 78 [1/1] (0.00ns)   --->   "%br_ln203 = br i1 %streamSource_V_load, void, void" [/home/yangz0e/Desktop/Vitis_with_100Gbps_TCP-IP_top_k/fpga-network-stack/hls/icmp_server/icmp_server.cpp:203]   --->   Operation 78 'br' 'br_ln203' <Predicate = (udpState_load == 1 & or_ln201 & tmp_4_i & tmp_7_i)> <Delay = 0.00>
ST_1 : Operation 79 [1/1] (1.16ns)   --->   "%tmp_3 = read i128 @_ssdm_op_Read.ap_fifo.volatile.i128P0A, i128 %udpIn_internal" [/tools/Xilinx/Vitis_HLS/2021.2/common/technology/autopilot/hls_stream_39.h:144]   --->   Operation 79 'read' 'tmp_3' <Predicate = (udpState_load == 1 & !streamSource_V_load & or_ln201 & tmp_4_i & tmp_7_i)> <Delay = 1.16> <CoreInst = "FIFO_SRL">   --->   Core 81 'FIFO_SRL' <Latency = 0> <II = 1> <Delay = 1.40> <Storage> <Opcode : 'read' 'write' 'nbread' 'nbwrite'> <Ports = 0> <Width = 128> <Depth = 2> <FIFO>
ST_1 : Operation 80 [1/1] (0.38ns)   --->   "%br_ln204 = br void" [/home/yangz0e/Desktop/Vitis_with_100Gbps_TCP-IP_top_k/fpga-network-stack/hls/icmp_server/icmp_server.cpp:204]   --->   Operation 80 'br' 'br_ln204' <Predicate = (udpState_load == 1 & !streamSource_V_load & or_ln201 & tmp_4_i & tmp_7_i)> <Delay = 0.38>
ST_1 : Operation 81 [1/1] (1.16ns)   --->   "%tmp_2 = read i128 @_ssdm_op_Read.ap_fifo.volatile.i128P0A, i128 %ttlIn_internal" [/tools/Xilinx/Vitis_HLS/2021.2/common/technology/autopilot/hls_stream_39.h:144]   --->   Operation 81 'read' 'tmp_2' <Predicate = (udpState_load == 1 & streamSource_V_load & or_ln201 & tmp_4_i & tmp_7_i)> <Delay = 1.16> <CoreInst = "FIFO_SRL">   --->   Core 81 'FIFO_SRL' <Latency = 0> <II = 1> <Delay = 1.40> <Storage> <Opcode : 'read' 'write' 'nbread' 'nbwrite'> <Ports = 0> <Width = 128> <Depth = 2> <FIFO>
ST_1 : Operation 82 [1/1] (0.38ns)   --->   "%br_ln206 = br void" [/home/yangz0e/Desktop/Vitis_with_100Gbps_TCP-IP_top_k/fpga-network-stack/hls/icmp_server/icmp_server.cpp:206]   --->   Operation 82 'br' 'br_ln206' <Predicate = (udpState_load == 1 & streamSource_V_load & or_ln201 & tmp_4_i & tmp_7_i)> <Delay = 0.38>
ST_1 : Operation 83 [1/1] (0.00ns)   --->   "%phi_ln154_1 = phi i128 %tmp_3, void, i128 %tmp_2, void"   --->   Operation 83 'phi' 'phi_ln154_1' <Predicate = (udpState_load == 1 & or_ln201 & tmp_4_i & tmp_7_i)> <Delay = 0.00>
ST_1 : Operation 84 [1/1] (0.00ns)   --->   "%trunc_ln154_1 = trunc i128 %phi_ln154_1" [/tools/Xilinx/Vitis_HLS/2021.2/common/technology/autopilot/hls_stream_39.h:154]   --->   Operation 84 'trunc' 'trunc_ln154_1' <Predicate = (udpState_load == 1 & or_ln201 & tmp_4_i & tmp_7_i)> <Delay = 0.00>
ST_1 : Operation 85 [1/1] (0.00ns)   --->   "%tempWord_data_V_1 = trunc i128 %phi_ln154_1" [/home/yangz0e/Desktop/Vitis_with_100Gbps_TCP-IP_top_k/fpga-network-stack/hls/icmp_server/icmp_server.cpp:202]   --->   Operation 85 'trunc' 'tempWord_data_V_1' <Predicate = (udpState_load == 1 & or_ln201 & tmp_4_i & tmp_7_i)> <Delay = 0.00>
ST_1 : Operation 86 [1/1] (0.00ns)   --->   "%p_Result_8_i = partselect i16 @_ssdm_op_PartSelect.i16.i128.i32.i32, i128 %phi_ln154_1, i32 48, i32 63"   --->   Operation 86 'partselect' 'p_Result_8_i' <Predicate = (udpState_load == 1 & or_ln201 & tmp_4_i & tmp_7_i)> <Delay = 0.00>
ST_1 : Operation 87 [1/1] (0.00ns)   --->   "%p_Result_9_i = partselect i16 @_ssdm_op_PartSelect.i16.i128.i32.i32, i128 %phi_ln154_1, i32 32, i32 47"   --->   Operation 87 'partselect' 'p_Result_9_i' <Predicate = (udpState_load == 1 & or_ln201 & tmp_4_i & tmp_7_i)> <Delay = 0.00>
ST_1 : Operation 88 [1/1] (0.00ns)   --->   "%zext_ln223_5 = zext i16 %p_Result_8_i"   --->   Operation 88 'zext' 'zext_ln223_5' <Predicate = (udpState_load == 1 & or_ln201 & tmp_4_i & tmp_7_i)> <Delay = 0.00>
ST_1 : Operation 89 [1/1] (0.00ns)   --->   "%zext_ln674_2 = zext i16 %p_Result_9_i"   --->   Operation 89 'zext' 'zext_ln674_2' <Predicate = (udpState_load == 1 & or_ln201 & tmp_4_i & tmp_7_i)> <Delay = 0.00>
ST_1 : Operation 90 [1/1] (0.00ns)   --->   "%p_Result_10_i = partselect i16 @_ssdm_op_PartSelect.i16.i128.i32.i32, i128 %phi_ln154_1, i32 16, i32 31"   --->   Operation 90 'partselect' 'p_Result_10_i' <Predicate = (udpState_load == 1 & or_ln201 & tmp_4_i & tmp_7_i)> <Delay = 0.00>
ST_1 : Operation 91 [1/1] (0.00ns)   --->   "%zext_ln674_3 = zext i16 %p_Result_10_i"   --->   Operation 91 'zext' 'zext_ln674_3' <Predicate = (udpState_load == 1 & or_ln201 & tmp_4_i & tmp_7_i)> <Delay = 0.00>
ST_1 : Operation 92 [1/1] (0.00ns)   --->   "%trunc_ln674_2 = trunc i128 %phi_ln154_1"   --->   Operation 92 'trunc' 'trunc_ln674_2' <Predicate = (udpState_load == 1 & or_ln201 & tmp_4_i & tmp_7_i)> <Delay = 0.00>
ST_1 : Operation 93 [1/1] (0.00ns)   --->   "%zext_ln223_6 = zext i16 %trunc_ln674_2"   --->   Operation 93 'zext' 'zext_ln223_6' <Predicate = (udpState_load == 1 & or_ln201 & tmp_4_i & tmp_7_i)> <Delay = 0.00>
ST_1 : Operation 94 [1/1] (0.78ns)   --->   "%add_ln223_4 = add i17 %zext_ln674_2, i17 %zext_ln223_5"   --->   Operation 94 'add' 'add_ln223_4' <Predicate = (udpState_load == 1 & or_ln201 & tmp_4_i & tmp_7_i)> <Delay = 0.78> <CoreInst = "Adder">   --->   Core 1 'Adder' <Latency = 0> <II = 1> <Delay = 0.78> <FuncUnit> <Opcode : 'add' 'sub'> <InPorts = 2> <OutPorts = 1>
ST_1 : Operation 95 [1/1] (0.00ns)   --->   "%zext_ln223_7 = zext i17 %add_ln223_4"   --->   Operation 95 'zext' 'zext_ln223_7' <Predicate = (udpState_load == 1 & or_ln201 & tmp_4_i & tmp_7_i)> <Delay = 0.00>
ST_1 : Operation 96 [1/1] (0.78ns)   --->   "%add_ln223_5 = add i17 %zext_ln674_3, i17 %zext_ln223_6"   --->   Operation 96 'add' 'add_ln223_5' <Predicate = (udpState_load == 1 & or_ln201 & tmp_4_i & tmp_7_i)> <Delay = 0.78> <CoreInst = "Adder">   --->   Core 1 'Adder' <Latency = 0> <II = 1> <Delay = 0.78> <FuncUnit> <Opcode : 'add' 'sub'> <InPorts = 2> <OutPorts = 1>
ST_1 : Operation 97 [1/1] (0.00ns)   --->   "%zext_ln223_8 = zext i17 %add_ln223_5"   --->   Operation 97 'zext' 'zext_ln223_8' <Predicate = (udpState_load == 1 & or_ln201 & tmp_4_i & tmp_7_i)> <Delay = 0.00>
ST_1 : Operation 98 [1/1] (0.79ns)   --->   "%add_ln223_6 = add i18 %zext_ln223_8, i18 %zext_ln223_7"   --->   Operation 98 'add' 'add_ln223_6' <Predicate = (udpState_load == 1 & or_ln201 & tmp_4_i & tmp_7_i)> <Delay = 0.79> <CoreInst = "Adder">   --->   Core 1 'Adder' <Latency = 0> <II = 1> <Delay = 0.78> <FuncUnit> <Opcode : 'add' 'sub'> <InPorts = 2> <OutPorts = 1>
ST_1 : Operation 99 [1/1] (0.00ns)   --->   "%zext_ln223_9 = zext i18 %add_ln223_6"   --->   Operation 99 'zext' 'zext_ln223_9' <Predicate = (udpState_load == 1 & or_ln201 & tmp_4_i & tmp_7_i)> <Delay = 0.00>
ST_1 : Operation 100 [1/1] (0.80ns)   --->   "%add_ln223_7 = add i20 %udpChecksum_V_load, i20 %zext_ln223_9"   --->   Operation 100 'add' 'add_ln223_7' <Predicate = (udpState_load == 1 & or_ln201 & tmp_4_i & tmp_7_i)> <Delay = 0.80> <CoreInst = "Adder">   --->   Core 1 'Adder' <Latency = 0> <II = 1> <Delay = 0.78> <FuncUnit> <Opcode : 'add' 'sub'> <InPorts = 2> <OutPorts = 1>
ST_1 : Operation 101 [1/1] (0.45ns)   --->   "%store_ln207 = store i20 %add_ln223_7, i20 %udpChecksum_V" [/home/yangz0e/Desktop/Vitis_with_100Gbps_TCP-IP_top_k/fpga-network-stack/hls/icmp_server/icmp_server.cpp:207]   --->   Operation 101 'store' 'store_ln207' <Predicate = (udpState_load == 1 & or_ln201 & tmp_4_i & tmp_7_i)> <Delay = 0.45>
ST_1 : Operation 102 [1/1] (0.00ns)   --->   "%zext_ln173_2 = zext i73 %trunc_ln154_1" [/tools/Xilinx/Vitis_HLS/2021.2/common/technology/autopilot/hls_stream_39.h:173]   --->   Operation 102 'zext' 'zext_ln173_2' <Predicate = (udpState_load == 1 & or_ln201 & tmp_4_i & tmp_7_i)> <Delay = 0.00>
ST_1 : Operation 103 [1/1] (1.16ns)   --->   "%write_ln173 = write void @_ssdm_op_Write.ap_fifo.volatile.i128P0A, i128 %udpPort2addIpHeader_data, i128 %zext_ln173_2" [/tools/Xilinx/Vitis_HLS/2021.2/common/technology/autopilot/hls_stream_39.h:173]   --->   Operation 103 'write' 'write_ln173' <Predicate = (udpState_load == 1 & or_ln201 & tmp_4_i & tmp_7_i)> <Delay = 1.16> <CoreInst = "FIFO">   --->   Core 78 'FIFO' <Latency = 0> <II = 1> <Delay = 1.21> <Storage> <Opcode : 'read' 'write' 'nbread' 'nbwrite'> <Ports = 0> <Width = 128> <Depth = 192> <FIFO>
ST_1 : Operation 104 [1/1] (1.13ns)   --->   "%write_ln173 = write void @_ssdm_op_Write.ap_fifo.volatile.i64P0A, i64 %udpPort2addIpHeader_header, i64 %tempWord_data_V_1" [/tools/Xilinx/Vitis_HLS/2021.2/common/technology/autopilot/hls_stream_39.h:173]   --->   Operation 104 'write' 'write_ln173' <Predicate = (udpState_load == 1 & or_ln201 & tmp_4_i & tmp_7_i)> <Delay = 1.13> <CoreInst = "FIFO">   --->   Core 78 'FIFO' <Latency = 0> <II = 1> <Delay = 1.13> <Storage> <Opcode : 'read' 'write' 'nbread' 'nbwrite'> <Ports = 0> <Width = 64> <Depth = 64> <FIFO>
ST_1 : Operation 105 [1/1] (0.49ns)   --->   "%icmp_ln1064 = icmp_eq  i3 %ipWordCounter_V_load, i3 2"   --->   Operation 105 'icmp' 'icmp_ln1064' <Predicate = (udpState_load == 1 & or_ln201 & tmp_4_i & tmp_7_i)> <Delay = 0.49> <CoreInst = "Cmp">   --->   Core 9 'Cmp' <Latency = 0> <II = 1> <Delay = 0.49> <FuncUnit> <Opcode : 'icmp'> <InPorts = 2> <OutPorts = 1>
ST_1 : Operation 106 [1/1] (0.00ns)   --->   "%br_ln210 = br i1 %icmp_ln1064, void, void" [/home/yangz0e/Desktop/Vitis_with_100Gbps_TCP-IP_top_k/fpga-network-stack/hls/icmp_server/icmp_server.cpp:210]   --->   Operation 106 'br' 'br_ln210' <Predicate = (udpState_load == 1 & or_ln201 & tmp_4_i & tmp_7_i)> <Delay = 0.00>
ST_1 : Operation 107 [1/1] (0.57ns)   --->   "%add_ln885 = add i3 %ipWordCounter_V_load, i3 1"   --->   Operation 107 'add' 'add_ln885' <Predicate = (udpState_load == 1 & or_ln201 & tmp_4_i & tmp_7_i & !icmp_ln1064)> <Delay = 0.57> <CoreInst = "Adder">   --->   Core 1 'Adder' <Latency = 0> <II = 1> <Delay = 0.78> <FuncUnit> <Opcode : 'add' 'sub'> <InPorts = 2> <OutPorts = 1>
ST_1 : Operation 108 [1/1] (0.38ns)   --->   "%store_ln885 = store i3 %add_ln885, i3 %ipWordCounter_V"   --->   Operation 108 'store' 'store_ln885' <Predicate = (udpState_load == 1 & or_ln201 & tmp_4_i & tmp_7_i & !icmp_ln1064)> <Delay = 0.38>
ST_1 : Operation 109 [1/1] (0.00ns)   --->   "%br_ln0 = br void"   --->   Operation 109 'br' 'br_ln0' <Predicate = (udpState_load == 1 & or_ln201 & tmp_4_i & tmp_7_i & !icmp_ln1064)> <Delay = 0.00>
ST_1 : Operation 110 [1/1] (0.45ns)   --->   "%store_ln211 = store i2 2, i2 %udpState" [/home/yangz0e/Desktop/Vitis_with_100Gbps_TCP-IP_top_k/fpga-network-stack/hls/icmp_server/icmp_server.cpp:211]   --->   Operation 110 'store' 'store_ln211' <Predicate = (udpState_load == 1 & or_ln201 & tmp_4_i & tmp_7_i & icmp_ln1064)> <Delay = 0.45>
ST_1 : Operation 111 [1/1] (0.00ns)   --->   "%br_ln211 = br void" [/home/yangz0e/Desktop/Vitis_with_100Gbps_TCP-IP_top_k/fpga-network-stack/hls/icmp_server/icmp_server.cpp:211]   --->   Operation 111 'br' 'br_ln211' <Predicate = (udpState_load == 1 & or_ln201 & tmp_4_i & tmp_7_i & icmp_ln1064)> <Delay = 0.00>
ST_1 : Operation 112 [1/1] (0.00ns)   --->   "%br_ln214 = br void %._crit_edge9.i" [/home/yangz0e/Desktop/Vitis_with_100Gbps_TCP-IP_top_k/fpga-network-stack/hls/icmp_server/icmp_server.cpp:214]   --->   Operation 112 'br' 'br_ln214' <Predicate = (udpState_load == 1 & or_ln201 & tmp_4_i & tmp_7_i)> <Delay = 0.00>
ST_1 : Operation 113 [1/1] (0.00ns)   --->   "%br_ln215 = br void %udpPortUnreachable.exit" [/home/yangz0e/Desktop/Vitis_with_100Gbps_TCP-IP_top_k/fpga-network-stack/hls/icmp_server/icmp_server.cpp:215]   --->   Operation 113 'br' 'br_ln215' <Predicate = (udpState_load == 1)> <Delay = 0.00>
ST_1 : Operation 114 [1/1] (0.00ns)   --->   "%tmp_2_i = nbwritereq i1 @_ssdm_op_NbWriteReq.ap_fifo.i16P0A, i16 %icmp_server_stream_net_axis_64_0_stream_net_axis_64_0_stream_net_axis_64_0_stream_net_axis_64_0_checksumStreams_1, i32 1" [/tools/Xilinx/Vitis_HLS/2021.2/common/technology/autopilot/hls_stream_39.h:139]   --->   Operation 114 'nbwritereq' 'tmp_2_i' <Predicate = (udpState_load == 3)> <Delay = 0.00> <CoreInst = "FIFO_SRL">   --->   Core 81 'FIFO_SRL' <Latency = 0> <II = 1> <Delay = 1.34> <Storage> <Opcode : 'read' 'write' 'nbread' 'nbwrite'> <Ports = 0> <Width = 16> <Depth = 16> <FIFO>
ST_1 : Operation 115 [1/1] (0.00ns)   --->   "%br_ln230 = br i1 %tmp_2_i, void %._crit_edge15.i, void" [/home/yangz0e/Desktop/Vitis_with_100Gbps_TCP-IP_top_k/fpga-network-stack/hls/icmp_server/icmp_server.cpp:230]   --->   Operation 115 'br' 'br_ln230' <Predicate = (udpState_load == 3)> <Delay = 0.00>
ST_1 : Operation 116 [1/1] (0.00ns)   --->   "%zext_ln1691 = zext i16 %trunc_ln182"   --->   Operation 116 'zext' 'zext_ln1691' <Predicate = (udpState_load == 3 & tmp_2_i)> <Delay = 0.00>
ST_1 : Operation 117 [1/1] (0.00ns)   --->   "%trunc_ln1 = partselect i4 @_ssdm_op_PartSelect.i4.i20.i32.i32, i20 %udpChecksum_V_load, i32 16, i32 19"   --->   Operation 117 'partselect' 'trunc_ln1' <Predicate = (udpState_load == 3 & tmp_2_i)> <Delay = 0.00>
ST_1 : Operation 118 [1/1] (0.00ns)   --->   "%zext_ln1691_1 = zext i4 %trunc_ln1"   --->   Operation 118 'zext' 'zext_ln1691_1' <Predicate = (udpState_load == 3 & tmp_2_i)> <Delay = 0.00>
ST_1 : Operation 119 [1/1] (0.00ns)   --->   "%zext_ln1691_2 = zext i4 %trunc_ln1"   --->   Operation 119 'zext' 'zext_ln1691_2' <Predicate = (udpState_load == 3 & tmp_2_i)> <Delay = 0.00>
ST_1 : Operation 120 [1/1] (0.78ns)   --->   "%add_ln229 = add i17 %zext_ln1691, i17 %zext_ln1691_2"   --->   Operation 120 'add' 'add_ln229' <Predicate = (udpState_load == 3 & tmp_2_i)> <Delay = 0.78> <CoreInst = "Adder">   --->   Core 1 'Adder' <Latency = 0> <II = 1> <Delay = 0.78> <FuncUnit> <Opcode : 'add' 'sub'> <InPorts = 2> <OutPorts = 1>
ST_1 : Operation 121 [1/1] (0.78ns)   --->   "%add_ln1542 = add i16 %trunc_ln182, i16 %zext_ln1691_1"   --->   Operation 121 'add' 'add_ln1542' <Predicate = (udpState_load == 3 & tmp_2_i)> <Delay = 0.78> <CoreInst = "Adder">   --->   Core 1 'Adder' <Latency = 0> <II = 1> <Delay = 0.78> <FuncUnit> <Opcode : 'add' 'sub'> <InPorts = 2> <OutPorts = 1>
ST_1 : Operation 122 [1/1] (0.00ns)   --->   "%zext_ln1691_3 = zext i16 %add_ln1542"   --->   Operation 122 'zext' 'zext_ln1691_3' <Predicate = (udpState_load == 3 & tmp_2_i)> <Delay = 0.00>
ST_1 : Operation 123 [1/1] (0.00ns)   --->   "%r = bitselect i1 @_ssdm_op_BitSelect.i1.i17.i32, i17 %add_ln229, i32 16"   --->   Operation 123 'bitselect' 'r' <Predicate = (udpState_load == 3 & tmp_2_i)> <Delay = 0.00>
ST_1 : Operation 124 [1/1] (0.00ns)   --->   "%zext_ln1691_4 = zext i1 %r"   --->   Operation 124 'zext' 'zext_ln1691_4' <Predicate = (udpState_load == 3 & tmp_2_i)> <Delay = 0.00>
ST_1 : Operation 125 [1/1] (0.78ns)   --->   "%add_ln229_1 = add i17 %zext_ln1691_4, i17 %zext_ln1691_3"   --->   Operation 125 'add' 'add_ln229_1' <Predicate = (udpState_load == 3 & tmp_2_i)> <Delay = 0.78> <CoreInst = "Adder">   --->   Core 1 'Adder' <Latency = 0> <II = 1> <Delay = 0.78> <FuncUnit> <Opcode : 'add' 'sub'> <InPorts = 2> <OutPorts = 1>
ST_1 : Operation 126 [1/1] (0.00ns)   --->   "%zext_ln954 = zext i17 %add_ln229_1"   --->   Operation 126 'zext' 'zext_ln954' <Predicate = (udpState_load == 3 & tmp_2_i)> <Delay = 0.00>
ST_1 : Operation 127 [1/1] (0.28ns)   --->   "%r_2 = xor i18 %zext_ln954, i18 262143"   --->   Operation 127 'xor' 'r_2' <Predicate = (udpState_load == 3 & tmp_2_i)> <Delay = 0.28> <CoreInst = "LogicGate">   --->   Core 74 'LogicGate' <Latency = 0> <II = 1> <Delay = 0.12> <FuncUnit> <Opcode : 'and' 'or' 'xor'> <InPorts = 2> <OutPorts = 1>
ST_1 : Operation 128 [1/1] (0.00ns)   --->   "%sext_ln953 = sext i18 %r_2"   --->   Operation 128 'sext' 'sext_ln953' <Predicate = (udpState_load == 3 & tmp_2_i)> <Delay = 0.00>
ST_1 : Operation 129 [1/1] (0.45ns)   --->   "%store_ln233 = store i20 %sext_ln953, i20 %udpChecksum_V" [/home/yangz0e/Desktop/Vitis_with_100Gbps_TCP-IP_top_k/fpga-network-stack/hls/icmp_server/icmp_server.cpp:233]   --->   Operation 129 'store' 'store_ln233' <Predicate = (udpState_load == 3 & tmp_2_i)> <Delay = 0.45>
ST_1 : Operation 130 [1/1] (0.00ns)   --->   "%trunc_ln674 = trunc i18 %r_2"   --->   Operation 130 'trunc' 'trunc_ln674' <Predicate = (udpState_load == 3 & tmp_2_i)> <Delay = 0.00>
ST_1 : Operation 131 [1/1] (1.16ns)   --->   "%write_ln173 = write void @_ssdm_op_Write.ap_fifo.volatile.i16P0A, i16 %icmp_server_stream_net_axis_64_0_stream_net_axis_64_0_stream_net_axis_64_0_stream_net_axis_64_0_checksumStreams_1, i16 %trunc_ln674" [/tools/Xilinx/Vitis_HLS/2021.2/common/technology/autopilot/hls_stream_39.h:173]   --->   Operation 131 'write' 'write_ln173' <Predicate = (udpState_load == 3 & tmp_2_i)> <Delay = 1.16> <CoreInst = "FIFO_SRL">   --->   Core 81 'FIFO_SRL' <Latency = 0> <II = 1> <Delay = 1.34> <Storage> <Opcode : 'read' 'write' 'nbread' 'nbwrite'> <Ports = 0> <Width = 16> <Depth = 16> <FIFO>
ST_1 : Operation 132 [1/1] (0.45ns)   --->   "%store_ln235 = store i2 0, i2 %udpState" [/home/yangz0e/Desktop/Vitis_with_100Gbps_TCP-IP_top_k/fpga-network-stack/hls/icmp_server/icmp_server.cpp:235]   --->   Operation 132 'store' 'store_ln235' <Predicate = (udpState_load == 3 & tmp_2_i)> <Delay = 0.45>
ST_1 : Operation 133 [1/1] (0.00ns)   --->   "%br_ln236 = br void %._crit_edge15.i" [/home/yangz0e/Desktop/Vitis_with_100Gbps_TCP-IP_top_k/fpga-network-stack/hls/icmp_server/icmp_server.cpp:236]   --->   Operation 133 'br' 'br_ln236' <Predicate = (udpState_load == 3 & tmp_2_i)> <Delay = 0.00>
ST_1 : Operation 134 [1/1] (0.00ns)   --->   "%br_ln237 = br void %udpPortUnreachable.exit" [/home/yangz0e/Desktop/Vitis_with_100Gbps_TCP-IP_top_k/fpga-network-stack/hls/icmp_server/icmp_server.cpp:237]   --->   Operation 134 'br' 'br_ln237' <Predicate = (udpState_load == 3)> <Delay = 0.00>
ST_1 : Operation 135 [1/1] (0.12ns)   --->   "%or_ln184 = or i1 %tmp_i, i1 %tmp_1_i" [/home/yangz0e/Desktop/Vitis_with_100Gbps_TCP-IP_top_k/fpga-network-stack/hls/icmp_server/icmp_server.cpp:184]   --->   Operation 135 'or' 'or_ln184' <Predicate = (udpState_load == 0)> <Delay = 0.12> <CoreInst = "LogicGate">   --->   Core 74 'LogicGate' <Latency = 0> <II = 1> <Delay = 0.12> <FuncUnit> <Opcode : 'and' 'or' 'xor'> <InPorts = 2> <OutPorts = 1>
ST_1 : Operation 136 [1/1] (0.00ns)   --->   "%br_ln184 = br i1 %or_ln184, void %._crit_edge6.i, void" [/home/yangz0e/Desktop/Vitis_with_100Gbps_TCP-IP_top_k/fpga-network-stack/hls/icmp_server/icmp_server.cpp:184]   --->   Operation 136 'br' 'br_ln184' <Predicate = (udpState_load == 0)> <Delay = 0.00>
ST_1 : Operation 137 [1/1] (0.00ns)   --->   "%tmp_3_i = nbwritereq i1 @_ssdm_op_NbWriteReq.ap_fifo.i128P0A, i128 %udpPort2addIpHeader_data, i32 1" [/tools/Xilinx/Vitis_HLS/2021.2/common/technology/autopilot/hls_stream_39.h:139]   --->   Operation 137 'nbwritereq' 'tmp_3_i' <Predicate = (udpState_load == 0 & or_ln184)> <Delay = 0.00> <CoreInst = "FIFO">   --->   Core 78 'FIFO' <Latency = 0> <II = 1> <Delay = 1.21> <Storage> <Opcode : 'read' 'write' 'nbread' 'nbwrite'> <Ports = 0> <Width = 128> <Depth = 192> <FIFO>
ST_1 : Operation 138 [1/1] (0.00ns)   --->   "%br_ln184 = br i1 %tmp_3_i, void %._crit_edge6.i, void" [/home/yangz0e/Desktop/Vitis_with_100Gbps_TCP-IP_top_k/fpga-network-stack/hls/icmp_server/icmp_server.cpp:184]   --->   Operation 138 'br' 'br_ln184' <Predicate = (udpState_load == 0 & or_ln184)> <Delay = 0.00>
ST_1 : Operation 139 [1/1] (0.38ns)   --->   "%store_ln185 = store i3 0, i3 %ipWordCounter_V" [/home/yangz0e/Desktop/Vitis_with_100Gbps_TCP-IP_top_k/fpga-network-stack/hls/icmp_server/icmp_server.cpp:185]   --->   Operation 139 'store' 'store_ln185' <Predicate = (udpState_load == 0 & or_ln184 & tmp_3_i)> <Delay = 0.38>
ST_1 : Operation 140 [1/1] (0.00ns)   --->   "%br_ln187 = br i1 %tmp_i, void, void" [/home/yangz0e/Desktop/Vitis_with_100Gbps_TCP-IP_top_k/fpga-network-stack/hls/icmp_server/icmp_server.cpp:187]   --->   Operation 140 'br' 'br_ln187' <Predicate = (udpState_load == 0 & or_ln184 & tmp_3_i)> <Delay = 0.00>
ST_1 : Operation 141 [1/1] (0.41ns)   --->   "%br_ln191 = br i1 %tmp_1_i, void %._crit_edge8.i, void" [/home/yangz0e/Desktop/Vitis_with_100Gbps_TCP-IP_top_k/fpga-network-stack/hls/icmp_server/icmp_server.cpp:191]   --->   Operation 141 'br' 'br_ln191' <Predicate = (udpState_load == 0 & or_ln184 & tmp_3_i & !tmp_i)> <Delay = 0.41>
ST_1 : Operation 142 [1/1] (0.38ns)   --->   "%store_ln193 = store i1 1, i1 %streamSource_V" [/home/yangz0e/Desktop/Vitis_with_100Gbps_TCP-IP_top_k/fpga-network-stack/hls/icmp_server/icmp_server.cpp:193]   --->   Operation 142 'store' 'store_ln193' <Predicate = (udpState_load == 0 & or_ln184 & tmp_3_i & !tmp_i & tmp_1_i)> <Delay = 0.38>
ST_1 : Operation 143 [1/1] (0.41ns)   --->   "%br_ln194 = br void %._crit_edge8.i" [/home/yangz0e/Desktop/Vitis_with_100Gbps_TCP-IP_top_k/fpga-network-stack/hls/icmp_server/icmp_server.cpp:194]   --->   Operation 143 'br' 'br_ln194' <Predicate = (udpState_load == 0 & or_ln184 & tmp_3_i & !tmp_i & tmp_1_i)> <Delay = 0.41>
ST_1 : Operation 144 [1/1] (0.38ns)   --->   "%store_ln189 = store i1 0, i1 %streamSource_V" [/home/yangz0e/Desktop/Vitis_with_100Gbps_TCP-IP_top_k/fpga-network-stack/hls/icmp_server/icmp_server.cpp:189]   --->   Operation 144 'store' 'store_ln189' <Predicate = (udpState_load == 0 & or_ln184 & tmp_3_i & tmp_i)> <Delay = 0.38>
ST_1 : Operation 145 [1/1] (0.41ns)   --->   "%br_ln190 = br void %._crit_edge8.i" [/home/yangz0e/Desktop/Vitis_with_100Gbps_TCP-IP_top_k/fpga-network-stack/hls/icmp_server/icmp_server.cpp:190]   --->   Operation 145 'br' 'br_ln190' <Predicate = (udpState_load == 0 & or_ln184 & tmp_3_i & tmp_i)> <Delay = 0.41>
ST_1 : Operation 146 [1/1] (0.00ns)   --->   "%tempWord_data_V_1_1 = phi i9 259, void, i9 11, void, i9 0, void"   --->   Operation 146 'phi' 'tempWord_data_V_1_1' <Predicate = (udpState_load == 0 & or_ln184 & tmp_3_i)> <Delay = 0.00>
ST_1 : Operation 147 [1/1] (0.00ns)   --->   "%sext_ln195 = sext i9 %tempWord_data_V_1_1" [/home/yangz0e/Desktop/Vitis_with_100Gbps_TCP-IP_top_k/fpga-network-stack/hls/icmp_server/icmp_server.cpp:195]   --->   Operation 147 'sext' 'sext_ln195' <Predicate = (udpState_load == 0 & or_ln184 & tmp_3_i)> <Delay = 0.00>
ST_1 : Operation 148 [1/1] (0.00ns)   --->   "%zext_ln195 = zext i10 %sext_ln195" [/home/yangz0e/Desktop/Vitis_with_100Gbps_TCP-IP_top_k/fpga-network-stack/hls/icmp_server/icmp_server.cpp:195]   --->   Operation 148 'zext' 'zext_ln195' <Predicate = (udpState_load == 0 & or_ln184 & tmp_3_i)> <Delay = 0.00>
ST_1 : Operation 149 [1/1] (0.45ns)   --->   "%store_ln195 = store i20 %zext_ln195, i20 %udpChecksum_V" [/home/yangz0e/Desktop/Vitis_with_100Gbps_TCP-IP_top_k/fpga-network-stack/hls/icmp_server/icmp_server.cpp:195]   --->   Operation 149 'store' 'store_ln195' <Predicate = (udpState_load == 0 & or_ln184 & tmp_3_i)> <Delay = 0.45>
ST_1 : Operation 150 [1/1] (0.00ns)   --->   "%or_ln = bitconcatenate i65 @_ssdm_op_BitConcatenate.i65.i55.i10, i55 18014398509481984, i10 %sext_ln195" [/tools/Xilinx/Vitis_HLS/2021.2/common/technology/autopilot/hls_stream_39.h:173]   --->   Operation 150 'bitconcatenate' 'or_ln' <Predicate = (udpState_load == 0 & or_ln184 & tmp_3_i)> <Delay = 0.00>
ST_1 : Operation 151 [1/1] (0.00ns)   --->   "%sext_ln173 = sext i65 %or_ln" [/tools/Xilinx/Vitis_HLS/2021.2/common/technology/autopilot/hls_stream_39.h:173]   --->   Operation 151 'sext' 'sext_ln173' <Predicate = (udpState_load == 0 & or_ln184 & tmp_3_i)> <Delay = 0.00>
ST_1 : Operation 152 [1/1] (0.00ns)   --->   "%zext_ln173 = zext i72 %sext_ln173" [/tools/Xilinx/Vitis_HLS/2021.2/common/technology/autopilot/hls_stream_39.h:173]   --->   Operation 152 'zext' 'zext_ln173' <Predicate = (udpState_load == 0 & or_ln184 & tmp_3_i)> <Delay = 0.00>
ST_1 : Operation 153 [1/1] (1.16ns)   --->   "%write_ln173 = write void @_ssdm_op_Write.ap_fifo.volatile.i128P0A, i128 %udpPort2addIpHeader_data, i128 %zext_ln173" [/tools/Xilinx/Vitis_HLS/2021.2/common/technology/autopilot/hls_stream_39.h:173]   --->   Operation 153 'write' 'write_ln173' <Predicate = (udpState_load == 0 & or_ln184 & tmp_3_i)> <Delay = 1.16> <CoreInst = "FIFO">   --->   Core 78 'FIFO' <Latency = 0> <II = 1> <Delay = 1.21> <Storage> <Opcode : 'read' 'write' 'nbread' 'nbwrite'> <Ports = 0> <Width = 128> <Depth = 192> <FIFO>
ST_1 : Operation 154 [1/1] (0.45ns)   --->   "%store_ln197 = store i2 1, i2 %udpState" [/home/yangz0e/Desktop/Vitis_with_100Gbps_TCP-IP_top_k/fpga-network-stack/hls/icmp_server/icmp_server.cpp:197]   --->   Operation 154 'store' 'store_ln197' <Predicate = (udpState_load == 0 & or_ln184 & tmp_3_i)> <Delay = 0.45>
ST_1 : Operation 155 [1/1] (0.00ns)   --->   "%br_ln198 = br void %._crit_edge6.i" [/home/yangz0e/Desktop/Vitis_with_100Gbps_TCP-IP_top_k/fpga-network-stack/hls/icmp_server/icmp_server.cpp:198]   --->   Operation 155 'br' 'br_ln198' <Predicate = (udpState_load == 0 & or_ln184 & tmp_3_i)> <Delay = 0.00>
ST_1 : Operation 156 [1/1] (0.00ns)   --->   "%br_ln199 = br void %udpPortUnreachable.exit" [/home/yangz0e/Desktop/Vitis_with_100Gbps_TCP-IP_top_k/fpga-network-stack/hls/icmp_server/icmp_server.cpp:199]   --->   Operation 156 'br' 'br_ln199' <Predicate = (udpState_load == 0)> <Delay = 0.00>
ST_1 : Operation 157 [1/1] (0.00ns)   --->   "%ret_ln0 = ret"   --->   Operation 157 'ret' 'ret_ln0' <Predicate = true> <Delay = 0.00>


============================================================
+ Verbose Summary: Timing violations
============================================================
Target clock period: 3.2ns, clock uncertainty: 0.864ns.

 <State 1>: 4.39ns
The critical path consists of the following:
	fifo read operation ('tmp', /tools/Xilinx/Vitis_HLS/2021.2/common/technology/autopilot/hls_stream_39.h:144) on port 'udpIn_internal' (/tools/Xilinx/Vitis_HLS/2021.2/common/technology/autopilot/hls_stream_39.h:144) [101]  (1.17 ns)
	multiplexor before 'phi' operation ('tmp') with incoming values : ('tmp', /tools/Xilinx/Vitis_HLS/2021.2/common/technology/autopilot/hls_stream_39.h:144) [107]  (0.387 ns)
	'phi' operation ('tmp') with incoming values : ('tmp', /tools/Xilinx/Vitis_HLS/2021.2/common/technology/autopilot/hls_stream_39.h:144) [107]  (0 ns)
	'add' operation ('add_ln223_4') [118]  (0.785 ns)
	'add' operation ('add_ln223_6') [122]  (0.791 ns)
	'add' operation ('add_ln223_7') [124]  (0.809 ns)
	'store' operation ('store_ln207', /home/yangz0e/Desktop/Vitis_with_100Gbps_TCP-IP_top_k/fpga-network-stack/hls/icmp_server/icmp_server.cpp:207) of variable 'add_ln223_7' on static variable 'udpChecksum_V' [125]  (0.453 ns)


============================================================
+ Verbose Summary: Binding
============================================================
N/A
* FSMD analyzer results:
  - Output states:
 - Input state : 
  - Chain level:
	State 1


============================================================
+ Verbose Summary: Datapath Resource usage 
============================================================
N/A
