

================================================================
== Vitis HLS Report for 'server_512_s'
================================================================
* Date:           Sat Mar 18 14:31:10 2023

* Version:        2021.2 (Build 3367213 on Tue Oct 19 02:47:39 MDT 2021)
* Project:        iperf_client_prj
* Solution:       solution1 (Vivado IP Flow Target)
* Product family: virtexuplus
* Target device:  xcu280-fsvh2892-2L-e


================================================================
== Performance Estimates
================================================================
+ Timing: 
    * Summary: 
    +--------+---------+----------+------------+
    |  Clock |  Target | Estimated| Uncertainty|
    +--------+---------+----------+------------+
    |ap_clk  |  3.20 ns|  1.677 ns|     0.86 ns|
    +--------+---------+----------+------------+

+ Latency: 
    * Summary: 
    +---------+---------+----------+----------+-----+-----+---------+
    |  Latency (cycles) |  Latency (absolute) |  Interval | Pipeline|
    |   min   |   max   |    min   |    max   | min | max |   Type  |
    +---------+---------+----------+----------+-----+-----+---------+
    |        2|        2|  6.400 ns|  6.400 ns|    1|    1|      yes|
    +---------+---------+----------+----------+-----+-----+---------+

    + Detail: 
        * Instance: 
        N/A

        * Loop: 
        N/A



================================================================
== Utilization Estimates
================================================================
* Summary: 
+---------------------+---------+------+---------+---------+-----+
|         Name        | BRAM_18K|  DSP |    FF   |   LUT   | URAM|
+---------------------+---------+------+---------+---------+-----+
|DSP                  |        -|     -|        -|        -|    -|
|Expression           |        -|     -|        0|       53|    -|
|FIFO                 |        -|     -|        -|        -|    -|
|Instance             |        -|     -|        -|        -|    -|
|Memory               |        -|     -|        -|        -|    -|
|Multiplexer          |        -|     -|        -|       63|    -|
|Register             |        -|     -|       44|        -|    -|
+---------------------+---------+------+---------+---------+-----+
|Total                |        0|     0|       44|      116|    0|
+---------------------+---------+------+---------+---------+-----+
|Available SLR        |     1344|  3008|   869120|   434560|  320|
+---------------------+---------+------+---------+---------+-----+
|Utilization SLR (%)  |        0|     0|       ~0|       ~0|    0|
+---------------------+---------+------+---------+---------+-----+
|Available            |     4032|  9024|  2607360|  1303680|  960|
+---------------------+---------+------+---------+---------+-----+
|Utilization (%)      |        0|     0|       ~0|       ~0|    0|
+---------------------+---------+------+---------+---------+-----+

+ Detail: 
    * Instance: 
    N/A

    * DSP: 
    N/A

    * Memory: 
    N/A

    * FIFO: 
    N/A

    * Expression: 
    +----------------------------------+----------+----+---+----+------------+------------+
    |           Variable Name          | Operation| DSP| FF| LUT| Bitwidth P0| Bitwidth P1|
    +----------------------------------+----------+----+---+----+------------+------------+
    |ap_condition_201                  |       and|   0|  0|   2|           1|           1|
    |ap_condition_206                  |       and|   0|  0|   2|           1|           1|
    |ap_condition_381                  |       and|   0|  0|   2|           1|           1|
    |ap_condition_382                  |       and|   0|  0|   2|           1|           1|
    |ap_predicate_op20_read_state1     |       and|   0|  0|   2|           1|           1|
    |ap_predicate_op41_read_state1     |       and|   0|  0|   2|           1|           1|
    |ap_predicate_op51_read_state1     |       and|   0|  0|   2|           1|           1|
    |ap_predicate_op59_write_state2    |       and|   0|  0|   2|           1|           1|
    |ap_predicate_op62_write_state3    |       and|   0|  0|   2|           1|           1|
    |grp_nbreadreq_fu_110_p3           |       and|   0|  0|   2|           1|           0|
    |tmp_5_i_nbreadreq_fu_88_p3        |       and|   0|  0|   2|           1|           0|
    |tmp_7_i_nbreadreq_fu_102_p3       |       and|   0|  0|   2|           1|           0|
    |tmp_i_nbreadreq_fu_74_p3          |       and|   0|  0|   2|           1|           0|
    |icmp_ln1068_fu_183_p2             |      icmp|   0|  0|  13|          16|           1|
    |ap_block_pp0_stage0_01001         |        or|   0|  0|   2|           1|           1|
    |ap_block_pp0_stage0_11001         |        or|   0|  0|   2|           1|           1|
    |ap_block_state1_pp0_stage0_iter0  |        or|   0|  0|   2|           1|           1|
    |ap_block_state2_io                |        or|   0|  0|   2|           1|           1|
    |ap_block_state3_io                |        or|   0|  0|   2|           1|           1|
    |ap_block_state3_pp0_stage0_iter2  |        or|   0|  0|   2|           1|           1|
    |ap_enable_pp0                     |       xor|   0|  0|   2|           1|           2|
    +----------------------------------+----------+----+---+----+------------+------------+
    |Total                             |          |   0|  0|  53|          36|          18|
    +----------------------------------+----------+----+---+----+------------+------------+

    * Multiplexer: 
    +---------------------------------------+----+-----------+-----+-----------+
    |                  Name                 | LUT| Input Size| Bits| Total Bits|
    +---------------------------------------+----+-----------+-----+-----------+
    |ap_done                                |   9|          2|    1|          2|
    |m_axis_listen_port_TDATA_blk_n         |   9|          2|    1|          2|
    |m_axis_read_package_TDATA_blk_n        |   9|          2|    1|          2|
    |rxDataBuffer_blk_n                     |   9|          2|    1|          2|
    |s_axis_listen_port_status_TDATA_blk_n  |   9|          2|    1|          2|
    |s_axis_notifications_TDATA_blk_n       |   9|          2|    1|          2|
    |s_axis_rx_metadata_TDATA_blk_n         |   9|          2|    1|          2|
    +---------------------------------------+----+-----------+-----+-----------+
    |Total                                  |  63|         14|    7|         14|
    +---------------------------------------+----+-----------+-----+-----------+

    * Register: 
    +----------------------------------------+----+----+-----+-----------+
    |                  Name                  | FF | LUT| Bits| Const Bits|
    +----------------------------------------+----+----+-----+-----------+
    |ap_CS_fsm                               |   1|   0|    1|          0|
    |ap_done_reg                             |   1|   0|    1|          0|
    |ap_enable_reg_pp0_iter1                 |   1|   0|    1|          0|
    |ap_enable_reg_pp0_iter2                 |   1|   0|    1|          0|
    |icmp_ln1068_reg_223                     |   1|   0|    1|          0|
    |icmp_ln1068_reg_223_pp0_iter1_reg       |   1|   0|    1|          0|
    |listenState                             |   1|   0|    1|          0|
    |listenState_load_reg_209                |   1|   0|    1|          0|
    |listenState_load_reg_209_pp0_iter1_reg  |   1|   0|    1|          0|
    |serverFsmState                          |   1|   0|    1|          0|
    |tmp_5_i_reg_219                         |   1|   0|    1|          0|
    |tmp_5_i_reg_219_pp0_iter1_reg           |   1|   0|    1|          0|
    |trunc_ln173_reg_227                     |  32|   0|   32|          0|
    +----------------------------------------+----+----+-----+-----------+
    |Total                                   |  44|   0|   44|          0|
    +----------------------------------------+----+----+-----+-----------+



================================================================
== Interface
================================================================
* Summary: 
+----------------------------------+-----+------+------------+---------------------------+--------------+
|             RTL Ports            | Dir | Bits |  Protocol  |       Source Object       |    C Type    |
+----------------------------------+-----+------+------------+---------------------------+--------------+
|ap_clk                            |   in|     1|  ap_ctrl_hs|                server<512>|  return value|
|ap_rst                            |   in|     1|  ap_ctrl_hs|                server<512>|  return value|
|ap_start                          |   in|     1|  ap_ctrl_hs|                server<512>|  return value|
|ap_done                           |  out|     1|  ap_ctrl_hs|                server<512>|  return value|
|ap_continue                       |   in|     1|  ap_ctrl_hs|                server<512>|  return value|
|ap_idle                           |  out|     1|  ap_ctrl_hs|                server<512>|  return value|
|ap_ready                          |  out|     1|  ap_ctrl_hs|                server<512>|  return value|
|s_axis_listen_port_status_TVALID  |   in|     1|        axis|  s_axis_listen_port_status|       pointer|
|s_axis_listen_port_status_TDATA   |   in|     8|        axis|  s_axis_listen_port_status|       pointer|
|s_axis_listen_port_status_TREADY  |  out|     1|        axis|  s_axis_listen_port_status|       pointer|
|s_axis_notifications_TVALID       |   in|     1|        axis|       s_axis_notifications|       pointer|
|s_axis_notifications_TDATA        |   in|    88|        axis|       s_axis_notifications|       pointer|
|s_axis_notifications_TREADY       |  out|     1|        axis|       s_axis_notifications|       pointer|
|s_axis_rx_metadata_TVALID         |   in|     1|        axis|         s_axis_rx_metadata|       pointer|
|s_axis_rx_metadata_TDATA          |   in|    16|        axis|         s_axis_rx_metadata|       pointer|
|s_axis_rx_metadata_TREADY         |  out|     1|        axis|         s_axis_rx_metadata|       pointer|
|rxDataBuffer_dout                 |   in|  1024|     ap_fifo|               rxDataBuffer|       pointer|
|rxDataBuffer_empty_n              |   in|     1|     ap_fifo|               rxDataBuffer|       pointer|
|rxDataBuffer_read                 |  out|     1|     ap_fifo|               rxDataBuffer|       pointer|
|m_axis_listen_port_TREADY         |   in|     1|        axis|         m_axis_listen_port|       pointer|
|m_axis_listen_port_TDATA          |  out|    16|        axis|         m_axis_listen_port|       pointer|
|m_axis_listen_port_TVALID         |  out|     1|        axis|         m_axis_listen_port|       pointer|
|m_axis_read_package_TREADY        |   in|     1|        axis|        m_axis_read_package|       pointer|
|m_axis_read_package_TDATA         |  out|    32|        axis|        m_axis_read_package|       pointer|
|m_axis_read_package_TVALID        |  out|     1|        axis|        m_axis_read_package|       pointer|
+----------------------------------+-----+------+------------+---------------------------+--------------+

