

================================================================
== Synthesis Summary Report of 'dhcp_client'
================================================================
+ General Information: 
    * Date:           Sat Mar 18 14:32:21 2023
    * Version:        2021.2 (Build 3367213 on Tue Oct 19 02:47:39 MDT 2021)
    * Project:        dhcp_client_prj
    * Solution:       solution1 (Vivado IP Flow Target)
    * Product family: virtexuplus
    * Target device:  xcu280-fsvh2892-2L-e
    

+ Performance & Resource Estimates: 
    
    PS: '+' for module; 'o' for loop; '*' for dataflow
    +--------------------+--------+-------+---------+--------+----------+---------+------+----------+------+----+-----------+------------+-----+
    |       Modules      |  Issue |       | Latency | Latency| Iteration|         | Trip |          |      |    |           |            |     |
    |       & Loops      |  Type  | Slack | (cycles)|  (ns)  |  Latency | Interval| Count| Pipelined| BRAM | DSP|     FF    |     LUT    | URAM|
    +--------------------+--------+-------+---------+--------+----------+---------+------+----------+------+----+-----------+------------+-----+
    |+ dhcp_client*      |  Timing|  -0.35|        7|  22.400|         -|        2|     -|  dataflow|     -|   -|  671 (~0%)|  1503 (~0%)|    -|
    | + open_dhcp_port   |      II|   1.17|        2|   6.400|         -|        2|     -|       yes|     -|   -|   44 (~0%)|   159 (~0%)|    -|
    | + receive_message  |       -|   0.78|        1|   3.200|         -|        1|     -|       yes|     -|   -|  119 (~0%)|   241 (~0%)|    -|
    | + entry_proc       |       -|   1.17|        0|   0.000|         -|        0|     -|        no|     -|   -|    2 (~0%)|    29 (~0%)|    -|
    | + dhcp_fsm         |  Timing|  -0.35|        1|   3.200|         -|        1|     -|       yes|     -|   -|  337 (~0%)|   513 (~0%)|    -|
    | + send_message     |       -|   0.96|        2|   6.400|         -|        1|     -|       yes|     -|   -|  136 (~0%)|   318 (~0%)|    -|
    +--------------------+--------+-------+---------+--------+----------+---------+------+----------+------+----+-----------+------------+-----+


================================================================
== HW Interfaces
================================================================
* AXIS
+-------------------------+---------------+-------+-------+-------+--------+-------+--------+
| Interface               | Register Mode | TDATA | TKEEP | TLAST | TREADY | TSTRB | TVALID |
+-------------------------+---------------+-------+-------+-------+--------+-------+--------+
| m_axis_open_port        | both          | 16    |       |       | 1      |       | 1      |
| m_axis_tx_data          | both          | 64    | 8     | 1     | 1      | 8     | 1      |
| m_axis_tx_length        | both          | 16    |       |       | 1      |       | 1      |
| m_axis_tx_metadata      | both          | 96    |       |       | 1      |       | 1      |
| s_axis_open_port_status | both          | 8     |       |       | 1      |       | 1      |
| s_axis_rx_data          | both          | 64    | 8     | 1     | 1      | 8     | 1      |
| s_axis_rx_metadata      | both          | 128   |       |       | 1      |       | 1      |
+-------------------------+---------------+-------+-------+-------+--------+-------+--------+

* REGISTER
+------------------+---------+----------+
| Interface        | Mode    | Bitwidth |
+------------------+---------+----------+
| dhcpEnable       | ap_none | 1        |
| dhcpIpAddressOut | ap_none | 32       |
| inputIpAddress   | ap_none | 32       |
| myMacAddress     | ap_none | 48       |
+------------------+---------+----------+

* TOP LEVEL CONTROL
+-----------+--------------+----------+
| Interface | Type         | Ports    |
+-----------+--------------+----------+
| ap_clk    | clock        | ap_clk   |
| ap_rst_n  | reset        | ap_rst_n |
| ap_ctrl   | ap_ctrl_none |          |
+-----------+--------------+----------+


================================================================
== SW I/O Information
================================================================
* Top Function Arguments
+-------------------+-----------+---------------------------------------------+
| Argument          | Direction | Datatype                                    |
+-------------------+-----------+---------------------------------------------+
| openPort          | out       | stream<ap_uint<16>, 0>&                     |
| confirmPortStatus | in        | stream<bool, 0>&                            |
| dataInMeta        | in        | stream<udpMetadata, 0>&                     |
| dataIn            | in        | stream<hls::axis<ap_uint<64>, 0, 0, 0>, 0>& |
| dataOutMeta       | out       | stream<udpMetadata, 0>&                     |
| dataOutLength     | out       | stream<ap_uint<16>, 0>&                     |
| dataOut           | out       | stream<hls::axis<ap_uint<64>, 0, 0, 0>, 0>& |
| dhcpEnable        | in        | ap_uint<1>&                                 |
| inputIpAddress    | in        | ap_uint<32>&                                |
| dhcpIpAddressOut  | out       | ap_uint<32>&                                |
| myMacAddress      | in        | ap_uint<48>&                                |
+-------------------+-----------+---------------------------------------------+

* SW-to-HW Mapping
+-------------------+-------------------------+-----------+
| Argument          | HW Interface            | HW Type   |
+-------------------+-------------------------+-----------+
| openPort          | m_axis_open_port        | interface |
| confirmPortStatus | s_axis_open_port_status | interface |
| dataInMeta        | s_axis_rx_metadata      | interface |
| dataIn            | s_axis_rx_data          | interface |
| dataOutMeta       | m_axis_tx_metadata      | interface |
| dataOutLength     | m_axis_tx_length        | interface |
| dataOut           | m_axis_tx_data          | interface |
| dhcpEnable        | dhcpEnable              | port      |
| inputIpAddress    | inputIpAddress          | port      |
| dhcpIpAddressOut  | dhcpIpAddressOut        | port      |
| myMacAddress      | myMacAddress            | port      |
+-------------------+-------------------------+-----------+


================================================================
== M_AXI Burst Information
================================================================
 Note: All burst requests might be further partitioned into multiple requests during RTL generation based on max_read_burst_length or max_write_burst_length settings.

  No burst in design

================================================================
== Bind Op Report
================================================================
+------------------------+-----+--------+-------------+-----+--------+---------+
| Name                   | DSP | Pragma | Variable    | Op  | Impl   | Latency |
+------------------------+-----+--------+-------------+-----+--------+---------+
| + dhcp_client          | 0   |        |             |     |        |         |
|  + open_dhcp_port      | 0   |        |             |     |        |         |
|    add_ln886_fu_92_p2  | -   |        | add_ln886   | add | fabric | 0       |
|  + receive_message     | 0   |        |             |     |        |         |
|    add_ln885_fu_429_p2 | -   |        | add_ln885   | add | fabric | 0       |
|  + dhcp_fsm            | 0   |        |             |     |        |         |
|    grp_fu_206_p2       | -   |        | add_ln886_2 | add | fabric | 0       |
|    grp_fu_206_p2       | -   |        | add_ln886_1 | add | fabric | 0       |
|    grp_fu_206_p2       | -   |        | add_ln886   | add | fabric | 0       |
|    add_ln885_fu_382_p2 | -   |        | add_ln885   | add | fabric | 0       |
|  + send_message        | 0   |        |             |     |        |         |
|    add_ln885_fu_330_p2 | -   |        | add_ln885   | add | fabric | 0       |
+------------------------+-----+--------+-------------+-----+--------+---------+


================================================================
== Bind Storage Report
================================================================
+----------------------+------+------+--------+------------------+---------+------+---------+
| Name                 | BRAM | URAM | Pragma | Variable         | Storage | Impl | Latency |
+----------------------+------+------+--------+------------------+---------+------+---------+
| + dhcp_client        | 0    | 0    |        |                  |         |      |         |
|   myMacAddress_c_U   | -    | -    |        | myMacAddress_c   | fifo    | srl  | 0       |
|   inputIpAddress_c_U | -    | -    |        | inputIpAddress_c | fifo    | srl  | 0       |
|   dhcpEnable_c_U     | -    | -    |        | dhcpEnable_c     | fifo    | srl  | 0       |
+----------------------+------+------+--------+------------------+---------+------+---------+


================================================================
== User Pragma Report
================================================================
* Valid Pragma Syntax
+-----------+-------------------------------------------------------------------+---------------------------------------------------------------------------------------------------------------------------------------------------+
| Type      | Options                                                           | Location                                                                                                                                          |
+-----------+-------------------------------------------------------------------+---------------------------------------------------------------------------------------------------------------------------------------------------+
| pipeline  | II=1                                                              | /home/yangz0e/Desktop/Vitis_with_100Gbps_TCP-IP_top_k/fpga-network-stack/hls/dhcp_client/../axi_utils.hpp:76 in convert_net_axis_to_axis          |
| pipeline  | II=1                                                              | /home/yangz0e/Desktop/Vitis_with_100Gbps_TCP-IP_top_k/fpga-network-stack/hls/dhcp_client/../axi_utils.hpp:96 in convert_axis_to_net_axis          |
| pipeline  | II=1                                                              | /home/yangz0e/Desktop/Vitis_with_100Gbps_TCP-IP_top_k/fpga-network-stack/hls/dhcp_client/../axi_utils.hpp:115 in convert_routed_net_axis_to_axis  |
| unroll    |                                                                   | /home/yangz0e/Desktop/Vitis_with_100Gbps_TCP-IP_top_k/fpga-network-stack/hls/dhcp_client/../axi_utils.hpp:137 in reverse                          |
| unroll    |                                                                   | /home/yangz0e/Desktop/Vitis_with_100Gbps_TCP-IP_top_k/fpga-network-stack/hls/dhcp_client/../axi_utils.hpp:149 in reverse_bits                     |
| inline    |                                                                   | /home/yangz0e/Desktop/Vitis_with_100Gbps_TCP-IP_top_k/fpga-network-stack/hls/dhcp_client/../axi_utils.hpp:318 in increasestreamwidth              |
| inline    |                                                                   | /home/yangz0e/Desktop/Vitis_with_100Gbps_TCP-IP_top_k/fpga-network-stack/hls/dhcp_client/../axi_utils.hpp:348 in reducestreamwidth                |
| pipeline  | II=1                                                              | /home/yangz0e/Desktop/Vitis_with_100Gbps_TCP-IP_top_k/fpga-network-stack/hls/dhcp_client/../axi_utils.hpp:411 in convertstreamwidth               |
| inline    | off                                                               | /home/yangz0e/Desktop/Vitis_with_100Gbps_TCP-IP_top_k/fpga-network-stack/hls/dhcp_client/../axi_utils.hpp:412 in convertstreamwidth               |
| pipeline  | II=1                                                              | /home/yangz0e/Desktop/Vitis_with_100Gbps_TCP-IP_top_k/fpga-network-stack/hls/dhcp_client/../axi_utils.hpp:423 in convertstreamwidth               |
| inline    | off                                                               | /home/yangz0e/Desktop/Vitis_with_100Gbps_TCP-IP_top_k/fpga-network-stack/hls/dhcp_client/../axi_utils.hpp:424 in convertstreamwidth               |
| pipeline  | II=1                                                              | /home/yangz0e/Desktop/Vitis_with_100Gbps_TCP-IP_top_k/fpga-network-stack/hls/dhcp_client/../axi_utils.hpp:432 in convertstreamwidth               |
| inline    | off                                                               | /home/yangz0e/Desktop/Vitis_with_100Gbps_TCP-IP_top_k/fpga-network-stack/hls/dhcp_client/../axi_utils.hpp:433 in convertstreamwidth               |
| pipeline  | II=1                                                              | /home/yangz0e/Desktop/Vitis_with_100Gbps_TCP-IP_top_k/fpga-network-stack/hls/dhcp_client/../axi_utils.hpp:441 in convertstreamwidth               |
| inline    | off                                                               | /home/yangz0e/Desktop/Vitis_with_100Gbps_TCP-IP_top_k/fpga-network-stack/hls/dhcp_client/../axi_utils.hpp:442 in convertstreamwidth               |
| pipeline  | II=1                                                              | /home/yangz0e/Desktop/Vitis_with_100Gbps_TCP-IP_top_k/fpga-network-stack/hls/dhcp_client/../axi_utils.hpp:450 in convertstreamwidth               |
| inline    | off                                                               | /home/yangz0e/Desktop/Vitis_with_100Gbps_TCP-IP_top_k/fpga-network-stack/hls/dhcp_client/../axi_utils.hpp:451 in convertstreamwidth               |
| pipeline  | II=1                                                              | /home/yangz0e/Desktop/Vitis_with_100Gbps_TCP-IP_top_k/fpga-network-stack/hls/dhcp_client/../axi_utils.hpp:459 in convertstreamwidth               |
| inline    | off                                                               | /home/yangz0e/Desktop/Vitis_with_100Gbps_TCP-IP_top_k/fpga-network-stack/hls/dhcp_client/../axi_utils.hpp:460 in convertstreamwidth               |
| pipeline  | II=1                                                              | /home/yangz0e/Desktop/Vitis_with_100Gbps_TCP-IP_top_k/fpga-network-stack/hls/dhcp_client/../axi_utils.hpp:468 in convertstreamwidth               |
| inline    | off                                                               | /home/yangz0e/Desktop/Vitis_with_100Gbps_TCP-IP_top_k/fpga-network-stack/hls/dhcp_client/../axi_utils.hpp:469 in convertstreamwidth               |
| inline    | off                                                               | /home/yangz0e/Desktop/Vitis_with_100Gbps_TCP-IP_top_k/fpga-network-stack/hls/dhcp_client/../axi_utils.hpp:493 in rshiftwordbyoctet                |
| pipeline  | II=1                                                              | /home/yangz0e/Desktop/Vitis_with_100Gbps_TCP-IP_top_k/fpga-network-stack/hls/dhcp_client/../axi_utils.hpp:494 in rshiftwordbyoctet                |
| inline    | off                                                               | /home/yangz0e/Desktop/Vitis_with_100Gbps_TCP-IP_top_k/fpga-network-stack/hls/dhcp_client/../axi_utils.hpp:568 in lshiftwordbyoctet                |
| pipeline  | II=1                                                              | /home/yangz0e/Desktop/Vitis_with_100Gbps_TCP-IP_top_k/fpga-network-stack/hls/dhcp_client/../axi_utils.hpp:569 in lshiftwordbyoctet                |
| pipeline  | II=1                                                              | /home/yangz0e/Desktop/Vitis_with_100Gbps_TCP-IP_top_k/fpga-network-stack/hls/dhcp_client/../axi_utils.hpp:637 in stream_merger                    |
| inline    | off                                                               | /home/yangz0e/Desktop/Vitis_with_100Gbps_TCP-IP_top_k/fpga-network-stack/hls/dhcp_client/../axi_utils.hpp:638 in stream_merger                    |
| pipeline  | II=1                                                              | /home/yangz0e/Desktop/Vitis_with_100Gbps_TCP-IP_top_k/fpga-network-stack/hls/dhcp_client/../axi_utils.hpp:656 in stream_merger                    |
| inline    | off                                                               | /home/yangz0e/Desktop/Vitis_with_100Gbps_TCP-IP_top_k/fpga-network-stack/hls/dhcp_client/../axi_utils.hpp:657 in stream_merger                    |
| pipeline  | II=1                                                              | /home/yangz0e/Desktop/Vitis_with_100Gbps_TCP-IP_top_k/fpga-network-stack/hls/dhcp_client/../axi_utils.hpp:718 in fair_merger                      |
| inline    | off                                                               | /home/yangz0e/Desktop/Vitis_with_100Gbps_TCP-IP_top_k/fpga-network-stack/hls/dhcp_client/../axi_utils.hpp:719 in fair_merger                      |
| pipeline  | II=1                                                              | /home/yangz0e/Desktop/Vitis_with_100Gbps_TCP-IP_top_k/fpga-network-stack/hls/dhcp_client/../axi_utils.hpp:752 in fair_pkg_merger                  |
| inline    | off                                                               | /home/yangz0e/Desktop/Vitis_with_100Gbps_TCP-IP_top_k/fpga-network-stack/hls/dhcp_client/../axi_utils.hpp:753 in fair_pkg_merger                  |
| pipeline  | II=1                                                              | /home/yangz0e/Desktop/Vitis_with_100Gbps_TCP-IP_top_k/fpga-network-stack/hls/dhcp_client/../axi_utils.hpp:834 in stream_pkg_merger                |
| inline    | off                                                               | /home/yangz0e/Desktop/Vitis_with_100Gbps_TCP-IP_top_k/fpga-network-stack/hls/dhcp_client/../axi_utils.hpp:835 in stream_pkg_merger                |
| pipeline  | II=1                                                              | /home/yangz0e/Desktop/Vitis_with_100Gbps_TCP-IP_top_k/fpga-network-stack/hls/dhcp_client/../axi_utils.hpp:913 in stream_pkg_splitter              |
| inline    | off                                                               | /home/yangz0e/Desktop/Vitis_with_100Gbps_TCP-IP_top_k/fpga-network-stack/hls/dhcp_client/../axi_utils.hpp:914 in stream_pkg_splitter              |
| pipeline  | II=1                                                              | /home/yangz0e/Desktop/Vitis_with_100Gbps_TCP-IP_top_k/fpga-network-stack/hls/dhcp_client/../axi_utils.hpp:978 in pass_valid_pkg                   |
| inline    | off                                                               | /home/yangz0e/Desktop/Vitis_with_100Gbps_TCP-IP_top_k/fpga-network-stack/hls/dhcp_client/../axi_utils.hpp:979 in pass_valid_pkg                   |
| pipeline  | II=1                                                              | /home/yangz0e/Desktop/Vitis_with_100Gbps_TCP-IP_top_k/fpga-network-stack/hls/dhcp_client/../axi_utils.hpp:1040 in toe_duplicate_stream            |
| inline    | off                                                               | /home/yangz0e/Desktop/Vitis_with_100Gbps_TCP-IP_top_k/fpga-network-stack/hls/dhcp_client/../axi_utils.hpp:1041 in toe_duplicate_stream            |
| pipeline  | II=1                                                              | /home/yangz0e/Desktop/Vitis_with_100Gbps_TCP-IP_top_k/fpga-network-stack/hls/dhcp_client/../axi_utils.hpp:1056 in ip_handler_duplicate_stream     |
| inline    | off                                                               | /home/yangz0e/Desktop/Vitis_with_100Gbps_TCP-IP_top_k/fpga-network-stack/hls/dhcp_client/../axi_utils.hpp:1057 in ip_handler_duplicate_stream     |
| inline    | off                                                               | /home/yangz0e/Desktop/Vitis_with_100Gbps_TCP-IP_top_k/fpga-network-stack/hls/dhcp_client/../axi_utils.hpp:1095 in udp_lshiftwordbyoctet           |
| pipeline  | II=1                                                              | /home/yangz0e/Desktop/Vitis_with_100Gbps_TCP-IP_top_k/fpga-network-stack/hls/dhcp_client/../axi_utils.hpp:1096 in udp_lshiftwordbyoctet           |
| inline    | off                                                               | /home/yangz0e/Desktop/Vitis_with_100Gbps_TCP-IP_top_k/fpga-network-stack/hls/dhcp_client/../axi_utils.hpp:1166 in mac_lshiftwordbyoctet           |
| pipeline  | II=1                                                              | /home/yangz0e/Desktop/Vitis_with_100Gbps_TCP-IP_top_k/fpga-network-stack/hls/dhcp_client/../axi_utils.hpp:1167 in mac_lshiftwordbyoctet           |
| inline    | off                                                               | /home/yangz0e/Desktop/Vitis_with_100Gbps_TCP-IP_top_k/fpga-network-stack/hls/dhcp_client/../axi_utils.hpp:1237 in ipv4_lshiftwordbyoctet          |
| pipeline  | II=1                                                              | /home/yangz0e/Desktop/Vitis_with_100Gbps_TCP-IP_top_k/fpga-network-stack/hls/dhcp_client/../axi_utils.hpp:1238 in ipv4_lshiftwordbyoctet          |
| inline    | off                                                               | /home/yangz0e/Desktop/Vitis_with_100Gbps_TCP-IP_top_k/fpga-network-stack/hls/dhcp_client/../axi_utils.hpp:1308 in ip_handler_rshiftwordbyoctet    |
| pipeline  | II=1                                                              | /home/yangz0e/Desktop/Vitis_with_100Gbps_TCP-IP_top_k/fpga-network-stack/hls/dhcp_client/../axi_utils.hpp:1309 in ip_handler_rshiftwordbyoctet    |
| inline    | off                                                               | /home/yangz0e/Desktop/Vitis_with_100Gbps_TCP-IP_top_k/fpga-network-stack/hls/dhcp_client/../axi_utils.hpp:1383 in udp_rshiftwordbyoctet           |
| pipeline  | II=1                                                              | /home/yangz0e/Desktop/Vitis_with_100Gbps_TCP-IP_top_k/fpga-network-stack/hls/dhcp_client/../axi_utils.hpp:1384 in udp_rshiftwordbyoctet           |
| pipeline  | II=1                                                              | /home/yangz0e/Desktop/Vitis_with_100Gbps_TCP-IP_top_k/fpga-network-stack/hls/dhcp_client/dhcp_client.cpp:38 in open_dhcp_port                     |
| inline    | off                                                               | /home/yangz0e/Desktop/Vitis_with_100Gbps_TCP-IP_top_k/fpga-network-stack/hls/dhcp_client/dhcp_client.cpp:39 in open_dhcp_port                     |
| pipeline  | II=1                                                              | /home/yangz0e/Desktop/Vitis_with_100Gbps_TCP-IP_top_k/fpga-network-stack/hls/dhcp_client/dhcp_client.cpp:64 in receive_message                    |
| inline    | off                                                               | /home/yangz0e/Desktop/Vitis_with_100Gbps_TCP-IP_top_k/fpga-network-stack/hls/dhcp_client/dhcp_client.cpp:65 in receive_message                    |
| pipeline  | II=1                                                              | /home/yangz0e/Desktop/Vitis_with_100Gbps_TCP-IP_top_k/fpga-network-stack/hls/dhcp_client/dhcp_client.cpp:138 in send_message                      |
| inline    | off                                                               | /home/yangz0e/Desktop/Vitis_with_100Gbps_TCP-IP_top_k/fpga-network-stack/hls/dhcp_client/dhcp_client.cpp:139 in send_message                      |
| pipeline  | II=1                                                              | /home/yangz0e/Desktop/Vitis_with_100Gbps_TCP-IP_top_k/fpga-network-stack/hls/dhcp_client/dhcp_client.cpp:246 in dhcp_fsm                          |
| inline    | off                                                               | /home/yangz0e/Desktop/Vitis_with_100Gbps_TCP-IP_top_k/fpga-network-stack/hls/dhcp_client/dhcp_client.cpp:247 in dhcp_fsm                          |
| dataflow  | disable_start_propagation                                         | /home/yangz0e/Desktop/Vitis_with_100Gbps_TCP-IP_top_k/fpga-network-stack/hls/dhcp_client/dhcp_client.cpp:346 in dhcp_client                       |
| interface | ap_ctrl_none port=return                                          | /home/yangz0e/Desktop/Vitis_with_100Gbps_TCP-IP_top_k/fpga-network-stack/hls/dhcp_client/dhcp_client.cpp:347 in dhcp_client, return               |
| interface | axis register port=openPort name=m_axis_open_port                 | /home/yangz0e/Desktop/Vitis_with_100Gbps_TCP-IP_top_k/fpga-network-stack/hls/dhcp_client/dhcp_client.cpp:349 in dhcp_client, openPort             |
| interface | axis register port=confirmPortStatus name=s_axis_open_port_status | /home/yangz0e/Desktop/Vitis_with_100Gbps_TCP-IP_top_k/fpga-network-stack/hls/dhcp_client/dhcp_client.cpp:350 in dhcp_client, confirmPortStatus    |
| interface | axis register port=dataInMeta name=s_axis_rx_metadata             | /home/yangz0e/Desktop/Vitis_with_100Gbps_TCP-IP_top_k/fpga-network-stack/hls/dhcp_client/dhcp_client.cpp:351 in dhcp_client, dataInMeta           |
| interface | axis register port=dataIn name=s_axis_rx_data                     | /home/yangz0e/Desktop/Vitis_with_100Gbps_TCP-IP_top_k/fpga-network-stack/hls/dhcp_client/dhcp_client.cpp:352 in dhcp_client, dataIn               |
| interface | axis register port=dataOutMeta name=m_axis_tx_metadata            | /home/yangz0e/Desktop/Vitis_with_100Gbps_TCP-IP_top_k/fpga-network-stack/hls/dhcp_client/dhcp_client.cpp:353 in dhcp_client, dataOutMeta          |
| interface | axis register port=dataOutLength name=m_axis_tx_length            | /home/yangz0e/Desktop/Vitis_with_100Gbps_TCP-IP_top_k/fpga-network-stack/hls/dhcp_client/dhcp_client.cpp:354 in dhcp_client, dataOutLength        |
| interface | axis register port=dataOut name=m_axis_tx_data                    | /home/yangz0e/Desktop/Vitis_with_100Gbps_TCP-IP_top_k/fpga-network-stack/hls/dhcp_client/dhcp_client.cpp:355 in dhcp_client, dataOut              |
| aggregate | variable=dataOutMeta compact=bit                                  | /home/yangz0e/Desktop/Vitis_with_100Gbps_TCP-IP_top_k/fpga-network-stack/hls/dhcp_client/dhcp_client.cpp:356 in dhcp_client, dataOutMeta          |
| interface | ap_none register port=dhcpEnable                                  | /home/yangz0e/Desktop/Vitis_with_100Gbps_TCP-IP_top_k/fpga-network-stack/hls/dhcp_client/dhcp_client.cpp:358 in dhcp_client, dhcpEnable           |
| interface | ap_none register port=dhcpIpAddressOut                            | /home/yangz0e/Desktop/Vitis_with_100Gbps_TCP-IP_top_k/fpga-network-stack/hls/dhcp_client/dhcp_client.cpp:359 in dhcp_client, dhcpIpAddressOut     |
| interface | ap_none register port=myMacAddress                                | /home/yangz0e/Desktop/Vitis_with_100Gbps_TCP-IP_top_k/fpga-network-stack/hls/dhcp_client/dhcp_client.cpp:360 in dhcp_client, myMacAddress         |
| interface | ap_none register port=inputIpAddress                              | /home/yangz0e/Desktop/Vitis_with_100Gbps_TCP-IP_top_k/fpga-network-stack/hls/dhcp_client/dhcp_client.cpp:361 in dhcp_client, inputIpAddress       |
| stream    | variable=dhcp_replyMetaFifo depth=4                               | /home/yangz0e/Desktop/Vitis_with_100Gbps_TCP-IP_top_k/fpga-network-stack/hls/dhcp_client/dhcp_client.cpp:365 in dhcp_client, dhcp_replyMetaFifo   |
| stream    | variable=dhcp_requestMetaFifo depth=4                             | /home/yangz0e/Desktop/Vitis_with_100Gbps_TCP-IP_top_k/fpga-network-stack/hls/dhcp_client/dhcp_client.cpp:366 in dhcp_client, dhcp_requestMetaFifo |
| aggregate | variable=dhcp_replyMetaFifo compact=bit                           | /home/yangz0e/Desktop/Vitis_with_100Gbps_TCP-IP_top_k/fpga-network-stack/hls/dhcp_client/dhcp_client.cpp:367 in dhcp_client, dhcp_replyMetaFifo   |
| aggregate | variable=dhcp_requestMetaFifo compact=bit                         | /home/yangz0e/Desktop/Vitis_with_100Gbps_TCP-IP_top_k/fpga-network-stack/hls/dhcp_client/dhcp_client.cpp:368 in dhcp_client, dhcp_requestMetaFifo |
+-----------+-------------------------------------------------------------------+---------------------------------------------------------------------------------------------------------------------------------------------------+


