

================================================================
== Vitis HLS Report for 'dhcp_fsm'
================================================================
* Date:           Sat Mar 18 14:32:20 2023

* Version:        2021.2 (Build 3367213 on Tue Oct 19 02:47:39 MDT 2021)
* Project:        dhcp_client_prj
* Solution:       solution1 (Vivado IP Flow Target)
* Product family: virtexuplus
* Target device:  xcu280-fsvh2892-2L-e


================================================================
== Performance Estimates
================================================================
+ Timing: 
    * Summary: 
    +--------+---------+----------+------------+
    |  Clock |  Target | Estimated| Uncertainty|
    +--------+---------+----------+------------+
    |ap_clk  |  3.20 ns|  2.690 ns|     0.86 ns|
    +--------+---------+----------+------------+

+ Latency: 
    * Summary: 
    +---------+---------+----------+----------+-----+-----+---------+
    |  Latency (cycles) |  Latency (absolute) |  Interval | Pipeline|
    |   min   |   max   |    min   |    max   | min | max |   Type  |
    +---------+---------+----------+----------+-----+-----+---------+
    |        1|        1|  3.200 ns|  3.200 ns|    1|    1|      yes|
    +---------+---------+----------+----------+-----+-----+---------+

    + Detail: 
        * Instance: 
        N/A

        * Loop: 
        N/A



================================================================
== Utilization Estimates
================================================================
* Summary: 
+---------------------+---------+------+---------+---------+-----+
|         Name        | BRAM_18K|  DSP |    FF   |   LUT   | URAM|
+---------------------+---------+------+---------+---------+-----+
|DSP                  |        -|     -|        -|        -|    -|
|Expression           |        -|     -|        0|      334|    -|
|FIFO                 |        -|     -|        -|        -|    -|
|Instance             |        -|     -|        -|        -|    -|
|Memory               |        -|     -|        -|        -|    -|
|Multiplexer          |        -|     -|        -|      179|    -|
|Register             |        -|     -|      337|        -|    -|
+---------------------+---------+------+---------+---------+-----+
|Total                |        0|     0|      337|      513|    0|
+---------------------+---------+------+---------+---------+-----+
|Available SLR        |     1344|  3008|   869120|   434560|  320|
+---------------------+---------+------+---------+---------+-----+
|Utilization SLR (%)  |        0|     0|       ~0|       ~0|    0|
+---------------------+---------+------+---------+---------+-----+
|Available            |     4032|  9024|  2607360|  1303680|  960|
+---------------------+---------+------+---------+---------+-----+
|Utilization (%)      |        0|     0|       ~0|       ~0|    0|
+---------------------+---------+------+---------+---------+-----+

+ Detail: 
    * Instance: 
    N/A

    * DSP: 
    N/A

    * Memory: 
    N/A

    * FIFO: 
    N/A

    * Expression: 
    +----------------------------------+----------+----+---+----+------------+------------+
    |           Variable Name          | Operation| DSP| FF| LUT| Bitwidth P0| Bitwidth P1|
    +----------------------------------+----------+----+---+----+------------+------------+
    |add_ln885_fu_382_p2               |         +|   0|  0|  39|          32|           1|
    |grp_fu_206_p2                     |         +|   0|  0|  39|          32|           2|
    |ap_condition_195                  |       and|   0|  0|   2|           1|           1|
    |ap_condition_203                  |       and|   0|  0|   2|           1|           1|
    |ap_condition_212                  |       and|   0|  0|   2|           1|           1|
    |ap_condition_244                  |       and|   0|  0|   2|           1|           1|
    |ap_condition_288                  |       and|   0|  0|   2|           1|           1|
    |ap_condition_293                  |       and|   0|  0|   2|           1|           1|
    |ap_condition_333                  |       and|   0|  0|   2|           1|           1|
    |ap_condition_87                   |       and|   0|  0|   2|           1|           1|
    |ap_predicate_op109_write_state2   |       and|   0|  0|   2|           1|           1|
    |ap_predicate_op113_write_state2   |       and|   0|  0|   2|           1|           1|
    |ap_predicate_op20_read_state1     |       and|   0|  0|   2|           1|           1|
    |ap_predicate_op43_read_state1     |       and|   0|  0|   2|           1|           1|
    |ap_predicate_op73_read_state1     |       and|   0|  0|   2|           1|           1|
    |grp_nbreadreq_fu_118_p3           |       and|   0|  0|   2|           1|           0|
    |tmp_i_nbreadreq_fu_132_p3         |       and|   0|  0|  34|           1|           0|
    |grp_fu_201_p2                     |      icmp|   0|  0|  20|          32|           1|
    |icmp_ln1064_10_fu_311_p2          |      icmp|   0|  0|  11|           8|           2|
    |icmp_ln1064_11_fu_267_p2          |      icmp|   0|  0|  11|           8|           3|
    |icmp_ln1064_6_fu_305_p2           |      icmp|   0|  0|  20|          32|          32|
    |icmp_ln1064_8_fu_261_p2           |      icmp|   0|  0|  20|          32|          32|
    |ap_block_pp0_stage0_01001         |        or|   0|  0|   2|           1|           1|
    |ap_block_state1_pp0_stage0_iter0  |        or|   0|  0|   2|           1|           1|
    |ap_block_state2_pp0_stage0_iter1  |        or|   0|  0|   2|           1|           1|
    |or_ln173_fu_422_p2                |        or|   0|  0|  72|          72|          34|
    |ap_enable_pp0                     |       xor|   0|  0|   2|           1|           2|
    |xor_ln229_fu_351_p2               |       xor|   0|  0|  32|          32|          32|
    +----------------------------------+----------+----+---+----+------------+------------+
    |Total                             |          |   0|  0| 334|         299|         157|
    +----------------------------------+----------+----+---+----+------------+------------+

    * Multiplexer: 
    +-------------------------------------------------+----+-----------+-----+-----------+
    |                       Name                      | LUT| Input Size| Bits| Total Bits|
    +-------------------------------------------------+----+-----------+-----+-----------+
    |ap_done                                          |   9|          2|    1|          2|
    |ap_phi_mux_randomValue_V_loc_2_i_phi_fu_185_p14  |  14|          3|   32|         96|
    |ap_phi_mux_storemerge1_i_phi_fu_174_p4           |  14|          3|    2|          6|
    |ap_phi_mux_storemerge_i_phi_fu_163_p4            |  14|          3|    3|          9|
    |dhcpEnable_blk_n                                 |   9|          2|    1|          2|
    |dhcpIpAddressOut                                 |   9|          2|   32|         64|
    |dhcp_replyMetaFifo_blk_n                         |   9|          2|    1|          2|
    |dhcp_requestMetaFifo_blk_n                       |   9|          2|    1|          2|
    |dhcp_requestMetaFifo_din                         |  14|          3|   72|        216|
    |inputIpAddress_blk_n                             |   9|          2|    1|          2|
    |myIpAddress_V                                    |   9|          2|   32|         64|
    |portOpen_blk_n                                   |   9|          2|    1|          2|
    |state                                            |  37|          7|    3|         21|
    |time_V                                           |  14|          3|   32|         96|
    +-------------------------------------------------+----+-----------+-----+-----------+
    |Total                                            | 179|         38|  214|        584|
    +-------------------------------------------------+----+-----------+-----+-----------+

    * Register: 
    +-----------------------------------+----+----+-----+-----------+
    |                Name               | FF | LUT| Bits| Const Bits|
    +-----------------------------------+----+----+-----+-----------+
    |IpAddressBuffer_V                  |  32|   0|   32|          0|
    |ap_CS_fsm                          |   1|   0|    1|          0|
    |ap_done_reg                        |   1|   0|    1|          0|
    |ap_enable_reg_pp0_iter1            |   1|   0|    1|          0|
    |dhcpEnable_read_reg_457            |   1|   0|    1|          0|
    |dhcpIpAddressOut_preg              |  32|   0|   32|          0|
    |icmp_ln1064_10_reg_507             |   1|   0|    1|          0|
    |icmp_ln1064_11_reg_486             |   1|   0|    1|          0|
    |icmp_ln1064_6_reg_503              |   1|   0|    1|          0|
    |icmp_ln1064_8_reg_482              |   1|   0|    1|          0|
    |icmp_ln1064_reg_511                |   1|   0|    1|          0|
    |inputIpAddress_read_reg_451        |  32|   0|   32|          0|
    |myIdentity_V                       |  32|   0|   32|          0|
    |myIdentity_V_load_reg_470          |  32|   0|   32|          0|
    |myIpAddress_V                      |  32|   0|   32|          0|
    |randomValue_V                      |  32|   0|   32|          0|
    |randomValue_V_load_reg_465         |  32|   0|   32|          0|
    |reply_assignedIpAddress_V_reg_497  |  32|   0|   32|          0|
    |state                              |   3|   0|    3|          0|
    |state_load_reg_461                 |   3|   0|    3|          0|
    |time_V                             |  32|   0|   32|          0|
    |tmp_1_i_reg_475                    |   1|   0|    1|          0|
    |tmp_i_24_reg_490                   |   1|   0|    1|          0|
    +-----------------------------------+----+----+-----+-----------+
    |Total                              | 337|   0|  337|          0|
    +-----------------------------------+----+----+-----+-----------+



================================================================
== Interface
================================================================
* Summary: 
+-----------------------------+-----+-----+------------+----------------------+--------------+
|          RTL Ports          | Dir | Bits|  Protocol  |     Source Object    |    C Type    |
+-----------------------------+-----+-----+------------+----------------------+--------------+
|ap_clk                       |   in|    1|  ap_ctrl_hs|              dhcp_fsm|  return value|
|ap_rst                       |   in|    1|  ap_ctrl_hs|              dhcp_fsm|  return value|
|ap_start                     |   in|    1|  ap_ctrl_hs|              dhcp_fsm|  return value|
|ap_done                      |  out|    1|  ap_ctrl_hs|              dhcp_fsm|  return value|
|ap_continue                  |   in|    1|  ap_ctrl_hs|              dhcp_fsm|  return value|
|ap_idle                      |  out|    1|  ap_ctrl_hs|              dhcp_fsm|  return value|
|ap_ready                     |  out|    1|  ap_ctrl_hs|              dhcp_fsm|  return value|
|inputIpAddress_dout          |   in|   32|     ap_fifo|        inputIpAddress|       pointer|
|inputIpAddress_empty_n       |   in|    1|     ap_fifo|        inputIpAddress|       pointer|
|inputIpAddress_read          |  out|    1|     ap_fifo|        inputIpAddress|       pointer|
|dhcpEnable_dout              |   in|    1|     ap_fifo|            dhcpEnable|       pointer|
|dhcpEnable_empty_n           |   in|    1|     ap_fifo|            dhcpEnable|       pointer|
|dhcpEnable_read              |  out|    1|     ap_fifo|            dhcpEnable|       pointer|
|dhcp_replyMetaFifo_dout      |   in|  104|     ap_fifo|    dhcp_replyMetaFifo|       pointer|
|dhcp_replyMetaFifo_empty_n   |   in|    1|     ap_fifo|    dhcp_replyMetaFifo|       pointer|
|dhcp_replyMetaFifo_read      |  out|    1|     ap_fifo|    dhcp_replyMetaFifo|       pointer|
|portOpen_dout                |   in|    1|     ap_fifo|              portOpen|       pointer|
|portOpen_empty_n             |   in|    1|     ap_fifo|              portOpen|       pointer|
|portOpen_read                |  out|    1|     ap_fifo|              portOpen|       pointer|
|dhcp_requestMetaFifo_din     |  out|   72|     ap_fifo|  dhcp_requestMetaFifo|       pointer|
|dhcp_requestMetaFifo_full_n  |   in|    1|     ap_fifo|  dhcp_requestMetaFifo|       pointer|
|dhcp_requestMetaFifo_write   |  out|    1|     ap_fifo|  dhcp_requestMetaFifo|       pointer|
|dhcpIpAddressOut             |  out|   32|      ap_vld|      dhcpIpAddressOut|       pointer|
|dhcpIpAddressOut_ap_vld      |  out|    1|      ap_vld|      dhcpIpAddressOut|       pointer|
+-----------------------------+-----+-----+------------+----------------------+--------------+

