

================================================================
== Vitis HLS Report for 'openStatus_handler'
================================================================
* Date:           Sat Mar 18 14:31:10 2023

* Version:        2021.2 (Build 3367213 on Tue Oct 19 02:47:39 MDT 2021)
* Project:        iperf_client_prj
* Solution:       solution1 (Vivado IP Flow Target)
* Product family: virtexuplus
* Target device:  xcu280-fsvh2892-2L-e


================================================================
== Performance Estimates
================================================================
+ Timing: 
    * Summary: 
    +--------+---------+----------+------------+
    |  Clock |  Target | Estimated| Uncertainty|
    +--------+---------+----------+------------+
    |ap_clk  |  3.20 ns|  1.168 ns|     0.86 ns|
    +--------+---------+----------+------------+

+ Latency: 
    * Summary: 
    +---------+---------+----------+----------+-----+-----+---------+
    |  Latency (cycles) |  Latency (absolute) |  Interval | Pipeline|
    |   min   |   max   |    min   |    max   | min | max |   Type  |
    +---------+---------+----------+----------+-----+-----+---------+
    |        1|        1|  3.200 ns|  3.200 ns|    1|    1|      yes|
    +---------+---------+----------+----------+-----+-----+---------+

    + Detail: 
        * Instance: 
        N/A

        * Loop: 
        N/A



================================================================
== Utilization Estimates
================================================================
* Summary: 
+---------------------+---------+------+---------+---------+-----+
|         Name        | BRAM_18K|  DSP |    FF   |   LUT   | URAM|
+---------------------+---------+------+---------+---------+-----+
|DSP                  |        -|     -|        -|        -|    -|
|Expression           |        -|     -|        0|       10|    -|
|FIFO                 |        -|     -|        -|        -|    -|
|Instance             |        -|     -|        -|        -|    -|
|Memory               |        -|     -|        -|        -|    -|
|Multiplexer          |        -|     -|        -|       27|    -|
|Register             |        -|     -|       76|        -|    -|
+---------------------+---------+------+---------+---------+-----+
|Total                |        0|     0|       76|       37|    0|
+---------------------+---------+------+---------+---------+-----+
|Available SLR        |     1344|  3008|   869120|   434560|  320|
+---------------------+---------+------+---------+---------+-----+
|Utilization SLR (%)  |        0|     0|       ~0|       ~0|    0|
+---------------------+---------+------+---------+---------+-----+
|Available            |     4032|  9024|  2607360|  1303680|  960|
+---------------------+---------+------+---------+---------+-----+
|Utilization (%)      |        0|     0|       ~0|       ~0|    0|
+---------------------+---------+------+---------+---------+-----+

+ Detail: 
    * Instance: 
    N/A

    * DSP: 
    N/A

    * Memory: 
    N/A

    * FIFO: 
    N/A

    * Expression: 
    +----------------------------------+----------+----+---+----+------------+------------+
    |           Variable Name          | Operation| DSP| FF| LUT| Bitwidth P0| Bitwidth P1|
    +----------------------------------+----------+----+---+----+------------+------------+
    |ap_block_state2_pp0_stage0_iter1  |       and|   0|  0|   2|           1|           1|
    |tmp_i_nbreadreq_fu_36_p3          |       and|   0|  0|   2|           1|           0|
    |ap_block_pp0_stage0_01001         |        or|   0|  0|   2|           1|           1|
    |ap_block_state1_pp0_stage0_iter0  |        or|   0|  0|   2|           1|           1|
    |ap_enable_pp0                     |       xor|   0|  0|   2|           1|           2|
    +----------------------------------+----------+----+---+----+------------+------------+
    |Total                             |          |   0|  0|  10|           5|           5|
    +----------------------------------+----------+----+---+----+------------+------------+

    * Multiplexer: 
    +--------------------------------+----+-----------+-----+-----------+
    |              Name              | LUT| Input Size| Bits| Total Bits|
    +--------------------------------+----+-----------+-----+-----------+
    |ap_done                         |   9|          2|    1|          2|
    |openConStatusBuffer_blk_n       |   9|          2|    1|          2|
    |s_axis_open_status_TDATA_blk_n  |   9|          2|    1|          2|
    +--------------------------------+----+-----------+-----+-----------+
    |Total                           |  27|          6|    3|          6|
    +--------------------------------+----+-----------+-----+-----------+

    * Register: 
    +-------------------------+----+----+-----+-----------+
    |           Name          | FF | LUT| Bits| Const Bits|
    +-------------------------+----+----+-----+-----------+
    |ap_CS_fsm                |   1|   0|    1|          0|
    |ap_done_reg              |   1|   0|    1|          0|
    |ap_enable_reg_pp0_iter1  |   1|   0|    1|          0|
    |empty_reg_93             |  24|   0|   24|          0|
    |tmp_1_reg_88             |  48|   0|   48|          0|
    |tmp_i_reg_84             |   1|   0|    1|          0|
    +-------------------------+----+----+-----+-----------+
    |Total                    |  76|   0|   76|          0|
    +-------------------------+----+----+-----+-----------+



================================================================
== Interface
================================================================
* Summary: 
+----------------------------+-----+-----+------------+---------------------+--------------+
|          RTL Ports         | Dir | Bits|  Protocol  |    Source Object    |    C Type    |
+----------------------------+-----+-----+------------+---------------------+--------------+
|ap_clk                      |   in|    1|  ap_ctrl_hs|   openStatus_handler|  return value|
|ap_rst                      |   in|    1|  ap_ctrl_hs|   openStatus_handler|  return value|
|ap_start                    |   in|    1|  ap_ctrl_hs|   openStatus_handler|  return value|
|ap_done                     |  out|    1|  ap_ctrl_hs|   openStatus_handler|  return value|
|ap_continue                 |   in|    1|  ap_ctrl_hs|   openStatus_handler|  return value|
|ap_idle                     |  out|    1|  ap_ctrl_hs|   openStatus_handler|  return value|
|ap_ready                    |  out|    1|  ap_ctrl_hs|   openStatus_handler|  return value|
|s_axis_open_status_TVALID   |   in|    1|        axis|   s_axis_open_status|       pointer|
|s_axis_open_status_TDATA    |   in|   72|        axis|   s_axis_open_status|       pointer|
|s_axis_open_status_TREADY   |  out|    1|        axis|   s_axis_open_status|       pointer|
|openConStatusBuffer_din     |  out|   96|     ap_fifo|  openConStatusBuffer|       pointer|
|openConStatusBuffer_full_n  |   in|    1|     ap_fifo|  openConStatusBuffer|       pointer|
|openConStatusBuffer_write   |  out|    1|     ap_fifo|  openConStatusBuffer|       pointer|
+----------------------------+-----+-----+------------+---------------------+--------------+

============================================================
+ Verbose Summary: Synthesis Manager
============================================================
InlineROM: 1
ExposeGlobal: 0
============================================================
+ Verbose Summary: CDFG Model
============================================================
IsTopModel: 0
ResetActiveHigh: 1
IsCombinational: 2
IsDatapathOnly: 0
HasWiredReturn: 1
HasMFsm: 2
HasVarLatency: 0
IsPipeline: 1
IsRtlPipelined: 1
IsInstanceOverlapped: 0
IsDontTouch: 0
HasImplIP: 0
IsGatedGlobalClock: 0

+ Individual pipeline summary: 
  * Pipeline-0: initiation interval (II) = 1, depth = 2


============================================================
+ Verbose Summary: Schedule
============================================================
* Number of FSM states : 2
* Pipeline : 1
  Pipeline-0 : II = 1, D = 2, States = { 1 2 }
* Dataflow Pipeline: 0

* FSM state transitions: 
1 --> 2 
2 --> 

* FSM state operations: 

State 1 <SV = 0> <Delay = 0.00>
ST_1 : Operation 3 [1/1] (0.00ns)   --->   "%specinterface_ln0 = specinterface void @_ssdm_op_SpecInterface, i96 %openConStatusBuffer, void @empty_3, i32 0, i32 0, void @empty_1, i32 0, i32 0, void @empty_1, void @empty_1, void @empty_1, i32 0, i32 0, i32 0, i32 0, void @empty_1, void @empty_1"   --->   Operation 3 'specinterface' 'specinterface_ln0' <Predicate = true> <Delay = 0.00>
ST_1 : Operation 4 [1/1] (0.00ns)   --->   "%specinterface_ln0 = specinterface void @_ssdm_op_SpecInterface, i96 %openConStatusBuffer, void @empty_3, i32 0, i32 0, void @empty_1, i32 0, i32 0, void @empty_1, void @empty_1, void @empty_1, i32 0, i32 0, i32 0, i32 0, void @empty_1, void @empty_1"   --->   Operation 4 'specinterface' 'specinterface_ln0' <Predicate = true> <Delay = 0.00>
ST_1 : Operation 5 [1/1] (0.00ns)   --->   "%specinterface_ln0 = specinterface void @_ssdm_op_SpecInterface, i96 %openConStatusBuffer, void @empty_3, i32 0, i32 0, void @empty_1, i32 0, i32 0, void @empty_1, void @empty_1, void @empty_1, i32 0, i32 0, i32 0, i32 0, void @empty_1, void @empty_1"   --->   Operation 5 'specinterface' 'specinterface_ln0' <Predicate = true> <Delay = 0.00>
ST_1 : Operation 6 [1/1] (0.00ns)   --->   "%specinterface_ln0 = specinterface void @_ssdm_op_SpecInterface, i96 %openConStatusBuffer, void @empty_3, i32 0, i32 0, void @empty_1, i32 0, i32 0, void @empty_1, void @empty_1, void @empty_1, i32 0, i32 0, i32 0, i32 0, void @empty_1, void @empty_1"   --->   Operation 6 'specinterface' 'specinterface_ln0' <Predicate = true> <Delay = 0.00>
ST_1 : Operation 7 [1/1] (0.00ns)   --->   "%specinterface_ln0 = specinterface void @_ssdm_op_SpecInterface, i72 %s_axis_open_status, void @empty, i32 1, i32 1, void @empty_0, i32 0, i32 0, void @empty_1, void @empty_1, void @empty_1, i32 0, i32 0, i32 0, i32 0, void @empty_1, void @empty_1"   --->   Operation 7 'specinterface' 'specinterface_ln0' <Predicate = true> <Delay = 0.00>
ST_1 : Operation 8 [1/1] (0.00ns)   --->   "%specpipeline_ln49 = specpipeline void @_ssdm_op_SpecPipeline, i32 1, i32 0, i32 0, i32 0, void @empty_1" [/home/yangz0e/Desktop/Vitis_with_100Gbps_TCP-IP_top_k/kernel/user_krnl/iperf_krnl/src/hls/iperf_client.cpp:49]   --->   Operation 8 'specpipeline' 'specpipeline_ln49' <Predicate = true> <Delay = 0.00>
ST_1 : Operation 9 [1/1] (0.00ns)   --->   "%tmp_i = nbreadreq i1 @_ssdm_op_NbReadReq.axis.i72P128A, i72 %s_axis_open_status, i32 1" [/tools/Xilinx/Vitis_HLS/2021.2/common/technology/autopilot/hls_stream_39.h:135]   --->   Operation 9 'nbreadreq' 'tmp_i' <Predicate = true> <Delay = 0.00> <CoreInst = "axis">   --->   Core 123 'axis' <Latency = 0> <II = 1> <Delay = 1.00> <Adapter> <Opcode : >
ST_1 : Operation 10 [1/1] (0.00ns)   --->   "%br_ln54 = br i1 %tmp_i, void %openStatus_handler.exit, void" [/home/yangz0e/Desktop/Vitis_with_100Gbps_TCP-IP_top_k/kernel/user_krnl/iperf_krnl/src/hls/iperf_client.cpp:54]   --->   Operation 10 'br' 'br_ln54' <Predicate = true> <Delay = 0.00>
ST_1 : Operation 11 [1/1] (0.00ns)   --->   "%s_axis_open_status_read = read i72 @_ssdm_op_Read.axis.volatile.i72P128A, i72 %s_axis_open_status" [/tools/Xilinx/Vitis_HLS/2021.2/common/technology/autopilot/hls_stream_39.h:144]   --->   Operation 11 'read' 's_axis_open_status_read' <Predicate = (tmp_i)> <Delay = 0.00> <CoreInst = "axis">   --->   Core 123 'axis' <Latency = 0> <II = 1> <Delay = 1.00> <Adapter> <Opcode : >
ST_1 : Operation 12 [1/1] (0.00ns)   --->   "%tmp_1 = partselect i48 @_ssdm_op_PartSelect.i48.i72.i32.i32, i72 %s_axis_open_status_read, i32 24, i32 71" [/tools/Xilinx/Vitis_HLS/2021.2/common/technology/autopilot/hls_stream_39.h:144]   --->   Operation 12 'partselect' 'tmp_1' <Predicate = (tmp_i)> <Delay = 0.00>
ST_1 : Operation 13 [1/1] (0.00ns)   --->   "%empty = trunc i72 %s_axis_open_status_read" [/tools/Xilinx/Vitis_HLS/2021.2/common/technology/autopilot/hls_stream_39.h:144]   --->   Operation 13 'trunc' 'empty' <Predicate = (tmp_i)> <Delay = 0.00>

State 2 <SV = 1> <Delay = 1.16>
ST_2 : Operation 14 [1/1] (0.00ns)   --->   "%tmp = bitconcatenate i80 @_ssdm_op_BitConcatenate.i80.i48.i8.i24, i48 %tmp_1, i8 0, i24 %empty" [/tools/Xilinx/Vitis_HLS/2021.2/common/technology/autopilot/hls_stream_39.h:144]   --->   Operation 14 'bitconcatenate' 'tmp' <Predicate = (tmp_i)> <Delay = 0.00>
ST_2 : Operation 15 [1/1] (0.00ns)   --->   "%p_0 = zext i80 %tmp" [/tools/Xilinx/Vitis_HLS/2021.2/common/technology/autopilot/hls_stream_39.h:144]   --->   Operation 15 'zext' 'p_0' <Predicate = (tmp_i)> <Delay = 0.00>
ST_2 : Operation 16 [1/1] (1.16ns)   --->   "%write_ln173 = write void @_ssdm_op_Write.ap_fifo.volatile.i96P0A, i96 %openConStatusBuffer, i96 %p_0" [/tools/Xilinx/Vitis_HLS/2021.2/common/technology/autopilot/hls_stream_39.h:173]   --->   Operation 16 'write' 'write_ln173' <Predicate = (tmp_i)> <Delay = 1.16> <CoreInst = "FIFO">   --->   Core 78 'FIFO' <Latency = 0> <II = 1> <Delay = 1.22> <Storage> <Opcode : 'read' 'write' 'nbread' 'nbwrite'> <Ports = 0> <Width = 96> <Depth = 512> <FIFO>
ST_2 : Operation 17 [1/1] (0.00ns)   --->   "%br_ln58 = br void %openStatus_handler.exit" [/home/yangz0e/Desktop/Vitis_with_100Gbps_TCP-IP_top_k/kernel/user_krnl/iperf_krnl/src/hls/iperf_client.cpp:58]   --->   Operation 17 'br' 'br_ln58' <Predicate = (tmp_i)> <Delay = 0.00>
ST_2 : Operation 18 [1/1] (0.00ns)   --->   "%ret_ln0 = ret"   --->   Operation 18 'ret' 'ret_ln0' <Predicate = true> <Delay = 0.00>


============================================================
+ Verbose Summary: Binding
============================================================
STG Binding: 
---------------- STG Properties BEGIN ----------------
- Is combinational: 0
- Is one-state seq: 0
- Is datapath-only: 0
- Is pipelined: 1
- Is top level: 0
Port [ Return ] is wired: 1; IO mode=ap_ctrl_hs:ce=0
Port [ s_axis_open_status]:  wired=1; compound=1; hidden=0; nouse=0; global=0; static=0; extern=0; dir=0; type=0; pingpong=0; private_global=0; IO mode=axis:ce=0
Port [ openConStatusBuffer]:  wired=1; compound=1; hidden=0; nouse=0; global=1; static=1; extern=0; dir=1; type=3; pingpong=0; private_global=0; IO mode=ap_fifo:ce=0
---------------- STG Properties END ------------------

---------------- Datapath Model BEGIN ----------------

<LifeTime>
<method=bitvector/>
specinterface_ln0       (specinterface ) [ 000]
specinterface_ln0       (specinterface ) [ 000]
specinterface_ln0       (specinterface ) [ 000]
specinterface_ln0       (specinterface ) [ 000]
specinterface_ln0       (specinterface ) [ 000]
specpipeline_ln49       (specpipeline  ) [ 000]
tmp_i                   (nbreadreq     ) [ 011]
br_ln54                 (br            ) [ 000]
s_axis_open_status_read (read          ) [ 000]
tmp_1                   (partselect    ) [ 011]
empty                   (trunc         ) [ 011]
tmp                     (bitconcatenate) [ 000]
p_0                     (zext          ) [ 000]
write_ln173             (write         ) [ 000]
br_ln58                 (br            ) [ 000]
ret_ln0                 (ret           ) [ 000]
</LifeTime>

<model>

<comp_list>
<comp id="0" class="1000" name="s_axis_open_status">
<pin_list>
<pin id="1" dir="1" index="0" bw="1" slack="0"/>
</pin_list>
<bind>
<StgValue><ssdm name="s_axis_open_status"/></StgValue>
</bind>
</comp>

<comp id="2" class="1000" name="openConStatusBuffer">
<pin_list>
<pin id="3" dir="1" index="0" bw="1" slack="0"/>
</pin_list>
<bind>
<StgValue><ssdm name="openConStatusBuffer"/></StgValue>
</bind>
</comp>

<comp id="4" class="1001" name="const_4">
<pin_list>
<pin id="5" dir="1" index="0" bw="1" slack="2147483647"/>
</pin_list>
<bind>
<StgValue><ssdm name="_ssdm_op_SpecInterface"/></StgValue>
</bind>
</comp>

<comp id="6" class="1001" name="const_6">
<pin_list>
<pin id="7" dir="1" index="0" bw="1" slack="2147483647"/>
</pin_list>
<bind>
<StgValue><ssdm name="empty_3"/></StgValue>
</bind>
</comp>

<comp id="8" class="1001" name="const_8">
<pin_list>
<pin id="9" dir="1" index="0" bw="1" slack="2147483647"/>
</pin_list>
<bind>
<StgValue><ssdm name=""/></StgValue>
</bind>
</comp>

<comp id="10" class="1001" name="const_10">
<pin_list>
<pin id="11" dir="1" index="0" bw="1" slack="2147483647"/>
</pin_list>
<bind>
<StgValue><ssdm name="empty_1"/></StgValue>
</bind>
</comp>

<comp id="12" class="1001" name="const_12">
<pin_list>
<pin id="13" dir="1" index="0" bw="1" slack="2147483647"/>
</pin_list>
<bind>
<StgValue><ssdm name="empty"/></StgValue>
</bind>
</comp>

<comp id="14" class="1001" name="const_14">
<pin_list>
<pin id="15" dir="1" index="0" bw="1" slack="0"/>
</pin_list>
<bind>
<StgValue><ssdm name=""/></StgValue>
</bind>
</comp>

<comp id="16" class="1001" name="const_16">
<pin_list>
<pin id="17" dir="1" index="0" bw="1" slack="2147483647"/>
</pin_list>
<bind>
<StgValue><ssdm name="empty_0"/></StgValue>
</bind>
</comp>

<comp id="18" class="1001" name="const_18">
<pin_list>
<pin id="19" dir="1" index="0" bw="1" slack="2147483647"/>
</pin_list>
<bind>
<StgValue><ssdm name="_ssdm_op_SpecPipeline"/></StgValue>
</bind>
</comp>

<comp id="20" class="1001" name="const_20">
<pin_list>
<pin id="21" dir="1" index="0" bw="1" slack="0"/>
</pin_list>
<bind>
<StgValue><ssdm name="_ssdm_op_NbReadReq.axis.i72P128A"/></StgValue>
</bind>
</comp>

<comp id="22" class="1001" name="const_22">
<pin_list>
<pin id="23" dir="1" index="0" bw="1" slack="0"/>
</pin_list>
<bind>
<StgValue><ssdm name="_ssdm_op_Read.axis.volatile.i72P128A"/></StgValue>
</bind>
</comp>

<comp id="24" class="1001" name="const_24">
<pin_list>
<pin id="25" dir="1" index="0" bw="1" slack="0"/>
</pin_list>
<bind>
<StgValue><ssdm name="_ssdm_op_PartSelect.i48.i72.i32.i32"/></StgValue>
</bind>
</comp>

<comp id="26" class="1001" name="const_26">
<pin_list>
<pin id="27" dir="1" index="0" bw="1" slack="0"/>
</pin_list>
<bind>
<StgValue><ssdm name=""/></StgValue>
</bind>
</comp>

<comp id="28" class="1001" name="const_28">
<pin_list>
<pin id="29" dir="1" index="0" bw="1" slack="0"/>
</pin_list>
<bind>
<StgValue><ssdm name=""/></StgValue>
</bind>
</comp>

<comp id="30" class="1001" name="const_30">
<pin_list>
<pin id="31" dir="1" index="0" bw="1" slack="0"/>
</pin_list>
<bind>
<StgValue><ssdm name="_ssdm_op_BitConcatenate.i80.i48.i8.i24"/></StgValue>
</bind>
</comp>

<comp id="32" class="1001" name="const_32">
<pin_list>
<pin id="33" dir="1" index="0" bw="1" slack="0"/>
</pin_list>
<bind>
<StgValue><ssdm name=""/></StgValue>
</bind>
</comp>

<comp id="34" class="1001" name="const_34">
<pin_list>
<pin id="35" dir="1" index="0" bw="1" slack="0"/>
</pin_list>
<bind>
<StgValue><ssdm name="_ssdm_op_Write.ap_fifo.volatile.i96P0A"/></StgValue>
</bind>
</comp>

<comp id="36" class="1004" name="tmp_i_nbreadreq_fu_36">
<pin_list>
<pin id="37" dir="0" index="0" bw="1" slack="0"/>
<pin id="38" dir="0" index="1" bw="72" slack="0"/>
<pin id="39" dir="0" index="2" bw="1" slack="0"/>
<pin id="40" dir="1" index="3" bw="1" slack="1"/>
</pin_list>
<bind>
<opcode="nbreadreq(1156) " fcode="nbreadreq"/>
<opset="tmp_i/1 "/>
</bind>
</comp>

<comp id="44" class="1004" name="s_axis_open_status_read_read_fu_44">
<pin_list>
<pin id="45" dir="0" index="0" bw="72" slack="0"/>
<pin id="46" dir="0" index="1" bw="72" slack="0"/>
<pin id="47" dir="1" index="2" bw="72" slack="0"/>
</pin_list>
<bind>
<opcode="read(1150) " fcode="read"/>
<opset="s_axis_open_status_read/1 "/>
</bind>
</comp>

<comp id="50" class="1004" name="write_ln173_write_fu_50">
<pin_list>
<pin id="51" dir="0" index="0" bw="0" slack="0"/>
<pin id="52" dir="0" index="1" bw="96" slack="0"/>
<pin id="53" dir="0" index="2" bw="80" slack="0"/>
<pin id="54" dir="1" index="3" bw="0" slack="2147483647"/>
</pin_list>
<bind>
<opcode="write(1151) " fcode="write"/>
<opset="write_ln173/2 "/>
</bind>
</comp>

<comp id="57" class="1004" name="tmp_1_fu_57">
<pin_list>
<pin id="58" dir="0" index="0" bw="48" slack="0"/>
<pin id="59" dir="0" index="1" bw="72" slack="0"/>
<pin id="60" dir="0" index="2" bw="6" slack="0"/>
<pin id="61" dir="0" index="3" bw="8" slack="0"/>
<pin id="62" dir="1" index="4" bw="48" slack="1"/>
</pin_list>
<bind>
<opcode="partselect(1002) " fcode="partselect"/>
<opset="tmp_1/1 "/>
</bind>
</comp>

<comp id="67" class="1004" name="empty_fu_67">
<pin_list>
<pin id="68" dir="0" index="0" bw="72" slack="0"/>
<pin id="69" dir="1" index="1" bw="24" slack="1"/>
</pin_list>
<bind>
<opcode="trunc(33) " fcode="trunc"/>
<opset="empty/1 "/>
</bind>
</comp>

<comp id="71" class="1004" name="tmp_fu_71">
<pin_list>
<pin id="72" dir="0" index="0" bw="80" slack="0"/>
<pin id="73" dir="0" index="1" bw="48" slack="1"/>
<pin id="74" dir="0" index="2" bw="1" slack="0"/>
<pin id="75" dir="0" index="3" bw="24" slack="1"/>
<pin id="76" dir="1" index="4" bw="80" slack="0"/>
</pin_list>
<bind>
<opcode="bitconcatenate(1004) " fcode="bitconcatenate"/>
<opset="tmp/2 "/>
</bind>
</comp>

<comp id="79" class="1004" name="p_0_fu_79">
<pin_list>
<pin id="80" dir="0" index="0" bw="80" slack="0"/>
<pin id="81" dir="1" index="1" bw="96" slack="0"/>
</pin_list>
<bind>
<opcode="zext(34) " fcode="zext"/>
<opset="p_0/2 "/>
</bind>
</comp>

<comp id="84" class="1005" name="tmp_i_reg_84">
<pin_list>
<pin id="85" dir="0" index="0" bw="1" slack="1"/>
<pin id="86" dir="1" index="1" bw="1" slack="2147483647"/>
</pin_list>
<bind>
<opset="tmp_i "/>
</bind>
</comp>

<comp id="88" class="1005" name="tmp_1_reg_88">
<pin_list>
<pin id="89" dir="0" index="0" bw="48" slack="1"/>
<pin id="90" dir="1" index="1" bw="48" slack="1"/>
</pin_list>
<bind>
<opset="tmp_1 "/>
</bind>
</comp>

<comp id="93" class="1005" name="empty_reg_93">
<pin_list>
<pin id="94" dir="0" index="0" bw="24" slack="1"/>
<pin id="95" dir="1" index="1" bw="24" slack="1"/>
</pin_list>
<bind>
<opset="empty "/>
</bind>
</comp>

</comp_list>

<net_list>
<net id="41"><net_src comp="20" pin="0"/><net_sink comp="36" pin=0"/></net>

<net id="42"><net_src comp="0" pin="0"/><net_sink comp="36" pin=1"/></net>

<net id="43"><net_src comp="14" pin="0"/><net_sink comp="36" pin=2"/></net>

<net id="48"><net_src comp="22" pin="0"/><net_sink comp="44" pin=0"/></net>

<net id="49"><net_src comp="0" pin="0"/><net_sink comp="44" pin=1"/></net>

<net id="55"><net_src comp="34" pin="0"/><net_sink comp="50" pin=0"/></net>

<net id="56"><net_src comp="2" pin="0"/><net_sink comp="50" pin=1"/></net>

<net id="63"><net_src comp="24" pin="0"/><net_sink comp="57" pin=0"/></net>

<net id="64"><net_src comp="44" pin="2"/><net_sink comp="57" pin=1"/></net>

<net id="65"><net_src comp="26" pin="0"/><net_sink comp="57" pin=2"/></net>

<net id="66"><net_src comp="28" pin="0"/><net_sink comp="57" pin=3"/></net>

<net id="70"><net_src comp="44" pin="2"/><net_sink comp="67" pin=0"/></net>

<net id="77"><net_src comp="30" pin="0"/><net_sink comp="71" pin=0"/></net>

<net id="78"><net_src comp="32" pin="0"/><net_sink comp="71" pin=2"/></net>

<net id="82"><net_src comp="71" pin="4"/><net_sink comp="79" pin=0"/></net>

<net id="83"><net_src comp="79" pin="1"/><net_sink comp="50" pin=2"/></net>

<net id="87"><net_src comp="36" pin="3"/><net_sink comp="84" pin=0"/></net>

<net id="91"><net_src comp="57" pin="4"/><net_sink comp="88" pin=0"/></net>

<net id="92"><net_src comp="88" pin="1"/><net_sink comp="71" pin=1"/></net>

<net id="96"><net_src comp="67" pin="1"/><net_sink comp="93" pin=0"/></net>

<net id="97"><net_src comp="93" pin="1"/><net_sink comp="71" pin=3"/></net>

</net_list>

</model> 
---------------- Datapath Model END ------------------

* FSMD analyzer results:
  - Output states:
	Port: s_axis_open_status | {}
	Port: openConStatusBuffer | {2 }
 - Input state : 
	Port: openStatus_handler : s_axis_open_status | {1 }
	Port: openStatus_handler : openConStatusBuffer | {}
  - Chain level:
	State 1
	State 2
		p_0 : 1
		write_ln173 : 2


============================================================
+ Verbose Summary: Datapath Resource usage 
============================================================

* Functional unit list:
|----------|------------------------------------|
| Operation|           Functional Unit          |
|----------|------------------------------------|
| nbreadreq|        tmp_i_nbreadreq_fu_36       |
|----------|------------------------------------|
|   read   | s_axis_open_status_read_read_fu_44 |
|----------|------------------------------------|
|   write  |       write_ln173_write_fu_50      |
|----------|------------------------------------|
|partselect|             tmp_1_fu_57            |
|----------|------------------------------------|
|   trunc  |             empty_fu_67            |
|----------|------------------------------------|
|bitconcatenate|              tmp_fu_71             |
|----------|------------------------------------|
|   zext   |              p_0_fu_79             |
|----------|------------------------------------|
|   Total  |                                    |
|----------|------------------------------------|

Memories:
N/A

* Register list:
+------------+--------+
|            |   FF   |
+------------+--------+
|empty_reg_93|   24   |
|tmp_1_reg_88|   48   |
|tmp_i_reg_84|    1   |
+------------+--------+
|    Total   |   73   |
+------------+--------+

* Multiplexer (MUX) list: 
|--------|------|------|------|--------|
|  Comp  |  Pin | Size |  BW  | S x BW |
|--------|------|------|------|--------|
|  Total |      |      |      |    0   |
|--------|------|------|------|--------|



* Summary:
+-----------+--------+
|           |   FF   |
+-----------+--------+
|  Function |    -   |
|   Memory  |    -   |
|Multiplexer|    -   |
|  Register |   73   |
+-----------+--------+
|   Total   |   73   |
+-----------+--------+
