

================================================================
== Vitis HLS Report for 'udp_rshiftWordByOctet_net_axis_512_512_2_s'
================================================================
* Date:           Sat Mar 18 14:40:35 2023

* Version:        2021.2 (Build 3367213 on Tue Oct 19 02:47:39 MDT 2021)
* Project:        udp_prj
* Solution:       solution1 (Vivado IP Flow Target)
* Product family: virtexuplus
* Target device:  xcu280-fsvh2892-2L-e


================================================================
== Performance Estimates
================================================================
+ Timing: 
    * Summary: 
    +--------+---------+----------+------------+
    |  Clock |  Target | Estimated| Uncertainty|
    +--------+---------+----------+------------+
    |ap_clk  |  3.20 ns|  2.686 ns|     0.86 ns|
    +--------+---------+----------+------------+

+ Latency: 
    * Summary: 
    +---------+---------+----------+----------+-----+-----+---------+
    |  Latency (cycles) |  Latency (absolute) |  Interval | Pipeline|
    |   min   |   max   |    min   |    max   | min | max |   Type  |
    +---------+---------+----------+----------+-----+-----+---------+
    |        1|        1|  3.200 ns|  3.200 ns|    1|    1|      yes|
    +---------+---------+----------+----------+-----+-----+---------+

    + Detail: 
        * Instance: 
        N/A

        * Loop: 
        N/A

============================================================
+ Verbose Summary: Synthesis Manager
============================================================
InlineROM: 1
ExposeGlobal: 0
============================================================
+ Verbose Summary: CDFG Model
============================================================
IsTopModel: 0
ResetActiveHigh: 1
IsCombinational: 2
IsDatapathOnly: 0
HasWiredReturn: 1
HasMFsm: 2
HasVarLatency: 0
IsPipeline: 1
IsRtlPipelined: 1
IsInstanceOverlapped: 0
IsDontTouch: 0
HasImplIP: 0
IsGatedGlobalClock: 0

+ Individual pipeline summary: 
  * Pipeline-0: initiation interval (II) = 1, depth = 2


============================================================
+ Verbose Summary: Schedule
============================================================
* Number of FSM states : 2
* Pipeline : 1
  Pipeline-0 : II = 1, D = 2, States = { 1 2 }
* Dataflow Pipeline: 0

* FSM state transitions: 
1 --> 2 
2 --> 

* FSM state operations: 

State 1 <SV = 0> <Delay = 2.68>
ST_1 : Operation 3 [1/1] (0.00ns)   --->   "%specinterface_ln0 = specinterface void @_ssdm_op_SpecInterface, i1024 %m_axis_rx_data_internal, void @empty_3, i32 0, i32 0, void @empty_1, i32 0, i32 0, void @empty_1, void @empty_1, void @empty_1, i32 0, i32 0, i32 0, i32 0, void @empty_1, void @empty_1"   --->   Operation 3 'specinterface' 'specinterface_ln0' <Predicate = true> <Delay = 0.00>
ST_1 : Operation 4 [1/1] (0.00ns)   --->   "%specinterface_ln0 = specinterface void @_ssdm_op_SpecInterface, i1024 %m_axis_rx_data_internal, void @empty_3, i32 0, i32 0, void @empty_1, i32 0, i32 0, void @empty_1, void @empty_1, void @empty_1, i32 0, i32 0, i32 0, i32 0, void @empty_1, void @empty_1"   --->   Operation 4 'specinterface' 'specinterface_ln0' <Predicate = true> <Delay = 0.00>
ST_1 : Operation 5 [1/1] (0.00ns)   --->   "%specinterface_ln0 = specinterface void @_ssdm_op_SpecInterface, i1024 %m_axis_rx_data_internal, void @empty_3, i32 0, i32 0, void @empty_1, i32 0, i32 0, void @empty_1, void @empty_1, void @empty_1, i32 0, i32 0, i32 0, i32 0, void @empty_1, void @empty_1"   --->   Operation 5 'specinterface' 'specinterface_ln0' <Predicate = true> <Delay = 0.00>
ST_1 : Operation 6 [1/1] (0.00ns)   --->   "%specinterface_ln0 = specinterface void @_ssdm_op_SpecInterface, i1024 %rx_udp2shiftFifo, void @empty_3, i32 0, i32 0, void @empty_1, i32 0, i32 0, void @empty_1, void @empty_1, void @empty_1, i32 0, i32 0, i32 0, i32 0, void @empty_1, void @empty_1"   --->   Operation 6 'specinterface' 'specinterface_ln0' <Predicate = true> <Delay = 0.00>
ST_1 : Operation 7 [1/1] (0.00ns)   --->   "%specinterface_ln0 = specinterface void @_ssdm_op_SpecInterface, i1024 %rx_udp2shiftFifo, void @empty_3, i32 0, i32 0, void @empty_1, i32 0, i32 0, void @empty_1, void @empty_1, void @empty_1, i32 0, i32 0, i32 0, i32 0, void @empty_1, void @empty_1"   --->   Operation 7 'specinterface' 'specinterface_ln0' <Predicate = true> <Delay = 0.00>
ST_1 : Operation 8 [1/1] (0.00ns)   --->   "%specinterface_ln0 = specinterface void @_ssdm_op_SpecInterface, i1024 %rx_udp2shiftFifo, void @empty_3, i32 0, i32 0, void @empty_1, i32 0, i32 0, void @empty_1, void @empty_1, void @empty_1, i32 0, i32 0, i32 0, i32 0, void @empty_1, void @empty_1"   --->   Operation 8 'specinterface' 'specinterface_ln0' <Predicate = true> <Delay = 0.00>
ST_1 : Operation 9 [1/1] (0.00ns)   --->   "%specinterface_ln0 = specinterface void @_ssdm_op_SpecInterface, i1024 %rx_udp2shiftFifo, void @empty_3, i32 0, i32 0, void @empty_1, i32 0, i32 0, void @empty_1, void @empty_1, void @empty_1, i32 0, i32 0, i32 0, i32 0, void @empty_1, void @empty_1"   --->   Operation 9 'specinterface' 'specinterface_ln0' <Predicate = true> <Delay = 0.00>
ST_1 : Operation 10 [1/1] (0.00ns)   --->   "%specinterface_ln0 = specinterface void @_ssdm_op_SpecInterface, i1024 %m_axis_rx_data_internal, void @empty_3, i32 0, i32 0, void @empty_1, i32 0, i32 0, void @empty_1, void @empty_1, void @empty_1, i32 0, i32 0, i32 0, i32 0, void @empty_1, void @empty_1"   --->   Operation 10 'specinterface' 'specinterface_ln0' <Predicate = true> <Delay = 0.00>
ST_1 : Operation 11 [1/1] (0.00ns)   --->   "%specpipeline_ln1379 = specpipeline void @_ssdm_op_SpecPipeline, i32 1, i32 0, i32 0, i32 0, void @empty_1" [/home/yangz0e/Desktop/Vitis_with_100Gbps_TCP-IP_top_k/fpga-network-stack/hls/udp/../axi_utils.hpp:1379]   --->   Operation 11 'specpipeline' 'specpipeline_ln1379' <Predicate = true> <Delay = 0.00>
ST_1 : Operation 12 [1/1] (0.00ns)   --->   "%fsmState_load = load i1 %fsmState" [/home/yangz0e/Desktop/Vitis_with_100Gbps_TCP-IP_top_k/fpga-network-stack/hls/udp/../axi_utils.hpp:1395]   --->   Operation 12 'load' 'fsmState_load' <Predicate = true> <Delay = 0.00>
ST_1 : Operation 13 [1/1] (0.00ns)   --->   "%p_Val2_s = load i512 %prevWord_data_V"   --->   Operation 13 'load' 'p_Val2_s' <Predicate = true> <Delay = 0.00>
ST_1 : Operation 14 [1/1] (0.00ns)   --->   "%p_Val2_1 = load i64 %prevWord_keep_V"   --->   Operation 14 'load' 'p_Val2_1' <Predicate = true> <Delay = 0.00>
ST_1 : Operation 15 [1/1] (0.00ns)   --->   "%br_ln1395 = br i1 %fsmState_load, void, void" [/home/yangz0e/Desktop/Vitis_with_100Gbps_TCP-IP_top_k/fpga-network-stack/hls/udp/../axi_utils.hpp:1395]   --->   Operation 15 'br' 'br_ln1395' <Predicate = true> <Delay = 0.00>
ST_1 : Operation 16 [1/1] (0.00ns)   --->   "%tmp_i = nbreadreq i1 @_ssdm_op_NbReadReq.ap_fifo.i1024P0A, i1024 %rx_udp2shiftFifo, i32 1" [/tools/Xilinx/Vitis_HLS/2021.2/common/technology/autopilot/hls_stream_39.h:135]   --->   Operation 16 'nbreadreq' 'tmp_i' <Predicate = (!fsmState_load)> <Delay = 0.00> <CoreInst = "FIFO_SRL">   --->   Core 81 'FIFO_SRL' <Latency = 0> <II = 1> <Delay = 1.33> <Storage> <Opcode : 'read' 'write' 'nbread' 'nbwrite'> <Ports = 0> <Width = 1024> <Depth = 2> <FIFO>
ST_1 : Operation 17 [1/1] (0.00ns)   --->   "%br_ln1398 = br i1 %tmp_i, void %._crit_edge3.i, void" [/home/yangz0e/Desktop/Vitis_with_100Gbps_TCP-IP_top_k/fpga-network-stack/hls/udp/../axi_utils.hpp:1398]   --->   Operation 17 'br' 'br_ln1398' <Predicate = (!fsmState_load)> <Delay = 0.00>
ST_1 : Operation 18 [1/1] (1.16ns)   --->   "%rx_udp2shiftFifo_read = read i1024 @_ssdm_op_Read.ap_fifo.volatile.i1024P0A, i1024 %rx_udp2shiftFifo" [/tools/Xilinx/Vitis_HLS/2021.2/common/technology/autopilot/hls_stream_39.h:144]   --->   Operation 18 'read' 'rx_udp2shiftFifo_read' <Predicate = (!fsmState_load & tmp_i)> <Delay = 1.16> <CoreInst = "FIFO_SRL">   --->   Core 81 'FIFO_SRL' <Latency = 0> <II = 1> <Delay = 1.33> <Storage> <Opcode : 'read' 'write' 'nbread' 'nbwrite'> <Ports = 0> <Width = 1024> <Depth = 2> <FIFO>
ST_1 : Operation 19 [1/1] (0.00ns)   --->   "%currWord_data_V = trunc i1024 %rx_udp2shiftFifo_read" [/tools/Xilinx/Vitis_HLS/2021.2/common/technology/autopilot/hls_stream_39.h:144]   --->   Operation 19 'trunc' 'currWord_data_V' <Predicate = (!fsmState_load & tmp_i)> <Delay = 0.00>
ST_1 : Operation 20 [1/1] (0.00ns)   --->   "%currWord_keep_V = partselect i64 @_ssdm_op_PartSelect.i64.i1024.i32.i32, i1024 %rx_udp2shiftFifo_read, i32 512, i32 575" [/tools/Xilinx/Vitis_HLS/2021.2/common/technology/autopilot/hls_stream_39.h:144]   --->   Operation 20 'partselect' 'currWord_keep_V' <Predicate = (!fsmState_load & tmp_i)> <Delay = 0.00>
ST_1 : Operation 21 [1/1] (0.00ns)   --->   "%currWord_last_V = bitselect i1 @_ssdm_op_BitSelect.i1.i1024.i32, i1024 %rx_udp2shiftFifo_read, i32 576" [/tools/Xilinx/Vitis_HLS/2021.2/common/technology/autopilot/hls_stream_39.h:144]   --->   Operation 21 'bitselect' 'currWord_last_V' <Predicate = (!fsmState_load & tmp_i)> <Delay = 0.00>
ST_1 : Operation 22 [1/1] (0.00ns)   --->   "%rs_firstWord_load = load i1 %rs_firstWord" [/home/yangz0e/Desktop/Vitis_with_100Gbps_TCP-IP_top_k/fpga-network-stack/hls/udp/../axi_utils.hpp:1402]   --->   Operation 22 'load' 'rs_firstWord_load' <Predicate = (!fsmState_load & tmp_i)> <Delay = 0.00>
ST_1 : Operation 23 [1/1] (0.38ns)   --->   "%br_ln1402 = br i1 %rs_firstWord_load, void, void %._crit_edge4.i" [/home/yangz0e/Desktop/Vitis_with_100Gbps_TCP-IP_top_k/fpga-network-stack/hls/udp/../axi_utils.hpp:1402]   --->   Operation 23 'br' 'br_ln1402' <Predicate = (!fsmState_load & tmp_i)> <Delay = 0.38>
ST_1 : Operation 24 [1/1] (0.00ns)   --->   "%trunc_ln674 = trunc i1024 %rx_udp2shiftFifo_read"   --->   Operation 24 'trunc' 'trunc_ln674' <Predicate = (!fsmState_load & tmp_i & !rs_firstWord_load)> <Delay = 0.00>
ST_1 : Operation 25 [1/1] (0.00ns)   --->   "%p_Result_4_i = partselect i8 @_ssdm_op_PartSelect.i8.i1024.i32.i32, i1024 %rx_udp2shiftFifo_read, i32 512, i32 519"   --->   Operation 25 'partselect' 'p_Result_4_i' <Predicate = (!fsmState_load & tmp_i & !rs_firstWord_load)> <Delay = 0.00>
ST_1 : Operation 26 [1/1] (0.00ns)   --->   "%p_Result_5_i = partselect i56 @_ssdm_op_PartSelect.i56.i1024.i32.i32, i1024 %rx_udp2shiftFifo_read, i32 520, i32 575"   --->   Operation 26 'partselect' 'p_Result_5_i' <Predicate = (!fsmState_load & tmp_i & !rs_firstWord_load)> <Delay = 0.00>
ST_1 : Operation 27 [1/1] (1.00ns)   --->   "%sendWord_last_V = icmp_eq  i56 %p_Result_5_i, i56 0"   --->   Operation 27 'icmp' 'sendWord_last_V' <Predicate = (!fsmState_load & tmp_i & !rs_firstWord_load)> <Delay = 1.00> <CoreInst = "Cmp">   --->   Core 9 'Cmp' <Latency = 0> <II = 1> <Delay = 1.00> <FuncUnit> <Opcode : 'icmp'> <InPorts = 2> <OutPorts = 1>
ST_1 : Operation 28 [1/1] (0.38ns)   --->   "%br_ln1421 = br void %._crit_edge4.i" [/home/yangz0e/Desktop/Vitis_with_100Gbps_TCP-IP_top_k/fpga-network-stack/hls/udp/../axi_utils.hpp:1421]   --->   Operation 28 'br' 'br_ln1421' <Predicate = (!fsmState_load & tmp_i & !rs_firstWord_load)> <Delay = 0.38>
ST_1 : Operation 29 [1/1] (0.00ns)   --->   "%sendWord_last_V_1 = phi i1 %sendWord_last_V, void, i1 0, void"   --->   Operation 29 'phi' 'sendWord_last_V_1' <Predicate = (!fsmState_load & tmp_i)> <Delay = 0.00>
ST_1 : Operation 30 [1/1] (0.00ns)   --->   "%store_ln1423 = store i512 %currWord_data_V, i512 %prevWord_data_V" [/home/yangz0e/Desktop/Vitis_with_100Gbps_TCP-IP_top_k/fpga-network-stack/hls/udp/../axi_utils.hpp:1423]   --->   Operation 30 'store' 'store_ln1423' <Predicate = (!fsmState_load & tmp_i)> <Delay = 0.00>
ST_1 : Operation 31 [1/1] (0.00ns)   --->   "%store_ln1423 = store i64 %currWord_keep_V, i64 %prevWord_keep_V" [/home/yangz0e/Desktop/Vitis_with_100Gbps_TCP-IP_top_k/fpga-network-stack/hls/udp/../axi_utils.hpp:1423]   --->   Operation 31 'store' 'store_ln1423' <Predicate = (!fsmState_load & tmp_i)> <Delay = 0.00>
ST_1 : Operation 32 [1/1] (0.38ns)   --->   "%br_ln1425 = br i1 %currWord_last_V, void %mergeST.i, void" [/home/yangz0e/Desktop/Vitis_with_100Gbps_TCP-IP_top_k/fpga-network-stack/hls/udp/../axi_utils.hpp:1425]   --->   Operation 32 'br' 'br_ln1425' <Predicate = (!fsmState_load & tmp_i)> <Delay = 0.38>
ST_1 : Operation 33 [1/1] (0.00ns)   --->   "%br_ln1429 = br i1 %sendWord_last_V_1, void, void %._crit_edge6.i" [/home/yangz0e/Desktop/Vitis_with_100Gbps_TCP-IP_top_k/fpga-network-stack/hls/udp/../axi_utils.hpp:1429]   --->   Operation 33 'br' 'br_ln1429' <Predicate = (!fsmState_load & tmp_i & currWord_last_V)> <Delay = 0.00>
ST_1 : Operation 34 [1/1] (0.38ns)   --->   "%store_ln1431 = store i1 1, i1 %fsmState" [/home/yangz0e/Desktop/Vitis_with_100Gbps_TCP-IP_top_k/fpga-network-stack/hls/udp/../axi_utils.hpp:1431]   --->   Operation 34 'store' 'store_ln1431' <Predicate = (!fsmState_load & tmp_i & currWord_last_V & !sendWord_last_V_1)> <Delay = 0.38>
ST_1 : Operation 35 [1/1] (0.00ns)   --->   "%br_ln1432 = br void %._crit_edge6.i" [/home/yangz0e/Desktop/Vitis_with_100Gbps_TCP-IP_top_k/fpga-network-stack/hls/udp/../axi_utils.hpp:1432]   --->   Operation 35 'br' 'br_ln1432' <Predicate = (!fsmState_load & tmp_i & currWord_last_V & !sendWord_last_V_1)> <Delay = 0.00>
ST_1 : Operation 36 [1/1] (0.38ns)   --->   "%br_ln1433 = br void %mergeST.i" [/home/yangz0e/Desktop/Vitis_with_100Gbps_TCP-IP_top_k/fpga-network-stack/hls/udp/../axi_utils.hpp:1433]   --->   Operation 36 'br' 'br_ln1433' <Predicate = (!fsmState_load & tmp_i & currWord_last_V)> <Delay = 0.38>
ST_1 : Operation 37 [1/1] (0.00ns)   --->   "%rs_firstWord_new_0_i = phi i1 1, void %._crit_edge6.i, i1 0, void %._crit_edge4.i"   --->   Operation 37 'phi' 'rs_firstWord_new_0_i' <Predicate = (!fsmState_load & tmp_i)> <Delay = 0.00>
ST_1 : Operation 38 [1/1] (0.00ns)   --->   "%store_ln1424 = store i1 %rs_firstWord_new_0_i, i1 %rs_firstWord" [/home/yangz0e/Desktop/Vitis_with_100Gbps_TCP-IP_top_k/fpga-network-stack/hls/udp/../axi_utils.hpp:1424]   --->   Operation 38 'store' 'store_ln1424' <Predicate = (!fsmState_load & tmp_i)> <Delay = 0.00>
ST_1 : Operation 39 [1/1] (0.00ns)   --->   "%br_ln1435 = br void %._crit_edge3.i" [/home/yangz0e/Desktop/Vitis_with_100Gbps_TCP-IP_top_k/fpga-network-stack/hls/udp/../axi_utils.hpp:1435]   --->   Operation 39 'br' 'br_ln1435' <Predicate = (!fsmState_load & tmp_i)> <Delay = 0.00>
ST_1 : Operation 40 [1/1] (0.00ns)   --->   "%br_ln1436 = br void %udp_rshiftWordByOctet<net_axis<512>, 512, 2>.exit" [/home/yangz0e/Desktop/Vitis_with_100Gbps_TCP-IP_top_k/fpga-network-stack/hls/udp/../axi_utils.hpp:1436]   --->   Operation 40 'br' 'br_ln1436' <Predicate = (!fsmState_load)> <Delay = 0.00>
ST_1 : Operation 41 [1/1] (0.38ns)   --->   "%store_ln1447 = store i1 0, i1 %fsmState" [/home/yangz0e/Desktop/Vitis_with_100Gbps_TCP-IP_top_k/fpga-network-stack/hls/udp/../axi_utils.hpp:1447]   --->   Operation 41 'store' 'store_ln1447' <Predicate = (fsmState_load)> <Delay = 0.38>

State 2 <SV = 1> <Delay = 1.16>
ST_2 : Operation 42 [1/1] (0.00ns)   --->   "%p_Result_i = partselect i448 @_ssdm_op_PartSelect.i448.i512.i32.i32, i512 %p_Val2_s, i32 64, i32 511"   --->   Operation 42 'partselect' 'p_Result_i' <Predicate = (!fsmState_load & tmp_i & !rs_firstWord_load)> <Delay = 0.00>
ST_2 : Operation 43 [1/1] (0.00ns)   --->   "%p_Result_3_i = partselect i56 @_ssdm_op_PartSelect.i56.i64.i32.i32, i64 %p_Val2_1, i32 8, i32 63"   --->   Operation 43 'partselect' 'p_Result_3_i' <Predicate = (!fsmState_load & tmp_i & !rs_firstWord_load)> <Delay = 0.00>
ST_2 : Operation 44 [1/1] (0.00ns)   --->   "%tmp_2_i = bitconcatenate i577 @_ssdm_op_BitConcatenate.i577.i1.i8.i56.i64.i448, i1 %sendWord_last_V, i8 %p_Result_4_i, i56 %p_Result_3_i, i64 %trunc_ln674, i448 %p_Result_i" [/tools/Xilinx/Vitis_HLS/2021.2/common/technology/autopilot/hls_stream_39.h:173]   --->   Operation 44 'bitconcatenate' 'tmp_2_i' <Predicate = (!fsmState_load & tmp_i & !rs_firstWord_load)> <Delay = 0.00>
ST_2 : Operation 45 [1/1] (0.00ns)   --->   "%zext_ln173_1 = zext i577 %tmp_2_i" [/tools/Xilinx/Vitis_HLS/2021.2/common/technology/autopilot/hls_stream_39.h:173]   --->   Operation 45 'zext' 'zext_ln173_1' <Predicate = (!fsmState_load & tmp_i & !rs_firstWord_load)> <Delay = 0.00>
ST_2 : Operation 46 [1/1] (1.16ns)   --->   "%write_ln173 = write void @_ssdm_op_Write.ap_fifo.volatile.i1024P0A, i1024 %m_axis_rx_data_internal, i1024 %zext_ln173_1" [/tools/Xilinx/Vitis_HLS/2021.2/common/technology/autopilot/hls_stream_39.h:173]   --->   Operation 46 'write' 'write_ln173' <Predicate = (!fsmState_load & tmp_i & !rs_firstWord_load)> <Delay = 1.16> <CoreInst = "FIFO_SRL">   --->   Core 81 'FIFO_SRL' <Latency = 0> <II = 1> <Delay = 1.33> <Storage> <Opcode : 'read' 'write' 'nbread' 'nbwrite'> <Ports = 0> <Width = 1024> <Depth = 2> <FIFO>
ST_2 : Operation 47 [1/1] (0.00ns)   --->   "%p_Result_i_43 = partselect i448 @_ssdm_op_PartSelect.i448.i512.i32.i32, i512 %p_Val2_s, i32 64, i32 511"   --->   Operation 47 'partselect' 'p_Result_i_43' <Predicate = (fsmState_load)> <Delay = 0.00>
ST_2 : Operation 48 [1/1] (0.00ns)   --->   "%p_Result_1_i = partselect i56 @_ssdm_op_PartSelect.i56.i64.i32.i32, i64 %p_Val2_1, i32 8, i32 63"   --->   Operation 48 'partselect' 'p_Result_1_i' <Predicate = (fsmState_load)> <Delay = 0.00>
ST_2 : Operation 49 [1/1] (0.00ns)   --->   "%or_ln = bitconcatenate i577 @_ssdm_op_BitConcatenate.i577.i9.i56.i64.i448, i9 256, i56 %p_Result_1_i, i64 0, i448 %p_Result_i_43" [/tools/Xilinx/Vitis_HLS/2021.2/common/technology/autopilot/hls_stream_39.h:173]   --->   Operation 49 'bitconcatenate' 'or_ln' <Predicate = (fsmState_load)> <Delay = 0.00>
ST_2 : Operation 50 [1/1] (0.00ns)   --->   "%zext_ln173 = zext i577 %or_ln" [/tools/Xilinx/Vitis_HLS/2021.2/common/technology/autopilot/hls_stream_39.h:173]   --->   Operation 50 'zext' 'zext_ln173' <Predicate = (fsmState_load)> <Delay = 0.00>
ST_2 : Operation 51 [1/1] (1.16ns)   --->   "%write_ln173 = write void @_ssdm_op_Write.ap_fifo.volatile.i1024P0A, i1024 %m_axis_rx_data_internal, i1024 %zext_ln173" [/tools/Xilinx/Vitis_HLS/2021.2/common/technology/autopilot/hls_stream_39.h:173]   --->   Operation 51 'write' 'write_ln173' <Predicate = (fsmState_load)> <Delay = 1.16> <CoreInst = "FIFO_SRL">   --->   Core 81 'FIFO_SRL' <Latency = 0> <II = 1> <Delay = 1.33> <Storage> <Opcode : 'read' 'write' 'nbread' 'nbwrite'> <Ports = 0> <Width = 1024> <Depth = 2> <FIFO>
ST_2 : Operation 52 [1/1] (0.00ns)   --->   "%br_ln1448 = br void %udp_rshiftWordByOctet<net_axis<512>, 512, 2>.exit" [/home/yangz0e/Desktop/Vitis_with_100Gbps_TCP-IP_top_k/fpga-network-stack/hls/udp/../axi_utils.hpp:1448]   --->   Operation 52 'br' 'br_ln1448' <Predicate = (fsmState_load)> <Delay = 0.00>
ST_2 : Operation 53 [1/1] (0.00ns)   --->   "%ret_ln0 = ret"   --->   Operation 53 'ret' 'ret_ln0' <Predicate = true> <Delay = 0.00>


============================================================
+ Verbose Summary: Timing violations
============================================================
Target clock period: 3.2ns, clock uncertainty: 0.864ns.

 <State 1>: 2.69ns
The critical path consists of the following:
	fifo read operation ('rx_udp2shiftFifo_read', /tools/Xilinx/Vitis_HLS/2021.2/common/technology/autopilot/hls_stream_39.h:144) on port 'rx_udp2shiftFifo' (/tools/Xilinx/Vitis_HLS/2021.2/common/technology/autopilot/hls_stream_39.h:144) [24]  (1.17 ns)
	'icmp' operation ('sendWord.last.V') [36]  (1.01 ns)
	multiplexor before 'phi' operation ('sendWord.last.V') with incoming values : ('sendWord.last.V') [42]  (0.387 ns)
	'phi' operation ('sendWord.last.V') with incoming values : ('sendWord.last.V') [42]  (0 ns)
	blocking operation 0.122 ns on control path)

 <State 2>: 1.17ns
The critical path consists of the following:
	fifo write operation ('write_ln173', /tools/Xilinx/Vitis_HLS/2021.2/common/technology/autopilot/hls_stream_39.h:173) on port 'm_axis_rx_data_internal' (/tools/Xilinx/Vitis_HLS/2021.2/common/technology/autopilot/hls_stream_39.h:173) [64]  (1.17 ns)


============================================================
+ Verbose Summary: Binding
============================================================
N/A
* FSMD analyzer results:
  - Output states:
 - Input state : 
  - Chain level:
	State 1
	State 2


============================================================
+ Verbose Summary: Datapath Resource usage 
============================================================
N/A
