

================================================================
== Vitis HLS Report for 'extract_ip_address_512_s'
================================================================
* Date:           Sat Mar 18 14:35:11 2023

* Version:        2021.2 (Build 3367213 on Tue Oct 19 02:47:39 MDT 2021)
* Project:        mac_ip_encode_prj
* Solution:       solution1 (Vivado IP Flow Target)
* Product family: virtexuplus
* Target device:  xcu280-fsvh2892-2L-e


================================================================
== Performance Estimates
================================================================
+ Timing: 
    * Summary: 
    +--------+---------+----------+------------+
    |  Clock |  Target | Estimated| Uncertainty|
    +--------+---------+----------+------------+
    |ap_clk  |  3.20 ns|  2.027 ns|     0.86 ns|
    +--------+---------+----------+------------+

+ Latency: 
    * Summary: 
    +---------+---------+----------+----------+-----+-----+---------+
    |  Latency (cycles) |  Latency (absolute) |  Interval | Pipeline|
    |   min   |   max   |    min   |    max   | min | max |   Type  |
    +---------+---------+----------+----------+-----+-----+---------+
    |        3|        3|  9.600 ns|  9.600 ns|    1|    1|      yes|
    +---------+---------+----------+----------+-----+-----+---------+

    + Detail: 
        * Instance: 
        N/A

        * Loop: 
        N/A

============================================================
+ Verbose Summary: Synthesis Manager
============================================================
InlineROM: 1
ExposeGlobal: 0
============================================================
+ Verbose Summary: CDFG Model
============================================================
IsTopModel: 0
ResetActiveHigh: 1
IsCombinational: 2
IsDatapathOnly: 0
HasWiredReturn: 1
HasMFsm: 2
HasVarLatency: 0
IsPipeline: 1
IsRtlPipelined: 1
IsInstanceOverlapped: 0
IsDontTouch: 0
HasImplIP: 0
IsGatedGlobalClock: 0

+ Individual pipeline summary: 
  * Pipeline-0: initiation interval (II) = 1, depth = 4


============================================================
+ Verbose Summary: Schedule
============================================================
* Number of FSM states : 4
* Pipeline : 1
  Pipeline-0 : II = 1, D = 4, States = { 1 2 3 4 }
* Dataflow Pipeline: 0

* FSM state transitions: 
1 --> 2 
2 --> 3 
3 --> 4 
4 --> 

* FSM state operations: 

State 1 <SV = 0> <Delay = 1.83>
ST_1 : Operation 5 [1/1] (0.00ns)   --->   "%tmp_i = nbreadreq i1 @_ssdm_op_NbReadReq.ap_fifo.i1024P0A, i1024 %dataIn_internal, i32 1" [/tools/Xilinx/Vitis_HLS/2021.2/common/technology/autopilot/hls_stream_39.h:135]   --->   Operation 5 'nbreadreq' 'tmp_i' <Predicate = true> <Delay = 0.00> <CoreInst = "FIFO_SRL">   --->   Core 81 'FIFO_SRL' <Latency = 0> <II = 1> <Delay = 1.33> <Storage> <Opcode : 'read' 'write' 'nbread' 'nbwrite'> <Ports = 0> <Width = 1024> <Depth = 2> <FIFO>
ST_1 : Operation 6 [1/1] (0.00ns)   --->   "%br_ln47 = br i1 %tmp_i, void %extract_ip_address<512>.exit, void" [/home/yangz0e/Desktop/Vitis_with_100Gbps_TCP-IP_top_k/fpga-network-stack/hls/mac_ip_encode/mac_ip_encode.cpp:47]   --->   Operation 6 'br' 'br_ln47' <Predicate = true> <Delay = 0.00>
ST_1 : Operation 7 [1/1] (1.16ns)   --->   "%dataIn_internal_read = read i1024 @_ssdm_op_Read.ap_fifo.volatile.i1024P0A, i1024 %dataIn_internal" [/tools/Xilinx/Vitis_HLS/2021.2/common/technology/autopilot/hls_stream_39.h:144]   --->   Operation 7 'read' 'dataIn_internal_read' <Predicate = (tmp_i)> <Delay = 1.16> <CoreInst = "FIFO_SRL">   --->   Core 81 'FIFO_SRL' <Latency = 0> <II = 1> <Delay = 1.33> <Storage> <Opcode : 'read' 'write' 'nbread' 'nbwrite'> <Ports = 0> <Width = 1024> <Depth = 2> <FIFO>
ST_1 : Operation 8 [1/1] (0.00ns)   --->   "%tmp_last_V = bitselect i1 @_ssdm_op_BitSelect.i1.i1024.i32, i1024 %dataIn_internal_read, i32 576" [/tools/Xilinx/Vitis_HLS/2021.2/common/technology/autopilot/hls_stream_39.h:144]   --->   Operation 8 'bitselect' 'tmp_last_V' <Predicate = (tmp_i)> <Delay = 0.00>
ST_1 : Operation 9 [1/1] (0.00ns)   --->   "%header_ready_load = load i1 %header_ready" [/home/yangz0e/Desktop/Vitis_with_100Gbps_TCP-IP_top_k/fpga-network-stack/hls/mac_ip_encode/../ethernet/../packet.hpp:55]   --->   Operation 9 'load' 'header_ready_load' <Predicate = (tmp_i)> <Delay = 0.00>
ST_1 : Operation 10 [1/1] (0.00ns)   --->   "%trunc_ln173 = trunc i1024 %dataIn_internal_read" [/tools/Xilinx/Vitis_HLS/2021.2/common/technology/autopilot/hls_stream_39.h:173]   --->   Operation 10 'trunc' 'trunc_ln173' <Predicate = (tmp_i)> <Delay = 0.00>
ST_1 : Operation 11 [1/1] (0.00ns)   --->   "%header_idx_load = load i16 %header_idx" [/home/yangz0e/Desktop/Vitis_with_100Gbps_TCP-IP_top_k/fpga-network-stack/hls/mac_ip_encode/../ethernet/../packet.hpp:58]   --->   Operation 11 'load' 'header_idx_load' <Predicate = (tmp_i)> <Delay = 0.00>
ST_1 : Operation 12 [1/1] (0.00ns)   --->   "%p_Val2_s = load i160 %header_header_V"   --->   Operation 12 'load' 'p_Val2_s' <Predicate = (tmp_i)> <Delay = 0.00>
ST_1 : Operation 13 [1/1] (0.00ns)   --->   "%br_ln55 = br i1 %header_ready_load, void %.critedge8.i, void %.critedge.i" [/home/yangz0e/Desktop/Vitis_with_100Gbps_TCP-IP_top_k/fpga-network-stack/hls/mac_ip_encode/../ethernet/../packet.hpp:55]   --->   Operation 13 'br' 'br_ln55' <Predicate = (tmp_i)> <Delay = 0.00>
ST_1 : Operation 14 [1/1] (0.00ns)   --->   "%shl_ln = bitconcatenate i25 @_ssdm_op_BitConcatenate.i25.i16.i9, i16 %header_idx_load, i9 0" [/home/yangz0e/Desktop/Vitis_with_100Gbps_TCP-IP_top_k/fpga-network-stack/hls/mac_ip_encode/../ethernet/../packet.hpp:58]   --->   Operation 14 'bitconcatenate' 'shl_ln' <Predicate = (tmp_i & !header_ready_load)> <Delay = 0.00>
ST_1 : Operation 15 [1/1] (0.00ns)   --->   "%tmp_69 = trunc i1024 %dataIn_internal_read"   --->   Operation 15 'trunc' 'tmp_69' <Predicate = (tmp_i & !header_ready_load)> <Delay = 0.00>
ST_1 : Operation 16 [1/1] (0.78ns)   --->   "%add_ln67 = add i16 %header_idx_load, i16 1" [/home/yangz0e/Desktop/Vitis_with_100Gbps_TCP-IP_top_k/fpga-network-stack/hls/mac_ip_encode/../ethernet/../packet.hpp:67]   --->   Operation 16 'add' 'add_ln67' <Predicate = (tmp_i & !header_ready_load)> <Delay = 0.78> <CoreInst = "Adder">   --->   Core 1 'Adder' <Latency = 0> <II = 1> <Delay = 0.78> <FuncUnit> <Opcode : 'add' 'sub'> <InPorts = 2> <OutPorts = 1>
ST_1 : Operation 17 [1/1] (0.77ns)   --->   "%icmp_ln414 = icmp_ugt  i25 %shl_ln, i25 159"   --->   Operation 17 'icmp' 'icmp_ln414' <Predicate = (tmp_i & !header_ready_load)> <Delay = 0.77> <CoreInst = "Cmp">   --->   Core 9 'Cmp' <Latency = 0> <II = 1> <Delay = 0.85> <FuncUnit> <Opcode : 'icmp'> <InPorts = 2> <OutPorts = 1>
ST_1 : Operation 18 [1/1] (0.00ns) (grouped into LUT with out node and_ln414_2)   --->   "%trunc_ln414 = trunc i1024 %dataIn_internal_read"   --->   Operation 18 'trunc' 'trunc_ln414' <Predicate = (tmp_i & !header_ready_load)> <Delay = 0.00>
ST_1 : Operation 19 [1/1] (0.00ns) (grouped into LUT with out node and_ln414_2)   --->   "%st = bitconcatenate i160 @_ssdm_op_BitConcatenate.i160.i1.i159, i1 %trunc_ln414, i159 0"   --->   Operation 19 'bitconcatenate' 'st' <Predicate = (tmp_i & !header_ready_load)> <Delay = 0.00>
ST_1 : Operation 20 [1/1] (0.00ns) (grouped into LUT with out node and_ln414_2)   --->   "%select_ln414 = select i1 %icmp_ln414, i160 %st, i160 %tmp_69"   --->   Operation 20 'select' 'select_ln414' <Predicate = (tmp_i & !header_ready_load)> <Delay = 0.00> <CoreInst = "Sel">   --->   Core 73 'Sel' <Latency = 0> <II = 1> <Delay = 0.24> <FuncUnit> <Opcode : 'select'> <InPorts = 3> <OutPorts = 1>
ST_1 : Operation 21 [1/1] (0.00ns) (grouped into LUT with out node and_ln414_2)   --->   "%tmp = partselect i160 @llvm.part.select.i160, i160 %select_ln414, i32 159, i32 0"   --->   Operation 21 'partselect' 'tmp' <Predicate = (tmp_i & !header_ready_load)> <Delay = 0.00>
ST_1 : Operation 22 [1/1] (0.00ns) (grouped into LUT with out node and_ln414_2)   --->   "%select_ln414_1 = select i1 %icmp_ln414, i160 %tmp, i160 %tmp_69"   --->   Operation 22 'select' 'select_ln414_1' <Predicate = (tmp_i & !header_ready_load)> <Delay = 0.00> <CoreInst = "Sel">   --->   Core 73 'Sel' <Latency = 0> <II = 1> <Delay = 0.24> <FuncUnit> <Opcode : 'select'> <InPorts = 3> <OutPorts = 1>
ST_1 : Operation 23 [1/1] (0.00ns) (grouped into LUT with out node and_ln414)   --->   "%select_ln414_2 = select i1 %icmp_ln414, i160 730750818665451459101842416358141509827966271488, i160 1461501637330902918203684832716283019655932542975"   --->   Operation 23 'select' 'select_ln414_2' <Predicate = (tmp_i & !header_ready_load)> <Delay = 0.00> <CoreInst = "Sel">   --->   Core 73 'Sel' <Latency = 0> <II = 1> <Delay = 0.24> <FuncUnit> <Opcode : 'select'> <InPorts = 3> <OutPorts = 1>
ST_1 : Operation 24 [1/1] (0.00ns) (grouped into LUT with out node and_ln414)   --->   "%select_ln414_3 = select i1 %icmp_ln414, i160 1, i160 1461501637330902918203684832716283019655932542975"   --->   Operation 24 'select' 'select_ln414_3' <Predicate = (tmp_i & !header_ready_load)> <Delay = 0.00> <CoreInst = "Sel">   --->   Core 73 'Sel' <Latency = 0> <II = 1> <Delay = 0.24> <FuncUnit> <Opcode : 'select'> <InPorts = 3> <OutPorts = 1>
ST_1 : Operation 25 [1/1] (0.39ns) (out node of the LUT)   --->   "%and_ln414 = and i160 %select_ln414_2, i160 %select_ln414_3"   --->   Operation 25 'and' 'and_ln414' <Predicate = (tmp_i & !header_ready_load)> <Delay = 0.39> <CoreInst = "LogicGate">   --->   Core 74 'LogicGate' <Latency = 0> <II = 1> <Delay = 0.12> <FuncUnit> <Opcode : 'and' 'or' 'xor'> <InPorts = 2> <OutPorts = 1>
ST_1 : Operation 26 [1/1] (0.00ns) (grouped into LUT with out node p_Result_s)   --->   "%xor_ln414 = xor i160 %and_ln414, i160 1461501637330902918203684832716283019655932542975"   --->   Operation 26 'xor' 'xor_ln414' <Predicate = (tmp_i & !header_ready_load)> <Delay = 0.00> <CoreInst = "LogicGate">   --->   Core 74 'LogicGate' <Latency = 0> <II = 1> <Delay = 0.12> <FuncUnit> <Opcode : 'and' 'or' 'xor'> <InPorts = 2> <OutPorts = 1>
ST_1 : Operation 27 [1/1] (0.00ns) (grouped into LUT with out node p_Result_s)   --->   "%and_ln414_1 = and i160 %p_Val2_s, i160 %xor_ln414"   --->   Operation 27 'and' 'and_ln414_1' <Predicate = (tmp_i & !header_ready_load)> <Delay = 0.00> <CoreInst = "LogicGate">   --->   Core 74 'LogicGate' <Latency = 0> <II = 1> <Delay = 0.12> <FuncUnit> <Opcode : 'and' 'or' 'xor'> <InPorts = 2> <OutPorts = 1>
ST_1 : Operation 28 [1/1] (0.39ns) (out node of the LUT)   --->   "%and_ln414_2 = and i160 %select_ln414_1, i160 %and_ln414"   --->   Operation 28 'and' 'and_ln414_2' <Predicate = (tmp_i & !header_ready_load)> <Delay = 0.39> <CoreInst = "LogicGate">   --->   Core 74 'LogicGate' <Latency = 0> <II = 1> <Delay = 0.12> <FuncUnit> <Opcode : 'and' 'or' 'xor'> <InPorts = 2> <OutPorts = 1>
ST_1 : Operation 29 [1/1] (0.25ns) (out node of the LUT)   --->   "%p_Result_s = or i160 %and_ln414_1, i160 %and_ln414_2"   --->   Operation 29 'or' 'p_Result_s' <Predicate = (tmp_i & !header_ready_load)> <Delay = 0.25> <CoreInst = "LogicGate">   --->   Core 74 'LogicGate' <Latency = 0> <II = 1> <Delay = 0.12> <FuncUnit> <Opcode : 'and' 'or' 'xor'> <InPorts = 2> <OutPorts = 1>
ST_1 : Operation 30 [1/1] (0.00ns)   --->   "%store_ln414 = store i160 %p_Result_s, i160 %header_header_V"   --->   Operation 30 'store' 'store_ln414' <Predicate = (tmp_i & !header_ready_load)> <Delay = 0.00>
ST_1 : Operation 31 [1/1] (0.38ns)   --->   "%br_ln0 = br void"   --->   Operation 31 'br' 'br_ln0' <Predicate = (tmp_i & !header_ready_load)> <Delay = 0.38>
ST_1 : Operation 32 [1/1] (0.38ns)   --->   "%br_ln0 = br void"   --->   Operation 32 'br' 'br_ln0' <Predicate = (tmp_i & header_ready_load)> <Delay = 0.38>
ST_1 : Operation 33 [1/1] (0.00ns)   --->   "%header_ready_flag_0_i = phi i1 0, void %.critedge.i, i1 1, void %.critedge8.i"   --->   Operation 33 'phi' 'header_ready_flag_0_i' <Predicate = (tmp_i)> <Delay = 0.00>
ST_1 : Operation 34 [1/1] (0.00ns)   --->   "%header_idx_new_0_i = phi i16 0, void %.critedge.i, i16 %add_ln67, void %.critedge8.i" [/home/yangz0e/Desktop/Vitis_with_100Gbps_TCP-IP_top_k/fpga-network-stack/hls/mac_ip_encode/../ethernet/../packet.hpp:67]   --->   Operation 34 'phi' 'header_idx_new_0_i' <Predicate = (tmp_i)> <Delay = 0.00>
ST_1 : Operation 35 [1/1] (0.00ns)   --->   "%metaWritten_load = load i1 %metaWritten" [/home/yangz0e/Desktop/Vitis_with_100Gbps_TCP-IP_top_k/fpga-network-stack/hls/mac_ip_encode/mac_ip_encode.cpp:53]   --->   Operation 35 'load' 'metaWritten_load' <Predicate = (tmp_i)> <Delay = 0.00>
ST_1 : Operation 36 [1/1] (0.38ns)   --->   "%br_ln53 = br i1 %metaWritten_load, void, void %._crit_edge2.i" [/home/yangz0e/Desktop/Vitis_with_100Gbps_TCP-IP_top_k/fpga-network-stack/hls/mac_ip_encode/mac_ip_encode.cpp:53]   --->   Operation 36 'br' 'br_ln53' <Predicate = (tmp_i)> <Delay = 0.38>
ST_1 : Operation 37 [1/1] (0.38ns)   --->   "%br_ln65 = br void %._crit_edge2.i" [/home/yangz0e/Desktop/Vitis_with_100Gbps_TCP-IP_top_k/fpga-network-stack/hls/mac_ip_encode/mac_ip_encode.cpp:65]   --->   Operation 37 'br' 'br_ln65' <Predicate = (tmp_i & !metaWritten_load)> <Delay = 0.38>
ST_1 : Operation 38 [1/1] (0.00ns) (grouped into LUT with out node or_ln67_1)   --->   "%metaWritten_flag_0_i = phi i1 0, void, i1 1, void"   --->   Operation 38 'phi' 'metaWritten_flag_0_i' <Predicate = (tmp_i)> <Delay = 0.00>
ST_1 : Operation 39 [1/1] (0.12ns)   --->   "%or_ln67 = or i1 %tmp_last_V, i1 %header_ready_flag_0_i" [/home/yangz0e/Desktop/Vitis_with_100Gbps_TCP-IP_top_k/fpga-network-stack/hls/mac_ip_encode/mac_ip_encode.cpp:67]   --->   Operation 39 'or' 'or_ln67' <Predicate = (tmp_i)> <Delay = 0.12> <CoreInst = "LogicGate">   --->   Core 74 'LogicGate' <Latency = 0> <II = 1> <Delay = 0.12> <FuncUnit> <Opcode : 'and' 'or' 'xor'> <InPorts = 2> <OutPorts = 1>
ST_1 : Operation 40 [1/1] (0.12ns)   --->   "%xor_ln67 = xor i1 %tmp_last_V, i1 1" [/home/yangz0e/Desktop/Vitis_with_100Gbps_TCP-IP_top_k/fpga-network-stack/hls/mac_ip_encode/mac_ip_encode.cpp:67]   --->   Operation 40 'xor' 'xor_ln67' <Predicate = (tmp_i)> <Delay = 0.12> <CoreInst = "LogicGate">   --->   Core 74 'LogicGate' <Latency = 0> <II = 1> <Delay = 0.12> <FuncUnit> <Opcode : 'and' 'or' 'xor'> <InPorts = 2> <OutPorts = 1>
ST_1 : Operation 41 [1/1] (0.24ns)   --->   "%select_ln67 = select i1 %tmp_last_V, i16 0, i16 %header_idx_new_0_i" [/home/yangz0e/Desktop/Vitis_with_100Gbps_TCP-IP_top_k/fpga-network-stack/hls/mac_ip_encode/mac_ip_encode.cpp:67]   --->   Operation 41 'select' 'select_ln67' <Predicate = (tmp_i)> <Delay = 0.24> <CoreInst = "Sel">   --->   Core 73 'Sel' <Latency = 0> <II = 1> <Delay = 0.24> <FuncUnit> <Opcode : 'select'> <InPorts = 3> <OutPorts = 1>
ST_1 : Operation 42 [1/1] (0.12ns) (out node of the LUT)   --->   "%or_ln67_1 = or i1 %tmp_last_V, i1 %metaWritten_flag_0_i" [/home/yangz0e/Desktop/Vitis_with_100Gbps_TCP-IP_top_k/fpga-network-stack/hls/mac_ip_encode/mac_ip_encode.cpp:67]   --->   Operation 42 'or' 'or_ln67_1' <Predicate = (tmp_i)> <Delay = 0.12> <CoreInst = "LogicGate">   --->   Core 74 'LogicGate' <Latency = 0> <II = 1> <Delay = 0.12> <FuncUnit> <Opcode : 'and' 'or' 'xor'> <InPorts = 2> <OutPorts = 1>
ST_1 : Operation 43 [1/1] (0.00ns)   --->   "%br_ln67 = br i1 %or_ln67_1, void %._crit_edge3.new4.i, void %mergeST3.i" [/home/yangz0e/Desktop/Vitis_with_100Gbps_TCP-IP_top_k/fpga-network-stack/hls/mac_ip_encode/mac_ip_encode.cpp:67]   --->   Operation 43 'br' 'br_ln67' <Predicate = (tmp_i)> <Delay = 0.00>
ST_1 : Operation 44 [1/1] (0.00ns)   --->   "%store_ln64 = store i1 %xor_ln67, i1 %metaWritten" [/home/yangz0e/Desktop/Vitis_with_100Gbps_TCP-IP_top_k/fpga-network-stack/hls/mac_ip_encode/mac_ip_encode.cpp:64]   --->   Operation 44 'store' 'store_ln64' <Predicate = (tmp_i & or_ln67_1)> <Delay = 0.00>
ST_1 : Operation 45 [1/1] (0.00ns)   --->   "%br_ln0 = br void %._crit_edge3.new4.i"   --->   Operation 45 'br' 'br_ln0' <Predicate = (tmp_i & or_ln67_1)> <Delay = 0.00>
ST_1 : Operation 46 [1/1] (0.00ns)   --->   "%br_ln67 = br i1 %or_ln67, void %._crit_edge3.new.i, void %mergeST1.i" [/home/yangz0e/Desktop/Vitis_with_100Gbps_TCP-IP_top_k/fpga-network-stack/hls/mac_ip_encode/mac_ip_encode.cpp:67]   --->   Operation 46 'br' 'br_ln67' <Predicate = (tmp_i)> <Delay = 0.00>
ST_1 : Operation 47 [1/1] (0.00ns)   --->   "%store_ln67 = store i16 %select_ln67, i16 %header_idx" [/home/yangz0e/Desktop/Vitis_with_100Gbps_TCP-IP_top_k/fpga-network-stack/hls/mac_ip_encode/../ethernet/../packet.hpp:67]   --->   Operation 47 'store' 'store_ln67' <Predicate = (tmp_i & or_ln67)> <Delay = 0.00>
ST_1 : Operation 48 [1/1] (0.00ns)   --->   "%store_ln65 = store i1 %xor_ln67, i1 %header_ready" [/home/yangz0e/Desktop/Vitis_with_100Gbps_TCP-IP_top_k/fpga-network-stack/hls/mac_ip_encode/../ethernet/../packet.hpp:65]   --->   Operation 48 'store' 'store_ln65' <Predicate = (tmp_i & or_ln67)> <Delay = 0.00>
ST_1 : Operation 49 [1/1] (0.00ns)   --->   "%br_ln0 = br void %._crit_edge3.new.i"   --->   Operation 49 'br' 'br_ln0' <Predicate = (tmp_i & or_ln67)> <Delay = 0.00>
ST_1 : Operation 50 [1/1] (0.00ns)   --->   "%br_ln72 = br void %extract_ip_address<512>.exit" [/home/yangz0e/Desktop/Vitis_with_100Gbps_TCP-IP_top_k/fpga-network-stack/hls/mac_ip_encode/mac_ip_encode.cpp:72]   --->   Operation 50 'br' 'br_ln72' <Predicate = (tmp_i)> <Delay = 0.00>

State 2 <SV = 1> <Delay = 2.02>
ST_2 : Operation 51 [1/1] (0.00ns)   --->   "%specinterface_ln0 = specinterface void @_ssdm_op_SpecInterface, i32 %regDefaultGateway, void @ap_fifo_str, i32 0, i32 0, void @p_str, i32 0, i32 0, void @p_str, void @p_str, void @p_str, i32 2, i32 2, i32 16, i32 16, void @p_str, void @ScalarProp_str"   --->   Operation 51 'specinterface' 'specinterface_ln0' <Predicate = true> <Delay = 0.00>
ST_2 : Operation 52 [1/1] (1.16ns)   --->   "%lhs_V_1 = read i32 @_ssdm_op_Read.ap_fifo.i32P0A, i32 %regDefaultGateway"   --->   Operation 52 'read' 'lhs_V_1' <Predicate = true> <Delay = 1.16> <CoreInst = "FIFO_SRL">   --->   Core 81 'FIFO_SRL' <Latency = 0> <II = 1> <Delay = 1.46> <Storage> <Opcode : 'read' 'write' 'nbread' 'nbwrite'> <Ports = 0> <Width = 32> <Depth = 3> <FIFO>
ST_2 : Operation 53 [1/1] (0.00ns)   --->   "%specinterface_ln0 = specinterface void @_ssdm_op_SpecInterface, i32 %regSubNetMask, void @ap_fifo_str, i32 0, i32 0, void @p_str, i32 0, i32 0, void @p_str, void @p_str, void @p_str, i32 2, i32 2, i32 16, i32 16, void @p_str, void @ScalarProp_str"   --->   Operation 53 'specinterface' 'specinterface_ln0' <Predicate = true> <Delay = 0.00>
ST_2 : Operation 54 [1/1] (1.16ns)   --->   "%rhs_V = read i32 @_ssdm_op_Read.ap_fifo.i32P0A, i32 %regSubNetMask" [/home/yangz0e/Desktop/Vitis_with_100Gbps_TCP-IP_top_k/fpga-network-stack/hls/mac_ip_encode/mac_ip_encode.cpp:34]   --->   Operation 54 'read' 'rhs_V' <Predicate = true> <Delay = 1.16> <CoreInst = "FIFO_SRL">   --->   Core 81 'FIFO_SRL' <Latency = 0> <II = 1> <Delay = 1.46> <Storage> <Opcode : 'read' 'write' 'nbread' 'nbwrite'> <Ports = 0> <Width = 32> <Depth = 3> <FIFO>
ST_2 : Operation 55 [1/1] (0.00ns)   --->   "%specinterface_ln0 = specinterface void @_ssdm_op_SpecInterface, i1024 %dataIn_internal, void @empty_4, i32 0, i32 0, void @empty_1, i32 0, i32 0, void @empty_1, void @empty_1, void @empty_1, i32 0, i32 0, i32 0, i32 0, void @empty_1, void @empty_1"   --->   Operation 55 'specinterface' 'specinterface_ln0' <Predicate = true> <Delay = 0.00>
ST_2 : Operation 56 [1/1] (0.00ns)   --->   "%specinterface_ln0 = specinterface void @_ssdm_op_SpecInterface, i1024 %dataIn_internal, void @empty_4, i32 0, i32 0, void @empty_1, i32 0, i32 0, void @empty_1, void @empty_1, void @empty_1, i32 0, i32 0, i32 0, i32 0, void @empty_1, void @empty_1"   --->   Operation 56 'specinterface' 'specinterface_ln0' <Predicate = true> <Delay = 0.00>
ST_2 : Operation 57 [1/1] (0.00ns)   --->   "%specinterface_ln0 = specinterface void @_ssdm_op_SpecInterface, i1024 %dataIn_internal, void @empty_4, i32 0, i32 0, void @empty_1, i32 0, i32 0, void @empty_1, void @empty_1, void @empty_1, i32 0, i32 0, i32 0, i32 0, void @empty_1, void @empty_1"   --->   Operation 57 'specinterface' 'specinterface_ln0' <Predicate = true> <Delay = 0.00>
ST_2 : Operation 58 [1/1] (0.00ns)   --->   "%specinterface_ln0 = specinterface void @_ssdm_op_SpecInterface, i577 %dataStreamBuffer0, void @empty_4, i32 0, i32 0, void @empty_1, i32 0, i32 0, void @empty_1, void @empty_1, void @empty_1, i32 0, i32 0, i32 0, i32 0, void @empty_1, void @empty_1"   --->   Operation 58 'specinterface' 'specinterface_ln0' <Predicate = true> <Delay = 0.00>
ST_2 : Operation 59 [1/1] (0.00ns)   --->   "%specinterface_ln0 = specinterface void @_ssdm_op_SpecInterface, i577 %dataStreamBuffer0, void @empty_4, i32 0, i32 0, void @empty_1, i32 0, i32 0, void @empty_1, void @empty_1, void @empty_1, i32 0, i32 0, i32 0, i32 0, void @empty_1, void @empty_1"   --->   Operation 59 'specinterface' 'specinterface_ln0' <Predicate = true> <Delay = 0.00>
ST_2 : Operation 60 [1/1] (0.00ns)   --->   "%specinterface_ln0 = specinterface void @_ssdm_op_SpecInterface, i577 %dataStreamBuffer0, void @empty_4, i32 0, i32 0, void @empty_1, i32 0, i32 0, void @empty_1, void @empty_1, void @empty_1, i32 0, i32 0, i32 0, i32 0, void @empty_1, void @empty_1"   --->   Operation 60 'specinterface' 'specinterface_ln0' <Predicate = true> <Delay = 0.00>
ST_2 : Operation 61 [1/1] (0.00ns)   --->   "%specinterface_ln0 = specinterface void @_ssdm_op_SpecInterface, i577 %dataStreamBuffer0, void @empty_4, i32 0, i32 0, void @empty_1, i32 0, i32 0, void @empty_1, void @empty_1, void @empty_1, i32 0, i32 0, i32 0, i32 0, void @empty_1, void @empty_1"   --->   Operation 61 'specinterface' 'specinterface_ln0' <Predicate = true> <Delay = 0.00>
ST_2 : Operation 62 [1/1] (0.00ns)   --->   "%specinterface_ln0 = specinterface void @_ssdm_op_SpecInterface, i1024 %dataIn_internal, void @empty_4, i32 0, i32 0, void @empty_1, i32 0, i32 0, void @empty_1, void @empty_1, void @empty_1, i32 0, i32 0, i32 0, i32 0, void @empty_1, void @empty_1"   --->   Operation 62 'specinterface' 'specinterface_ln0' <Predicate = true> <Delay = 0.00>
ST_2 : Operation 63 [1/1] (0.00ns)   --->   "%specinterface_ln0 = specinterface void @_ssdm_op_SpecInterface, i32 %m_axis_arp_lookup_request, void @empty, i32 1, i32 1, void @empty_0, i32 0, i32 0, void @empty_1, void @empty_1, void @empty_1, i32 0, i32 0, i32 0, i32 0, void @empty_1, void @empty_1"   --->   Operation 63 'specinterface' 'specinterface_ln0' <Predicate = true> <Delay = 0.00>
ST_2 : Operation 64 [1/1] (0.00ns)   --->   "%specpipeline_ln34 = specpipeline void @_ssdm_op_SpecPipeline, i32 1, i32 0, i32 0, i32 0, void @empty_1" [/home/yangz0e/Desktop/Vitis_with_100Gbps_TCP-IP_top_k/fpga-network-stack/hls/mac_ip_encode/mac_ip_encode.cpp:34]   --->   Operation 64 'specpipeline' 'specpipeline_ln34' <Predicate = true> <Delay = 0.00>
ST_2 : Operation 65 [1/1] (1.16ns)   --->   "%write_ln173 = write void @_ssdm_op_Write.ap_fifo.volatile.i577P0A, i577 %dataStreamBuffer0, i577 %trunc_ln173" [/tools/Xilinx/Vitis_HLS/2021.2/common/technology/autopilot/hls_stream_39.h:173]   --->   Operation 65 'write' 'write_ln173' <Predicate = (tmp_i & !header_ready_load)> <Delay = 1.16> <CoreInst = "FIFO_SRL">   --->   Core 81 'FIFO_SRL' <Latency = 0> <II = 1> <Delay = 1.33> <Storage> <Opcode : 'read' 'write' 'nbread' 'nbwrite'> <Ports = 0> <Width = 577> <Depth = 2> <FIFO>
ST_2 : Operation 66 [1/1] (1.16ns)   --->   "%write_ln173 = write void @_ssdm_op_Write.ap_fifo.volatile.i577P0A, i577 %dataStreamBuffer0, i577 %trunc_ln173" [/tools/Xilinx/Vitis_HLS/2021.2/common/technology/autopilot/hls_stream_39.h:173]   --->   Operation 66 'write' 'write_ln173' <Predicate = (tmp_i & header_ready_load)> <Delay = 1.16> <CoreInst = "FIFO_SRL">   --->   Core 81 'FIFO_SRL' <Latency = 0> <II = 1> <Delay = 1.33> <Storage> <Opcode : 'read' 'write' 'nbread' 'nbwrite'> <Ports = 0> <Width = 577> <Depth = 2> <FIFO>
ST_2 : Operation 67 [1/1] (0.00ns)   --->   "%p_Val2_7 = phi i160 %p_Val2_s, void %.critedge.i, i160 %p_Result_s, void %.critedge8.i"   --->   Operation 67 'phi' 'p_Val2_7' <Predicate = (tmp_i)> <Delay = 0.00>
ST_2 : Operation 68 [1/1] (0.00ns)   --->   "%dstIpAddress_V = partselect i32 @_ssdm_op_PartSelect.i32.i160.i32.i32, i160 %p_Val2_7, i32 128, i32 159"   --->   Operation 68 'partselect' 'dstIpAddress_V' <Predicate = (tmp_i & !metaWritten_load)> <Delay = 0.00>
ST_2 : Operation 69 [1/1] (0.00ns) (grouped into LUT with out node icmp_ln1064)   --->   "%xor_ln1064 = xor i32 %lhs_V_1, i32 %dstIpAddress_V"   --->   Operation 69 'xor' 'xor_ln1064' <Predicate = (tmp_i & !metaWritten_load)> <Delay = 0.00> <CoreInst = "LogicGate">   --->   Core 74 'LogicGate' <Latency = 0> <II = 1> <Delay = 0.12> <FuncUnit> <Opcode : 'and' 'or' 'xor'> <InPorts = 2> <OutPorts = 1>
ST_2 : Operation 70 [1/1] (0.00ns) (grouped into LUT with out node icmp_ln1064)   --->   "%and_ln1064 = and i32 %rhs_V, i32 %xor_ln1064"   --->   Operation 70 'and' 'and_ln1064' <Predicate = (tmp_i & !metaWritten_load)> <Delay = 0.00> <CoreInst = "LogicGate">   --->   Core 74 'LogicGate' <Latency = 0> <II = 1> <Delay = 0.12> <FuncUnit> <Opcode : 'and' 'or' 'xor'> <InPorts = 2> <OutPorts = 1>
ST_2 : Operation 71 [1/1] (0.85ns) (out node of the LUT)   --->   "%icmp_ln1064 = icmp_eq  i32 %and_ln1064, i32 0"   --->   Operation 71 'icmp' 'icmp_ln1064' <Predicate = (tmp_i & !metaWritten_load)> <Delay = 0.85> <CoreInst = "Cmp">   --->   Core 9 'Cmp' <Latency = 0> <II = 1> <Delay = 0.85> <FuncUnit> <Opcode : 'icmp'> <InPorts = 2> <OutPorts = 1>
ST_2 : Operation 72 [1/1] (0.00ns)   --->   "%br_ln56 = br i1 %icmp_ln1064, void, void" [/home/yangz0e/Desktop/Vitis_with_100Gbps_TCP-IP_top_k/fpga-network-stack/hls/mac_ip_encode/mac_ip_encode.cpp:56]   --->   Operation 72 'br' 'br_ln56' <Predicate = (tmp_i & !metaWritten_load)> <Delay = 0.00>

State 3 <SV = 2> <Delay = 0.00>
ST_3 : Operation 73 [2/2] (0.00ns)   --->   "%write_ln173 = write void @_ssdm_op_Write.axis.volatile.i32P128A, i32 %m_axis_arp_lookup_request, i32 %lhs_V_1" [/tools/Xilinx/Vitis_HLS/2021.2/common/technology/autopilot/hls_stream_39.h:173]   --->   Operation 73 'write' 'write_ln173' <Predicate = (tmp_i & !metaWritten_load & !icmp_ln1064)> <Delay = 0.00> <CoreInst = "axis">   --->   Core 123 'axis' <Latency = 0> <II = 1> <Delay = 1.00> <Adapter> <Opcode : >
ST_3 : Operation 74 [2/2] (0.00ns)   --->   "%write_ln173 = write void @_ssdm_op_Write.axis.volatile.i32P128A, i32 %m_axis_arp_lookup_request, i32 %dstIpAddress_V" [/tools/Xilinx/Vitis_HLS/2021.2/common/technology/autopilot/hls_stream_39.h:173]   --->   Operation 74 'write' 'write_ln173' <Predicate = (tmp_i & !metaWritten_load & icmp_ln1064)> <Delay = 0.00> <CoreInst = "axis">   --->   Core 123 'axis' <Latency = 0> <II = 1> <Delay = 1.00> <Adapter> <Opcode : >

State 4 <SV = 3> <Delay = 0.00>
ST_4 : Operation 75 [1/2] (0.00ns)   --->   "%write_ln173 = write void @_ssdm_op_Write.axis.volatile.i32P128A, i32 %m_axis_arp_lookup_request, i32 %lhs_V_1" [/tools/Xilinx/Vitis_HLS/2021.2/common/technology/autopilot/hls_stream_39.h:173]   --->   Operation 75 'write' 'write_ln173' <Predicate = (tmp_i & !metaWritten_load & !icmp_ln1064)> <Delay = 0.00> <CoreInst = "axis">   --->   Core 123 'axis' <Latency = 0> <II = 1> <Delay = 1.00> <Adapter> <Opcode : >
ST_4 : Operation 76 [1/1] (0.00ns)   --->   "%br_ln0 = br void"   --->   Operation 76 'br' 'br_ln0' <Predicate = (tmp_i & !metaWritten_load & !icmp_ln1064)> <Delay = 0.00>
ST_4 : Operation 77 [1/2] (0.00ns)   --->   "%write_ln173 = write void @_ssdm_op_Write.axis.volatile.i32P128A, i32 %m_axis_arp_lookup_request, i32 %dstIpAddress_V" [/tools/Xilinx/Vitis_HLS/2021.2/common/technology/autopilot/hls_stream_39.h:173]   --->   Operation 77 'write' 'write_ln173' <Predicate = (tmp_i & !metaWritten_load & icmp_ln1064)> <Delay = 0.00> <CoreInst = "axis">   --->   Core 123 'axis' <Latency = 0> <II = 1> <Delay = 1.00> <Adapter> <Opcode : >
ST_4 : Operation 78 [1/1] (0.00ns)   --->   "%br_ln59 = br void" [/home/yangz0e/Desktop/Vitis_with_100Gbps_TCP-IP_top_k/fpga-network-stack/hls/mac_ip_encode/mac_ip_encode.cpp:59]   --->   Operation 78 'br' 'br_ln59' <Predicate = (tmp_i & !metaWritten_load & icmp_ln1064)> <Delay = 0.00>
ST_4 : Operation 79 [1/1] (0.00ns)   --->   "%ret_ln0 = ret"   --->   Operation 79 'ret' 'ret_ln0' <Predicate = true> <Delay = 0.00>


============================================================
+ Verbose Summary: Timing violations
============================================================
Target clock period: 3.2ns, clock uncertainty: 0.864ns.

 <State 1>: 1.83ns
The critical path consists of the following:
	'load' operation ('header_idx_load', /home/yangz0e/Desktop/Vitis_with_100Gbps_TCP-IP_top_k/fpga-network-stack/hls/mac_ip_encode/../ethernet/../packet.hpp:58) on static variable 'header_idx' [31]  (0 ns)
	'icmp' operation ('icmp_ln414') [38]  (0.779 ns)
	'select' operation ('select_ln414_2') [44]  (0 ns)
	'and' operation ('and_ln414') [46]  (0.398 ns)
	'and' operation ('and_ln414_2') [49]  (0.398 ns)
	'or' operation ('__Result__') [50]  (0.258 ns)

 <State 2>: 2.03ns
The critical path consists of the following:
	fifo read operation ('lhs.V') on port 'regDefaultGateway' [11]  (1.17 ns)
	'xor' operation ('xor_ln1064') [65]  (0 ns)
	'and' operation ('and_ln1064') [66]  (0 ns)
	'icmp' operation ('icmp_ln1064') [67]  (0.859 ns)

 <State 3>: 0ns
The critical path consists of the following:

 <State 4>: 0ns
The critical path consists of the following:


============================================================
+ Verbose Summary: Binding
============================================================
N/A
* FSMD analyzer results:
  - Output states:
 - Input state : 
  - Chain level:
	State 1
	State 2
	State 3
	State 4


============================================================
+ Verbose Summary: Datapath Resource usage 
============================================================
N/A
