

================================================================
== Vitis HLS Report for 'mac_ip_encode_top'
================================================================
* Date:           Sat Mar 18 14:35:13 2023

* Version:        2021.2 (Build 3367213 on Tue Oct 19 02:47:39 MDT 2021)
* Project:        mac_ip_encode_prj
* Solution:       solution1 (Vivado IP Flow Target)
* Product family: virtexuplus
* Target device:  xcu280-fsvh2892-2L-e


================================================================
== Performance Estimates
================================================================
+ Timing: 
    * Summary: 
    +--------+---------+----------+------------+
    |  Clock |  Target | Estimated| Uncertainty|
    +--------+---------+----------+------------+
    |ap_clk  |  3.20 ns|  2.389 ns|     0.86 ns|
    +--------+---------+----------+------------+

+ Latency: 
    * Summary: 
    +---------+---------+-----------+-----------+-----+-----+----------+
    |  Latency (cycles) |   Latency (absolute)  |  Interval | Pipeline |
    |   min   |   max   |    min    |    max    | min | max |   Type   |
    +---------+---------+-----------+-----------+-----+-----+----------+
    |       19|       19|  60.800 ns|  60.800 ns|    1|    1|  dataflow|
    +---------+---------+-----------+-----------+-----+-----+----------+

    + Detail: 
        * Instance: 
        N/A

        * Loop: 
        N/A

============================================================
+ Verbose Summary: Synthesis Manager
============================================================
InlineROM: 1
ExposeGlobal: 0
============================================================
+ Verbose Summary: CDFG Model
============================================================
IsTopModel: 1
ResetActiveHigh: 1
IsCombinational: 2
IsDatapathOnly: 0
HasWiredReturn: 1
HasMFsm: 0
HasVarLatency: 1
IsPipeline: 0
IsRtlPipelined: 0
IsInstanceOverlapped: 0
IsDontTouch: 0
HasImplIP: 0
IsGatedGlobalClock: 0


============================================================
+ Verbose Summary: Schedule
============================================================
* Number of FSM states : 23
* Pipeline : 0
* Dataflow Pipeline: 1
  DF-Pipeline-0: Size = 23, States = { 1 2 3 4 5 6 7 8 9 10 11 12 13 14 15 16 17 18 19 20 21 22 23 }

* FSM state transitions: 
1 --> 2 
2 --> 3 
3 --> 4 
4 --> 5 
5 --> 6 
6 --> 7 
7 --> 8 
8 --> 9 
9 --> 10 
10 --> 11 
11 --> 12 
12 --> 13 
13 --> 14 
14 --> 15 
15 --> 16 
16 --> 17 
17 --> 18 
18 --> 19 
19 --> 20 
20 --> 21 
21 --> 22 
22 --> 23 
23 --> 

* FSM state operations: 

State 1 <SV = 0> <Delay = 0.00>
ST_1 : Operation 24 [2/2] (0.00ns)   --->   "%regDefaultGateway_read = read i32 @_ssdm_op_Read.ap_none.i32, i32 %regDefaultGateway"   --->   Operation 24 'read' 'regDefaultGateway_read' <Predicate = true> <Delay = 0.00>
ST_1 : Operation 25 [2/2] (0.00ns)   --->   "%regSubNetMask_read = read i32 @_ssdm_op_Read.ap_none.i32, i32 %regSubNetMask"   --->   Operation 25 'read' 'regSubNetMask_read' <Predicate = true> <Delay = 0.00>
ST_1 : Operation 26 [2/2] (0.00ns)   --->   "%myMacAddress_read = read i48 @_ssdm_op_Read.ap_none.i48, i48 %myMacAddress"   --->   Operation 26 'read' 'myMacAddress_read' <Predicate = true> <Delay = 0.00>
ST_1 : Operation 27 [1/1] (0.00ns)   --->   "%regDefaultGateway_c = alloca i64 1"   --->   Operation 27 'alloca' 'regDefaultGateway_c' <Predicate = true> <Delay = 0.00> <CoreInst = "FIFO_SRL">   --->   Core 81 'FIFO_SRL' <Latency = 0> <II = 1> <Delay = 1.46> <Storage> <Opcode : 'read' 'write' 'nbread' 'nbwrite'> <Ports = 0> <Width = 32> <Depth = 3> <FIFO>
ST_1 : Operation 28 [1/1] (0.00ns)   --->   "%regSubNetMask_c = alloca i64 1"   --->   Operation 28 'alloca' 'regSubNetMask_c' <Predicate = true> <Delay = 0.00> <CoreInst = "FIFO_SRL">   --->   Core 81 'FIFO_SRL' <Latency = 0> <II = 1> <Delay = 1.46> <Storage> <Opcode : 'read' 'write' 'nbread' 'nbwrite'> <Ports = 0> <Width = 32> <Depth = 3> <FIFO>
ST_1 : Operation 29 [1/1] (0.00ns)   --->   "%myMacAddress_c = alloca i64 1"   --->   Operation 29 'alloca' 'myMacAddress_c' <Predicate = true> <Delay = 0.00> <CoreInst = "FIFO_SRL">   --->   Core 81 'FIFO_SRL' <Latency = 0> <II = 1> <Delay = 1.40> <Storage> <Opcode : 'read' 'write' 'nbread' 'nbwrite'> <Ports = 0> <Width = 48> <Depth = 7> <FIFO>

State 2 <SV = 1> <Delay = 1.16>
ST_2 : Operation 30 [1/2] (0.00ns)   --->   "%regDefaultGateway_read = read i32 @_ssdm_op_Read.ap_none.i32, i32 %regDefaultGateway"   --->   Operation 30 'read' 'regDefaultGateway_read' <Predicate = true> <Delay = 0.00>
ST_2 : Operation 31 [1/2] (0.00ns)   --->   "%regSubNetMask_read = read i32 @_ssdm_op_Read.ap_none.i32, i32 %regSubNetMask"   --->   Operation 31 'read' 'regSubNetMask_read' <Predicate = true> <Delay = 0.00>
ST_2 : Operation 32 [1/2] (0.00ns)   --->   "%myMacAddress_read = read i48 @_ssdm_op_Read.ap_none.i48, i48 %myMacAddress"   --->   Operation 32 'read' 'myMacAddress_read' <Predicate = true> <Delay = 0.00>
ST_2 : Operation 33 [1/1] (1.16ns)   --->   "%call_ln0 = call void @entry_proc, i48 %myMacAddress_read, i48 %myMacAddress_c, i32 %regSubNetMask_read, i32 %regSubNetMask_c, i32 %regDefaultGateway_read, i32 %regDefaultGateway_c"   --->   Operation 33 'call' 'call_ln0' <Predicate = true> <Delay = 1.16> <CoreType = "Generic">   --->   Core 0 '' <Latency = 0> <II = 1> <Delay = 1.00> <Generic> <Opcode : >
ST_2 : Operation 34 [2/2] (0.00ns)   --->   "%call_ln446 = call void @convert_axis_to_net_axis<512>, i512 %s_axis_ip_V_data_V, i64 %s_axis_ip_V_keep_V, i64 %s_axis_ip_V_strb_V, i1 %s_axis_ip_V_last_V, i1024 %dataIn_internal" [/home/yangz0e/Desktop/Vitis_with_100Gbps_TCP-IP_top_k/fpga-network-stack/hls/mac_ip_encode/mac_ip_encode.cpp:446]   --->   Operation 34 'call' 'call_ln446' <Predicate = true> <Delay = 0.00> <CoreType = "Generic">   --->   Core 0 '' <Latency = 0> <II = 1> <Delay = 1.00> <Generic> <Opcode : >

State 3 <SV = 2> <Delay = 0.00>
ST_3 : Operation 35 [1/2] (0.00ns)   --->   "%call_ln446 = call void @convert_axis_to_net_axis<512>, i512 %s_axis_ip_V_data_V, i64 %s_axis_ip_V_keep_V, i64 %s_axis_ip_V_strb_V, i1 %s_axis_ip_V_last_V, i1024 %dataIn_internal" [/home/yangz0e/Desktop/Vitis_with_100Gbps_TCP-IP_top_k/fpga-network-stack/hls/mac_ip_encode/mac_ip_encode.cpp:446]   --->   Operation 35 'call' 'call_ln446' <Predicate = true> <Delay = 0.00> <CoreType = "Generic">   --->   Core 0 '' <Latency = 0> <II = 1> <Delay = 1.00> <Generic> <Opcode : >

State 4 <SV = 3> <Delay = 0.00>
ST_4 : Operation 36 [4/4] (0.00ns)   --->   "%call_ln404 = call void @extract_ip_address<512>, i32 %m_axis_arp_lookup_request, i32 %regSubNetMask_c, i32 %regDefaultGateway_c, i1024 %dataIn_internal, i1 %header_ready, i16 %header_idx, i160 %header_header_V, i577 %dataStreamBuffer0, i1 %metaWritten" [/home/yangz0e/Desktop/Vitis_with_100Gbps_TCP-IP_top_k/fpga-network-stack/hls/mac_ip_encode/mac_ip_encode.cpp:404]   --->   Operation 36 'call' 'call_ln404' <Predicate = true> <Delay = 0.00> <CoreType = "Generic">   --->   Core 0 '' <Latency = 0> <II = 1> <Delay = 1.00> <Generic> <Opcode : >

State 5 <SV = 4> <Delay = 0.00>
ST_5 : Operation 37 [3/4] (0.00ns)   --->   "%call_ln404 = call void @extract_ip_address<512>, i32 %m_axis_arp_lookup_request, i32 %regSubNetMask_c, i32 %regDefaultGateway_c, i1024 %dataIn_internal, i1 %header_ready, i16 %header_idx, i160 %header_header_V, i577 %dataStreamBuffer0, i1 %metaWritten" [/home/yangz0e/Desktop/Vitis_with_100Gbps_TCP-IP_top_k/fpga-network-stack/hls/mac_ip_encode/mac_ip_encode.cpp:404]   --->   Operation 37 'call' 'call_ln404' <Predicate = true> <Delay = 0.00> <CoreType = "Generic">   --->   Core 0 '' <Latency = 0> <II = 1> <Delay = 1.00> <Generic> <Opcode : >

State 6 <SV = 5> <Delay = 0.00>
ST_6 : Operation 38 [2/4] (0.00ns)   --->   "%call_ln404 = call void @extract_ip_address<512>, i32 %m_axis_arp_lookup_request, i32 %regSubNetMask_c, i32 %regDefaultGateway_c, i1024 %dataIn_internal, i1 %header_ready, i16 %header_idx, i160 %header_header_V, i577 %dataStreamBuffer0, i1 %metaWritten" [/home/yangz0e/Desktop/Vitis_with_100Gbps_TCP-IP_top_k/fpga-network-stack/hls/mac_ip_encode/mac_ip_encode.cpp:404]   --->   Operation 38 'call' 'call_ln404' <Predicate = true> <Delay = 0.00> <CoreType = "Generic">   --->   Core 0 '' <Latency = 0> <II = 1> <Delay = 1.00> <Generic> <Opcode : >

State 7 <SV = 6> <Delay = 0.00>
ST_7 : Operation 39 [1/4] (0.00ns)   --->   "%call_ln404 = call void @extract_ip_address<512>, i32 %m_axis_arp_lookup_request, i32 %regSubNetMask_c, i32 %regDefaultGateway_c, i1024 %dataIn_internal, i1 %header_ready, i16 %header_idx, i160 %header_header_V, i577 %dataStreamBuffer0, i1 %metaWritten" [/home/yangz0e/Desktop/Vitis_with_100Gbps_TCP-IP_top_k/fpga-network-stack/hls/mac_ip_encode/mac_ip_encode.cpp:404]   --->   Operation 39 'call' 'call_ln404' <Predicate = true> <Delay = 0.00> <CoreType = "Generic">   --->   Core 0 '' <Latency = 0> <II = 1> <Delay = 1.00> <Generic> <Opcode : >

State 8 <SV = 7> <Delay = 0.00>
ST_8 : Operation 40 [3/3] (0.00ns)   --->   "%call_ln406 = call void @mac_compute_ipv4_checksum, i577 %dataStreamBuffer0, i577 %dataStreamBuffer1, i1 %cics_firstWord, i17 %cics_ip_sums_sum_V_0, i17 %cics_ip_sums_sum_V_1, i17 %cics_ip_sums_sum_V_2, i17 %cics_ip_sums_sum_V_3, i17 %cics_ip_sums_sum_V_4, i17 %cics_ip_sums_sum_V_6, i17 %cics_ip_sums_sum_V_7, i17 %cics_ip_sums_sum_V_8, i17 %cics_ip_sums_sum_V_9, i17 %cics_ip_sums_sum_V_10, i17 %cics_ip_sums_sum_V_11, i17 %cics_ip_sums_sum_V_12, i17 %cics_ip_sums_sum_V_13, i17 %cics_ip_sums_sum_V_14, i17 %cics_ip_sums_sum_V_15, i17 %cics_ip_sums_sum_V_16, i17 %cics_ip_sums_sum_V_17, i17 %cics_ip_sums_sum_V_18, i17 %cics_ip_sums_sum_V_19, i17 %cics_ip_sums_sum_V_20, i17 %cics_ip_sums_sum_V_21, i17 %cics_ip_sums_sum_V_22, i17 %cics_ip_sums_sum_V_23, i17 %cics_ip_sums_sum_V_24, i17 %cics_ip_sums_sum_V_25, i17 %cics_ip_sums_sum_V_26, i17 %cics_ip_sums_sum_V_27, i17 %cics_ip_sums_sum_V_28, i17 %cics_ip_sums_sum_V_29, i1024 %subSumFifo" [/home/yangz0e/Desktop/Vitis_with_100Gbps_TCP-IP_top_k/fpga-network-stack/hls/mac_ip_encode/mac_ip_encode.cpp:406]   --->   Operation 40 'call' 'call_ln406' <Predicate = true> <Delay = 0.00> <CoreType = "Generic">   --->   Core 0 '' <Latency = 0> <II = 1> <Delay = 1.00> <Generic> <Opcode : >

State 9 <SV = 8> <Delay = 0.00>
ST_9 : Operation 41 [2/3] (0.00ns)   --->   "%call_ln406 = call void @mac_compute_ipv4_checksum, i577 %dataStreamBuffer0, i577 %dataStreamBuffer1, i1 %cics_firstWord, i17 %cics_ip_sums_sum_V_0, i17 %cics_ip_sums_sum_V_1, i17 %cics_ip_sums_sum_V_2, i17 %cics_ip_sums_sum_V_3, i17 %cics_ip_sums_sum_V_4, i17 %cics_ip_sums_sum_V_6, i17 %cics_ip_sums_sum_V_7, i17 %cics_ip_sums_sum_V_8, i17 %cics_ip_sums_sum_V_9, i17 %cics_ip_sums_sum_V_10, i17 %cics_ip_sums_sum_V_11, i17 %cics_ip_sums_sum_V_12, i17 %cics_ip_sums_sum_V_13, i17 %cics_ip_sums_sum_V_14, i17 %cics_ip_sums_sum_V_15, i17 %cics_ip_sums_sum_V_16, i17 %cics_ip_sums_sum_V_17, i17 %cics_ip_sums_sum_V_18, i17 %cics_ip_sums_sum_V_19, i17 %cics_ip_sums_sum_V_20, i17 %cics_ip_sums_sum_V_21, i17 %cics_ip_sums_sum_V_22, i17 %cics_ip_sums_sum_V_23, i17 %cics_ip_sums_sum_V_24, i17 %cics_ip_sums_sum_V_25, i17 %cics_ip_sums_sum_V_26, i17 %cics_ip_sums_sum_V_27, i17 %cics_ip_sums_sum_V_28, i17 %cics_ip_sums_sum_V_29, i1024 %subSumFifo" [/home/yangz0e/Desktop/Vitis_with_100Gbps_TCP-IP_top_k/fpga-network-stack/hls/mac_ip_encode/mac_ip_encode.cpp:406]   --->   Operation 41 'call' 'call_ln406' <Predicate = true> <Delay = 0.00> <CoreType = "Generic">   --->   Core 0 '' <Latency = 0> <II = 1> <Delay = 1.00> <Generic> <Opcode : >

State 10 <SV = 9> <Delay = 0.00>
ST_10 : Operation 42 [1/3] (0.00ns)   --->   "%call_ln406 = call void @mac_compute_ipv4_checksum, i577 %dataStreamBuffer0, i577 %dataStreamBuffer1, i1 %cics_firstWord, i17 %cics_ip_sums_sum_V_0, i17 %cics_ip_sums_sum_V_1, i17 %cics_ip_sums_sum_V_2, i17 %cics_ip_sums_sum_V_3, i17 %cics_ip_sums_sum_V_4, i17 %cics_ip_sums_sum_V_6, i17 %cics_ip_sums_sum_V_7, i17 %cics_ip_sums_sum_V_8, i17 %cics_ip_sums_sum_V_9, i17 %cics_ip_sums_sum_V_10, i17 %cics_ip_sums_sum_V_11, i17 %cics_ip_sums_sum_V_12, i17 %cics_ip_sums_sum_V_13, i17 %cics_ip_sums_sum_V_14, i17 %cics_ip_sums_sum_V_15, i17 %cics_ip_sums_sum_V_16, i17 %cics_ip_sums_sum_V_17, i17 %cics_ip_sums_sum_V_18, i17 %cics_ip_sums_sum_V_19, i17 %cics_ip_sums_sum_V_20, i17 %cics_ip_sums_sum_V_21, i17 %cics_ip_sums_sum_V_22, i17 %cics_ip_sums_sum_V_23, i17 %cics_ip_sums_sum_V_24, i17 %cics_ip_sums_sum_V_25, i17 %cics_ip_sums_sum_V_26, i17 %cics_ip_sums_sum_V_27, i17 %cics_ip_sums_sum_V_28, i17 %cics_ip_sums_sum_V_29, i1024 %subSumFifo" [/home/yangz0e/Desktop/Vitis_with_100Gbps_TCP-IP_top_k/fpga-network-stack/hls/mac_ip_encode/mac_ip_encode.cpp:406]   --->   Operation 42 'call' 'call_ln406' <Predicate = true> <Delay = 0.00> <CoreType = "Generic">   --->   Core 0 '' <Latency = 0> <II = 1> <Delay = 1.00> <Generic> <Opcode : >

State 11 <SV = 10> <Delay = 0.00>
ST_11 : Operation 43 [5/5] (0.00ns)   --->   "%call_ln407 = call void @mac_finalize_ipv4_checksum<32>, i1024 %subSumFifo, i16 %checksumFifo" [/home/yangz0e/Desktop/Vitis_with_100Gbps_TCP-IP_top_k/fpga-network-stack/hls/mac_ip_encode/mac_ip_encode.cpp:407]   --->   Operation 43 'call' 'call_ln407' <Predicate = true> <Delay = 0.00> <CoreType = "Generic">   --->   Core 0 '' <Latency = 0> <II = 1> <Delay = 1.00> <Generic> <Opcode : >

State 12 <SV = 11> <Delay = 0.00>
ST_12 : Operation 44 [4/5] (0.00ns)   --->   "%call_ln407 = call void @mac_finalize_ipv4_checksum<32>, i1024 %subSumFifo, i16 %checksumFifo" [/home/yangz0e/Desktop/Vitis_with_100Gbps_TCP-IP_top_k/fpga-network-stack/hls/mac_ip_encode/mac_ip_encode.cpp:407]   --->   Operation 44 'call' 'call_ln407' <Predicate = true> <Delay = 0.00> <CoreType = "Generic">   --->   Core 0 '' <Latency = 0> <II = 1> <Delay = 1.00> <Generic> <Opcode : >

State 13 <SV = 12> <Delay = 0.00>
ST_13 : Operation 45 [3/5] (0.00ns)   --->   "%call_ln407 = call void @mac_finalize_ipv4_checksum<32>, i1024 %subSumFifo, i16 %checksumFifo" [/home/yangz0e/Desktop/Vitis_with_100Gbps_TCP-IP_top_k/fpga-network-stack/hls/mac_ip_encode/mac_ip_encode.cpp:407]   --->   Operation 45 'call' 'call_ln407' <Predicate = true> <Delay = 0.00> <CoreType = "Generic">   --->   Core 0 '' <Latency = 0> <II = 1> <Delay = 1.00> <Generic> <Opcode : >

State 14 <SV = 13> <Delay = 0.00>
ST_14 : Operation 46 [2/5] (0.00ns)   --->   "%call_ln407 = call void @mac_finalize_ipv4_checksum<32>, i1024 %subSumFifo, i16 %checksumFifo" [/home/yangz0e/Desktop/Vitis_with_100Gbps_TCP-IP_top_k/fpga-network-stack/hls/mac_ip_encode/mac_ip_encode.cpp:407]   --->   Operation 46 'call' 'call_ln407' <Predicate = true> <Delay = 0.00> <CoreType = "Generic">   --->   Core 0 '' <Latency = 0> <II = 1> <Delay = 1.00> <Generic> <Opcode : >

State 15 <SV = 14> <Delay = 0.00>
ST_15 : Operation 47 [1/5] (0.00ns)   --->   "%call_ln407 = call void @mac_finalize_ipv4_checksum<32>, i1024 %subSumFifo, i16 %checksumFifo" [/home/yangz0e/Desktop/Vitis_with_100Gbps_TCP-IP_top_k/fpga-network-stack/hls/mac_ip_encode/mac_ip_encode.cpp:407]   --->   Operation 47 'call' 'call_ln407' <Predicate = true> <Delay = 0.00> <CoreType = "Generic">   --->   Core 0 '' <Latency = 0> <II = 1> <Delay = 1.00> <Generic> <Opcode : >

State 16 <SV = 15> <Delay = 0.00>
ST_16 : Operation 48 [2/2] (0.00ns)   --->   "%call_ln409 = call void @insert_ip_checksum<512>, i2 %wordCount_V, i577 %dataStreamBuffer1, i16 %checksumFifo, i577 %dataStreamBuffer2" [/home/yangz0e/Desktop/Vitis_with_100Gbps_TCP-IP_top_k/fpga-network-stack/hls/mac_ip_encode/mac_ip_encode.cpp:409]   --->   Operation 48 'call' 'call_ln409' <Predicate = true> <Delay = 0.00> <CoreType = "Generic">   --->   Core 0 '' <Latency = 0> <II = 1> <Delay = 1.00> <Generic> <Opcode : >

State 17 <SV = 16> <Delay = 0.00>
ST_17 : Operation 49 [1/2] (0.00ns)   --->   "%call_ln409 = call void @insert_ip_checksum<512>, i2 %wordCount_V, i577 %dataStreamBuffer1, i16 %checksumFifo, i577 %dataStreamBuffer2" [/home/yangz0e/Desktop/Vitis_with_100Gbps_TCP-IP_top_k/fpga-network-stack/hls/mac_ip_encode/mac_ip_encode.cpp:409]   --->   Operation 49 'call' 'call_ln409' <Predicate = true> <Delay = 0.00> <CoreType = "Generic">   --->   Core 0 '' <Latency = 0> <II = 1> <Delay = 1.00> <Generic> <Opcode : >

State 18 <SV = 17> <Delay = 0.00>
ST_18 : Operation 50 [2/2] (0.00ns)   --->   "%call_ln412 = call void @handle_arp_reply<512>, i56 %s_axis_arp_lookup_reply, i48 %myMacAddress_c, i2 %har_state, i577 %dataStreamBuffer2, i129 %headerFifo, i577 %dataStreamBuffer3" [/home/yangz0e/Desktop/Vitis_with_100Gbps_TCP-IP_top_k/fpga-network-stack/hls/mac_ip_encode/mac_ip_encode.cpp:412]   --->   Operation 50 'call' 'call_ln412' <Predicate = true> <Delay = 0.00> <CoreType = "Generic">   --->   Core 0 '' <Latency = 0> <II = 1> <Delay = 1.00> <Generic> <Opcode : >

State 19 <SV = 18> <Delay = 0.00>
ST_19 : Operation 51 [3/3] (0.00ns)   --->   "%call_ln449 = call void @convert_net_axis_to_axis<512>, i512 %m_axis_ip_V_data_V, i64 %m_axis_ip_V_keep_V, i64 %m_axis_ip_V_strb_V, i1 %m_axis_ip_V_last_V, i1024 %dataOut_internal" [/home/yangz0e/Desktop/Vitis_with_100Gbps_TCP-IP_top_k/fpga-network-stack/hls/mac_ip_encode/mac_ip_encode.cpp:449]   --->   Operation 51 'call' 'call_ln449' <Predicate = true> <Delay = 0.00> <CoreType = "Generic">   --->   Core 0 '' <Latency = 0> <II = 1> <Delay = 1.00> <Generic> <Opcode : >
ST_19 : Operation 52 [1/2] (0.00ns)   --->   "%call_ln412 = call void @handle_arp_reply<512>, i56 %s_axis_arp_lookup_reply, i48 %myMacAddress_c, i2 %har_state, i577 %dataStreamBuffer2, i129 %headerFifo, i577 %dataStreamBuffer3" [/home/yangz0e/Desktop/Vitis_with_100Gbps_TCP-IP_top_k/fpga-network-stack/hls/mac_ip_encode/mac_ip_encode.cpp:412]   --->   Operation 52 'call' 'call_ln412' <Predicate = true> <Delay = 0.00> <CoreType = "Generic">   --->   Core 0 '' <Latency = 0> <II = 1> <Delay = 1.00> <Generic> <Opcode : >

State 20 <SV = 19> <Delay = 1.16>
ST_20 : Operation 53 [2/3] (1.16ns)   --->   "%call_ln449 = call void @convert_net_axis_to_axis<512>, i512 %m_axis_ip_V_data_V, i64 %m_axis_ip_V_keep_V, i64 %m_axis_ip_V_strb_V, i1 %m_axis_ip_V_last_V, i1024 %dataOut_internal" [/home/yangz0e/Desktop/Vitis_with_100Gbps_TCP-IP_top_k/fpga-network-stack/hls/mac_ip_encode/mac_ip_encode.cpp:449]   --->   Operation 53 'call' 'call_ln449' <Predicate = true> <Delay = 1.16> <CoreType = "Generic">   --->   Core 0 '' <Latency = 0> <II = 1> <Delay = 1.00> <Generic> <Opcode : >
ST_20 : Operation 54 [2/2] (0.00ns)   --->   "%call_ln413 = call void @mac_lshiftWordByOctet<512, 1>, i1 %ls_writeRemainder, i512 %prevWord_data_V, i64 %prevWord_keep_V, i577 %dataStreamBuffer4, i577 %dataStreamBuffer3, i1 %ls_firstWord" [/home/yangz0e/Desktop/Vitis_with_100Gbps_TCP-IP_top_k/fpga-network-stack/hls/mac_ip_encode/mac_ip_encode.cpp:413]   --->   Operation 54 'call' 'call_ln413' <Predicate = true> <Delay = 0.00> <CoreType = "Generic">   --->   Core 0 '' <Latency = 0> <II = 1> <Delay = 1.00> <Generic> <Opcode : >

State 21 <SV = 20> <Delay = 0.00>
ST_21 : Operation 55 [1/3] (0.00ns)   --->   "%call_ln449 = call void @convert_net_axis_to_axis<512>, i512 %m_axis_ip_V_data_V, i64 %m_axis_ip_V_keep_V, i64 %m_axis_ip_V_strb_V, i1 %m_axis_ip_V_last_V, i1024 %dataOut_internal" [/home/yangz0e/Desktop/Vitis_with_100Gbps_TCP-IP_top_k/fpga-network-stack/hls/mac_ip_encode/mac_ip_encode.cpp:449]   --->   Operation 55 'call' 'call_ln449' <Predicate = true> <Delay = 0.00> <CoreType = "Generic">   --->   Core 0 '' <Latency = 0> <II = 1> <Delay = 1.00> <Generic> <Opcode : >
ST_21 : Operation 56 [1/2] (0.00ns)   --->   "%call_ln413 = call void @mac_lshiftWordByOctet<512, 1>, i1 %ls_writeRemainder, i512 %prevWord_data_V, i64 %prevWord_keep_V, i577 %dataStreamBuffer4, i577 %dataStreamBuffer3, i1 %ls_firstWord" [/home/yangz0e/Desktop/Vitis_with_100Gbps_TCP-IP_top_k/fpga-network-stack/hls/mac_ip_encode/mac_ip_encode.cpp:413]   --->   Operation 56 'call' 'call_ln413' <Predicate = true> <Delay = 0.00> <CoreType = "Generic">   --->   Core 0 '' <Latency = 0> <II = 1> <Delay = 1.00> <Generic> <Opcode : >

State 22 <SV = 21> <Delay = 0.00>
ST_22 : Operation 57 [2/2] (0.00ns)   --->   "%call_ln414 = call void @insert_ethernet_header<512>, i2 %ge_state, i129 %headerFifo, i577 %dataStreamBuffer4, i1024 %dataOut_internal" [/home/yangz0e/Desktop/Vitis_with_100Gbps_TCP-IP_top_k/fpga-network-stack/hls/mac_ip_encode/mac_ip_encode.cpp:414]   --->   Operation 57 'call' 'call_ln414' <Predicate = true> <Delay = 0.00> <CoreType = "Generic">   --->   Core 0 '' <Latency = 0> <II = 1> <Delay = 1.00> <Generic> <Opcode : >

State 23 <SV = 22> <Delay = 0.00>
ST_23 : Operation 58 [1/1] (0.00ns)   --->   "%empty = specchannel i32 @_ssdm_op_SpecChannel, void @regDefaultGateway_c_str, i32 1, void @p_str, void @p_str, i32 3, i32 0, i32 %regDefaultGateway_c, i32 %regDefaultGateway_c"   --->   Operation 58 'specchannel' 'empty' <Predicate = true> <Delay = 0.00>
ST_23 : Operation 59 [1/1] (0.00ns)   --->   "%specinterface_ln0 = specinterface void @_ssdm_op_SpecInterface, i32 %regDefaultGateway_c, void @ap_fifo_str, i32 0, i32 0, void @p_str, i32 0, i32 0, void @p_str, void @p_str, void @p_str, i32 2, i32 2, i32 16, i32 16, void @p_str, void @p_str"   --->   Operation 59 'specinterface' 'specinterface_ln0' <Predicate = true> <Delay = 0.00>
ST_23 : Operation 60 [1/1] (0.00ns)   --->   "%empty_41 = specchannel i32 @_ssdm_op_SpecChannel, void @regSubNetMask_c_str, i32 1, void @p_str, void @p_str, i32 3, i32 0, i32 %regSubNetMask_c, i32 %regSubNetMask_c"   --->   Operation 60 'specchannel' 'empty_41' <Predicate = true> <Delay = 0.00>
ST_23 : Operation 61 [1/1] (0.00ns)   --->   "%specinterface_ln0 = specinterface void @_ssdm_op_SpecInterface, i32 %regSubNetMask_c, void @ap_fifo_str, i32 0, i32 0, void @p_str, i32 0, i32 0, void @p_str, void @p_str, void @p_str, i32 2, i32 2, i32 16, i32 16, void @p_str, void @p_str"   --->   Operation 61 'specinterface' 'specinterface_ln0' <Predicate = true> <Delay = 0.00>
ST_23 : Operation 62 [1/1] (0.00ns)   --->   "%empty_42 = specchannel i32 @_ssdm_op_SpecChannel, void @myMacAddress_c_str, i32 1, void @p_str, void @p_str, i32 7, i32 0, i48 %myMacAddress_c, i48 %myMacAddress_c"   --->   Operation 62 'specchannel' 'empty_42' <Predicate = true> <Delay = 0.00>
ST_23 : Operation 63 [1/1] (0.00ns)   --->   "%specinterface_ln0 = specinterface void @_ssdm_op_SpecInterface, i48 %myMacAddress_c, void @ap_fifo_str, i32 0, i32 0, void @p_str, i32 0, i32 0, void @p_str, void @p_str, void @p_str, i32 2, i32 2, i32 16, i32 16, void @p_str, void @p_str"   --->   Operation 63 'specinterface' 'specinterface_ln0' <Predicate = true> <Delay = 0.00>
ST_23 : Operation 64 [1/1] (0.00ns)   --->   "%specdataflowpipeline_ln0 = specdataflowpipeline void @_ssdm_op_SpecDataflowPipeline, i32 4294967295, i32 1, void @empty_1"   --->   Operation 64 'specdataflowpipeline' 'specdataflowpipeline_ln0' <Predicate = true> <Delay = 0.00>
ST_23 : Operation 65 [1/1] (0.00ns)   --->   "%empty_43 = specchannel i32 @_ssdm_op_SpecChannel, void @checksumFifo_str, i32 1, void @p_str, void @p_str, i32 16, i32 16, i16 %checksumFifo, i16 %checksumFifo"   --->   Operation 65 'specchannel' 'empty_43' <Predicate = true> <Delay = 0.00>
ST_23 : Operation 66 [1/1] (0.00ns)   --->   "%empty_44 = specchannel i32 @_ssdm_op_SpecChannel, void @dataIn_internal_str, i32 1, void @p_str, void @p_str, i32 2, i32 2, i1024 %dataIn_internal, i1024 %dataIn_internal"   --->   Operation 66 'specchannel' 'empty_44' <Predicate = true> <Delay = 0.00>
ST_23 : Operation 67 [1/1] (0.00ns)   --->   "%empty_45 = specchannel i32 @_ssdm_op_SpecChannel, void @dataOut_internal_str, i32 1, void @p_str, void @p_str, i32 2, i32 2, i1024 %dataOut_internal, i1024 %dataOut_internal"   --->   Operation 67 'specchannel' 'empty_45' <Predicate = true> <Delay = 0.00>
ST_23 : Operation 68 [1/1] (0.00ns)   --->   "%empty_46 = specchannel i32 @_ssdm_op_SpecChannel, void @dataStreamBuffer0_str, i32 1, void @p_str, void @p_str, i32 2, i32 2, i577 %dataStreamBuffer0, i577 %dataStreamBuffer0"   --->   Operation 68 'specchannel' 'empty_46' <Predicate = true> <Delay = 0.00>
ST_23 : Operation 69 [1/1] (0.00ns)   --->   "%empty_47 = specchannel i32 @_ssdm_op_SpecChannel, void @dataStreamBuffer1_str, i32 1, void @p_str, void @p_str, i32 32, i32 32, i577 %dataStreamBuffer1, i577 %dataStreamBuffer1"   --->   Operation 69 'specchannel' 'empty_47' <Predicate = true> <Delay = 0.00>
ST_23 : Operation 70 [1/1] (0.00ns)   --->   "%empty_48 = specchannel i32 @_ssdm_op_SpecChannel, void @dataStreamBuffer2_str, i32 1, void @p_str, void @p_str, i32 2, i32 2, i577 %dataStreamBuffer2, i577 %dataStreamBuffer2"   --->   Operation 70 'specchannel' 'empty_48' <Predicate = true> <Delay = 0.00>
ST_23 : Operation 71 [1/1] (0.00ns)   --->   "%empty_49 = specchannel i32 @_ssdm_op_SpecChannel, void @dataStreamBuffer3_str, i32 1, void @p_str, void @p_str, i32 2, i32 2, i577 %dataStreamBuffer3, i577 %dataStreamBuffer3"   --->   Operation 71 'specchannel' 'empty_49' <Predicate = true> <Delay = 0.00>
ST_23 : Operation 72 [1/1] (0.00ns)   --->   "%empty_50 = specchannel i32 @_ssdm_op_SpecChannel, void @dataStreamBuffer4_str, i32 1, void @p_str, void @p_str, i32 2, i32 2, i577 %dataStreamBuffer4, i577 %dataStreamBuffer4"   --->   Operation 72 'specchannel' 'empty_50' <Predicate = true> <Delay = 0.00>
ST_23 : Operation 73 [1/1] (0.00ns)   --->   "%empty_51 = specchannel i32 @_ssdm_op_SpecChannel, void @headerFifo_str, i32 1, void @p_str, void @p_str, i32 2, i32 2, i129 %headerFifo, i129 %headerFifo"   --->   Operation 73 'specchannel' 'empty_51' <Predicate = true> <Delay = 0.00>
ST_23 : Operation 74 [1/1] (0.00ns)   --->   "%empty_52 = specchannel i32 @_ssdm_op_SpecChannel, void @subSumFifo_str, i32 1, void @p_str, void @p_str, i32 2, i32 2, i1024 %subSumFifo, i1024 %subSumFifo"   --->   Operation 74 'specchannel' 'empty_52' <Predicate = true> <Delay = 0.00>
ST_23 : Operation 75 [1/1] (0.00ns)   --->   "%spectopmodule_ln0 = spectopmodule void @_ssdm_op_SpecTopModule, void @empty_5"   --->   Operation 75 'spectopmodule' 'spectopmodule_ln0' <Predicate = true> <Delay = 0.00>
ST_23 : Operation 76 [1/1] (0.00ns)   --->   "%specinterface_ln0 = specinterface void @_ssdm_op_SpecInterface, i32 0, void @empty_2, i32 0, i32 0, void @empty_1, i32 0, i32 0, void @empty_1, void @empty_1, void @empty_1, i32 0, i32 0, i32 0, i32 0, void @empty_1, void @empty_1"   --->   Operation 76 'specinterface' 'specinterface_ln0' <Predicate = true> <Delay = 0.00>
ST_23 : Operation 77 [1/1] (0.00ns)   --->   "%specinterface_ln0 = specinterface void @_ssdm_op_SpecInterface, i512 %s_axis_ip_V_data_V, i64 %s_axis_ip_V_keep_V, i64 %s_axis_ip_V_strb_V, i1 %s_axis_ip_V_last_V, void @empty, i32 1, i32 1, void @empty_0, i32 0, i32 0, void @empty_1, void @empty_1, void @empty_1, i32 0, i32 0, i32 0, i32 0, void @empty_1, void @empty_1"   --->   Operation 77 'specinterface' 'specinterface_ln0' <Predicate = true> <Delay = 0.00>
ST_23 : Operation 78 [1/1] (0.00ns)   --->   "%specbitsmap_ln0 = specbitsmap void @_ssdm_op_SpecBitsMap, i512 %s_axis_ip_V_data_V"   --->   Operation 78 'specbitsmap' 'specbitsmap_ln0' <Predicate = true> <Delay = 0.00>
ST_23 : Operation 79 [1/1] (0.00ns)   --->   "%specbitsmap_ln0 = specbitsmap void @_ssdm_op_SpecBitsMap, i64 %s_axis_ip_V_keep_V"   --->   Operation 79 'specbitsmap' 'specbitsmap_ln0' <Predicate = true> <Delay = 0.00>
ST_23 : Operation 80 [1/1] (0.00ns)   --->   "%specbitsmap_ln0 = specbitsmap void @_ssdm_op_SpecBitsMap, i64 %s_axis_ip_V_strb_V"   --->   Operation 80 'specbitsmap' 'specbitsmap_ln0' <Predicate = true> <Delay = 0.00>
ST_23 : Operation 81 [1/1] (0.00ns)   --->   "%specbitsmap_ln0 = specbitsmap void @_ssdm_op_SpecBitsMap, i1 %s_axis_ip_V_last_V"   --->   Operation 81 'specbitsmap' 'specbitsmap_ln0' <Predicate = true> <Delay = 0.00>
ST_23 : Operation 82 [1/1] (0.00ns)   --->   "%specinterface_ln0 = specinterface void @_ssdm_op_SpecInterface, i56 %s_axis_arp_lookup_reply, void @empty, i32 1, i32 1, void @empty_0, i32 0, i32 0, void @empty_1, void @empty_1, void @empty_1, i32 0, i32 0, i32 0, i32 0, void @empty_1, void @empty_1"   --->   Operation 82 'specinterface' 'specinterface_ln0' <Predicate = true> <Delay = 0.00>
ST_23 : Operation 83 [1/1] (0.00ns)   --->   "%specbitsmap_ln0 = specbitsmap void @_ssdm_op_SpecBitsMap, i56 %s_axis_arp_lookup_reply"   --->   Operation 83 'specbitsmap' 'specbitsmap_ln0' <Predicate = true> <Delay = 0.00>
ST_23 : Operation 84 [1/1] (0.00ns)   --->   "%specinterface_ln0 = specinterface void @_ssdm_op_SpecInterface, i512 %m_axis_ip_V_data_V, i64 %m_axis_ip_V_keep_V, i64 %m_axis_ip_V_strb_V, i1 %m_axis_ip_V_last_V, void @empty, i32 1, i32 1, void @empty_0, i32 0, i32 0, void @empty_1, void @empty_1, void @empty_1, i32 0, i32 0, i32 0, i32 0, void @empty_1, void @empty_1"   --->   Operation 84 'specinterface' 'specinterface_ln0' <Predicate = true> <Delay = 0.00>
ST_23 : Operation 85 [1/1] (0.00ns)   --->   "%specbitsmap_ln0 = specbitsmap void @_ssdm_op_SpecBitsMap, i512 %m_axis_ip_V_data_V"   --->   Operation 85 'specbitsmap' 'specbitsmap_ln0' <Predicate = true> <Delay = 0.00>
ST_23 : Operation 86 [1/1] (0.00ns)   --->   "%specbitsmap_ln0 = specbitsmap void @_ssdm_op_SpecBitsMap, i64 %m_axis_ip_V_keep_V"   --->   Operation 86 'specbitsmap' 'specbitsmap_ln0' <Predicate = true> <Delay = 0.00>
ST_23 : Operation 87 [1/1] (0.00ns)   --->   "%specbitsmap_ln0 = specbitsmap void @_ssdm_op_SpecBitsMap, i64 %m_axis_ip_V_strb_V"   --->   Operation 87 'specbitsmap' 'specbitsmap_ln0' <Predicate = true> <Delay = 0.00>
ST_23 : Operation 88 [1/1] (0.00ns)   --->   "%specbitsmap_ln0 = specbitsmap void @_ssdm_op_SpecBitsMap, i1 %m_axis_ip_V_last_V"   --->   Operation 88 'specbitsmap' 'specbitsmap_ln0' <Predicate = true> <Delay = 0.00>
ST_23 : Operation 89 [1/1] (0.00ns)   --->   "%specinterface_ln0 = specinterface void @_ssdm_op_SpecInterface, i32 %m_axis_arp_lookup_request, void @empty, i32 1, i32 1, void @empty_0, i32 0, i32 0, void @empty_1, void @empty_1, void @empty_1, i32 0, i32 0, i32 0, i32 0, void @empty_1, void @empty_1"   --->   Operation 89 'specinterface' 'specinterface_ln0' <Predicate = true> <Delay = 0.00>
ST_23 : Operation 90 [1/1] (0.00ns)   --->   "%specbitsmap_ln0 = specbitsmap void @_ssdm_op_SpecBitsMap, i32 %m_axis_arp_lookup_request"   --->   Operation 90 'specbitsmap' 'specbitsmap_ln0' <Predicate = true> <Delay = 0.00>
ST_23 : Operation 91 [1/1] (0.00ns)   --->   "%specbitsmap_ln0 = specbitsmap void @_ssdm_op_SpecBitsMap, i48 %myMacAddress"   --->   Operation 91 'specbitsmap' 'specbitsmap_ln0' <Predicate = true> <Delay = 0.00>
ST_23 : Operation 92 [1/1] (0.00ns)   --->   "%specinterface_ln0 = specinterface void @_ssdm_op_SpecInterface, i48 %myMacAddress, void @empty_3, i32 1, i32 1, void @empty_0, i32 0, i32 0, void @empty_1, void @empty_1, void @empty_1, i32 0, i32 0, i32 0, i32 0, void @empty_1, void @empty_1"   --->   Operation 92 'specinterface' 'specinterface_ln0' <Predicate = true> <Delay = 0.00>
ST_23 : Operation 93 [1/1] (0.00ns)   --->   "%specbitsmap_ln0 = specbitsmap void @_ssdm_op_SpecBitsMap, i32 %regSubNetMask"   --->   Operation 93 'specbitsmap' 'specbitsmap_ln0' <Predicate = true> <Delay = 0.00>
ST_23 : Operation 94 [1/1] (0.00ns)   --->   "%specinterface_ln0 = specinterface void @_ssdm_op_SpecInterface, i32 %regSubNetMask, void @empty_3, i32 1, i32 1, void @empty_0, i32 0, i32 0, void @empty_1, void @empty_1, void @empty_1, i32 0, i32 0, i32 0, i32 0, void @empty_1, void @empty_1"   --->   Operation 94 'specinterface' 'specinterface_ln0' <Predicate = true> <Delay = 0.00>
ST_23 : Operation 95 [1/1] (0.00ns)   --->   "%specbitsmap_ln0 = specbitsmap void @_ssdm_op_SpecBitsMap, i32 %regDefaultGateway"   --->   Operation 95 'specbitsmap' 'specbitsmap_ln0' <Predicate = true> <Delay = 0.00>
ST_23 : Operation 96 [1/1] (0.00ns)   --->   "%specinterface_ln0 = specinterface void @_ssdm_op_SpecInterface, i32 %regDefaultGateway, void @empty_3, i32 1, i32 1, void @empty_0, i32 0, i32 0, void @empty_1, void @empty_1, void @empty_1, i32 0, i32 0, i32 0, i32 0, void @empty_1, void @empty_1"   --->   Operation 96 'specinterface' 'specinterface_ln0' <Predicate = true> <Delay = 0.00>
ST_23 : Operation 97 [1/1] (0.00ns)   --->   "%specinterface_ln0 = specinterface void @_ssdm_op_SpecInterface, i1024 %dataIn_internal, void @empty_4, i32 0, i32 0, void @empty_1, i32 0, i32 0, void @empty_1, void @empty_1, void @empty_1, i32 0, i32 0, i32 0, i32 0, void @empty_1, void @empty_1"   --->   Operation 97 'specinterface' 'specinterface_ln0' <Predicate = true> <Delay = 0.00>
ST_23 : Operation 98 [1/1] (0.00ns)   --->   "%specinterface_ln0 = specinterface void @_ssdm_op_SpecInterface, i1024 %dataOut_internal, void @empty_4, i32 0, i32 0, void @empty_1, i32 0, i32 0, void @empty_1, void @empty_1, void @empty_1, i32 0, i32 0, i32 0, i32 0, void @empty_1, void @empty_1"   --->   Operation 98 'specinterface' 'specinterface_ln0' <Predicate = true> <Delay = 0.00>
ST_23 : Operation 99 [1/1] (0.00ns)   --->   "%specinterface_ln0 = specinterface void @_ssdm_op_SpecInterface, i577 %dataStreamBuffer0, void @empty_4, i32 0, i32 0, void @empty_1, i32 0, i32 0, void @empty_1, void @empty_1, void @empty_1, i32 0, i32 0, i32 0, i32 0, void @empty_1, void @empty_1"   --->   Operation 99 'specinterface' 'specinterface_ln0' <Predicate = true> <Delay = 0.00>
ST_23 : Operation 100 [1/1] (0.00ns)   --->   "%specinterface_ln0 = specinterface void @_ssdm_op_SpecInterface, i577 %dataStreamBuffer1, void @empty_4, i32 0, i32 0, void @empty_1, i32 0, i32 0, void @empty_1, void @empty_1, void @empty_1, i32 0, i32 0, i32 0, i32 0, void @empty_1, void @empty_1"   --->   Operation 100 'specinterface' 'specinterface_ln0' <Predicate = true> <Delay = 0.00>
ST_23 : Operation 101 [1/1] (0.00ns)   --->   "%specinterface_ln0 = specinterface void @_ssdm_op_SpecInterface, i1024 %subSumFifo, void @empty_4, i32 0, i32 0, void @empty_1, i32 0, i32 0, void @empty_1, void @empty_1, void @empty_1, i32 0, i32 0, i32 0, i32 0, void @empty_1, void @empty_1"   --->   Operation 101 'specinterface' 'specinterface_ln0' <Predicate = true> <Delay = 0.00>
ST_23 : Operation 102 [1/1] (0.00ns)   --->   "%specinterface_ln0 = specinterface void @_ssdm_op_SpecInterface, i16 %checksumFifo, void @empty_4, i32 0, i32 0, void @empty_1, i32 0, i32 0, void @empty_1, void @empty_1, void @empty_1, i32 0, i32 0, i32 0, i32 0, void @empty_1, void @empty_1"   --->   Operation 102 'specinterface' 'specinterface_ln0' <Predicate = true> <Delay = 0.00>
ST_23 : Operation 103 [1/1] (0.00ns)   --->   "%specinterface_ln0 = specinterface void @_ssdm_op_SpecInterface, i577 %dataStreamBuffer2, void @empty_4, i32 0, i32 0, void @empty_1, i32 0, i32 0, void @empty_1, void @empty_1, void @empty_1, i32 0, i32 0, i32 0, i32 0, void @empty_1, void @empty_1"   --->   Operation 103 'specinterface' 'specinterface_ln0' <Predicate = true> <Delay = 0.00>
ST_23 : Operation 104 [1/1] (0.00ns)   --->   "%specinterface_ln0 = specinterface void @_ssdm_op_SpecInterface, i129 %headerFifo, void @empty_4, i32 0, i32 0, void @empty_1, i32 0, i32 0, void @empty_1, void @empty_1, void @empty_1, i32 0, i32 0, i32 0, i32 0, void @empty_1, void @empty_1"   --->   Operation 104 'specinterface' 'specinterface_ln0' <Predicate = true> <Delay = 0.00>
ST_23 : Operation 105 [1/1] (0.00ns)   --->   "%specinterface_ln0 = specinterface void @_ssdm_op_SpecInterface, i577 %dataStreamBuffer3, void @empty_4, i32 0, i32 0, void @empty_1, i32 0, i32 0, void @empty_1, void @empty_1, void @empty_1, i32 0, i32 0, i32 0, i32 0, void @empty_1, void @empty_1"   --->   Operation 105 'specinterface' 'specinterface_ln0' <Predicate = true> <Delay = 0.00>
ST_23 : Operation 106 [1/1] (0.00ns)   --->   "%specinterface_ln0 = specinterface void @_ssdm_op_SpecInterface, i577 %dataStreamBuffer4, void @empty_4, i32 0, i32 0, void @empty_1, i32 0, i32 0, void @empty_1, void @empty_1, void @empty_1, i32 0, i32 0, i32 0, i32 0, void @empty_1, void @empty_1"   --->   Operation 106 'specinterface' 'specinterface_ln0' <Predicate = true> <Delay = 0.00>
ST_23 : Operation 107 [1/2] (0.00ns)   --->   "%call_ln414 = call void @insert_ethernet_header<512>, i2 %ge_state, i129 %headerFifo, i577 %dataStreamBuffer4, i1024 %dataOut_internal" [/home/yangz0e/Desktop/Vitis_with_100Gbps_TCP-IP_top_k/fpga-network-stack/hls/mac_ip_encode/mac_ip_encode.cpp:414]   --->   Operation 107 'call' 'call_ln414' <Predicate = true> <Delay = 0.00> <CoreType = "Generic">   --->   Core 0 '' <Latency = 0> <II = 1> <Delay = 1.00> <Generic> <Opcode : >
ST_23 : Operation 108 [1/1] (0.00ns)   --->   "%ret_ln460 = ret" [/home/yangz0e/Desktop/Vitis_with_100Gbps_TCP-IP_top_k/fpga-network-stack/hls/mac_ip_encode/mac_ip_encode.cpp:460]   --->   Operation 108 'ret' 'ret_ln460' <Predicate = true> <Delay = 0.00>


============================================================
+ Verbose Summary: Timing violations
============================================================
Target clock period: 3.2ns, clock uncertainty: 0.864ns.

 <State 1>: 0ns
The critical path consists of the following:

 <State 2>: 1.17ns
The critical path consists of the following:
	register read operation ('regDefaultGateway_read') on port 'regDefaultGateway' [65]  (0 ns)
	'call' operation ('call_ln0') to 'entry_proc' [120]  (1.17 ns)

 <State 3>: 0ns
The critical path consists of the following:

 <State 4>: 0ns
The critical path consists of the following:

 <State 5>: 0ns
The critical path consists of the following:

 <State 6>: 0ns
The critical path consists of the following:

 <State 7>: 0ns
The critical path consists of the following:

 <State 8>: 0ns
The critical path consists of the following:

 <State 9>: 0ns
The critical path consists of the following:

 <State 10>: 0ns
The critical path consists of the following:

 <State 11>: 0ns
The critical path consists of the following:

 <State 12>: 0ns
The critical path consists of the following:

 <State 13>: 0ns
The critical path consists of the following:

 <State 14>: 0ns
The critical path consists of the following:

 <State 15>: 0ns
The critical path consists of the following:

 <State 16>: 0ns
The critical path consists of the following:

 <State 17>: 0ns
The critical path consists of the following:

 <State 18>: 0ns
The critical path consists of the following:

 <State 19>: 0ns
The critical path consists of the following:

 <State 20>: 1.17ns
The critical path consists of the following:
	'call' operation ('call_ln449', /home/yangz0e/Desktop/Vitis_with_100Gbps_TCP-IP_top_k/fpga-network-stack/hls/mac_ip_encode/mac_ip_encode.cpp:449) to 'convert_net_axis_to_axis<512>' [122]  (1.17 ns)

 <State 21>: 0ns
The critical path consists of the following:

 <State 22>: 0ns
The critical path consists of the following:

 <State 23>: 0ns
The critical path consists of the following:


============================================================
+ Verbose Summary: Binding
============================================================
N/A
* FSMD analyzer results:
  - Output states:
 - Input state : 
  - Chain level:
	State 1
	State 2
	State 3
	State 4
	State 5
	State 6
	State 7
	State 8
	State 9
	State 10
	State 11
	State 12
	State 13
	State 14
	State 15
	State 16
	State 17
	State 18
	State 19
	State 20
	State 21
	State 22
	State 23


============================================================
+ Verbose Summary: Datapath Resource usage 
============================================================
N/A
