

================================================================
== Vitis HLS Report for 'detect_ipv6_protocol_512_s'
================================================================
* Date:           Sat Mar 18 14:33:48 2023

* Version:        2021.2 (Build 3367213 on Tue Oct 19 02:47:39 MDT 2021)
* Project:        ip_handler_prj
* Solution:       solution1 (Vivado IP Flow Target)
* Product family: virtexuplus
* Target device:  xcu280-fsvh2892-2L-e


================================================================
== Performance Estimates
================================================================
+ Timing: 
    * Summary: 
    +--------+---------+----------+------------+
    |  Clock |  Target | Estimated| Uncertainty|
    +--------+---------+----------+------------+
    |ap_clk  |  3.20 ns|  1.677 ns|     0.86 ns|
    +--------+---------+----------+------------+

+ Latency: 
    * Summary: 
    +---------+---------+----------+----------+-----+-----+---------+
    |  Latency (cycles) |  Latency (absolute) |  Interval | Pipeline|
    |   min   |   max   |    min   |    max   | min | max |   Type  |
    +---------+---------+----------+----------+-----+-----+---------+
    |        1|        1|  3.200 ns|  3.200 ns|    1|    1|      yes|
    +---------+---------+----------+----------+-----+-----+---------+

    + Detail: 
        * Instance: 
        N/A

        * Loop: 
        N/A

============================================================
+ Verbose Summary: Synthesis Manager
============================================================
InlineROM: 1
ExposeGlobal: 0
============================================================
+ Verbose Summary: CDFG Model
============================================================
IsTopModel: 0
ResetActiveHigh: 1
IsCombinational: 2
IsDatapathOnly: 0
HasWiredReturn: 1
HasMFsm: 2
HasVarLatency: 0
IsPipeline: 1
IsRtlPipelined: 1
IsInstanceOverlapped: 0
IsDontTouch: 0
HasImplIP: 0
IsGatedGlobalClock: 0

+ Individual pipeline summary: 
  * Pipeline-0: initiation interval (II) = 1, depth = 2


============================================================
+ Verbose Summary: Schedule
============================================================
* Number of FSM states : 2
* Pipeline : 1
  Pipeline-0 : II = 1, D = 2, States = { 1 2 }
* Dataflow Pipeline: 0

* FSM state transitions: 
1 --> 2 
2 --> 

* FSM state operations: 

State 1 <SV = 0> <Delay = 1.67>
ST_1 : Operation 3 [1/1] (0.00ns)   --->   "%specinterface_ln0 = specinterface void @_ssdm_op_SpecInterface, i1024 %ipv6DataFifo, void @empty_0, i32 0, i32 0, void @empty_2, i32 0, i32 0, void @empty_2, void @empty_2, void @empty_2, i32 0, i32 0, i32 0, i32 0, void @empty_2, void @empty_2"   --->   Operation 3 'specinterface' 'specinterface_ln0' <Predicate = true> <Delay = 0.00>
ST_1 : Operation 4 [1/1] (0.00ns)   --->   "%specinterface_ln0 = specinterface void @_ssdm_op_SpecInterface, i1024 %ipv6DataFifo, void @empty_0, i32 0, i32 0, void @empty_2, i32 0, i32 0, void @empty_2, void @empty_2, void @empty_2, i32 0, i32 0, i32 0, i32 0, void @empty_2, void @empty_2"   --->   Operation 4 'specinterface' 'specinterface_ln0' <Predicate = true> <Delay = 0.00>
ST_1 : Operation 5 [1/1] (0.00ns)   --->   "%specinterface_ln0 = specinterface void @_ssdm_op_SpecInterface, i1024 %ipv6DataFifo, void @empty_0, i32 0, i32 0, void @empty_2, i32 0, i32 0, void @empty_2, void @empty_2, void @empty_2, i32 0, i32 0, i32 0, i32 0, void @empty_2, void @empty_2"   --->   Operation 5 'specinterface' 'specinterface_ln0' <Predicate = true> <Delay = 0.00>
ST_1 : Operation 6 [1/1] (0.00ns)   --->   "%specinterface_ln0 = specinterface void @_ssdm_op_SpecInterface, i1024 %m_axis_icmpv6_internal, void @empty_0, i32 0, i32 0, void @empty_2, i32 0, i32 0, void @empty_2, void @empty_2, void @empty_2, i32 0, i32 0, i32 0, i32 0, void @empty_2, void @empty_2"   --->   Operation 6 'specinterface' 'specinterface_ln0' <Predicate = true> <Delay = 0.00>
ST_1 : Operation 7 [1/1] (0.00ns)   --->   "%specinterface_ln0 = specinterface void @_ssdm_op_SpecInterface, i1024 %m_axis_icmpv6_internal, void @empty_0, i32 0, i32 0, void @empty_2, i32 0, i32 0, void @empty_2, void @empty_2, void @empty_2, i32 0, i32 0, i32 0, i32 0, void @empty_2, void @empty_2"   --->   Operation 7 'specinterface' 'specinterface_ln0' <Predicate = true> <Delay = 0.00>
ST_1 : Operation 8 [1/1] (0.00ns)   --->   "%specinterface_ln0 = specinterface void @_ssdm_op_SpecInterface, i1024 %m_axis_icmpv6_internal, void @empty_0, i32 0, i32 0, void @empty_2, i32 0, i32 0, void @empty_2, void @empty_2, void @empty_2, i32 0, i32 0, i32 0, i32 0, void @empty_2, void @empty_2"   --->   Operation 8 'specinterface' 'specinterface_ln0' <Predicate = true> <Delay = 0.00>
ST_1 : Operation 9 [1/1] (0.00ns)   --->   "%specinterface_ln0 = specinterface void @_ssdm_op_SpecInterface, i1024 %m_axis_ipv6udp_internal, void @empty_0, i32 0, i32 0, void @empty_2, i32 0, i32 0, void @empty_2, void @empty_2, void @empty_2, i32 0, i32 0, i32 0, i32 0, void @empty_2, void @empty_2"   --->   Operation 9 'specinterface' 'specinterface_ln0' <Predicate = true> <Delay = 0.00>
ST_1 : Operation 10 [1/1] (0.00ns)   --->   "%specinterface_ln0 = specinterface void @_ssdm_op_SpecInterface, i1024 %m_axis_ipv6udp_internal, void @empty_0, i32 0, i32 0, void @empty_2, i32 0, i32 0, void @empty_2, void @empty_2, void @empty_2, i32 0, i32 0, i32 0, i32 0, void @empty_2, void @empty_2"   --->   Operation 10 'specinterface' 'specinterface_ln0' <Predicate = true> <Delay = 0.00>
ST_1 : Operation 11 [1/1] (0.00ns)   --->   "%specinterface_ln0 = specinterface void @_ssdm_op_SpecInterface, i1024 %m_axis_ipv6udp_internal, void @empty_0, i32 0, i32 0, void @empty_2, i32 0, i32 0, void @empty_2, void @empty_2, void @empty_2, i32 0, i32 0, i32 0, i32 0, void @empty_2, void @empty_2"   --->   Operation 11 'specinterface' 'specinterface_ln0' <Predicate = true> <Delay = 0.00>
ST_1 : Operation 12 [1/1] (0.00ns)   --->   "%specinterface_ln0 = specinterface void @_ssdm_op_SpecInterface, i1024 %ipv6DataFifo, void @empty_0, i32 0, i32 0, void @empty_2, i32 0, i32 0, void @empty_2, void @empty_2, void @empty_2, i32 0, i32 0, i32 0, i32 0, void @empty_2, void @empty_2"   --->   Operation 12 'specinterface' 'specinterface_ln0' <Predicate = true> <Delay = 0.00>
ST_1 : Operation 13 [1/1] (0.00ns)   --->   "%specinterface_ln0 = specinterface void @_ssdm_op_SpecInterface, i1024 %m_axis_ipv6udp_internal, void @empty_0, i32 0, i32 0, void @empty_2, i32 0, i32 0, void @empty_2, void @empty_2, void @empty_2, i32 0, i32 0, i32 0, i32 0, void @empty_2, void @empty_2"   --->   Operation 13 'specinterface' 'specinterface_ln0' <Predicate = true> <Delay = 0.00>
ST_1 : Operation 14 [1/1] (0.00ns)   --->   "%specinterface_ln0 = specinterface void @_ssdm_op_SpecInterface, i1024 %m_axis_icmpv6_internal, void @empty_0, i32 0, i32 0, void @empty_2, i32 0, i32 0, void @empty_2, void @empty_2, void @empty_2, i32 0, i32 0, i32 0, i32 0, void @empty_2, void @empty_2"   --->   Operation 14 'specinterface' 'specinterface_ln0' <Predicate = true> <Delay = 0.00>
ST_1 : Operation 15 [1/1] (0.00ns)   --->   "%specpipeline_ln398 = specpipeline void @_ssdm_op_SpecPipeline, i32 1, i32 0, i32 0, i32 0, void @empty_2" [/home/yangz0e/Desktop/Vitis_with_100Gbps_TCP-IP_top_k/fpga-network-stack/hls/ip_handler/ip_handler.cpp:398]   --->   Operation 15 'specpipeline' 'specpipeline_ln398' <Predicate = true> <Delay = 0.00>
ST_1 : Operation 16 [1/1] (0.00ns)   --->   "%state_V_load = load i1 %state_V"   --->   Operation 16 'load' 'state_V_load' <Predicate = true> <Delay = 0.00>
ST_1 : Operation 17 [1/1] (0.00ns)   --->   "%tmp_i = nbreadreq i1 @_ssdm_op_NbReadReq.ap_fifo.i1024P0A, i1024 %ipv6DataFifo, i32 1" [/tools/Xilinx/Vitis_HLS/2021.2/common/technology/autopilot/hls_stream_39.h:135]   --->   Operation 17 'nbreadreq' 'tmp_i' <Predicate = true> <Delay = 0.00> <CoreInst = "FIFO_SRL">   --->   Core 81 'FIFO_SRL' <Latency = 0> <II = 1> <Delay = 1.33> <Storage> <Opcode : 'read' 'write' 'nbread' 'nbwrite'> <Ports = 0> <Width = 1024> <Depth = 2> <FIFO>
ST_1 : Operation 18 [1/1] (0.00ns)   --->   "%br_ln408 = br i1 %state_V_load, void, void" [/home/yangz0e/Desktop/Vitis_with_100Gbps_TCP-IP_top_k/fpga-network-stack/hls/ip_handler/ip_handler.cpp:408]   --->   Operation 18 'br' 'br_ln408' <Predicate = true> <Delay = 0.00>
ST_1 : Operation 19 [1/1] (0.00ns)   --->   "%br_ln411 = br i1 %tmp_i, void %._crit_edge2.i, void" [/home/yangz0e/Desktop/Vitis_with_100Gbps_TCP-IP_top_k/fpga-network-stack/hls/ip_handler/ip_handler.cpp:411]   --->   Operation 19 'br' 'br_ln411' <Predicate = (!state_V_load)> <Delay = 0.00>
ST_1 : Operation 20 [1/1] (1.16ns)   --->   "%ipv6DataFifo_read_1 = read i1024 @_ssdm_op_Read.ap_fifo.volatile.i1024P0A, i1024 %ipv6DataFifo" [/tools/Xilinx/Vitis_HLS/2021.2/common/technology/autopilot/hls_stream_39.h:144]   --->   Operation 20 'read' 'ipv6DataFifo_read_1' <Predicate = (!state_V_load & tmp_i)> <Delay = 1.16> <CoreInst = "FIFO_SRL">   --->   Core 81 'FIFO_SRL' <Latency = 0> <II = 1> <Delay = 1.33> <Storage> <Opcode : 'read' 'write' 'nbread' 'nbwrite'> <Ports = 0> <Width = 1024> <Depth = 2> <FIFO>
ST_1 : Operation 21 [1/1] (0.00ns)   --->   "%tmp_last_V = bitselect i1 @_ssdm_op_BitSelect.i1.i1024.i32, i1024 %ipv6DataFifo_read_1, i32 576" [/tools/Xilinx/Vitis_HLS/2021.2/common/technology/autopilot/hls_stream_39.h:144]   --->   Operation 21 'bitselect' 'tmp_last_V' <Predicate = (!state_V_load & tmp_i)> <Delay = 0.00>
ST_1 : Operation 22 [1/1] (0.00ns)   --->   "%p_Result_i = partselect i8 @_ssdm_op_PartSelect.i8.i1024.i32.i32, i1024 %ipv6DataFifo_read_1, i32 48, i32 55"   --->   Operation 22 'partselect' 'p_Result_i' <Predicate = (!state_V_load & tmp_i)> <Delay = 0.00>
ST_1 : Operation 23 [1/1] (0.00ns)   --->   "%store_ln418 = store i8 %p_Result_i, i8 %nextHeader_V" [/home/yangz0e/Desktop/Vitis_with_100Gbps_TCP-IP_top_k/fpga-network-stack/hls/ip_handler/ip_handler.cpp:418]   --->   Operation 23 'store' 'store_ln418' <Predicate = (!state_V_load & tmp_i)> <Delay = 0.00>
ST_1 : Operation 24 [1/1] (0.49ns)   --->   "%switch_ln421 = switch i8 %p_Result_i, void %._crit_edge3.i, i8 58, void, i8 17, void" [/home/yangz0e/Desktop/Vitis_with_100Gbps_TCP-IP_top_k/fpga-network-stack/hls/ip_handler/ip_handler.cpp:421]   --->   Operation 24 'switch' 'switch_ln421' <Predicate = (!state_V_load & tmp_i)> <Delay = 0.49>
ST_1 : Operation 25 [1/1] (0.00ns)   --->   "%br_ln0 = br void"   --->   Operation 25 'br' 'br_ln0' <Predicate = (!state_V_load & tmp_i & p_Result_i != 58)> <Delay = 0.00>
ST_1 : Operation 26 [1/1] (0.00ns)   --->   "%br_ln430 = br i1 %tmp_last_V, void, void %._crit_edge4.i" [/home/yangz0e/Desktop/Vitis_with_100Gbps_TCP-IP_top_k/fpga-network-stack/hls/ip_handler/ip_handler.cpp:430]   --->   Operation 26 'br' 'br_ln430' <Predicate = (!state_V_load & tmp_i)> <Delay = 0.00>
ST_1 : Operation 27 [1/1] (0.38ns)   --->   "%store_ln432 = store i1 1, i1 %state_V" [/home/yangz0e/Desktop/Vitis_with_100Gbps_TCP-IP_top_k/fpga-network-stack/hls/ip_handler/ip_handler.cpp:432]   --->   Operation 27 'store' 'store_ln432' <Predicate = (!state_V_load & tmp_i & !tmp_last_V)> <Delay = 0.38>
ST_1 : Operation 28 [1/1] (0.00ns)   --->   "%br_ln433 = br void %._crit_edge4.i" [/home/yangz0e/Desktop/Vitis_with_100Gbps_TCP-IP_top_k/fpga-network-stack/hls/ip_handler/ip_handler.cpp:433]   --->   Operation 28 'br' 'br_ln433' <Predicate = (!state_V_load & tmp_i & !tmp_last_V)> <Delay = 0.00>
ST_1 : Operation 29 [1/1] (0.00ns)   --->   "%br_ln434 = br void %._crit_edge2.i" [/home/yangz0e/Desktop/Vitis_with_100Gbps_TCP-IP_top_k/fpga-network-stack/hls/ip_handler/ip_handler.cpp:434]   --->   Operation 29 'br' 'br_ln434' <Predicate = (!state_V_load & tmp_i)> <Delay = 0.00>
ST_1 : Operation 30 [1/1] (0.00ns)   --->   "%br_ln435 = br void %detect_ipv6_protocol<512>.exit" [/home/yangz0e/Desktop/Vitis_with_100Gbps_TCP-IP_top_k/fpga-network-stack/hls/ip_handler/ip_handler.cpp:435]   --->   Operation 30 'br' 'br_ln435' <Predicate = (!state_V_load)> <Delay = 0.00>
ST_1 : Operation 31 [1/1] (0.00ns)   --->   "%br_ln437 = br i1 %tmp_i, void %._crit_edge5.i, void" [/home/yangz0e/Desktop/Vitis_with_100Gbps_TCP-IP_top_k/fpga-network-stack/hls/ip_handler/ip_handler.cpp:437]   --->   Operation 31 'br' 'br_ln437' <Predicate = (state_V_load)> <Delay = 0.00>
ST_1 : Operation 32 [1/1] (1.16ns)   --->   "%ipv6DataFifo_read = read i1024 @_ssdm_op_Read.ap_fifo.volatile.i1024P0A, i1024 %ipv6DataFifo" [/tools/Xilinx/Vitis_HLS/2021.2/common/technology/autopilot/hls_stream_39.h:144]   --->   Operation 32 'read' 'ipv6DataFifo_read' <Predicate = (state_V_load & tmp_i)> <Delay = 1.16> <CoreInst = "FIFO_SRL">   --->   Core 81 'FIFO_SRL' <Latency = 0> <II = 1> <Delay = 1.33> <Storage> <Opcode : 'read' 'write' 'nbread' 'nbwrite'> <Ports = 0> <Width = 1024> <Depth = 2> <FIFO>
ST_1 : Operation 33 [1/1] (0.00ns)   --->   "%tmp_last_V_3 = bitselect i1 @_ssdm_op_BitSelect.i1.i1024.i32, i1024 %ipv6DataFifo_read, i32 576" [/tools/Xilinx/Vitis_HLS/2021.2/common/technology/autopilot/hls_stream_39.h:144]   --->   Operation 33 'bitselect' 'tmp_last_V_3' <Predicate = (state_V_load & tmp_i)> <Delay = 0.00>
ST_1 : Operation 34 [1/1] (0.00ns)   --->   "%nextHeader_V_load = load i8 %nextHeader_V"   --->   Operation 34 'load' 'nextHeader_V_load' <Predicate = (state_V_load & tmp_i)> <Delay = 0.00>
ST_1 : Operation 35 [1/1] (0.49ns)   --->   "%switch_ln440 = switch i8 %nextHeader_V_load, void %._crit_edge6.i, i8 58, void, i8 17, void" [/home/yangz0e/Desktop/Vitis_with_100Gbps_TCP-IP_top_k/fpga-network-stack/hls/ip_handler/ip_handler.cpp:440]   --->   Operation 35 'switch' 'switch_ln440' <Predicate = (state_V_load & tmp_i)> <Delay = 0.49>
ST_1 : Operation 36 [1/1] (0.00ns)   --->   "%br_ln0 = br void"   --->   Operation 36 'br' 'br_ln0' <Predicate = (state_V_load & tmp_i & nextHeader_V_load != 58)> <Delay = 0.00>
ST_1 : Operation 37 [1/1] (0.00ns)   --->   "%br_ln449 = br i1 %tmp_last_V_3, void %._crit_edge7.i, void" [/home/yangz0e/Desktop/Vitis_with_100Gbps_TCP-IP_top_k/fpga-network-stack/hls/ip_handler/ip_handler.cpp:449]   --->   Operation 37 'br' 'br_ln449' <Predicate = (state_V_load & tmp_i)> <Delay = 0.00>
ST_1 : Operation 38 [1/1] (0.38ns)   --->   "%store_ln451 = store i1 0, i1 %state_V" [/home/yangz0e/Desktop/Vitis_with_100Gbps_TCP-IP_top_k/fpga-network-stack/hls/ip_handler/ip_handler.cpp:451]   --->   Operation 38 'store' 'store_ln451' <Predicate = (state_V_load & tmp_i & tmp_last_V_3)> <Delay = 0.38>
ST_1 : Operation 39 [1/1] (0.00ns)   --->   "%br_ln452 = br void %._crit_edge7.i" [/home/yangz0e/Desktop/Vitis_with_100Gbps_TCP-IP_top_k/fpga-network-stack/hls/ip_handler/ip_handler.cpp:452]   --->   Operation 39 'br' 'br_ln452' <Predicate = (state_V_load & tmp_i & tmp_last_V_3)> <Delay = 0.00>
ST_1 : Operation 40 [1/1] (0.00ns)   --->   "%br_ln453 = br void %._crit_edge5.i" [/home/yangz0e/Desktop/Vitis_with_100Gbps_TCP-IP_top_k/fpga-network-stack/hls/ip_handler/ip_handler.cpp:453]   --->   Operation 40 'br' 'br_ln453' <Predicate = (state_V_load & tmp_i)> <Delay = 0.00>
ST_1 : Operation 41 [1/1] (0.00ns)   --->   "%br_ln454 = br void %detect_ipv6_protocol<512>.exit" [/home/yangz0e/Desktop/Vitis_with_100Gbps_TCP-IP_top_k/fpga-network-stack/hls/ip_handler/ip_handler.cpp:454]   --->   Operation 41 'br' 'br_ln454' <Predicate = (state_V_load)> <Delay = 0.00>

State 2 <SV = 1> <Delay = 1.16>
ST_2 : Operation 42 [1/1] (1.16ns)   --->   "%write_ln173 = write void @_ssdm_op_Write.ap_fifo.volatile.i1024P0A, i1024 %m_axis_ipv6udp_internal, i1024 %ipv6DataFifo_read_1" [/tools/Xilinx/Vitis_HLS/2021.2/common/technology/autopilot/hls_stream_39.h:173]   --->   Operation 42 'write' 'write_ln173' <Predicate = (!state_V_load & tmp_i & p_Result_i == 17)> <Delay = 1.16> <CoreInst = "FIFO_SRL">   --->   Core 81 'FIFO_SRL' <Latency = 0> <II = 1> <Delay = 1.33> <Storage> <Opcode : 'read' 'write' 'nbread' 'nbwrite'> <Ports = 0> <Width = 1024> <Depth = 2> <FIFO>
ST_2 : Operation 43 [1/1] (0.00ns)   --->   "%br_ln428 = br void %._crit_edge3.i" [/home/yangz0e/Desktop/Vitis_with_100Gbps_TCP-IP_top_k/fpga-network-stack/hls/ip_handler/ip_handler.cpp:428]   --->   Operation 43 'br' 'br_ln428' <Predicate = (!state_V_load & tmp_i & p_Result_i == 17)> <Delay = 0.00>
ST_2 : Operation 44 [1/1] (1.16ns)   --->   "%write_ln173 = write void @_ssdm_op_Write.ap_fifo.volatile.i1024P0A, i1024 %m_axis_icmpv6_internal, i1024 %ipv6DataFifo_read_1" [/tools/Xilinx/Vitis_HLS/2021.2/common/technology/autopilot/hls_stream_39.h:173]   --->   Operation 44 'write' 'write_ln173' <Predicate = (!state_V_load & tmp_i & p_Result_i == 58)> <Delay = 1.16> <CoreInst = "FIFO_SRL">   --->   Core 81 'FIFO_SRL' <Latency = 0> <II = 1> <Delay = 1.33> <Storage> <Opcode : 'read' 'write' 'nbread' 'nbwrite'> <Ports = 0> <Width = 1024> <Depth = 2> <FIFO>
ST_2 : Operation 45 [1/1] (0.00ns)   --->   "%br_ln424 = br void" [/home/yangz0e/Desktop/Vitis_with_100Gbps_TCP-IP_top_k/fpga-network-stack/hls/ip_handler/ip_handler.cpp:424]   --->   Operation 45 'br' 'br_ln424' <Predicate = (!state_V_load & tmp_i & p_Result_i == 58)> <Delay = 0.00>
ST_2 : Operation 46 [1/1] (1.16ns)   --->   "%write_ln173 = write void @_ssdm_op_Write.ap_fifo.volatile.i1024P0A, i1024 %m_axis_ipv6udp_internal, i1024 %ipv6DataFifo_read" [/tools/Xilinx/Vitis_HLS/2021.2/common/technology/autopilot/hls_stream_39.h:173]   --->   Operation 46 'write' 'write_ln173' <Predicate = (state_V_load & tmp_i & nextHeader_V_load == 17)> <Delay = 1.16> <CoreInst = "FIFO_SRL">   --->   Core 81 'FIFO_SRL' <Latency = 0> <II = 1> <Delay = 1.33> <Storage> <Opcode : 'read' 'write' 'nbread' 'nbwrite'> <Ports = 0> <Width = 1024> <Depth = 2> <FIFO>
ST_2 : Operation 47 [1/1] (0.00ns)   --->   "%br_ln447 = br void %._crit_edge6.i" [/home/yangz0e/Desktop/Vitis_with_100Gbps_TCP-IP_top_k/fpga-network-stack/hls/ip_handler/ip_handler.cpp:447]   --->   Operation 47 'br' 'br_ln447' <Predicate = (state_V_load & tmp_i & nextHeader_V_load == 17)> <Delay = 0.00>
ST_2 : Operation 48 [1/1] (1.16ns)   --->   "%write_ln173 = write void @_ssdm_op_Write.ap_fifo.volatile.i1024P0A, i1024 %m_axis_icmpv6_internal, i1024 %ipv6DataFifo_read" [/tools/Xilinx/Vitis_HLS/2021.2/common/technology/autopilot/hls_stream_39.h:173]   --->   Operation 48 'write' 'write_ln173' <Predicate = (state_V_load & tmp_i & nextHeader_V_load == 58)> <Delay = 1.16> <CoreInst = "FIFO_SRL">   --->   Core 81 'FIFO_SRL' <Latency = 0> <II = 1> <Delay = 1.33> <Storage> <Opcode : 'read' 'write' 'nbread' 'nbwrite'> <Ports = 0> <Width = 1024> <Depth = 2> <FIFO>
ST_2 : Operation 49 [1/1] (0.00ns)   --->   "%br_ln443 = br void" [/home/yangz0e/Desktop/Vitis_with_100Gbps_TCP-IP_top_k/fpga-network-stack/hls/ip_handler/ip_handler.cpp:443]   --->   Operation 49 'br' 'br_ln443' <Predicate = (state_V_load & tmp_i & nextHeader_V_load == 58)> <Delay = 0.00>
ST_2 : Operation 50 [1/1] (0.00ns)   --->   "%ret_ln0 = ret"   --->   Operation 50 'ret' 'ret_ln0' <Predicate = true> <Delay = 0.00>


============================================================
+ Verbose Summary: Timing violations
============================================================
Target clock period: 3.2ns, clock uncertainty: 0.864ns.

 <State 1>: 1.68ns
The critical path consists of the following:
	fifo read operation ('ipv6DataFifo_read_1', /tools/Xilinx/Vitis_HLS/2021.2/common/technology/autopilot/hls_stream_39.h:144) on port 'ipv6DataFifo' (/tools/Xilinx/Vitis_HLS/2021.2/common/technology/autopilot/hls_stream_39.h:144) [25]  (1.17 ns)
	blocking operation 0.509 ns on control path)

 <State 2>: 1.17ns
The critical path consists of the following:
	fifo write operation ('write_ln173', /tools/Xilinx/Vitis_HLS/2021.2/common/technology/autopilot/hls_stream_39.h:173) on port 'm_axis_icmpv6_internal' (/tools/Xilinx/Vitis_HLS/2021.2/common/technology/autopilot/hls_stream_39.h:173) [34]  (1.17 ns)


============================================================
+ Verbose Summary: Binding
============================================================
N/A
* FSMD analyzer results:
  - Output states:
 - Input state : 
  - Chain level:
	State 1
	State 2


============================================================
+ Verbose Summary: Datapath Resource usage 
============================================================
N/A
