

================================================================
== Vitis HLS Report for 'drop_optional_header_fields_512_s'
================================================================
* Date:           Sat Mar 18 14:39:04 2023

* Version:        2021.2 (Build 3367213 on Tue Oct 19 02:47:39 MDT 2021)
* Project:        toe_prj
* Solution:       solution1 (Vivado IP Flow Target)
* Product family: virtexuplus
* Target device:  xcu280-fsvh2892-2L-e


================================================================
== Performance Estimates
================================================================
+ Timing: 
    * Summary: 
    +--------+---------+----------+------------+
    |  Clock |  Target | Estimated| Uncertainty|
    +--------+---------+----------+------------+
    |ap_clk  |  3.20 ns|  2.943 ns|     0.86 ns|
    +--------+---------+----------+------------+

+ Latency: 
    * Summary: 
    +---------+---------+----------+----------+-----+-----+---------+
    |  Latency (cycles) |  Latency (absolute) |  Interval | Pipeline|
    |   min   |   max   |    min   |    max   | min | max |   Type  |
    +---------+---------+----------+----------+-----+-----+---------+
    |        2|        2|  6.400 ns|  6.400 ns|    1|    1|      yes|
    +---------+---------+----------+----------+-----+-----+---------+

    + Detail: 
        * Instance: 
        N/A

        * Loop: 
        N/A



================================================================
== Utilization Estimates
================================================================
* Summary: 
+---------------------+---------+------+---------+---------+-----+
|         Name        | BRAM_18K|  DSP |    FF   |   LUT   | URAM|
+---------------------+---------+------+---------+---------+-----+
|DSP                  |        -|     -|        -|        -|    -|
|Expression           |        -|     -|        0|    39941|    -|
|FIFO                 |        -|     -|        -|        -|    -|
|Instance             |        -|     -|        -|        -|    -|
|Memory               |        -|     -|        -|        -|    -|
|Multiplexer          |        -|     -|        -|      183|    -|
|Register             |        -|     -|     6887|        -|    -|
+---------------------+---------+------+---------+---------+-----+
|Total                |        0|     0|     6887|    40124|    0|
+---------------------+---------+------+---------+---------+-----+
|Available SLR        |     1344|  3008|   869120|   434560|  320|
+---------------------+---------+------+---------+---------+-----+
|Utilization SLR (%)  |        0|     0|       ~0|        9|    0|
+---------------------+---------+------+---------+---------+-----+
|Available            |     4032|  9024|  2607360|  1303680|  960|
+---------------------+---------+------+---------+---------+-----+
|Utilization (%)      |        0|     0|       ~0|        3|    0|
+---------------------+---------+------+---------+---------+-----+

+ Detail: 
    * Instance: 
    N/A

    * DSP: 
    N/A

    * Memory: 
    N/A

    * FIFO: 
    N/A

    * Expression: 
    +----------------------------------+----------+----+---+------+------------+------------+
    |           Variable Name          | Operation| DSP| FF|  LUT | Bitwidth P0| Bitwidth P1|
    +----------------------------------+----------+----+---+------+------------+------------+
    |add_ln67_fu_355_p2                |         +|   0|  0|    23|          16|           1|
    |sub_ln391_1_fu_784_p2             |         -|   0|  0|    14|           6|           7|
    |sub_ln391_fu_712_p2               |         -|   0|  0|    17|           9|          10|
    |sub_ln414_14_fu_459_p2            |         -|   0|  0|    17|           9|          10|
    |sub_ln414_15_fu_1232_p2           |         -|   0|  0|    14|           6|           7|
    |sub_ln414_16_fu_525_p2            |         -|   0|  0|    14|           6|           7|
    |sub_ln414_fu_445_p2               |         -|   0|  0|    17|           9|          10|
    |sub_ln599_fu_397_p2               |         -|   0|  0|    18|          11|          10|
    |sub_ln600_fu_415_p2               |         -|   0|  0|    15|           8|           7|
    |sub_ln621_fu_662_p2               |         -|   0|  0|    18|          11|          10|
    |sub_ln622_fu_680_p2               |         -|   0|  0|    15|           8|           7|
    |sub_ln674_13_fu_1212_p2           |         -|   0|  0|    15|           8|           7|
    |sub_ln674_fu_421_p2               |         -|   0|  0|    18|          11|          10|
    |and_ln391_3_fu_818_p2             |       and|   0|  0|    64|          64|          64|
    |and_ln391_fu_746_p2               |       and|   0|  0|   511|         512|         512|
    |and_ln414_24_fu_1026_p2           |       and|   0|  0|   320|         320|         320|
    |and_ln414_25_fu_1032_p2           |       and|   0|  0|   320|         320|         320|
    |and_ln414_28_fu_493_p2            |       and|   0|  0|   511|         512|         512|
    |and_ln414_29_fu_1195_p2           |       and|   0|  0|   511|         512|         512|
    |and_ln414_30_fu_1201_p2           |       and|   0|  0|   511|         512|         512|
    |and_ln414_31_fu_559_p2            |       and|   0|  0|    64|          64|          64|
    |and_ln414_32_fu_1275_p2           |       and|   0|  0|    64|          64|          64|
    |and_ln414_33_fu_1281_p2           |       and|   0|  0|    64|          64|          64|
    |and_ln414_fu_1014_p2              |       and|   0|  0|   320|         320|         320|
    |and_ln611_fu_635_p2               |       and|   0|  0|     2|           1|           1|
    |and_ln819_1_fu_575_p2             |       and|   0|  0|    61|          61|          61|
    |and_ln819_2_fu_617_p2             |       and|   0|  0|    61|          61|          61|
    |and_ln819_fu_921_p2               |       and|   0|  0|    61|          61|          61|
    |ap_condition_1165                 |       and|   0|  0|     2|           1|           1|
    |ap_condition_317                  |       and|   0|  0|     2|           1|           1|
    |ap_condition_384                  |       and|   0|  0|     2|           1|           1|
    |ap_condition_399                  |       and|   0|  0|     2|           1|           1|
    |ap_condition_415                  |       and|   0|  0|     2|           1|           1|
    |ap_condition_433                  |       and|   0|  0|     2|           1|           1|
    |ap_condition_60                   |       and|   0|  0|     2|           1|           1|
    |ap_predicate_op106_read_state1    |       and|   0|  0|     2|           1|           1|
    |ap_predicate_op13_read_state1     |       and|   0|  0|     2|           1|           1|
    |ap_predicate_op250_write_state3   |       and|   0|  0|     2|           1|           1|
    |ap_predicate_op253_write_state3   |       and|   0|  0|     2|           1|           1|
    |ap_predicate_op255_write_state3   |       and|   0|  0|     2|           1|           1|
    |ap_predicate_op259_write_state3   |       and|   0|  0|     2|           1|           1|
    |ap_predicate_op261_write_state3   |       and|   0|  0|     2|           1|           1|
    |grp_nbreadreq_fu_156_p3           |       and|   0|  0|     2|           1|           0|
    |p_Result_248_fu_1085_p2           |       and|   0|  0|   511|         512|         512|
    |p_Result_249_fu_1100_p2           |       and|   0|  0|   511|         512|         512|
    |p_Result_250_fu_1123_p2           |       and|   0|  0|    64|          64|          64|
    |p_Result_251_fu_1138_p2           |       and|   0|  0|    64|          64|          64|
    |p_Result_252_fu_1153_p2           |       and|   0|  0|   511|         512|         512|
    |p_Result_254_fu_1227_p2           |       and|   0|  0|    64|          64|          64|
    |p_Result_256_fu_1309_p2           |       and|   0|  0|   511|         512|         512|
    |p_Result_257_fu_1324_p2           |       and|   0|  0|   511|         512|         512|
    |p_Result_258_fu_1347_p2           |       and|   0|  0|    64|          64|          64|
    |p_Result_259_fu_1362_p2           |       and|   0|  0|    64|          64|          64|
    |p_Result_260_fu_1368_p2           |       and|   0|  0|   511|         512|         512|
    |p_Result_261_fu_1373_p2           |       and|   0|  0|    64|          64|          64|
    |tmp_i_nbreadreq_fu_170_p3         |       and|   0|  0|    64|           1|           0|
    |icmp_ln1064_79_fu_379_p2          |      icmp|   0|  0|     9|           4|           1|
    |icmp_ln1064_fu_868_p2             |      icmp|   0|  0|     9|           4|           1|
    |icmp_ln391_1_fu_770_p2            |      icmp|   0|  0|    17|          26|           1|
    |icmp_ln391_fu_698_p2              |      icmp|   0|  0|    16|          23|           1|
    |icmp_ln414_3_fu_439_p2            |      icmp|   0|  0|    16|          23|           1|
    |icmp_ln414_4_fu_511_p2            |      icmp|   0|  0|    17|          26|           1|
    |icmp_ln414_fu_361_p2              |      icmp|   0|  0|    16|          25|           9|
    |p_Result_239_fu_927_p2            |      icmp|   0|  0|    27|          61|           1|
    |p_Result_s_fu_623_p2              |      icmp|   0|  0|    27|          61|           1|
    |sendWord_last_V_5_fu_581_p2       |      icmp|   0|  0|    27|          61|           1|
    |lshr_ln391_1_fu_812_p2            |      lshr|   0|  0|   182|           2|          64|
    |lshr_ln391_fu_740_p2              |      lshr|   0|  0|  2171|           2|         512|
    |lshr_ln414_14_fu_1356_p2          |      lshr|   0|  0|   182|           2|          64|
    |lshr_ln414_15_fu_1094_p2          |      lshr|   0|  0|  2171|           2|         512|
    |lshr_ln414_16_fu_1132_p2          |      lshr|   0|  0|   182|           2|          64|
    |lshr_ln414_17_fu_487_p2           |      lshr|   0|  0|  2171|           2|         512|
    |lshr_ln414_18_fu_553_p2           |      lshr|   0|  0|   182|           2|          64|
    |lshr_ln414_fu_1318_p2             |      lshr|   0|  0|  2171|           2|         512|
    |lshr_ln674_19_fu_1303_p2          |      lshr|   0|  0|  2171|           2|         512|
    |lshr_ln674_20_fu_1336_p2          |      lshr|   0|  0|   182|          64|          64|
    |lshr_ln674_21_fu_1341_p2          |      lshr|   0|  0|   182|           2|          64|
    |lshr_ln674_22_fu_1074_p2          |      lshr|   0|  0|  2171|         512|         512|
    |lshr_ln674_23_fu_1079_p2          |      lshr|   0|  0|  2171|           2|         512|
    |lshr_ln674_24_fu_1112_p2          |      lshr|   0|  0|   182|          64|          64|
    |lshr_ln674_25_fu_1117_p2          |      lshr|   0|  0|   182|           2|          64|
    |lshr_ln674_26_fu_1147_p2          |      lshr|   0|  0|  2171|           2|         512|
    |lshr_ln674_27_fu_1221_p2          |      lshr|   0|  0|   182|           2|          64|
    |lshr_ln674_fu_1298_p2             |      lshr|   0|  0|  2171|         512|         512|
    |ap_block_pp0_stage0_01001         |        or|   0|  0|     2|           1|           1|
    |ap_block_state1_pp0_stage0_iter0  |        or|   0|  0|     2|           1|           1|
    |ap_block_state3_pp0_stage0_iter2  |        or|   0|  0|     2|           1|           1|
    |or_ln563_fu_892_p2                |        or|   0|  0|     2|           1|           1|
    |or_ln582_fu_1056_p2               |        or|   0|  0|     2|           1|           1|
    |p_Result_238_fu_1038_p2           |        or|   0|  0|   320|         320|         320|
    |p_Result_253_fu_1206_p2           |        or|   0|  0|   511|         512|         512|
    |p_Result_255_fu_1286_p2           |        or|   0|  0|    64|          64|          64|
    |select_ln391_2_fu_718_p3          |    select|   0|  0|    10|           1|          10|
    |select_ln391_3_fu_776_p3          |    select|   0|  0|     7|           1|           6|
    |select_ln391_4_fu_790_p3          |    select|   0|  0|     7|           1|           7|
    |select_ln391_fu_704_p3            |    select|   0|  0|    10|           1|           9|
    |select_ln414_21_fu_993_p3         |    select|   0|  0|   276|           1|         320|
    |select_ln414_22_fu_1000_p3        |    select|   0|  0|   276|           1|         321|
    |select_ln414_23_fu_1007_p3        |    select|   0|  0|     2|           1|           1|
    |select_ln414_24_fu_451_p3         |    select|   0|  0|    10|           1|           9|
    |select_ln414_25_fu_1158_p3        |    select|   0|  0|    10|           1|          10|
    |select_ln414_26_fu_465_p3         |    select|   0|  0|    10|           1|          10|
    |select_ln414_27_fu_1183_p3        |    select|   0|  0|   428|           1|         512|
    |select_ln414_28_fu_517_p3         |    select|   0|  0|     7|           1|           6|
    |select_ln414_29_fu_1237_p3        |    select|   0|  0|     7|           1|           7|
    |select_ln414_30_fu_531_p3         |    select|   0|  0|     7|           1|           7|
    |select_ln414_31_fu_1263_p3        |    select|   0|  0|    63|           1|          64|
    |select_ln414_fu_976_p3            |    select|   0|  0|   276|           1|         320|
    |select_ln566_fu_933_p3            |    select|   0|  0|     3|           1|           1|
    |select_ln611_fu_641_p3            |    select|   0|  0|     3|           1|           3|
    |shl_ln391_1_fu_806_p2             |       shl|   0|  0|   182|           2|          64|
    |shl_ln391_fu_734_p2               |       shl|   0|  0|  2171|           2|         512|
    |shl_ln414_10_fu_481_p2            |       shl|   0|  0|  2171|           2|         512|
    |shl_ln414_11_fu_1247_p2           |       shl|   0|  0|   182|          64|          64|
    |shl_ln414_12_fu_547_p2            |       shl|   0|  0|   182|           2|          64|
    |shl_ln414_fu_1167_p2              |       shl|   0|  0|  2171|         512|         512|
    |shl_ln819_1_fu_569_p2             |       shl|   0|  0|   175|           1|          61|
    |shl_ln819_2_fu_611_p2             |       shl|   0|  0|   175|           1|          61|
    |shl_ln819_fu_915_p2               |       shl|   0|  0|   175|           1|          61|
    |ap_enable_pp0                     |       xor|   0|  0|     2|           1|           2|
    |xor_ln1068_fu_629_p2              |       xor|   0|  0|     2|           1|           2|
    |xor_ln391_1_fu_824_p2             |       xor|   0|  0|    64|           2|          64|
    |xor_ln391_fu_752_p2               |       xor|   0|  0|   511|           2|         512|
    |xor_ln414_5_fu_1190_p2            |       xor|   0|  0|   511|           2|         512|
    |xor_ln414_6_fu_1270_p2            |       xor|   0|  0|    64|           2|          64|
    |xor_ln414_fu_1020_p2              |       xor|   0|  0|   320|           2|         320|
    |xor_ln563_fu_886_p2               |       xor|   0|  0|     2|           1|           2|
    |xor_ln582_fu_1050_p2              |       xor|   0|  0|     2|           1|           2|
    +----------------------------------+----------+----+---+------+------------+------------+
    |Total                             |          |   0|  0| 39941|       10052|       18138|
    +----------------------------------+----------+----+---+------+------------+------------+

    * Multiplexer: 
    +--------------------------------------------------+----+-----------+-----+-----------+
    |                       Name                       | LUT| Input Size| Bits| Total Bits|
    +--------------------------------------------------+----+-----------+-----+-----------+
    |ap_done                                           |   9|          2|    1|          2|
    |ap_phi_mux_state_V_3_flag_5_i_phi_fu_208_p16      |  14|          3|    1|          3|
    |ap_phi_mux_state_V_3_new_5_i_phi_fu_237_p16       |  26|          5|    2|         10|
    |ap_phi_reg_pp0_iter1_parseHeader_new_1_i_reg_260  |  14|          3|    1|          3|
    |ap_phi_reg_pp0_iter2_p_015_reg_276                |  14|          3|  320|        960|
    |optionalHeader_header_V                           |   9|          2|  320|        640|
    |optionalHeader_idx                                |   9|          2|   16|         32|
    |prevWord_data_V_3                                 |   9|          2|  512|       1024|
    |rxEng_dataBuffer3_blk_n                           |   9|          2|    1|          2|
    |rxEng_dataBuffer3_din                             |  20|          4|  577|       2308|
    |rxEng_dataBuffer3b_blk_n                          |   9|          2|    1|          2|
    |rxEng_dataOffsetFifo_blk_n                        |   9|          2|    1|          2|
    |rxEng_optionalFieldsFifo_blk_n                    |   9|          2|    1|          2|
    |rxEng_optionalFieldsFifo_din                      |  14|          3|  320|        960|
    |rxEng_optionalFieldsMetaFifo_blk_n                |   9|          2|    1|          2|
    +--------------------------------------------------+----+-----------+-----+-----------+
    |Total                                             | 183|         39| 2075|       5952|
    +--------------------------------------------------+----+-----------+-----+-----------+

    * Register: 
    +--------------------------------------------------+-----+----+-----+-----------+
    |                       Name                       |  FF | LUT| Bits| Const Bits|
    +--------------------------------------------------+-----+----+-----+-----------+
    |and_ln414_28_reg_1507                             |  512|   0|  512|          0|
    |and_ln414_31_reg_1519                             |   64|   0|   64|          0|
    |ap_CS_fsm                                         |    1|   0|    1|          0|
    |ap_done_reg                                       |    1|   0|    1|          0|
    |ap_enable_reg_pp0_iter1                           |    1|   0|    1|          0|
    |ap_enable_reg_pp0_iter2                           |    1|   0|    1|          0|
    |ap_phi_reg_pp0_iter1_p_015_reg_276                |  320|   0|  320|          0|
    |ap_phi_reg_pp0_iter1_parseHeader_new_1_i_reg_260  |    1|   0|    1|          0|
    |ap_phi_reg_pp0_iter2_p_015_reg_276                |  320|   0|  320|          0|
    |bvh_d_index_reg_1473                              |    4|   0|    6|          2|
    |dataOffset_V                                      |    4|   0|    4|          0|
    |headerWritten                                     |    1|   0|    1|          0|
    |icmp_ln1064_79_reg_1457                           |    1|   0|    1|          0|
    |icmp_ln1064_79_reg_1457_pp0_iter1_reg             |    1|   0|    1|          0|
    |icmp_ln1064_reg_1577                              |    1|   0|    1|          0|
    |icmp_ln1064_reg_1577_pp0_iter1_reg                |    1|   0|    1|          0|
    |icmp_ln414_3_reg_1496                             |    1|   0|    1|          0|
    |icmp_ln414_4_reg_1513                             |    1|   0|    1|          0|
    |icmp_ln414_reg_1449                               |    1|   0|    1|          0|
    |optionalHeader_header_V                           |  320|   0|  320|          0|
    |optionalHeader_idx                                |   16|   0|   16|          0|
    |optionalHeader_ready                              |    1|   0|    1|          0|
    |optionalHeader_ready_load_reg_1416                |    1|   0|    1|          0|
    |or_ln582_reg_1594                                 |    1|   0|    1|          0|
    |p_Result_253_reg_1598                             |  512|   0|  512|          0|
    |p_Result_255_reg_1603                             |   64|   0|   64|          0|
    |p_Result_260_reg_1608                             |  512|   0|  512|          0|
    |p_Result_261_reg_1613                             |   64|   0|   64|          0|
    |p_Val2_67_reg_1426                                |   64|   0|   64|          0|
    |p_Val2_s_reg_1420                                 |  512|   0|  512|          0|
    |parseHeader                                       |    1|   0|    1|          0|
    |prevWord_data_V_3                                 |  512|   0|  512|          0|
    |prevWord_keep_V_6                                 |   64|   0|   64|          0|
    |reg_314                                           |  577|   0|  577|          0|
    |reg_314_pp0_iter1_reg                             |  577|   0|  577|          0|
    |sendWord_last_V_5_reg_1525                        |    1|   0|    1|          0|
    |sendWord_last_V_5_reg_1525_pp0_iter1_reg          |    1|   0|    1|          0|
    |shl_ln4_reg_1537                                  |    4|   0|    6|          2|
    |shl_ln6_reg_1461                                  |    4|   0|    9|          5|
    |shl_ln_reg_1530                                   |    4|   0|    9|          5|
    |state_V_1                                         |    2|   0|    2|          0|
    |state_V_1_load_reg_1412                           |    2|   0|    2|          0|
    |state_V_1_load_reg_1412_pp0_iter1_reg             |    2|   0|    2|          0|
    |sub_ln414_reg_1502                                |    5|   0|   10|          5|
    |sub_ln599_reg_1468                                |    5|   0|   10|          5|
    |sub_ln600_reg_1485                                |    5|   0|    7|          2|
    |sub_ln674_reg_1491                                |    5|   0|   10|          5|
    |tmp_347_reg_1571                                  |  320|   0|  320|          0|
    |tmp_347_reg_1571_pp0_iter1_reg                    |  320|   0|  320|          0|
    |tmp_62_i_reg_1558                                 |    1|   0|    1|          0|
    |tmp_62_i_reg_1558_pp0_iter1_reg                   |    1|   0|    1|          0|
    |tmp_dataOffset_V_reg_1562                         |    4|   0|    4|          0|
    |tmp_dataOffset_V_reg_1562_pp0_iter1_reg           |    4|   0|    4|          0|
    |tmp_data_V_5_reg_1436                             |  512|   0|  512|          0|
    |tmp_i_342_reg_1432                                |    1|   0|    1|          0|
    |tmp_i_342_reg_1432_pp0_iter1_reg                  |    1|   0|    1|          0|
    |tmp_i_reg_1554                                    |    1|   0|    1|          0|
    |tmp_i_reg_1554_pp0_iter1_reg                      |    1|   0|    1|          0|
    |tmp_keep_V_6_reg_1441                             |   64|   0|   64|          0|
    |tmp_syn_V_reg_1567                                |    1|   0|    1|          0|
    |tmp_syn_V_reg_1567_pp0_iter1_reg                  |    1|   0|    1|          0|
    |xor_ln391_1_reg_1549                              |   64|   0|   64|          0|
    |xor_ln391_reg_1544                                |  512|   0|  512|          0|
    |zext_ln600_reg_1480                               |    4|   0|    7|          3|
    +--------------------------------------------------+-----+----+-----+-----------+
    |Total                                             | 6887|   0| 6921|         34|
    +--------------------------------------------------+-----+----+-----+-----------+



================================================================
== Interface
================================================================
* Summary: 
+--------------------------------------+-----+-----+------------+----------------------------------+--------------+
|               RTL Ports              | Dir | Bits|  Protocol  |           Source Object          |    C Type    |
+--------------------------------------+-----+-----+------------+----------------------------------+--------------+
|ap_clk                                |   in|    1|  ap_ctrl_hs|  drop_optional_header_fields<512>|  return value|
|ap_rst                                |   in|    1|  ap_ctrl_hs|  drop_optional_header_fields<512>|  return value|
|ap_start                              |   in|    1|  ap_ctrl_hs|  drop_optional_header_fields<512>|  return value|
|ap_done                               |  out|    1|  ap_ctrl_hs|  drop_optional_header_fields<512>|  return value|
|ap_continue                           |   in|    1|  ap_ctrl_hs|  drop_optional_header_fields<512>|  return value|
|ap_idle                               |  out|    1|  ap_ctrl_hs|  drop_optional_header_fields<512>|  return value|
|ap_ready                              |  out|    1|  ap_ctrl_hs|  drop_optional_header_fields<512>|  return value|
|rxEng_dataBuffer3b_dout               |   in|  577|     ap_fifo|                rxEng_dataBuffer3b|       pointer|
|rxEng_dataBuffer3b_empty_n            |   in|    1|     ap_fifo|                rxEng_dataBuffer3b|       pointer|
|rxEng_dataBuffer3b_read               |  out|    1|     ap_fifo|                rxEng_dataBuffer3b|       pointer|
|rxEng_optionalFieldsMetaFifo_dout     |   in|   16|     ap_fifo|      rxEng_optionalFieldsMetaFifo|       pointer|
|rxEng_optionalFieldsMetaFifo_empty_n  |   in|    1|     ap_fifo|      rxEng_optionalFieldsMetaFifo|       pointer|
|rxEng_optionalFieldsMetaFifo_read     |  out|    1|     ap_fifo|      rxEng_optionalFieldsMetaFifo|       pointer|
|rxEng_optionalFieldsFifo_din          |  out|  320|     ap_fifo|          rxEng_optionalFieldsFifo|       pointer|
|rxEng_optionalFieldsFifo_full_n       |   in|    1|     ap_fifo|          rxEng_optionalFieldsFifo|       pointer|
|rxEng_optionalFieldsFifo_write        |  out|    1|     ap_fifo|          rxEng_optionalFieldsFifo|       pointer|
|rxEng_dataBuffer3_din                 |  out|  577|     ap_fifo|                 rxEng_dataBuffer3|       pointer|
|rxEng_dataBuffer3_full_n              |   in|    1|     ap_fifo|                 rxEng_dataBuffer3|       pointer|
|rxEng_dataBuffer3_write               |  out|    1|     ap_fifo|                 rxEng_dataBuffer3|       pointer|
|rxEng_dataOffsetFifo_din              |  out|    4|     ap_fifo|              rxEng_dataOffsetFifo|       pointer|
|rxEng_dataOffsetFifo_full_n           |   in|    1|     ap_fifo|              rxEng_dataOffsetFifo|       pointer|
|rxEng_dataOffsetFifo_write            |  out|    1|     ap_fifo|              rxEng_dataOffsetFifo|       pointer|
+--------------------------------------+-----+-----+------------+----------------------------------+--------------+

