

================================================================
== Vitis HLS Report for 'entry_proc'
================================================================
* Date:           Sat Mar 18 14:38:50 2023

* Version:        2021.2 (Build 3367213 on Tue Oct 19 02:47:39 MDT 2021)
* Project:        toe_prj
* Solution:       solution1 (Vivado IP Flow Target)
* Product family: virtexuplus
* Target device:  xcu280-fsvh2892-2L-e


================================================================
== Performance Estimates
================================================================
+ Timing: 
    * Summary: 
    +--------+---------+----------+------------+
    |  Clock |  Target | Estimated| Uncertainty|
    +--------+---------+----------+------------+
    |ap_clk  |  3.20 ns|  1.168 ns|     0.86 ns|
    +--------+---------+----------+------------+

+ Latency: 
    * Summary: 
    +---------+---------+----------+----------+-----+-----+---------+
    |  Latency (cycles) |  Latency (absolute) |  Interval | Pipeline|
    |   min   |   max   |    min   |    max   | min | max |   Type  |
    +---------+---------+----------+----------+-----+-----+---------+
    |        0|        0|      0 ns|      0 ns|    0|    0|       no|
    +---------+---------+----------+----------+-----+-----+---------+

    + Detail: 
        * Instance: 
        N/A

        * Loop: 
        N/A



================================================================
== Utilization Estimates
================================================================
* Summary: 
+---------------------+---------+------+---------+---------+-----+
|         Name        | BRAM_18K|  DSP |    FF   |   LUT   | URAM|
+---------------------+---------+------+---------+---------+-----+
|DSP                  |        -|     -|        -|        -|    -|
|Expression           |        -|     -|        0|        2|    -|
|FIFO                 |        -|     -|        -|        -|    -|
|Instance             |        -|     -|        -|        -|    -|
|Memory               |        -|     -|        -|        -|    -|
|Multiplexer          |        -|     -|        -|       36|    -|
|Register             |        -|     -|        2|        -|    -|
+---------------------+---------+------+---------+---------+-----+
|Total                |        0|     0|        2|       38|    0|
+---------------------+---------+------+---------+---------+-----+
|Available SLR        |     1344|  3008|   869120|   434560|  320|
+---------------------+---------+------+---------+---------+-----+
|Utilization SLR (%)  |        0|     0|       ~0|       ~0|    0|
+---------------------+---------+------+---------+---------+-----+
|Available            |     4032|  9024|  2607360|  1303680|  960|
+---------------------+---------+------+---------+---------+-----+
|Utilization (%)      |        0|     0|       ~0|       ~0|    0|
+---------------------+---------+------+---------+---------+-----+

+ Detail: 
    * Instance: 
    N/A

    * DSP: 
    N/A

    * Memory: 
    N/A

    * FIFO: 
    N/A

    * Expression: 
    +-----------------+----------+----+---+----+------------+------------+
    |  Variable Name  | Operation| DSP| FF| LUT| Bitwidth P0| Bitwidth P1|
    +-----------------+----------+----+---+----+------------+------------+
    |ap_block_state1  |        or|   0|  0|   2|           1|           1|
    +-----------------+----------+----+---+----+------------+------------+
    |Total            |          |   0|  0|   2|           1|           1|
    +-----------------+----------+----+---+----+------------+------------+

    * Multiplexer: 
    +-----------------------------+----+-----------+-----+-----------+
    |             Name            | LUT| Input Size| Bits| Total Bits|
    +-----------------------------+----+-----------+-----+-----------+
    |ap_done                      |   9|          2|    1|          2|
    |axis_data_count_c_blk_n      |   9|          2|    1|          2|
    |axis_max_data_count_c_blk_n  |   9|          2|    1|          2|
    |myIpAddress_c143_blk_n       |   9|          2|    1|          2|
    +-----------------------------+----+-----------+-----+-----------+
    |Total                        |  36|          8|    4|          8|
    +-----------------------------+----+-----------+-----+-----------+

    * Register: 
    +-------------+---+----+-----+-----------+
    |     Name    | FF| LUT| Bits| Const Bits|
    +-------------+---+----+-----+-----------+
    |ap_CS_fsm    |  1|   0|    1|          0|
    |ap_done_reg  |  1|   0|    1|          0|
    +-------------+---+----+-----+-----------+
    |Total        |  2|   0|    2|          0|
    +-------------+---+----+-----+-----------+



================================================================
== Interface
================================================================
* Summary: 
+------------------------------+-----+-----+------------+-----------------------+--------------+
|           RTL Ports          | Dir | Bits|  Protocol  |     Source Object     |    C Type    |
+------------------------------+-----+-----+------------+-----------------------+--------------+
|ap_clk                        |   in|    1|  ap_ctrl_hs|             entry_proc|  return value|
|ap_rst                        |   in|    1|  ap_ctrl_hs|             entry_proc|  return value|
|ap_start                      |   in|    1|  ap_ctrl_hs|             entry_proc|  return value|
|ap_done                       |  out|    1|  ap_ctrl_hs|             entry_proc|  return value|
|ap_continue                   |   in|    1|  ap_ctrl_hs|             entry_proc|  return value|
|ap_idle                       |  out|    1|  ap_ctrl_hs|             entry_proc|  return value|
|ap_ready                      |  out|    1|  ap_ctrl_hs|             entry_proc|  return value|
|axis_data_count               |   in|   16|     ap_none|        axis_data_count|        scalar|
|axis_data_count_c_din         |  out|   16|     ap_fifo|      axis_data_count_c|       pointer|
|axis_data_count_c_full_n      |   in|    1|     ap_fifo|      axis_data_count_c|       pointer|
|axis_data_count_c_write       |  out|    1|     ap_fifo|      axis_data_count_c|       pointer|
|axis_max_data_count           |   in|   16|     ap_none|    axis_max_data_count|        scalar|
|axis_max_data_count_c_din     |  out|   16|     ap_fifo|  axis_max_data_count_c|       pointer|
|axis_max_data_count_c_full_n  |   in|    1|     ap_fifo|  axis_max_data_count_c|       pointer|
|axis_max_data_count_c_write   |  out|    1|     ap_fifo|  axis_max_data_count_c|       pointer|
|myIpAddress                   |   in|   32|     ap_none|            myIpAddress|        scalar|
|myIpAddress_c143_din          |  out|   32|     ap_fifo|       myIpAddress_c143|       pointer|
|myIpAddress_c143_full_n       |   in|    1|     ap_fifo|       myIpAddress_c143|       pointer|
|myIpAddress_c143_write        |  out|    1|     ap_fifo|       myIpAddress_c143|       pointer|
+------------------------------+-----+-----+------------+-----------------------+--------------+

