

================================================================
== Vitis HLS Report for 'finalize_ipv4_checksum_32_s'
================================================================
* Date:           Sat Mar 18 14:39:14 2023

* Version:        2021.2 (Build 3367213 on Tue Oct 19 02:47:39 MDT 2021)
* Project:        toe_prj
* Solution:       solution1 (Vivado IP Flow Target)
* Product family: virtexuplus
* Target device:  xcu280-fsvh2892-2L-e


================================================================
== Performance Estimates
================================================================
+ Timing: 
    * Summary: 
    +--------+---------+----------+------------+
    |  Clock |  Target | Estimated| Uncertainty|
    +--------+---------+----------+------------+
    |ap_clk  |  3.20 ns|  2.298 ns|     0.86 ns|
    +--------+---------+----------+------------+

+ Latency: 
    * Summary: 
    +---------+---------+-----------+-----------+-----+-----+---------+
    |  Latency (cycles) |   Latency (absolute)  |  Interval | Pipeline|
    |   min   |   max   |    min    |    max    | min | max |   Type  |
    +---------+---------+-----------+-----------+-----+-----+---------+
    |        4|        4|  12.800 ns|  12.800 ns|    1|    1|      yes|
    +---------+---------+-----------+-----------+-----+-----+---------+

    + Detail: 
        * Instance: 
        N/A

        * Loop: 
        N/A



================================================================
== Utilization Estimates
================================================================
* Summary: 
+---------------------+---------+------+---------+---------+-----+
|         Name        | BRAM_18K|  DSP |    FF   |   LUT   | URAM|
+---------------------+---------+------+---------+---------+-----+
|DSP                  |        -|     -|        -|        -|    -|
|Expression           |        -|     -|        0|     2402|    -|
|FIFO                 |        -|     -|        -|        -|    -|
|Instance             |        -|     -|        -|        -|    -|
|Memory               |        -|     -|        -|        -|    -|
|Multiplexer          |        -|     -|        -|       27|    -|
|Register             |        -|     -|     1116|       32|    -|
+---------------------+---------+------+---------+---------+-----+
|Total                |        0|     0|     1116|     2461|    0|
+---------------------+---------+------+---------+---------+-----+
|Available SLR        |     1344|  3008|   869120|   434560|  320|
+---------------------+---------+------+---------+---------+-----+
|Utilization SLR (%)  |        0|     0|       ~0|       ~0|    0|
+---------------------+---------+------+---------+---------+-----+
|Available            |     4032|  9024|  2607360|  1303680|  960|
+---------------------+---------+------+---------+---------+-----+
|Utilization (%)      |        0|     0|       ~0|       ~0|    0|
+---------------------+---------+------+---------+---------+-----+

+ Detail: 
    * Instance: 
    N/A

    * DSP: 
    N/A

    * Memory: 
    N/A

    * FIFO: 
    N/A

    * Expression: 
    +----------------------------------+----------+----+---+----+------------+------------+
    |           Variable Name          | Operation| DSP| FF| LUT| Bitwidth P0| Bitwidth P1|
    +----------------------------------+----------+----+---+----+------------+------------+
    |add_ln229_185_fu_1488_p2          |         +|   0|  0|  16|          16|          16|
    |add_ln229_187_fu_1524_p2          |         +|   0|  0|  16|          16|          16|
    |add_ln229_189_fu_1560_p2          |         +|   0|  0|  16|          16|          16|
    |add_ln229_191_fu_1596_p2          |         +|   0|  0|  16|          16|          16|
    |add_ln229_193_fu_1632_p2          |         +|   0|  0|  16|          16|          16|
    |add_ln229_195_fu_1668_p2          |         +|   0|  0|  16|          16|          16|
    |add_ln229_196_fu_1519_p2          |         +|   0|  0|  16|          16|          16|
    |add_ln229_197_fu_1704_p2          |         +|   0|  0|  16|          16|          16|
    |add_ln229_198_fu_1555_p2          |         +|   0|  0|  16|          16|          16|
    |add_ln229_199_fu_1740_p2          |         +|   0|  0|  16|          16|          16|
    |add_ln229_200_fu_1591_p2          |         +|   0|  0|  16|          16|          16|
    |add_ln229_201_fu_1776_p2          |         +|   0|  0|  16|          16|          16|
    |add_ln229_202_fu_1627_p2          |         +|   0|  0|  16|          16|          16|
    |add_ln229_203_fu_1812_p2          |         +|   0|  0|  16|          16|          16|
    |add_ln229_204_fu_1663_p2          |         +|   0|  0|  16|          16|          16|
    |add_ln229_205_fu_1848_p2          |         +|   0|  0|  16|          16|          16|
    |add_ln229_206_fu_1699_p2          |         +|   0|  0|  16|          16|          16|
    |add_ln229_207_fu_1884_p2          |         +|   0|  0|  16|          16|          16|
    |add_ln229_208_fu_1735_p2          |         +|   0|  0|  16|          16|          16|
    |add_ln229_209_fu_1920_p2          |         +|   0|  0|  16|          16|          16|
    |add_ln229_210_fu_1771_p2          |         +|   0|  0|  16|          16|          16|
    |add_ln229_211_fu_1956_p2          |         +|   0|  0|  16|          16|          16|
    |add_ln229_212_fu_1807_p2          |         +|   0|  0|  16|          16|          16|
    |add_ln229_213_fu_1992_p2          |         +|   0|  0|  16|          16|          16|
    |add_ln229_214_fu_1843_p2          |         +|   0|  0|  16|          16|          16|
    |add_ln229_215_fu_2028_p2          |         +|   0|  0|  16|          16|          16|
    |add_ln229_216_fu_1879_p2          |         +|   0|  0|  16|          16|          16|
    |add_ln229_217_fu_2101_p2          |         +|   0|  0|  16|          16|          16|
    |add_ln229_218_fu_1915_p2          |         +|   0|  0|  16|          16|          16|
    |add_ln229_219_fu_2165_p2          |         +|   0|  0|  16|          16|          16|
    |add_ln229_220_fu_1951_p2          |         +|   0|  0|  16|          16|          16|
    |add_ln229_221_fu_2229_p2          |         +|   0|  0|  16|          16|          16|
    |add_ln229_222_fu_1987_p2          |         +|   0|  0|  16|          16|          16|
    |add_ln229_223_fu_2293_p2          |         +|   0|  0|  16|          16|          16|
    |add_ln229_224_fu_2357_p2          |         +|   0|  0|  16|          16|          16|
    |add_ln229_225_fu_2411_p2          |         +|   0|  0|  16|          16|          16|
    |add_ln229_226_fu_2465_p2          |         +|   0|  0|  16|          16|          16|
    |add_ln229_227_fu_2519_p2          |         +|   0|  0|  16|          16|          16|
    |add_ln229_228_fu_2623_p2          |         +|   0|  0|  16|          16|          16|
    |add_ln229_229_fu_2663_p2          |         +|   0|  0|  16|          16|          16|
    |add_ln229_230_fu_2703_p2          |         +|   0|  0|  16|          16|          16|
    |add_ln229_231_fu_2743_p2          |         +|   0|  0|  16|          16|          16|
    |add_ln229_232_fu_2790_p2          |         +|   0|  0|  16|          16|          16|
    |add_ln229_233_fu_2816_p2          |         +|   0|  0|  16|          16|          16|
    |add_ln229_234_fu_2847_p2          |         +|   0|  0|  16|          16|          16|
    |add_ln229_235_fu_2023_p2          |         +|   0|  0|  16|          16|          16|
    |add_ln229_236_fu_2095_p2          |         +|   0|  0|  16|          16|          16|
    |add_ln229_237_fu_2159_p2          |         +|   0|  0|  16|          16|          16|
    |add_ln229_238_fu_2223_p2          |         +|   0|  0|  16|          16|          16|
    |add_ln229_239_fu_2287_p2          |         +|   0|  0|  16|          16|          16|
    |add_ln229_240_fu_2351_p2          |         +|   0|  0|  16|          16|          16|
    |add_ln229_241_fu_2405_p2          |         +|   0|  0|  16|          16|          16|
    |add_ln229_242_fu_2459_p2          |         +|   0|  0|  16|          16|          16|
    |add_ln229_243_fu_2513_p2          |         +|   0|  0|  16|          16|          16|
    |add_ln229_244_fu_2618_p2          |         +|   0|  0|  16|          16|          16|
    |add_ln229_245_fu_2658_p2          |         +|   0|  0|  16|          16|          16|
    |add_ln229_246_fu_2698_p2          |         +|   0|  0|  16|          16|          16|
    |add_ln229_247_fu_2738_p2          |         +|   0|  0|  16|          16|          16|
    |add_ln229_248_fu_2785_p2          |         +|   0|  0|  16|          16|          16|
    |add_ln229_249_fu_2811_p2          |         +|   0|  0|  16|          16|          16|
    |add_ln229_250_fu_2842_p2          |         +|   0|  0|  16|          16|          16|
    |add_ln229_fu_1483_p2              |         +|   0|  0|  16|          16|          16|
    |add_ln497_10_fu_1858_p2           |         +|   0|  0|  16|           8|           8|
    |add_ln497_11_fu_1894_p2           |         +|   0|  0|  16|           8|           8|
    |add_ln497_12_fu_1930_p2           |         +|   0|  0|  16|           8|           8|
    |add_ln497_13_fu_1966_p2           |         +|   0|  0|  16|           8|           8|
    |add_ln497_14_fu_2002_p2           |         +|   0|  0|  16|           8|           8|
    |add_ln497_15_fu_2038_p2           |         +|   0|  0|  16|           8|           8|
    |add_ln497_16_fu_1493_p2           |         +|   0|  0|  16|           8|           8|
    |add_ln497_17_fu_1529_p2           |         +|   0|  0|  16|           8|           8|
    |add_ln497_18_fu_1565_p2           |         +|   0|  0|  16|           8|           8|
    |add_ln497_19_fu_1601_p2           |         +|   0|  0|  16|           8|           8|
    |add_ln497_1_fu_1534_p2            |         +|   0|  0|  16|           8|           8|
    |add_ln497_20_fu_1637_p2           |         +|   0|  0|  16|           8|           8|
    |add_ln497_21_fu_1673_p2           |         +|   0|  0|  16|           8|           8|
    |add_ln497_22_fu_1709_p2           |         +|   0|  0|  16|           8|           8|
    |add_ln497_23_fu_1745_p2           |         +|   0|  0|  16|           8|           8|
    |add_ln497_24_fu_1781_p2           |         +|   0|  0|  16|           8|           8|
    |add_ln497_25_fu_1817_p2           |         +|   0|  0|  16|           8|           8|
    |add_ln497_26_fu_1853_p2           |         +|   0|  0|  16|           8|           8|
    |add_ln497_27_fu_1889_p2           |         +|   0|  0|  16|           8|           8|
    |add_ln497_28_fu_1925_p2           |         +|   0|  0|  16|           8|           8|
    |add_ln497_29_fu_1961_p2           |         +|   0|  0|  16|           8|           8|
    |add_ln497_2_fu_1570_p2            |         +|   0|  0|  16|           8|           8|
    |add_ln497_30_fu_1997_p2           |         +|   0|  0|  16|           8|           8|
    |add_ln497_31_fu_2033_p2           |         +|   0|  0|  16|           8|           8|
    |add_ln497_3_fu_1606_p2            |         +|   0|  0|  16|           8|           8|
    |add_ln497_4_fu_1642_p2            |         +|   0|  0|  16|           8|           8|
    |add_ln497_5_fu_1678_p2            |         +|   0|  0|  16|           8|           8|
    |add_ln497_6_fu_1714_p2            |         +|   0|  0|  16|           8|           8|
    |add_ln497_7_fu_1750_p2            |         +|   0|  0|  16|           8|           8|
    |add_ln497_8_fu_1786_p2            |         +|   0|  0|  16|           8|           8|
    |add_ln497_9_fu_1822_p2            |         +|   0|  0|  16|           8|           8|
    |add_ln497_fu_1498_p2              |         +|   0|  0|  16|           8|           8|
    |add_ln507_1_fu_2546_p2            |         +|   0|  0|  16|           8|           8|
    |add_ln507_2_fu_2559_p2            |         +|   0|  0|  16|           8|           8|
    |add_ln507_3_fu_2572_p2            |         +|   0|  0|  16|           8|           8|
    |add_ln507_4_fu_2528_p2            |         +|   0|  0|  16|           8|           8|
    |add_ln507_5_fu_2541_p2            |         +|   0|  0|  16|           8|           8|
    |add_ln507_6_fu_2554_p2            |         +|   0|  0|  16|           8|           8|
    |add_ln507_7_fu_2567_p2            |         +|   0|  0|  16|           8|           8|
    |add_ln507_fu_2533_p2              |         +|   0|  0|  16|           8|           8|
    |add_ln885_161_fu_707_p2           |         +|   0|  0|  24|          17|          17|
    |add_ln885_162_fu_761_p2           |         +|   0|  0|  24|          17|          17|
    |add_ln885_163_fu_815_p2           |         +|   0|  0|  24|          17|          17|
    |add_ln885_164_fu_869_p2           |         +|   0|  0|  24|          17|          17|
    |add_ln885_165_fu_923_p2           |         +|   0|  0|  24|          17|          17|
    |add_ln885_166_fu_977_p2           |         +|   0|  0|  24|          17|          17|
    |add_ln885_167_fu_1031_p2          |         +|   0|  0|  24|          17|          17|
    |add_ln885_168_fu_1085_p2          |         +|   0|  0|  24|          17|          17|
    |add_ln885_169_fu_1139_p2          |         +|   0|  0|  24|          17|          17|
    |add_ln885_170_fu_1193_p2          |         +|   0|  0|  24|          17|          17|
    |add_ln885_171_fu_1247_p2          |         +|   0|  0|  24|          17|          17|
    |add_ln885_172_fu_1301_p2          |         +|   0|  0|  24|          17|          17|
    |add_ln885_173_fu_1355_p2          |         +|   0|  0|  24|          17|          17|
    |add_ln885_174_fu_1409_p2          |         +|   0|  0|  24|          17|          17|
    |add_ln885_175_fu_1463_p2          |         +|   0|  0|  24|          17|          17|
    |add_ln885_176_fu_2077_p2          |         +|   0|  0|  24|          17|          17|
    |add_ln885_177_fu_2141_p2          |         +|   0|  0|  24|          17|          17|
    |add_ln885_178_fu_2205_p2          |         +|   0|  0|  24|          17|          17|
    |add_ln885_179_fu_2269_p2          |         +|   0|  0|  24|          17|          17|
    |add_ln885_180_fu_2333_p2          |         +|   0|  0|  24|          17|          17|
    |add_ln885_181_fu_2387_p2          |         +|   0|  0|  24|          17|          17|
    |add_ln885_182_fu_2441_p2          |         +|   0|  0|  24|          17|          17|
    |add_ln885_183_fu_2495_p2          |         +|   0|  0|  24|          17|          17|
    |add_ln885_184_fu_2600_p2          |         +|   0|  0|  24|          17|          17|
    |add_ln885_185_fu_2640_p2          |         +|   0|  0|  24|          17|          17|
    |add_ln885_186_fu_2680_p2          |         +|   0|  0|  24|          17|          17|
    |add_ln885_187_fu_2720_p2          |         +|   0|  0|  24|          17|          17|
    |add_ln885_188_fu_2761_p2          |         +|   0|  0|  24|          17|          17|
    |add_ln885_189_fu_2767_p2          |         +|   0|  0|  24|          17|          17|
    |add_ln885_190_fu_2825_p2          |         +|   0|  0|  24|          17|          17|
    |add_ln885_fu_653_p2               |         +|   0|  0|  24|          17|          17|
    |ap_block_state5_pp0_stage0_iter4  |       and|   0|  0|   2|           1|           1|
    |tmp_i_nbreadreq_fu_290_p3         |       and|   0|  0|   2|           1|           0|
    |ap_block_pp0_stage0_01001         |        or|   0|  0|   2|           1|           1|
    |ap_block_state1_pp0_stage0_iter0  |        or|   0|  0|   2|           1|           1|
    |ap_enable_pp0                     |       xor|   0|  0|   2|           1|           2|
    |txEng_tcpChecksumFifo_din         |       xor|   0|  0|  16|           2|          16|
    +----------------------------------+----------+----+---+----+------------+------------+
    |Total                             |          |   0|  0|2402|        1846|        1860|
    +----------------------------------+----------+----+---+----+------------+------------+

    * Multiplexer: 
    +------------------------------+----+-----------+-----+-----------+
    |             Name             | LUT| Input Size| Bits| Total Bits|
    +------------------------------+----+-----------+-----+-----------+
    |ap_done                       |   9|          2|    1|          2|
    |txEng_subChecksumsFifo_blk_n  |   9|          2|    1|          2|
    |txEng_tcpChecksumFifo_blk_n   |   9|          2|    1|          2|
    +------------------------------+----+-----------+-----+-----------+
    |Total                         |  27|          6|    3|          6|
    +------------------------------+----+-----------+-----+-----------+

    * Register: 
    +-------------------------+----+----+-----+-----------+
    |           Name          | FF | LUT| Bits| Const Bits|
    +-------------------------+----+----+-----+-----------+
    |add_ln229_224_reg_3359   |  16|   0|   16|          0|
    |add_ln229_225_reg_3365   |  16|   0|   16|          0|
    |add_ln229_226_reg_3371   |  16|   0|   16|          0|
    |add_ln229_227_reg_3377   |  16|   0|   16|          0|
    |add_ln229_228_reg_3383   |  16|   0|   16|          0|
    |add_ln229_229_reg_3389   |  16|   0|   16|          0|
    |add_ln229_230_reg_3395   |  16|   0|   16|          0|
    |add_ln229_231_reg_3401   |  16|   0|   16|          0|
    |add_ln229_232_reg_3407   |  16|   0|   16|          0|
    |add_ln229_233_reg_3412   |  16|   0|   16|          0|
    |add_ln497_10_reg_3309    |   8|   0|    8|          0|
    |add_ln497_11_reg_3314    |   8|   0|    8|          0|
    |add_ln497_1_reg_3284     |   8|   0|    8|          0|
    |add_ln497_2_reg_3289     |   8|   0|    8|          0|
    |add_ln497_3_reg_3294     |   8|   0|    8|          0|
    |add_ln497_8_reg_3299     |   8|   0|    8|          0|
    |add_ln497_9_reg_3304     |   8|   0|    8|          0|
    |add_ln497_reg_3279       |   8|   0|    8|          0|
    |ap_CS_fsm                |   1|   0|    1|          0|
    |ap_done_reg              |   1|   0|    1|          0|
    |ap_enable_reg_pp0_iter1  |   1|   0|    1|          0|
    |ap_enable_reg_pp0_iter2  |   1|   0|    1|          0|
    |ap_enable_reg_pp0_iter3  |   1|   0|    1|          0|
    |ap_enable_reg_pp0_iter4  |   1|   0|    1|          0|
    |or_ln2_reg_3045          |  16|   0|   16|          0|
    |or_ln885_52_reg_3024     |  16|   0|   16|          0|
    |or_ln885_53_reg_3066     |  16|   0|   16|          0|
    |or_ln885_54_reg_3087     |  16|   0|   16|          0|
    |or_ln885_55_reg_3092     |  16|   0|   16|          0|
    |or_ln885_56_reg_3103     |  16|   0|   16|          0|
    |or_ln885_57_reg_3108     |  16|   0|   16|          0|
    |or_ln885_58_reg_3119     |  16|   0|   16|          0|
    |or_ln885_59_reg_3124     |  16|   0|   16|          0|
    |or_ln885_60_reg_3135     |  16|   0|   16|          0|
    |or_ln885_61_reg_3140     |  16|   0|   16|          0|
    |or_ln885_62_reg_3151     |  16|   0|   16|          0|
    |or_ln885_63_reg_3156     |  16|   0|   16|          0|
    |or_ln885_64_reg_3167     |  16|   0|   16|          0|
    |or_ln885_65_reg_3172     |  16|   0|   16|          0|
    |or_ln885_66_reg_3183     |  16|   0|   16|          0|
    |or_ln885_67_reg_3188     |  16|   0|   16|          0|
    |or_ln885_68_reg_3199     |  16|   0|   16|          0|
    |or_ln885_69_reg_3204     |  16|   0|   16|          0|
    |or_ln885_70_reg_3215     |  16|   0|   16|          0|
    |or_ln885_71_reg_3220     |  16|   0|   16|          0|
    |or_ln885_72_reg_3231     |  16|   0|   16|          0|
    |or_ln885_73_reg_3236     |  16|   0|   16|          0|
    |or_ln885_74_reg_3247     |  16|   0|   16|          0|
    |or_ln885_75_reg_3252     |  16|   0|   16|          0|
    |or_ln885_76_reg_3263     |  16|   0|   16|          0|
    |or_ln885_77_reg_3268     |  16|   0|   16|          0|
    |tmp_10_reg_2883          |   8|   0|    8|          0|
    |tmp_11_reg_2888          |   8|   0|    8|          0|
    |tmp_12_reg_2893          |   8|   0|    8|          0|
    |tmp_13_reg_2898          |   8|   0|    8|          0|
    |tmp_14_reg_2903          |   8|   0|    8|          0|
    |tmp_15_reg_2908          |   8|   0|    8|          0|
    |tmp_16_reg_2913          |   8|   0|    8|          0|
    |tmp_17_reg_2918          |   8|   0|    8|          0|
    |tmp_18_reg_2923          |   8|   0|    8|          0|
    |tmp_19_reg_2928          |   8|   0|    8|          0|
    |tmp_20_reg_2933          |   8|   0|    8|          0|
    |tmp_21_reg_2938          |   8|   0|    8|          0|
    |tmp_22_reg_2943          |   8|   0|    8|          0|
    |tmp_23_reg_2948          |   8|   0|    8|          0|
    |tmp_24_reg_2953          |   8|   0|    8|          0|
    |tmp_25_reg_2958          |   8|   0|    8|          0|
    |tmp_26_reg_2963          |   8|   0|    8|          0|
    |tmp_303_reg_3039         |   1|   0|    1|          0|
    |tmp_304_reg_3060         |   1|   0|    1|          0|
    |tmp_305_reg_3081         |   1|   0|    1|          0|
    |tmp_306_reg_3097         |   1|   0|    1|          0|
    |tmp_307_reg_3113         |   1|   0|    1|          0|
    |tmp_308_reg_3129         |   1|   0|    1|          0|
    |tmp_309_reg_3145         |   1|   0|    1|          0|
    |tmp_310_reg_3161         |   1|   0|    1|          0|
    |tmp_311_reg_3177         |   1|   0|    1|          0|
    |tmp_312_reg_3193         |   1|   0|    1|          0|
    |tmp_313_reg_3209         |   1|   0|    1|          0|
    |tmp_314_reg_3225         |   1|   0|    1|          0|
    |tmp_315_reg_3241         |   1|   0|    1|          0|
    |tmp_316_reg_3257         |   1|   0|    1|          0|
    |tmp_317_reg_3273         |   1|   0|    1|          0|
    |tmp_318_reg_3319         |   1|   0|    1|          0|
    |tmp_319_reg_3329         |   1|   0|    1|          0|
    |tmp_320_reg_3339         |   1|   0|    1|          0|
    |tmp_321_reg_3349         |   1|   0|    1|          0|
    |tmp_332_reg_3417         |   1|   0|    1|          0|
    |tmp_7_reg_2868           |   8|   0|    8|          0|
    |tmp_8_reg_2873           |   8|   0|    8|          0|
    |tmp_9_reg_2878           |   8|   0|    8|          0|
    |tmp_i_reg_2859           |   1|   0|    1|          0|
    |tmp_reg_3018             |   1|   0|    1|          0|
    |tmp_s_reg_2863           |   8|   0|    8|          0|
    |trunc_ln144_56_reg_2973  |   8|   0|    8|          0|
    |trunc_ln144_57_reg_2978  |   8|   0|    8|          0|
    |trunc_ln144_58_reg_2983  |   8|   0|    8|          0|
    |trunc_ln144_59_reg_2988  |   8|   0|    8|          0|
    |trunc_ln144_60_reg_2993  |   8|   0|    8|          0|
    |trunc_ln144_s_reg_2968   |   8|   0|    8|          0|
    |trunc_ln1_reg_3324       |   8|   0|    8|          0|
    |trunc_ln507_1_reg_3334   |   8|   0|    8|          0|
    |trunc_ln507_2_reg_3344   |   8|   0|    8|          0|
    |trunc_ln507_3_reg_3354   |   8|   0|    8|          0|
    |trunc_ln885_10_reg_3050  |   8|   0|    8|          0|
    |trunc_ln885_11_reg_3055  |  16|   0|   16|          0|
    |trunc_ln885_12_reg_3071  |   8|   0|    8|          0|
    |trunc_ln885_13_reg_3076  |  16|   0|   16|          0|
    |trunc_ln885_69_reg_3008  |  16|   0|   16|          0|
    |trunc_ln885_7_reg_3013   |  16|   0|   16|          0|
    |trunc_ln885_8_reg_3029   |   8|   0|    8|          0|
    |trunc_ln885_9_reg_3034   |  16|   0|   16|          0|
    |trunc_ln885_reg_2998     |   8|   0|    8|          0|
    |trunc_ln885_s_reg_3003   |   8|   0|    8|          0|
    |tmp_i_reg_2859           |  64|  32|    1|          0|
    +-------------------------+----+----+-----+-----------+
    |Total                    |1116|  32| 1053|          0|
    +-------------------------+----+----+-----+-----------+



================================================================
== Interface
================================================================
* Summary: 
+--------------------------------+-----+-----+------------+----------------------------+--------------+
|            RTL Ports           | Dir | Bits|  Protocol  |        Source Object       |    C Type    |
+--------------------------------+-----+-----+------------+----------------------------+--------------+
|ap_clk                          |   in|    1|  ap_ctrl_hs|  finalize_ipv4_checksum<32>|  return value|
|ap_rst                          |   in|    1|  ap_ctrl_hs|  finalize_ipv4_checksum<32>|  return value|
|ap_start                        |   in|    1|  ap_ctrl_hs|  finalize_ipv4_checksum<32>|  return value|
|ap_done                         |  out|    1|  ap_ctrl_hs|  finalize_ipv4_checksum<32>|  return value|
|ap_continue                     |   in|    1|  ap_ctrl_hs|  finalize_ipv4_checksum<32>|  return value|
|ap_idle                         |  out|    1|  ap_ctrl_hs|  finalize_ipv4_checksum<32>|  return value|
|ap_ready                        |  out|    1|  ap_ctrl_hs|  finalize_ipv4_checksum<32>|  return value|
|txEng_subChecksumsFifo_dout     |   in|  544|     ap_fifo|      txEng_subChecksumsFifo|       pointer|
|txEng_subChecksumsFifo_empty_n  |   in|    1|     ap_fifo|      txEng_subChecksumsFifo|       pointer|
|txEng_subChecksumsFifo_read     |  out|    1|     ap_fifo|      txEng_subChecksumsFifo|       pointer|
|txEng_tcpChecksumFifo_din       |  out|   16|     ap_fifo|       txEng_tcpChecksumFifo|       pointer|
|txEng_tcpChecksumFifo_full_n    |   in|    1|     ap_fifo|       txEng_tcpChecksumFifo|       pointer|
|txEng_tcpChecksumFifo_write     |  out|    1|     ap_fifo|       txEng_tcpChecksumFifo|       pointer|
+--------------------------------+-----+-----+------------+----------------------------+--------------+

