

================================================================
== Vitis HLS Report for 'lshiftWordByOctet_512_52_s'
================================================================
* Date:           Sat Mar 18 14:39:16 2023

* Version:        2021.2 (Build 3367213 on Tue Oct 19 02:47:39 MDT 2021)
* Project:        toe_prj
* Solution:       solution1 (Vivado IP Flow Target)
* Product family: virtexuplus
* Target device:  xcu280-fsvh2892-2L-e


================================================================
== Performance Estimates
================================================================
+ Timing: 
    * Summary: 
    +--------+---------+----------+------------+
    |  Clock |  Target | Estimated| Uncertainty|
    +--------+---------+----------+------------+
    |ap_clk  |  3.20 ns|  2.399 ns|     0.86 ns|
    +--------+---------+----------+------------+

+ Latency: 
    * Summary: 
    +---------+---------+----------+----------+-----+-----+---------+
    |  Latency (cycles) |  Latency (absolute) |  Interval | Pipeline|
    |   min   |   max   |    min   |    max   | min | max |   Type  |
    +---------+---------+----------+----------+-----+-----+---------+
    |        1|        1|  3.200 ns|  3.200 ns|    1|    1|      yes|
    +---------+---------+----------+----------+-----+-----+---------+

    + Detail: 
        * Instance: 
        N/A

        * Loop: 
        N/A



================================================================
== Utilization Estimates
================================================================
* Summary: 
+---------------------+---------+------+---------+---------+-----+
|         Name        | BRAM_18K|  DSP |    FF   |   LUT   | URAM|
+---------------------+---------+------+---------+---------+-----+
|DSP                  |        -|     -|        -|        -|    -|
|Expression           |        -|     -|        0|      529|    -|
|FIFO                 |        -|     -|        -|        -|    -|
|Instance             |        -|     -|        -|        -|    -|
|Memory               |        -|     -|        -|        -|    -|
|Multiplexer          |        -|     -|        -|       64|    -|
|Register             |        -|     -|     1161|        -|    -|
+---------------------+---------+------+---------+---------+-----+
|Total                |        0|     0|     1161|      593|    0|
+---------------------+---------+------+---------+---------+-----+
|Available SLR        |     1344|  3008|   869120|   434560|  320|
+---------------------+---------+------+---------+---------+-----+
|Utilization SLR (%)  |        0|     0|       ~0|       ~0|    0|
+---------------------+---------+------+---------+---------+-----+
|Available            |     4032|  9024|  2607360|  1303680|  960|
+---------------------+---------+------+---------+---------+-----+
|Utilization (%)      |        0|     0|       ~0|       ~0|    0|
+---------------------+---------+------+---------+---------+-----+

+ Detail: 
    * Instance: 
    N/A

    * DSP: 
    N/A

    * Memory: 
    N/A

    * FIFO: 
    N/A

    * Expression: 
    +----------------------------------+----------+----+---+-----+------------+------------+
    |           Variable Name          | Operation| DSP| FF| LUT | Bitwidth P0| Bitwidth P1|
    +----------------------------------+----------+----+---+-----+------------+------------+
    |ap_condition_106                  |       and|   0|  0|    2|           1|           1|
    |ap_condition_127                  |       and|   0|  0|    2|           1|           1|
    |ap_condition_131                  |       and|   0|  0|    2|           1|           1|
    |ap_condition_152                  |       and|   0|  0|    2|           1|           1|
    |ap_predicate_op18_read_state1     |       and|   0|  0|    2|           1|           1|
    |ap_predicate_op46_write_state2    |       and|   0|  0|    2|           1|           1|
    |tmp_i_nbreadreq_fu_82_p3          |       and|   0|  0|    2|           1|           0|
    |sendWord_last_V_fu_202_p2         |      icmp|   0|  0|   14|          20|           1|
    |ap_block_pp0_stage0_01001         |        or|   0|  0|    2|           1|           1|
    |ap_block_state1_pp0_stage0_iter0  |        or|   0|  0|    2|           1|           1|
    |ap_block_state2_pp0_stage0_iter1  |        or|   0|  0|    2|           1|           1|
    |select_ln600_fu_278_p3            |    select|   0|  0|   63|           1|          64|
    |sendWord_data_V_11_fu_270_p3      |    select|   0|  0|  428|           1|         512|
    |ap_enable_pp0                     |       xor|   0|  0|    2|           1|           2|
    |xor_ln946_fu_220_p2               |       xor|   0|  0|    2|           1|           2|
    +----------------------------------+----------+----+---+-----+------------+------------+
    |Total                             |          |   0|  0|  529|          34|         590|
    +----------------------------------+----------+----+---+-----+------------+------------+

    * Multiplexer: 
    +---------------------------------------------------+----+-----------+-----+-----------+
    |                        Name                       | LUT| Input Size| Bits| Total Bits|
    +---------------------------------------------------+----+-----------+-----+-----------+
    |ap_done                                            |   9|          2|    1|          2|
    |ap_phi_reg_pp0_iter1_ls_firstWord_new_0_i_reg_103  |  14|          3|    1|          3|
    |ls_writeRemainder                                  |   9|          2|    1|          2|
    |txEng_tcpPkgBuffer5_blk_n                          |   9|          2|    1|          2|
    |txEng_tcpPkgBuffer6_blk_n                          |   9|          2|    1|          2|
    |txEng_tcpPkgBuffer6_din                            |  14|          3|  577|       1731|
    +---------------------------------------------------+----+-----------+-----+-----------+
    |Total                                              |  64|         14|  582|       1742|
    +---------------------------------------------------+----+-----------+-----+-----------+

    * Register: 
    +---------------------------------------------------+-----+----+-----+-----------+
    |                        Name                       |  FF | LUT| Bits| Const Bits|
    +---------------------------------------------------+-----+----+-----+-----------+
    |ap_CS_fsm                                          |    1|   0|    1|          0|
    |ap_done_reg                                        |    1|   0|    1|          0|
    |ap_enable_reg_pp0_iter1                            |    1|   0|    1|          0|
    |ap_phi_reg_pp0_iter1_ls_firstWord_new_0_i_reg_103  |    1|   0|    1|          0|
    |ls_firstWord                                       |    1|   0|    1|          0|
    |ls_writeRemainder                                  |    1|   0|    1|          0|
    |ls_writeRemainder_load_reg_315                     |    1|   0|    1|          0|
    |p_Result_537_i_reg_332                             |   44|   0|   44|          0|
    |prevWord_data_V_8                                  |  512|   0|  512|          0|
    |prevWord_keep_V_2                                  |   64|   0|   64|          0|
    |reg_134                                            |  160|   0|  160|          0|
    |reg_138                                            |   20|   0|   20|          0|
    |sendWord_last_V_reg_338                            |    1|   0|    1|          0|
    |tmp_i_reg_319                                      |    1|   0|    1|          0|
    |trunc_ln674_reg_326                                |  352|   0|  352|          0|
    +---------------------------------------------------+-----+----+-----+-----------+
    |Total                                              | 1161|   0| 1161|          0|
    +---------------------------------------------------+-----+----+-----+-----------+



================================================================
== Interface
================================================================
* Summary: 
+-----------------------------+-----+-----+------------+----------------------------+--------------+
|          RTL Ports          | Dir | Bits|  Protocol  |        Source Object       |    C Type    |
+-----------------------------+-----+-----+------------+----------------------------+--------------+
|ap_clk                       |   in|    1|  ap_ctrl_hs|  lshiftWordByOctet<512, 52>|  return value|
|ap_rst                       |   in|    1|  ap_ctrl_hs|  lshiftWordByOctet<512, 52>|  return value|
|ap_start                     |   in|    1|  ap_ctrl_hs|  lshiftWordByOctet<512, 52>|  return value|
|ap_done                      |  out|    1|  ap_ctrl_hs|  lshiftWordByOctet<512, 52>|  return value|
|ap_continue                  |   in|    1|  ap_ctrl_hs|  lshiftWordByOctet<512, 52>|  return value|
|ap_idle                      |  out|    1|  ap_ctrl_hs|  lshiftWordByOctet<512, 52>|  return value|
|ap_ready                     |  out|    1|  ap_ctrl_hs|  lshiftWordByOctet<512, 52>|  return value|
|txEng_tcpPkgBuffer5_dout     |   in|  577|     ap_fifo|         txEng_tcpPkgBuffer5|       pointer|
|txEng_tcpPkgBuffer5_empty_n  |   in|    1|     ap_fifo|         txEng_tcpPkgBuffer5|       pointer|
|txEng_tcpPkgBuffer5_read     |  out|    1|     ap_fifo|         txEng_tcpPkgBuffer5|       pointer|
|txEng_tcpPkgBuffer6_din      |  out|  577|     ap_fifo|         txEng_tcpPkgBuffer6|       pointer|
|txEng_tcpPkgBuffer6_full_n   |   in|    1|     ap_fifo|         txEng_tcpPkgBuffer6|       pointer|
|txEng_tcpPkgBuffer6_write    |  out|    1|     ap_fifo|         txEng_tcpPkgBuffer6|       pointer|
+-----------------------------+-----+-----+------------+----------------------------+--------------+

