

================================================================
== Vitis HLS Report for 'reverseLookupTableInterface'
================================================================
* Date:           Sat Mar 18 14:38:52 2023

* Version:        2021.2 (Build 3367213 on Tue Oct 19 02:47:39 MDT 2021)
* Project:        toe_prj
* Solution:       solution1 (Vivado IP Flow Target)
* Product family: virtexuplus
* Target device:  xcu280-fsvh2892-2L-e


================================================================
== Performance Estimates
================================================================
+ Timing: 
    * Summary: 
    +--------+---------+----------+------------+
    |  Clock |  Target | Estimated| Uncertainty|
    +--------+---------+----------+------------+
    |ap_clk  |  3.20 ns|  2.336 ns|     0.86 ns|
    +--------+---------+----------+------------+

+ Latency: 
    * Summary: 
    +---------+---------+-----------+-----------+-----+-----+---------+
    |  Latency (cycles) |   Latency (absolute)  |  Interval | Pipeline|
    |   min   |   max   |    min    |    max    | min | max |   Type  |
    +---------+---------+-----------+-----------+-----+-----+---------+
    |        5|        5|  16.000 ns|  16.000 ns|    1|    1|      yes|
    +---------+---------+-----------+-----------+-----+-----+---------+

    + Detail: 
        * Instance: 
        N/A

        * Loop: 
        N/A



================================================================
== Utilization Estimates
================================================================
* Summary: 
+---------------------+---------+------+---------+---------+-----+
|         Name        | BRAM_18K|  DSP |    FF   |   LUT   | URAM|
+---------------------+---------+------+---------+---------+-----+
|DSP                  |        -|     -|        -|        -|    -|
|Expression           |        -|     -|        0|      164|    -|
|FIFO                 |        -|     -|        -|        -|    -|
|Instance             |        -|     -|        -|        -|    -|
|Memory               |        4|     -|        2|       36|    0|
|Multiplexer          |        -|     -|        -|      157|    -|
|Register             |        -|     -|      793|      288|    -|
+---------------------+---------+------+---------+---------+-----+
|Total                |        4|     0|      795|      645|    0|
+---------------------+---------+------+---------+---------+-----+
|Available SLR        |     1344|  3008|   869120|   434560|  320|
+---------------------+---------+------+---------+---------+-----+
|Utilization SLR (%)  |       ~0|     0|       ~0|       ~0|    0|
+---------------------+---------+------+---------+---------+-----+
|Available            |     4032|  9024|  2607360|  1303680|  960|
+---------------------+---------+------+---------+---------+-----+
|Utilization (%)      |       ~0|     0|       ~0|       ~0|    0|
+---------------------+---------+------+---------+---------+-----+

+ Detail: 
    * Instance: 
    N/A

    * DSP: 
    N/A

    * Memory: 
    +----------------------------------+------------------------------------------------------------------------------+---------+---+----+-----+------+-----+------+-------------+
    |              Memory              |                                    Module                                    | BRAM_18K| FF| LUT| URAM| Words| Bits| Banks| W*Bits*Banks|
    +----------------------------------+------------------------------------------------------------------------------+---------+---+----+-----+------+-----+------+-------------+
    |reverseLookupTable_myPort_V_U     |reverseLookupTableInterface_reverseLookupTable_myPort_V_RAM_T2P_BRAM_1R1W     |        1|  0|   0|    0|  1000|   16|     1|        16000|
    |reverseLookupTable_theirIp_V_U    |reverseLookupTableInterface_reverseLookupTable_theirIp_V_RAM_T2P_BRAM_1R1W    |        2|  0|   0|    0|  1000|   32|     1|        32000|
    |reverseLookupTable_theirPort_V_U  |reverseLookupTableInterface_reverseLookupTable_theirPort_V_RAM_T2P_BRAM_1R1W  |        1|  0|   0|    0|  1000|   16|     1|        16000|
    |tupleValid_U                      |reverseLookupTableInterface_tupleValid_RAM_AUTO_1R1W                          |        0|  2|  36|    0|  1000|    1|     1|         1000|
    +----------------------------------+------------------------------------------------------------------------------+---------+---+----+-----+------+-----+------+-------------+
    |Total                             |                                                                              |        4|  2|  36|    0|  4000|   65|     4|        65000|
    +----------------------------------+------------------------------------------------------------------------------+---------+---+----+-----+------+-----+------+-------------+

    * FIFO: 
    N/A

    * Expression: 
    +-----------------------------------+----------+----+---+-----+------------+------------+
    |           Variable Name           | Operation| DSP| FF| LUT | Bitwidth P0| Bitwidth P1|
    +-----------------------------------+----------+----+---+-----+------------+------------+
    |ap_block_pp0                       |       and|   0|  0|    2|           1|           1|
    |ap_block_state2_pp0_stage0_iter1   |       and|   0|  0|    2|           1|           1|
    |ap_block_state3_pp0_stage0_iter2   |       and|   0|  0|    2|           1|           1|
    |ap_condition_221                   |       and|   0|  0|    2|           1|           1|
    |ap_condition_313                   |       and|   0|  0|    2|           1|           1|
    |ap_enable_state2_pp0_iter1_stage0  |       and|   0|  0|    2|           1|           1|
    |ap_enable_state3_pp0_iter2_stage0  |       and|   0|  0|    2|           1|           1|
    |ap_enable_state4_pp0_iter3_stage0  |       and|   0|  0|    2|           1|           1|
    |ap_enable_state5_pp0_iter4_stage0  |       and|   0|  0|    2|           1|           1|
    |ap_enable_state6_pp0_iter5_stage0  |       and|   0|  0|    2|           1|           1|
    |ap_predicate_op18_read_state2      |       and|   0|  0|    2|           1|           1|
    |ap_predicate_op29_read_state3      |       and|   0|  0|    2|           1|           1|
    |ap_predicate_op30_load_state3      |       and|   0|  0|    2|           1|           1|
    |ap_predicate_op40_load_state4      |       and|   0|  0|    2|           1|           1|
    |ap_predicate_op48_load_state5      |       and|   0|  0|    2|           1|           1|
    |ap_predicate_op52_load_state5      |       and|   0|  0|    2|           1|           1|
    |ap_predicate_op89_write_state6     |       and|   0|  0|    2|           1|           1|
    |ap_predicate_op91_load_state6      |       and|   0|  0|    2|           1|           1|
    |ap_predicate_op93_write_state6     |       and|   0|  0|    2|           1|           1|
    |tmp_22_i_nbreadreq_fu_128_p3       |       and|   0|  0|    2|           1|           0|
    |tmp_i_320_nbreadreq_fu_114_p3      |       and|   0|  0|    2|           1|           0|
    |tmp_i_nbreadreq_fu_100_p3          |       and|   0|  0|    2|           1|           0|
    |ap_block_pp0_stage0_01001          |        or|   0|  0|    2|           1|           1|
    |ap_block_state1_pp0_stage0_iter0   |        or|   0|  0|    2|           1|           1|
    |ap_block_state6_pp0_stage0_iter5   |        or|   0|  0|    2|           1|           1|
    |or_ln173_fu_373_p2                 |        or|   0|  0|  112|         112|           1|
    |ap_enable_pp0                      |       xor|   0|  0|    2|           1|           2|
    +-----------------------------------+----------+----+---+-----+------------+------------+
    |Total                              |          |   0|  0|  164|         138|          25|
    +-----------------------------------+----------+----+---+-----+------------+------------+

    * Multiplexer: 
    +-----------------------------------------+----+-----------+-----+-----------+
    |                   Name                  | LUT| Input Size| Bits| Total Bits|
    +-----------------------------------------+----+-----------+-----+-----------+
    |ap_done                                  |   9|          2|    1|          2|
    |myIpAddress_blk_n                        |   9|          2|    1|          2|
    |myIpAddress_c_blk_n                      |   9|          2|    1|          2|
    |reverseLookupTable_myPort_V_address0     |  20|          4|   10|         40|
    |reverseLookupTable_theirIp_V_address0    |  14|          3|   10|         30|
    |reverseLookupTable_theirPort_V_address0  |  14|          3|   10|         30|
    |reverseLupInsertFifo_blk_n               |   9|          2|    1|          2|
    |sLookup2portTable_releasePort_blk_n      |   9|          2|    1|          2|
    |sLookup2txEng_rev_rsp_blk_n              |   9|          2|    1|          2|
    |sessionDelete_req_blk_n                  |   9|          2|    1|          2|
    |stateTable2sLookup_releaseSession_blk_n  |   9|          2|    1|          2|
    |tupleValid_address0                      |  14|          3|   10|         30|
    |tupleValid_d0                            |  14|          3|    1|          3|
    |txEng2sLookup_rev_req_blk_n              |   9|          2|    1|          2|
    +-----------------------------------------+----+-----------+-----+-----------+
    |Total                                    | 157|         34|   50|        151|
    +-----------------------------------------+----+-----------+-----+-----------+

    * Register: 
    +----------------------------------+----+----+-----+-----------+
    |               Name               | FF | LUT| Bits| Const Bits|
    +----------------------------------+----+----+-----+-----------+
    |ap_CS_fsm                         |   1|   0|    1|          0|
    |ap_done_reg                       |   1|   0|    1|          0|
    |ap_enable_reg_pp0_iter1           |   1|   0|    1|          0|
    |ap_enable_reg_pp0_iter2           |   1|   0|    1|          0|
    |ap_enable_reg_pp0_iter3           |   1|   0|    1|          0|
    |ap_enable_reg_pp0_iter4           |   1|   0|    1|          0|
    |ap_enable_reg_pp0_iter5           |   1|   0|    1|          0|
    |insert_key_V_reg_388              |  10|   0|   10|          0|
    |insert_value_myPort_V_reg_398     |  16|   0|   16|          0|
    |insert_value_theirIp_V_reg_393    |  32|   0|   32|          0|
    |insert_value_theirPort_V_reg_403  |  16|   0|   16|          0|
    |reg_295                           |  16|   0|   16|          0|
    |sessionID_V_1_reg_440             |  16|   0|   16|          0|
    |sessionID_V_reg_412               |  16|   0|   16|          0|
    |tmp_22_i_reg_436                  |   1|   0|    1|          0|
    |tmp_i_320_reg_408                 |   1|   0|    1|          0|
    |tmp_i_reg_384                     |   1|   0|    1|          0|
    |toeTuple_dstIp_V_reg_469          |  32|   0|   32|          0|
    |toeTuple_dstPort_V_reg_474        |  16|   0|   16|          0|
    |tupleValid_load_reg_445           |   1|   0|    1|          0|
    |zext_ln587_12_reg_417             |  16|   0|   64|         48|
    |zext_ln587_reg_429                |  10|   0|   64|         54|
    |zext_ln587_reg_429_pp0_iter2_reg  |  10|   0|   64|         54|
    |insert_value_myPort_V_reg_398     |  64|  32|   16|          0|
    |insert_value_theirIp_V_reg_393    |  64|  32|   32|          0|
    |insert_value_theirPort_V_reg_403  |  64|  32|   16|          0|
    |sessionID_V_reg_412               |  64|  32|   16|          0|
    |tmp_22_i_reg_436                  |  64|  32|    1|          0|
    |tmp_i_320_reg_408                 |  64|  32|    1|          0|
    |tmp_i_reg_384                     |  64|  32|    1|          0|
    |tupleValid_load_reg_445           |  64|  32|    1|          0|
    |zext_ln587_12_reg_417             |  64|  32|   64|         48|
    +----------------------------------+----+----+-----+-----------+
    |Total                             | 793| 288|  521|        204|
    +----------------------------------+----+----+-----+-----------+



================================================================
== Interface
================================================================
* Summary: 
+-------------------------------------------+-----+-----+------------+-----------------------------------+--------------+
|                 RTL Ports                 | Dir | Bits|  Protocol  |           Source Object           |    C Type    |
+-------------------------------------------+-----+-----+------------+-----------------------------------+--------------+
|ap_clk                                     |   in|    1|  ap_ctrl_hs|        reverseLookupTableInterface|  return value|
|ap_rst                                     |   in|    1|  ap_ctrl_hs|        reverseLookupTableInterface|  return value|
|ap_start                                   |   in|    1|  ap_ctrl_hs|        reverseLookupTableInterface|  return value|
|ap_done                                    |  out|    1|  ap_ctrl_hs|        reverseLookupTableInterface|  return value|
|ap_continue                                |   in|    1|  ap_ctrl_hs|        reverseLookupTableInterface|  return value|
|ap_idle                                    |  out|    1|  ap_ctrl_hs|        reverseLookupTableInterface|  return value|
|ap_ready                                   |  out|    1|  ap_ctrl_hs|        reverseLookupTableInterface|  return value|
|reverseLupInsertFifo_dout                  |   in|   96|     ap_fifo|               reverseLupInsertFifo|       pointer|
|reverseLupInsertFifo_empty_n               |   in|    1|     ap_fifo|               reverseLupInsertFifo|       pointer|
|reverseLupInsertFifo_read                  |  out|    1|     ap_fifo|               reverseLupInsertFifo|       pointer|
|stateTable2sLookup_releaseSession_dout     |   in|   16|     ap_fifo|  stateTable2sLookup_releaseSession|       pointer|
|stateTable2sLookup_releaseSession_empty_n  |   in|    1|     ap_fifo|  stateTable2sLookup_releaseSession|       pointer|
|stateTable2sLookup_releaseSession_read     |  out|    1|     ap_fifo|  stateTable2sLookup_releaseSession|       pointer|
|txEng2sLookup_rev_req_dout                 |   in|   16|     ap_fifo|              txEng2sLookup_rev_req|       pointer|
|txEng2sLookup_rev_req_empty_n              |   in|    1|     ap_fifo|              txEng2sLookup_rev_req|       pointer|
|txEng2sLookup_rev_req_read                 |  out|    1|     ap_fifo|              txEng2sLookup_rev_req|       pointer|
|myIpAddress_dout                           |   in|   32|     ap_fifo|                        myIpAddress|       pointer|
|myIpAddress_empty_n                        |   in|    1|     ap_fifo|                        myIpAddress|       pointer|
|myIpAddress_read                           |  out|    1|     ap_fifo|                        myIpAddress|       pointer|
|myIpAddress_c_din                          |  out|   32|     ap_fifo|                      myIpAddress_c|       pointer|
|myIpAddress_c_full_n                       |   in|    1|     ap_fifo|                      myIpAddress_c|       pointer|
|myIpAddress_c_write                        |  out|    1|     ap_fifo|                      myIpAddress_c|       pointer|
|sLookup2txEng_rev_rsp_din                  |  out|   96|     ap_fifo|              sLookup2txEng_rev_rsp|       pointer|
|sLookup2txEng_rev_rsp_full_n               |   in|    1|     ap_fifo|              sLookup2txEng_rev_rsp|       pointer|
|sLookup2txEng_rev_rsp_write                |  out|    1|     ap_fifo|              sLookup2txEng_rev_rsp|       pointer|
|sLookup2portTable_releasePort_din          |  out|   16|     ap_fifo|      sLookup2portTable_releasePort|       pointer|
|sLookup2portTable_releasePort_full_n       |   in|    1|     ap_fifo|      sLookup2portTable_releasePort|       pointer|
|sLookup2portTable_releasePort_write        |  out|    1|     ap_fifo|      sLookup2portTable_releasePort|       pointer|
|sessionDelete_req_din                      |  out|  160|     ap_fifo|                  sessionDelete_req|       pointer|
|sessionDelete_req_full_n                   |   in|    1|     ap_fifo|                  sessionDelete_req|       pointer|
|sessionDelete_req_write                    |  out|    1|     ap_fifo|                  sessionDelete_req|       pointer|
+-------------------------------------------+-----+-----+------------+-----------------------------------+--------------+

