

================================================================
== Vitis HLS Report for 'rxAppMemDataRead_512_s'
================================================================
* Date:           Sat Mar 18 14:39:16 2023

* Version:        2021.2 (Build 3367213 on Tue Oct 19 02:47:39 MDT 2021)
* Project:        toe_prj
* Solution:       solution1 (Vivado IP Flow Target)
* Product family: virtexuplus
* Target device:  xcu280-fsvh2892-2L-e


================================================================
== Performance Estimates
================================================================
+ Timing: 
    * Summary: 
    +--------+---------+----------+------------+
    |  Clock |  Target | Estimated| Uncertainty|
    +--------+---------+----------+------------+
    |ap_clk  |  3.20 ns|  1.677 ns|     0.86 ns|
    +--------+---------+----------+------------+

+ Latency: 
    * Summary: 
    +---------+---------+----------+----------+-----+-----+---------+
    |  Latency (cycles) |  Latency (absolute) |  Interval | Pipeline|
    |   min   |   max   |    min   |    max   | min | max |   Type  |
    +---------+---------+----------+----------+-----+-----+---------+
    |        1|        1|  3.200 ns|  3.200 ns|    1|    1|      yes|
    +---------+---------+----------+----------+-----+-----+---------+

    + Detail: 
        * Instance: 
        N/A

        * Loop: 
        N/A



================================================================
== Utilization Estimates
================================================================
* Summary: 
+---------------------+---------+------+---------+---------+-----+
|         Name        | BRAM_18K|  DSP |    FF   |   LUT   | URAM|
+---------------------+---------+------+---------+---------+-----+
|DSP                  |        -|     -|        -|        -|    -|
|Expression           |        -|     -|        0|       22|    -|
|FIFO                 |        -|     -|        -|        -|    -|
|Instance             |        -|     -|        -|        -|    -|
|Memory               |        -|     -|        -|        -|    -|
|Multiplexer          |        -|     -|        -|       36|    -|
|Register             |        -|     -|     1030|        -|    -|
+---------------------+---------+------+---------+---------+-----+
|Total                |        0|     0|     1030|       58|    0|
+---------------------+---------+------+---------+---------+-----+
|Available SLR        |     1344|  3008|   869120|   434560|  320|
+---------------------+---------+------+---------+---------+-----+
|Utilization SLR (%)  |        0|     0|       ~0|       ~0|    0|
+---------------------+---------+------+---------+---------+-----+
|Available            |     4032|  9024|  2607360|  1303680|  960|
+---------------------+---------+------+---------+---------+-----+
|Utilization (%)      |        0|     0|       ~0|       ~0|    0|
+---------------------+---------+------+---------+---------+-----+

+ Detail: 
    * Instance: 
    N/A

    * DSP: 
    N/A

    * Memory: 
    N/A

    * FIFO: 
    N/A

    * Expression: 
    +----------------------------------+----------+----+---+----+------------+------------+
    |           Variable Name          | Operation| DSP| FF| LUT| Bitwidth P0| Bitwidth P1|
    +----------------------------------+----------+----+---+----+------------+------------+
    |ap_block_state2_pp0_stage0_iter1  |       and|   0|  0|   2|           1|           1|
    |ap_condition_113                  |       and|   0|  0|   2|           1|           1|
    |ap_condition_117                  |       and|   0|  0|   2|           1|           1|
    |ap_predicate_op20_read_state1     |       and|   0|  0|   2|           1|           1|
    |ap_predicate_op26_read_state1     |       and|   0|  0|   2|           1|           1|
    |ap_predicate_op33_write_state2    |       and|   0|  0|   2|           1|           1|
    |tmp_i_317_nbreadreq_fu_52_p3      |       and|   0|  0|   2|           1|           0|
    |tmp_i_nbreadreq_fu_38_p3          |       and|   0|  0|   2|           1|           0|
    |ap_block_pp0_stage0_01001         |        or|   0|  0|   2|           1|           1|
    |ap_block_state1_pp0_stage0_iter0  |        or|   0|  0|   2|           1|           1|
    |ap_enable_pp0                     |       xor|   0|  0|   2|           1|           2|
    +----------------------------------+----------+----+---+----+------------+------------+
    |Total                             |          |   0|  0|  22|          11|          10|
    +----------------------------------+----------+----+---+----+------------+------------+

    * Multiplexer: 
    +---------------------------------+----+-----------+-----+-----------+
    |               Name              | LUT| Input Size| Bits| Total Bits|
    +---------------------------------+----+-----------+-----+-----------+
    |ap_done                          |   9|          2|    1|          2|
    |rxBufferReadCmd_blk_n            |   9|          2|    1|          2|
    |rxBufferReadData_internal_blk_n  |   9|          2|    1|          2|
    |rxDataRsp_internal_blk_n         |   9|          2|    1|          2|
    +---------------------------------+----+-----------+-----+-----------+
    |Total                            |  36|          8|    4|          8|
    +---------------------------------+----+-----------+-----+-----------+

    * Register: 
    +----------------------------------------+------+----+------+-----------+
    |                  Name                  |  FF  | LUT| Bits | Const Bits|
    +----------------------------------------+------+----+------+-----------+
    |ap_CS_fsm                               |     1|   0|     1|          0|
    |ap_done_reg                             |     1|   0|     1|          0|
    |ap_enable_reg_pp0_iter1                 |     1|   0|     1|          0|
    |ramdr_fsmState_V                        |     1|   0|     1|          0|
    |ramdr_fsmState_V_load_reg_97            |     1|   0|     1|          0|
    |rxBufferReadData_internal_read_reg_108  |  1024|   0|  1024|          0|
    |tmp_i_317_reg_104                       |     1|   0|     1|          0|
    +----------------------------------------+------+----+------+-----------+
    |Total                                   |  1030|   0|  1030|          0|
    +----------------------------------------+------+----+------+-----------+



================================================================
== Interface
================================================================
* Summary: 
+-----------------------------------+-----+------+------------+---------------------------+--------------+
|             RTL Ports             | Dir | Bits |  Protocol  |       Source Object       |    C Type    |
+-----------------------------------+-----+------+------------+---------------------------+--------------+
|ap_clk                             |   in|     1|  ap_ctrl_hs|      rxAppMemDataRead<512>|  return value|
|ap_rst                             |   in|     1|  ap_ctrl_hs|      rxAppMemDataRead<512>|  return value|
|ap_start                           |   in|     1|  ap_ctrl_hs|      rxAppMemDataRead<512>|  return value|
|ap_done                            |  out|     1|  ap_ctrl_hs|      rxAppMemDataRead<512>|  return value|
|ap_continue                        |   in|     1|  ap_ctrl_hs|      rxAppMemDataRead<512>|  return value|
|ap_idle                            |  out|     1|  ap_ctrl_hs|      rxAppMemDataRead<512>|  return value|
|ap_ready                           |  out|     1|  ap_ctrl_hs|      rxAppMemDataRead<512>|  return value|
|rxBufferReadCmd_dout               |   in|     1|     ap_fifo|            rxBufferReadCmd|       pointer|
|rxBufferReadCmd_empty_n            |   in|     1|     ap_fifo|            rxBufferReadCmd|       pointer|
|rxBufferReadCmd_read               |  out|     1|     ap_fifo|            rxBufferReadCmd|       pointer|
|rxBufferReadData_internal_dout     |   in|  1024|     ap_fifo|  rxBufferReadData_internal|       pointer|
|rxBufferReadData_internal_empty_n  |   in|     1|     ap_fifo|  rxBufferReadData_internal|       pointer|
|rxBufferReadData_internal_read     |  out|     1|     ap_fifo|  rxBufferReadData_internal|       pointer|
|rxDataRsp_internal_din             |  out|  1024|     ap_fifo|         rxDataRsp_internal|       pointer|
|rxDataRsp_internal_full_n          |   in|     1|     ap_fifo|         rxDataRsp_internal|       pointer|
|rxDataRsp_internal_write           |  out|     1|     ap_fifo|         rxDataRsp_internal|       pointer|
+-----------------------------------+-----+------+------------+---------------------------+--------------+

