

================================================================
== Vitis HLS Report for 'rxMetadataHandler'
================================================================
* Date:           Sat Mar 18 14:39:05 2023

* Version:        2021.2 (Build 3367213 on Tue Oct 19 02:47:39 MDT 2021)
* Project:        toe_prj
* Solution:       solution1 (Vivado IP Flow Target)
* Product family: virtexuplus
* Target device:  xcu280-fsvh2892-2L-e


================================================================
== Performance Estimates
================================================================
+ Timing: 
    * Summary: 
    +--------+---------+----------+------------+
    |  Clock |  Target | Estimated| Uncertainty|
    +--------+---------+----------+------------+
    |ap_clk  |  3.20 ns|  2.048 ns|     0.86 ns|
    +--------+---------+----------+------------+

+ Latency: 
    * Summary: 
    +---------+---------+----------+----------+-----+-----+---------+
    |  Latency (cycles) |  Latency (absolute) |  Interval | Pipeline|
    |   min   |   max   |    min   |    max   | min | max |   Type  |
    +---------+---------+----------+----------+-----+-----+---------+
    |        1|        1|  3.200 ns|  3.200 ns|    1|    1|      yes|
    +---------+---------+----------+----------+-----+-----+---------+

    + Detail: 
        * Instance: 
        N/A

        * Loop: 
        N/A



================================================================
== Utilization Estimates
================================================================
* Summary: 
+---------------------+---------+------+---------+---------+-----+
|         Name        | BRAM_18K|  DSP |    FF   |   LUT   | URAM|
+---------------------+---------+------+---------+---------+-----+
|DSP                  |        -|     -|        -|        -|    -|
|Expression           |        -|     -|        0|      340|    -|
|FIFO                 |        -|     -|        -|        -|    -|
|Instance             |        -|     -|        -|        -|    -|
|Memory               |        -|     -|        -|        -|    -|
|Multiplexer          |        -|     -|        -|      109|    -|
|Register             |        -|     -|      477|        -|    -|
+---------------------+---------+------+---------+---------+-----+
|Total                |        0|     0|      477|      449|    0|
+---------------------+---------+------+---------+---------+-----+
|Available SLR        |     1344|  3008|   869120|   434560|  320|
+---------------------+---------+------+---------+---------+-----+
|Utilization SLR (%)  |        0|     0|       ~0|       ~0|    0|
+---------------------+---------+------+---------+---------+-----+
|Available            |     4032|  9024|  2607360|  1303680|  960|
+---------------------+---------+------+---------+---------+-----+
|Utilization (%)      |        0|     0|       ~0|       ~0|    0|
+---------------------+---------+------+---------+---------+-----+

+ Detail: 
    * Instance: 
    N/A

    * DSP: 
    N/A

    * Memory: 
    N/A

    * FIFO: 
    N/A

    * Expression: 
    +----------------------------------+----------+----+---+----+------------+------------+
    |           Variable Name          | Operation| DSP| FF| LUT| Bitwidth P0| Bitwidth P1|
    +----------------------------------+----------+----+---+----+------------+------------+
    |add_ln229_fu_577_p2               |         +|   0|  0|  24|          17|           1|
    |seq_V_3_fu_640_p2                 |         +|   0|  0|  39|          32|          32|
    |seq_V_fu_695_p2                   |         +|   0|  0|  39|          32|          32|
    |and_ln907_fu_601_p2               |       and|   0|  0|   2|           1|           1|
    |ap_condition_271                  |       and|   0|  0|   2|           1|           1|
    |ap_condition_279                  |       and|   0|  0|   2|           1|           1|
    |ap_condition_334                  |       and|   0|  0|   2|           1|           1|
    |ap_predicate_op104_read_state1    |       and|   0|  0|   2|           1|           1|
    |ap_predicate_op121_write_state2   |       and|   0|  0|   2|           1|           1|
    |ap_predicate_op131_write_state2   |       and|   0|  0|   2|           1|           1|
    |ap_predicate_op133_write_state2   |       and|   0|  0|   2|           1|           1|
    |ap_predicate_op136_write_state2   |       and|   0|  0|   2|           1|           1|
    |ap_predicate_op151_write_state2   |       and|   0|  0|   2|           1|           1|
    |ap_predicate_op154_write_state2   |       and|   0|  0|   2|           1|           1|
    |ap_predicate_op45_read_state1     |       and|   0|  0|   2|           1|           1|
    |tmp_16_i_nbreadreq_fu_182_p3      |       and|   0|  0|   2|           1|           0|
    |tmp_17_i_nbreadreq_fu_190_p3      |       and|   0|  0|   2|           1|           0|
    |tmp_i_316_nbreadreq_fu_216_p3     |       and|   0|  0|   2|           1|           0|
    |tmp_i_nbreadreq_fu_174_p3         |       and|   0|  0|   2|           1|           0|
    |icmp_ln1068_2_fu_583_p2           |      icmp|   0|  0|  13|          16|           1|
    |icmp_ln1068_fu_625_p2             |      icmp|   0|  0|  13|          16|           1|
    |ap_block_pp0_stage0_01001         |        or|   0|  0|   2|           1|           1|
    |ap_block_state1_pp0_stage0_iter0  |        or|   0|  0|   2|           1|           1|
    |ap_block_state2_pp0_stage0_iter1  |        or|   0|  0|   2|           1|           1|
    |or_ln173_31_fu_671_p2             |        or|   0|  0|  82|          82|           3|
    |or_ln173_fu_726_p2                |        or|   0|  0|  82|          82|           3|
    |or_ln889_fu_567_p2                |        or|   0|  0|   2|           1|           1|
    |or_ln907_fu_589_p2                |        or|   0|  0|   2|           1|           1|
    |ap_enable_pp0                     |       xor|   0|  0|   2|           1|           2|
    |xor_ln907_fu_595_p2               |       xor|   0|  0|   2|           1|           2|
    |xor_ln923_fu_833_p2               |       xor|   0|  0|   2|           1|           2|
    +----------------------------------+----------+----+---+----+------------+------------+
    |Total                             |          |   0|  0| 340|         301|          96|
    +----------------------------------+----------+----+---+----+------------+------------+

    * Multiplexer: 
    +----------------------------------+----+-----------+-----+-----------+
    |               Name               | LUT| Input Size| Bits| Total Bits|
    +----------------------------------+----+-----------+-----+-----------+
    |ap_done                           |   9|          2|    1|          2|
    |portTable2rxEng_check_rsp_blk_n   |   9|          2|    1|          2|
    |rxEng2sLookup_req_blk_n           |   9|          2|    1|          2|
    |rxEng_fsmMetaDataFifo_blk_n       |   9|          2|    1|          2|
    |rxEng_metaDataFifo_blk_n          |   9|          2|    1|          2|
    |rxEng_metaHandlerDropFifo_blk_n   |   9|          2|    1|          2|
    |rxEng_metaHandlerDropFifo_din     |  14|          3|    1|          3|
    |rxEng_metaHandlerEventFifo_blk_n  |   9|          2|    1|          2|
    |rxEng_metaHandlerEventFifo_din    |  14|          3|  181|        543|
    |rxEng_tupleBuffer_blk_n           |   9|          2|    1|          2|
    |sLookup2rxEng_rsp_blk_n           |   9|          2|    1|          2|
    +----------------------------------+----+-----------+-----+-----------+
    |Total                             | 109|         24|  191|        564|
    +----------------------------------+----+-----------+-----+-----------+

    * Register: 
    +--------------------------------+----+----+-----+-----------+
    |              Name              | FF | LUT| Bits| Const Bits|
    +--------------------------------+----+----+-----+-----------+
    |add_ln229_reg_912               |  17|   0|   17|          0|
    |and_ln907_reg_921               |   1|   0|    1|          0|
    |ap_CS_fsm                       |   1|   0|    1|          0|
    |ap_done_reg                     |   1|   0|    1|          0|
    |ap_enable_reg_pp0_iter1         |   1|   0|    1|          0|
    |icmp_ln1068_2_reg_917           |   1|   0|    1|          0|
    |icmp_ln1068_reg_940             |   1|   0|    1|          0|
    |mh_dstIpPort_V                  |  16|   0|   16|          0|
    |mh_meta_ackNumb_V               |  32|   0|   32|          0|
    |mh_meta_ack_V                   |   1|   0|    1|          0|
    |mh_meta_dataOffset_V            |   4|   0|    4|          0|
    |mh_meta_fin_V                   |   1|   0|    1|          0|
    |mh_meta_length_V                |  16|   0|   16|          0|
    |mh_meta_length_V_load_reg_843   |  16|   0|   16|          0|
    |mh_meta_rst_V                   |   1|   0|    1|          0|
    |mh_meta_seqNumb_V               |  32|   0|   32|          0|
    |mh_meta_syn_V                   |   1|   0|    1|          0|
    |mh_meta_winScale_V              |   4|   0|    4|          0|
    |mh_meta_winSize_V               |  16|   0|   16|          0|
    |mh_srcIpAddress_V               |  32|   0|   32|          0|
    |mh_srcIpPort_V                  |  16|   0|   16|          0|
    |mh_state                        |   1|   0|    1|          0|
    |mh_state_load_reg_839           |   1|   0|    1|          0|
    |or_ln889_reg_908                |   1|   0|    1|          0|
    |portIsOpen_reg_875              |   1|   0|    1|          0|
    |rxEng_tupleBuffer_read_reg_879  |  96|   0|   96|          0|
    |tmp_16_i_reg_852                |   1|   0|    1|          0|
    |tmp_17_i_reg_856                |   1|   0|    1|          0|
    |tmp_249_reg_871                 |   1|   0|    1|          0|
    |tmp_i_316_reg_926               |   1|   0|    1|          0|
    |tmp_i_reg_848                   |   1|   0|    1|          0|
    |tmp_reg_935                     |   1|   0|    1|          0|
    |trunc_ln144_11_reg_860          |  32|   0|   32|          0|
    |trunc_ln144_40_reg_866          |  16|   0|   16|          0|
    |trunc_ln144_reg_930             |  16|   0|   16|          0|
    |tuple_dstIp_V_reg_890           |  32|   0|   32|          0|
    |tuple_dstPort_V_reg_902         |  16|   0|   16|          0|
    |tuple_srcIp_V_reg_884           |  32|   0|   32|          0|
    |tuple_srcPort_V_reg_896         |  16|   0|   16|          0|
    +--------------------------------+----+----+-----+-----------+
    |Total                           | 477|   0|  477|          0|
    +--------------------------------+----+----+-----+-----------+



================================================================
== Interface
================================================================
* Summary: 
+-----------------------------------+-----+-----+------------+----------------------------+--------------+
|             RTL Ports             | Dir | Bits|  Protocol  |        Source Object       |    C Type    |
+-----------------------------------+-----+-----+------------+----------------------------+--------------+
|ap_clk                             |   in|    1|  ap_ctrl_hs|           rxMetadataHandler|  return value|
|ap_rst                             |   in|    1|  ap_ctrl_hs|           rxMetadataHandler|  return value|
|ap_start                           |   in|    1|  ap_ctrl_hs|           rxMetadataHandler|  return value|
|ap_done                            |  out|    1|  ap_ctrl_hs|           rxMetadataHandler|  return value|
|ap_continue                        |   in|    1|  ap_ctrl_hs|           rxMetadataHandler|  return value|
|ap_idle                            |  out|    1|  ap_ctrl_hs|           rxMetadataHandler|  return value|
|ap_ready                           |  out|    1|  ap_ctrl_hs|           rxMetadataHandler|  return value|
|rxEng_metaDataFifo_dout            |   in|  108|     ap_fifo|          rxEng_metaDataFifo|       pointer|
|rxEng_metaDataFifo_empty_n         |   in|    1|     ap_fifo|          rxEng_metaDataFifo|       pointer|
|rxEng_metaDataFifo_read            |  out|    1|     ap_fifo|          rxEng_metaDataFifo|       pointer|
|portTable2rxEng_check_rsp_dout     |   in|    1|     ap_fifo|   portTable2rxEng_check_rsp|       pointer|
|portTable2rxEng_check_rsp_empty_n  |   in|    1|     ap_fifo|   portTable2rxEng_check_rsp|       pointer|
|portTable2rxEng_check_rsp_read     |  out|    1|     ap_fifo|   portTable2rxEng_check_rsp|       pointer|
|rxEng_tupleBuffer_dout             |   in|   96|     ap_fifo|           rxEng_tupleBuffer|       pointer|
|rxEng_tupleBuffer_empty_n          |   in|    1|     ap_fifo|           rxEng_tupleBuffer|       pointer|
|rxEng_tupleBuffer_read             |  out|    1|     ap_fifo|           rxEng_tupleBuffer|       pointer|
|sLookup2rxEng_rsp_dout             |   in|   17|     ap_fifo|           sLookup2rxEng_rsp|       pointer|
|sLookup2rxEng_rsp_empty_n          |   in|    1|     ap_fifo|           sLookup2rxEng_rsp|       pointer|
|sLookup2rxEng_rsp_read             |  out|    1|     ap_fifo|           sLookup2rxEng_rsp|       pointer|
|rxEng_metaHandlerEventFifo_din     |  out|  181|     ap_fifo|  rxEng_metaHandlerEventFifo|       pointer|
|rxEng_metaHandlerEventFifo_full_n  |   in|    1|     ap_fifo|  rxEng_metaHandlerEventFifo|       pointer|
|rxEng_metaHandlerEventFifo_write   |  out|    1|     ap_fifo|  rxEng_metaHandlerEventFifo|       pointer|
|rxEng_metaHandlerDropFifo_din      |  out|    1|     ap_fifo|   rxEng_metaHandlerDropFifo|       pointer|
|rxEng_metaHandlerDropFifo_full_n   |   in|    1|     ap_fifo|   rxEng_metaHandlerDropFifo|       pointer|
|rxEng_metaHandlerDropFifo_write    |  out|    1|     ap_fifo|   rxEng_metaHandlerDropFifo|       pointer|
|rxEng2sLookup_req_din              |  out|   97|     ap_fifo|           rxEng2sLookup_req|       pointer|
|rxEng2sLookup_req_full_n           |   in|    1|     ap_fifo|           rxEng2sLookup_req|       pointer|
|rxEng2sLookup_req_write            |  out|    1|     ap_fifo|           rxEng2sLookup_req|       pointer|
|rxEng_fsmMetaDataFifo_din          |  out|  188|     ap_fifo|       rxEng_fsmMetaDataFifo|       pointer|
|rxEng_fsmMetaDataFifo_full_n       |   in|    1|     ap_fifo|       rxEng_fsmMetaDataFifo|       pointer|
|rxEng_fsmMetaDataFifo_write        |  out|    1|     ap_fifo|       rxEng_fsmMetaDataFifo|       pointer|
+-----------------------------------+-----+-----+------------+----------------------------+--------------+

