

================================================================
== Vitis HLS Report for 'stream_merger_event_s'
================================================================
* Date:           Sat Mar 18 14:38:56 2023

* Version:        2021.2 (Build 3367213 on Tue Oct 19 02:47:39 MDT 2021)
* Project:        toe_prj
* Solution:       solution1 (Vivado IP Flow Target)
* Product family: virtexuplus
* Target device:  xcu280-fsvh2892-2L-e


================================================================
== Performance Estimates
================================================================
+ Timing: 
    * Summary: 
    +--------+---------+----------+------------+
    |  Clock |  Target | Estimated| Uncertainty|
    +--------+---------+----------+------------+
    |ap_clk  |  3.20 ns|  1.168 ns|     0.86 ns|
    +--------+---------+----------+------------+

+ Latency: 
    * Summary: 
    +---------+---------+----------+----------+-----+-----+---------+
    |  Latency (cycles) |  Latency (absolute) |  Interval | Pipeline|
    |   min   |   max   |    min   |    max   | min | max |   Type  |
    +---------+---------+----------+----------+-----+-----+---------+
    |        2|        2|  6.400 ns|  6.400 ns|    1|    1|      yes|
    +---------+---------+----------+----------+-----+-----+---------+

    + Detail: 
        * Instance: 
        N/A

        * Loop: 
        N/A



================================================================
== Utilization Estimates
================================================================
* Summary: 
+---------------------+---------+------+---------+---------+-----+
|         Name        | BRAM_18K|  DSP |    FF   |   LUT   | URAM|
+---------------------+---------+------+---------+---------+-----+
|DSP                  |        -|     -|        -|        -|    -|
|Expression           |        -|     -|        0|       18|    -|
|FIFO                 |        -|     -|        -|        -|    -|
|Instance             |        -|     -|        -|        -|    -|
|Memory               |        -|     -|        -|        -|    -|
|Multiplexer          |        -|     -|        -|       50|    -|
|Register             |        -|     -|      262|        -|    -|
+---------------------+---------+------+---------+---------+-----+
|Total                |        0|     0|      262|       68|    0|
+---------------------+---------+------+---------+---------+-----+
|Available SLR        |     1344|  3008|   869120|   434560|  320|
+---------------------+---------+------+---------+---------+-----+
|Utilization SLR (%)  |        0|     0|       ~0|       ~0|    0|
+---------------------+---------+------+---------+---------+-----+
|Available            |     4032|  9024|  2607360|  1303680|  960|
+---------------------+---------+------+---------+---------+-----+
|Utilization (%)      |        0|     0|       ~0|       ~0|    0|
+---------------------+---------+------+---------+---------+-----+

+ Detail: 
    * Instance: 
    N/A

    * DSP: 
    N/A

    * Memory: 
    N/A

    * FIFO: 
    N/A

    * Expression: 
    +----------------------------------+----------+----+---+----+------------+------------+
    |           Variable Name          | Operation| DSP| FF| LUT| Bitwidth P0| Bitwidth P1|
    +----------------------------------+----------+----+---+----+------------+------------+
    |ap_block_state2_pp0_stage0_iter1  |       and|   0|  0|   2|           1|           1|
    |ap_predicate_op23_read_state2     |       and|   0|  0|   2|           1|           1|
    |ap_predicate_op24_write_state3    |       and|   0|  0|   2|           1|           1|
    |tmp_i_299_nbreadreq_fu_38_p3      |       and|   0|  0|   2|           1|           0|
    |tmp_i_nbreadreq_fu_24_p3          |       and|   0|  0|   2|           1|           0|
    |ap_block_pp0_stage0_01001         |        or|   0|  0|   2|           1|           1|
    |ap_block_state1_pp0_stage0_iter0  |        or|   0|  0|   2|           1|           1|
    |ap_block_state3_pp0_stage0_iter2  |        or|   0|  0|   2|           1|           1|
    |ap_enable_pp0                     |       xor|   0|  0|   2|           1|           2|
    +----------------------------------+----------+----+---+----+------------+------------+
    |Total                             |          |   0|  0|  18|           9|           8|
    +----------------------------------+----------+----+---+----+------------+------------+

    * Multiplexer: 
    +------------------------------------+----+-----------+-----+-----------+
    |                Name                | LUT| Input Size| Bits| Total Bits|
    +------------------------------------+----+-----------+-----+-----------+
    |ap_done                             |   9|          2|    1|          2|
    |probeTimer2eventEng_setEvent_blk_n  |   9|          2|    1|          2|
    |rtTimer2eventEng_setEvent_blk_n     |   9|          2|    1|          2|
    |timer2eventEng_setEvent_blk_n       |   9|          2|    1|          2|
    |timer2eventEng_setEvent_din         |  14|          3|   85|        255|
    +------------------------------------+----+-----------+-----+-----------+
    |Total                               |  50|         11|   89|        263|
    +------------------------------------+----+-----------+-----+-----------+

    * Register: 
    +-----------------------------------------------------+----+----+-----+-----------+
    |                         Name                        | FF | LUT| Bits| Const Bits|
    +-----------------------------------------------------+----+----+-----+-----------+
    |ap_CS_fsm                                            |   1|   0|    1|          0|
    |ap_done_reg                                          |   1|   0|    1|          0|
    |ap_enable_reg_pp0_iter1                              |   1|   0|    1|          0|
    |ap_enable_reg_pp0_iter2                              |   1|   0|    1|          0|
    |probeTimer2eventEng_setEvent_read_reg_72             |  85|   0|   85|          0|
    |rtTimer2eventEng_setEvent_read_reg_63                |  85|   0|   85|          0|
    |rtTimer2eventEng_setEvent_read_reg_63_pp0_iter1_reg  |  85|   0|   85|          0|
    |tmp_i_299_reg_68                                     |   1|   0|    1|          0|
    |tmp_i_reg_59                                         |   1|   0|    1|          0|
    |tmp_i_reg_59_pp0_iter1_reg                           |   1|   0|    1|          0|
    +-----------------------------------------------------+----+----+-----+-----------+
    |Total                                                | 262|   0|  262|          0|
    +-----------------------------------------------------+----+----+-----+-----------+



================================================================
== Interface
================================================================
* Summary: 
+--------------------------------------+-----+-----+------------+------------------------------+--------------+
|               RTL Ports              | Dir | Bits|  Protocol  |         Source Object        |    C Type    |
+--------------------------------------+-----+-----+------------+------------------------------+--------------+
|ap_clk                                |   in|    1|  ap_ctrl_hs|          stream_merger<event>|  return value|
|ap_rst                                |   in|    1|  ap_ctrl_hs|          stream_merger<event>|  return value|
|ap_start                              |   in|    1|  ap_ctrl_hs|          stream_merger<event>|  return value|
|ap_done                               |  out|    1|  ap_ctrl_hs|          stream_merger<event>|  return value|
|ap_continue                           |   in|    1|  ap_ctrl_hs|          stream_merger<event>|  return value|
|ap_idle                               |  out|    1|  ap_ctrl_hs|          stream_merger<event>|  return value|
|ap_ready                              |  out|    1|  ap_ctrl_hs|          stream_merger<event>|  return value|
|rtTimer2eventEng_setEvent_dout        |   in|   85|     ap_fifo|     rtTimer2eventEng_setEvent|       pointer|
|rtTimer2eventEng_setEvent_empty_n     |   in|    1|     ap_fifo|     rtTimer2eventEng_setEvent|       pointer|
|rtTimer2eventEng_setEvent_read        |  out|    1|     ap_fifo|     rtTimer2eventEng_setEvent|       pointer|
|probeTimer2eventEng_setEvent_dout     |   in|   85|     ap_fifo|  probeTimer2eventEng_setEvent|       pointer|
|probeTimer2eventEng_setEvent_empty_n  |   in|    1|     ap_fifo|  probeTimer2eventEng_setEvent|       pointer|
|probeTimer2eventEng_setEvent_read     |  out|    1|     ap_fifo|  probeTimer2eventEng_setEvent|       pointer|
|timer2eventEng_setEvent_din           |  out|   85|     ap_fifo|       timer2eventEng_setEvent|       pointer|
|timer2eventEng_setEvent_full_n        |   in|    1|     ap_fifo|       timer2eventEng_setEvent|       pointer|
|timer2eventEng_setEvent_write         |  out|    1|     ap_fifo|       timer2eventEng_setEvent|       pointer|
+--------------------------------------+-----+-----+------------+------------------------------+--------------+

