

================================================================
== Vitis HLS Report for 'toe_top'
================================================================
* Date:           Sat Mar 18 14:39:22 2023

* Version:        2021.2 (Build 3367213 on Tue Oct 19 02:47:39 MDT 2021)
* Project:        toe_prj
* Solution:       solution1 (Vivado IP Flow Target)
* Product family: virtexuplus
* Target device:  xcu280-fsvh2892-2L-e


================================================================
== Performance Estimates
================================================================
+ Timing: 
    * Summary: 
    +--------+---------+----------+------------+
    |  Clock |  Target | Estimated| Uncertainty|
    +--------+---------+----------+------------+
    |ap_clk  |  3.20 ns|  3.271 ns|     0.86 ns|
    +--------+---------+----------+------------+

+ Latency: 
    * Summary: 
    +---------+---------+----------+----------+-----+-----+----------+
    |  Latency (cycles) |  Latency (absolute) |  Interval | Pipeline |
    |   min   |   max   |    min   |    max   | min | max |   Type   |
    +---------+---------+----------+----------+-----+-----+----------+
    |       40|       40|  0.131 us|  0.131 us|    1|    1|  dataflow|
    +---------+---------+----------+----------+-----+-----+----------+

    + Detail: 
        * Instance: 
        +------------------------------------------+-----------------------------------------+---------+---------+-----------+-----------+-----+-----+---------+
        |                                          |                                         |  Latency (cycles) |   Latency (absolute)  |  Interval | Pipeline|
        |                 Instance                 |                  Module                 |   min   |   max   |    min    |    max    | min | max |   Type  |
        +------------------------------------------+-----------------------------------------+---------+---------+-----------+-----------+-----+-----+---------+
        |rx_sar_table_U0                           |rx_sar_table                             |        5|        5|  16.357 ns|  16.357 ns|    1|    1|      yes|
        |tx_sar_table_U0                           |tx_sar_table                             |        6|        6|  19.629 ns|  19.629 ns|    1|    1|      yes|
        |listening_port_table_U0                   |listening_port_table                     |        4|        4|  13.086 ns|  13.086 ns|    1|    1|      yes|
        |stream_merger_event_U0                    |stream_merger_event_s                    |        2|        2|   6.543 ns|   6.543 ns|    1|    1|      yes|
        |entry_proc_U0                             |entry_proc                               |        0|        0|       0 ns|       0 ns|    0|    0|       no|
        |convert_axis_to_net_axis_512_U0           |convert_axis_to_net_axis_512_s           |        1|        1|   3.271 ns|   3.271 ns|    1|    1|      yes|
        |convert_axis_to_net_axis_512_2_U0         |convert_axis_to_net_axis_512_2           |        1|        1|   3.271 ns|   3.271 ns|    1|    1|      yes|
        |lookupReplyHandler_U0                     |lookupReplyHandler                       |        2|        2|   6.543 ns|   6.543 ns|    1|    1|      yes|
        |retransmit_timer_U0                       |retransmit_timer                         |        3|        3|   9.814 ns|   9.814 ns|    1|    1|      yes|
        |probe_timer_U0                            |probe_timer                              |        3|        3|   9.814 ns|   9.814 ns|    1|    1|      yes|
        |event_engine_U0                           |event_engine                             |        0|        0|       0 ns|       0 ns|    1|    1|      yes|
        |toe_process_ipv4_512_U0                   |toe_process_ipv4_512_s                   |        1|        1|   3.271 ns|   3.271 ns|    1|    1|      yes|
        |updateRequestSender_U0                    |updateRequestSender                      |        3|        3|   9.814 ns|   9.814 ns|    1|    1|      yes|
        |ack_delay_U0                              |ack_delay                                |        4|        4|  13.086 ns|  13.086 ns|    1|    1|      yes|
        |drop_optional_ip_header_512_U0            |drop_optional_ip_header_512_s            |        1|        1|   3.271 ns|   3.271 ns|    1|    1|      yes|
        |constructPseudoHeader_512_U0              |constructPseudoHeader_512_s              |        1|        1|   3.271 ns|   3.271 ns|    1|    1|      yes|
        |lshiftWordByOctet_512_2_U0                |lshiftWordByOctet_512_2_s                |        1|        1|   3.271 ns|   3.271 ns|    1|    1|      yes|
        |reverseLookupTableInterface_U0            |reverseLookupTableInterface              |        5|        5|  16.357 ns|  16.357 ns|    1|    1|      yes|
        |prependPseudoHeader_512_U0                |prependPseudoHeader_512_s                |        1|        1|   3.271 ns|   3.271 ns|    1|    1|      yes|
        |two_complement_subchecksums_512_11_U0     |two_complement_subchecksums_512_11_s     |        2|        2|   6.543 ns|   6.543 ns|    1|    1|      yes|
        |free_port_table_U0                        |free_port_table                          |        4|        4|  13.086 ns|  13.086 ns|    1|    1|      yes|
        |toe_check_ipv4_checksum_32_U0             |toe_check_ipv4_checksum_32_s             |        5|        5|  16.357 ns|  16.357 ns|    1|    1|      yes|
        |metaLoader_U0                             |metaLoader                               |        2|        2|   6.543 ns|   6.543 ns|    1|    1|      yes|
        |txEngMemAccessBreakdown_U0                |txEngMemAccessBreakdown                  |        2|        2|   6.543 ns|   6.543 ns|    1|    1|      yes|
        |tupleSplitter_U0                          |tupleSplitter                            |        1|        1|   3.271 ns|   3.271 ns|    1|    1|      yes|
        |check_in_multiplexer_U0                   |check_in_multiplexer                     |        1|        1|   3.271 ns|   3.271 ns|    1|    1|      yes|
        |read_data_stitching_512_U0                |read_data_stitching_512_s                |        1|        1|   3.271 ns|   3.271 ns|    1|    1|      yes|
        |processPseudoHeader_512_U0                |processPseudoHeader_512_s                |        3|        3|   9.814 ns|   9.814 ns|    1|    1|      yes|
        |read_data_arbiter_512_U0                  |read_data_arbiter_512_s                  |        1|        1|   3.271 ns|   3.271 ns|    1|    1|      yes|
        |lshiftWordByOctet_512_51_U0               |lshiftWordByOctet_512_51_s               |        1|        1|   3.271 ns|   3.271 ns|    1|    1|      yes|
        |rshiftWordByOctet_net_axis_512_512_3_U0   |rshiftWordByOctet_net_axis_512_512_3_s   |        1|        1|   3.271 ns|   3.271 ns|    1|    1|      yes|
        |pseudoHeaderConstructionNew_512_U0        |pseudoHeaderConstructionNew_512_s        |        1|        1|   3.271 ns|   3.271 ns|    1|    1|      yes|
        |drop_optional_header_fields_512_U0        |drop_optional_header_fields_512_s        |        2|        2|   6.543 ns|   6.543 ns|    1|    1|      yes|
        |two_complement_subchecksums_512_22_U0     |two_complement_subchecksums_512_22_s     |        2|        2|   6.543 ns|   6.543 ns|    1|    1|      yes|
        |parse_optional_header_fields_U0           |parse_optional_header_fields             |        1|        1|   3.271 ns|   3.271 ns|    1|    1|      yes|
        |remove_pseudo_header_512_U0               |remove_pseudo_header_512_s               |        1|        1|   3.271 ns|   3.271 ns|    1|    1|      yes|
        |check_out_multiplexer_U0                  |check_out_multiplexer                    |        1|        1|   3.271 ns|   3.271 ns|    1|    1|      yes|
        |merge_header_meta_U0                      |merge_header_meta                        |        1|        1|   3.271 ns|   3.271 ns|    1|    1|      yes|
        |state_table_U0                            |state_table                              |        2|        2|   6.543 ns|   6.543 ns|    1|    1|      yes|
        |close_timer_U0                            |close_timer                              |        2|        2|   6.543 ns|   6.543 ns|    1|    1|      yes|
        |finalize_ipv4_checksum_32_U0              |finalize_ipv4_checksum_32_s              |        4|        4|  13.086 ns|  13.086 ns|    1|    1|      yes|
        |txEventMerger_U0                          |txEventMerger                            |        2|        2|   6.543 ns|   6.543 ns|    1|    1|      yes|
        |rxMetadataHandler_U0                      |rxMetadataHandler                        |        1|        1|   3.271 ns|   3.271 ns|    1|    1|      yes|
        |convert_axis_to_net_axis_512_3_U0         |convert_axis_to_net_axis_512_3           |        1|        1|   3.271 ns|   3.271 ns|    1|    1|      yes|
        |rxTcpFSM_U0                               |rxTcpFSM                                 |        2|        2|   6.543 ns|   6.543 ns|    1|    1|      yes|
        |rshiftWordByOctet_net_axis_512_512_53_U0  |rshiftWordByOctet_net_axis_512_512_53_s  |        1|        1|   3.271 ns|   3.271 ns|    1|    1|      yes|
        |tasi_metaLoader_U0                        |tasi_metaLoader                          |        3|        3|   9.814 ns|   9.814 ns|    1|    1|      yes|
        |convert_net_axis_to_axis_512_2_U0         |convert_net_axis_to_axis_512_2           |        2|        2|   6.543 ns|   6.543 ns|    1|    1|      yes|
        |insert_checksum_512_U0                    |insert_checksum_512_s                    |        1|        1|   3.271 ns|   3.271 ns|    1|    1|      yes|
        |toe_duplicate_stream_net_axis_512_U0      |toe_duplicate_stream_net_axis_512_s      |        1|        1|   3.271 ns|   3.271 ns|    1|    1|      yes|
        |convert_net_axis_to_axis_512_U0           |convert_net_axis_to_axis_512_s           |        2|        2|   6.543 ns|   6.543 ns|    1|    1|      yes|
        |convert_net_axis_to_axis_512_1_U0         |convert_net_axis_to_axis_512_1           |        2|        2|   6.543 ns|   6.543 ns|    1|    1|      yes|
        |convert_net_axis_to_axis_512_3_U0         |convert_net_axis_to_axis_512_3           |        2|        2|   6.543 ns|   6.543 ns|    1|    1|      yes|
        |rx_app_stream_if_U0                       |rx_app_stream_if                         |        2|        2|   6.543 ns|   6.543 ns|    1|    1|      yes|
        |stream_merger_appNotification_U0          |stream_merger_appNotification_s          |        3|        3|   9.814 ns|   9.814 ns|    1|    1|      yes|
        |convert_axis_to_net_axis_512_1_U0         |convert_axis_to_net_axis_512_1           |        1|        1|   3.271 ns|   3.271 ns|    1|    1|      yes|
        |lshiftWordByOctet_512_52_U0               |lshiftWordByOctet_512_52_s               |        1|        1|   3.271 ns|   3.271 ns|    1|    1|      yes|
        |rx_app_if_U0                              |rx_app_if                                |        2|        2|   6.543 ns|   6.543 ns|    1|    1|      yes|
        |tasi_pkg_pusher_512_U0                    |tasi_pkg_pusher_512_s                    |        2|        2|   6.543 ns|   6.543 ns|    1|    1|      yes|
        |tx_app_if_U0                              |tx_app_if                                |        2|        2|   6.543 ns|   6.543 ns|    1|    1|      yes|
        |stream_merger_ap_uint_16_U0               |stream_merger_ap_uint_16_s               |        2|        2|   6.543 ns|   6.543 ns|    1|    1|      yes|
        |rxEventMerger_U0                          |rxEventMerger                            |        2|        2|   6.543 ns|   6.543 ns|    1|    1|      yes|
        |tx_app_table_U0                           |tx_app_table                             |        2|        2|   6.543 ns|   6.543 ns|    1|    1|      yes|
        |sessionIdManager_U0                       |sessionIdManager                         |        1|        1|   3.271 ns|   3.271 ns|    1|    1|      yes|
        |updateReplyHandler_U0                     |updateReplyHandler                       |        1|        1|   3.271 ns|   3.271 ns|    1|    1|      yes|
        |rxPackageDropper_512_U0                   |rxPackageDropper_512_s                   |        1|        1|   3.271 ns|   3.271 ns|    1|    1|      yes|
        |generate_ipv4_512_U0                      |generate_ipv4_512_s                      |        1|        1|   3.271 ns|   3.271 ns|    1|    1|      yes|
        |rxAppMemDataRead_512_U0                   |rxAppMemDataRead_512_s                   |        1|        1|   3.271 ns|   3.271 ns|    1|    1|      yes|
        |txAppStatusHandler_U0                     |txAppStatusHandler                       |        1|        1|   3.271 ns|   3.271 ns|    1|    1|      yes|
        +------------------------------------------+-----------------------------------------+---------+---------+-----------+-----------+-----+-----+---------+

        * Loop: 
        N/A



================================================================
== Utilization Estimates
================================================================
* Summary: 
+---------------------+---------+------+---------+---------+-----+
|         Name        | BRAM_18K|  DSP |    FF   |   LUT   | URAM|
+---------------------+---------+------+---------+---------+-----+
|DSP                  |        -|     -|        -|        -|    -|
|Expression           |        -|     -|        -|        -|    -|
|FIFO                 |      174|     -|    83435|    45372|    -|
|Instance             |       57|     -|    67778|   154034|    0|
|Memory               |        -|     -|        -|        -|    -|
|Multiplexer          |        -|     -|        -|        -|    -|
|Register             |        -|     -|        -|        -|    -|
+---------------------+---------+------+---------+---------+-----+
|Total                |      231|     0|   151213|   199406|    0|
+---------------------+---------+------+---------+---------+-----+
|Available SLR        |     1344|  3008|   869120|   434560|  320|
+---------------------+---------+------+---------+---------+-----+
|Utilization SLR (%)  |       17|     0|       17|       45|    0|
+---------------------+---------+------+---------+---------+-----+
|Available            |     4032|  9024|  2607360|  1303680|  960|
+---------------------+---------+------+---------+---------+-----+
|Utilization (%)      |        5|     0|        5|       15|    0|
+---------------------+---------+------+---------+---------+-----+

+ Detail: 
    * Instance: 
    +------------------------------------------+-----------------------------------------+---------+----+------+-------+-----+
    |                 Instance                 |                  Module                 | BRAM_18K| DSP|  FF  |  LUT  | URAM|
    +------------------------------------------+-----------------------------------------+---------+----+------+-------+-----+
    |ack_delay_U0                              |ack_delay                                |        1|   0|   497|    406|    0|
    |check_in_multiplexer_U0                   |check_in_multiplexer                     |        0|   0|    20|     75|    0|
    |check_out_multiplexer_U0                  |check_out_multiplexer                    |        0|   0|    11|     97|    0|
    |close_timer_U0                            |close_timer                              |        4|   0|   143|    247|    0|
    |constructPseudoHeader_512_U0              |constructPseudoHeader_512_s              |        0|   0|   629|   1247|    0|
    |convert_axis_to_net_axis_512_1_U0         |convert_axis_to_net_axis_512_1           |        0|   0|   581|     37|    0|
    |convert_axis_to_net_axis_512_2_U0         |convert_axis_to_net_axis_512_2           |        0|   0|   581|     37|    0|
    |convert_axis_to_net_axis_512_3_U0         |convert_axis_to_net_axis_512_3           |        0|   0|   581|     37|    0|
    |convert_axis_to_net_axis_512_U0           |convert_axis_to_net_axis_512_s           |        0|   0|   581|     37|    0|
    |convert_net_axis_to_axis_512_1_U0         |convert_net_axis_to_axis_512_1           |        0|   0|   583|     43|    0|
    |convert_net_axis_to_axis_512_2_U0         |convert_net_axis_to_axis_512_2           |        0|   0|   583|     43|    0|
    |convert_net_axis_to_axis_512_3_U0         |convert_net_axis_to_axis_512_3           |        0|   0|   583|     43|    0|
    |convert_net_axis_to_axis_512_U0           |convert_net_axis_to_axis_512_s           |        0|   0|   583|     43|    0|
    |drop_optional_header_fields_512_U0        |drop_optional_header_fields_512_s        |        0|   0|  6887|  40124|    0|
    |drop_optional_ip_header_512_U0            |drop_optional_ip_header_512_s            |        0|   0|  3503|    230|    0|
    |entry_proc_U0                             |entry_proc                               |        0|   0|     2|     38|    0|
    |event_engine_U0                           |event_engine                             |        0|   0|    34|    198|    0|
    |finalize_ipv4_checksum_32_U0              |finalize_ipv4_checksum_32_s              |        0|   0|  1116|   2461|    0|
    |free_port_table_U0                        |free_port_table                          |        1|   0|   260|    189|    0|
    |generate_ipv4_512_U0                      |generate_ipv4_512_s                      |        0|   0|  1851|    233|    0|
    |insert_checksum_512_U0                    |insert_checksum_512_s                    |        0|   0|  1163|     94|    0|
    |listening_port_table_U0                   |listening_port_table                     |        1|   0|   329|    245|    0|
    |lookupReplyHandler_U0                     |lookupReplyHandler                       |        0|   0|   369|    412|    0|
    |lshiftWordByOctet_512_2_U0                |lshiftWordByOctet_512_2_s                |        0|   0|  1161|    591|    0|
    |lshiftWordByOctet_512_51_U0               |lshiftWordByOctet_512_51_s               |        0|   0|  1449|    599|    0|
    |lshiftWordByOctet_512_52_U0               |lshiftWordByOctet_512_52_s               |        0|   0|  1161|    593|    0|
    |merge_header_meta_U0                      |merge_header_meta                        |        0|   0|   220|     87|    0|
    |metaLoader_U0                             |metaLoader                               |        0|   0|  1680|   1991|    0|
    |parse_optional_header_fields_U0           |parse_optional_header_fields             |        0|   0|   342|   1382|    0|
    |prependPseudoHeader_512_U0                |prependPseudoHeader_512_s                |        0|   0|  1258|     96|    0|
    |probe_timer_U0                            |probe_timer                              |        4|   0|   338|    450|    0|
    |processPseudoHeader_512_U0                |processPseudoHeader_512_s                |        0|   0|  1642|   2910|    0|
    |pseudoHeaderConstructionNew_512_U0        |pseudoHeaderConstructionNew_512_s        |        0|   0|  1959|   1208|    0|
    |read_data_arbiter_512_U0                  |read_data_arbiter_512_s                  |        0|   0|  1163|     97|    0|
    |read_data_stitching_512_U0                |read_data_stitching_512_s                |        0|   0|  5076|  38330|    0|
    |remove_pseudo_header_512_U0               |remove_pseudo_header_512_s               |        0|   0|   581|     37|    0|
    |retransmit_timer_U0                       |retransmit_timer                         |        8|   0|   726|    920|    0|
    |reverseLookupTableInterface_U0            |reverseLookupTableInterface              |        4|   0|   795|    645|    0|
    |rshiftWordByOctet_net_axis_512_512_3_U0   |rshiftWordByOctet_net_axis_512_512_3_s   |        0|   0|  1449|    109|    0|
    |rshiftWordByOctet_net_axis_512_512_53_U0  |rshiftWordByOctet_net_axis_512_512_53_s  |        0|   0|  1269|    113|    0|
    |rxAppMemDataRead_512_U0                   |rxAppMemDataRead_512_s                   |        0|   0|  1030|     58|    0|
    |rxEventMerger_U0                          |rxEventMerger                            |        0|   0|   454|     68|    0|
    |rxMetadataHandler_U0                      |rxMetadataHandler                        |        0|   0|   477|    449|    0|
    |rxPackageDropper_512_U0                   |rxPackageDropper_512_s                   |        0|   0|   585|    100|    0|
    |rxTcpFSM_U0                               |rxTcpFSM                                 |        0|   0|  1280|   3256|    0|
    |rx_app_if_U0                              |rx_app_if                                |        0|   0|    26|     79|    0|
    |rx_app_stream_if_U0                       |rx_app_stream_if                         |        0|   0|    77|    142|    0|
    |rx_sar_table_U0                           |rx_sar_table                             |       10|   0|   849|    532|    0|
    |sessionIdManager_U0                       |sessionIdManager                         |        0|   0|    39|     83|    0|
    |state_table_U0                            |state_table                              |        2|   0|   386|    537|    0|
    |stream_merger_ap_uint_16_U0               |stream_merger_ap_uint_16_s               |        0|   0|    55|     68|    0|
    |stream_merger_appNotification_U0          |stream_merger_appNotification_s          |        0|   0|   315|    108|    0|
    |stream_merger_event_U0                    |stream_merger_event_s                    |        0|   0|   262|     68|    0|
    |tasi_metaLoader_U0                        |tasi_metaLoader                          |        0|   0|   508|    627|    0|
    |tasi_pkg_pusher_512_U0                    |tasi_pkg_pusher_512_s                    |        0|   0|  4948|  31134|    0|
    |toe_check_ipv4_checksum_32_U0             |toe_check_ipv4_checksum_32_s             |        0|   0|  1117|   2458|    0|
    |toe_duplicate_stream_net_axis_512_U0      |toe_duplicate_stream_net_axis_512_s      |        0|   0|  1605|     46|    0|
    |toe_process_ipv4_512_U0                   |toe_process_ipv4_512_s                   |        0|   0|   920|   1598|    0|
    |tupleSplitter_U0                          |tupleSplitter                            |        0|   0|   328|    114|    0|
    |two_complement_subchecksums_512_11_U0     |two_complement_subchecksums_512_11_s     |        0|   0|  2825|   6386|    0|
    |two_complement_subchecksums_512_22_U0     |two_complement_subchecksums_512_22_s     |        0|   0|  2825|   6386|    0|
    |txAppStatusHandler_U0                     |txAppStatusHandler                       |        0|   0|   112|    220|    0|
    |txEngMemAccessBreakdown_U0                |txEngMemAccessBreakdown                  |        0|   0|   163|    291|    0|
    |txEventMerger_U0                          |txEventMerger                            |        0|   0|   263|     99|    0|
    |tx_app_if_U0                              |tx_app_if                                |        0|   0|   374|    407|    0|
    |tx_app_table_U0                           |tx_app_table                             |        6|   0|    71|    157|    0|
    |tx_sar_table_U0                           |tx_sar_table                             |       16|   0|  1445|   1533|    0|
    |updateReplyHandler_U0                     |updateReplyHandler                       |        0|   0|   150|     59|    0|
    |updateRequestSender_U0                    |updateRequestSender                      |        0|   0|   550|    197|    0|
    +------------------------------------------+-----------------------------------------+---------+----+------+-------+-----+
    |Total                                     |                                         |       57|   0| 67778| 154034|    0|
    +------------------------------------------+-----------------------------------------+---------+----+------+-------+-----+

    * DSP: 
    N/A

    * Memory: 
    N/A

    * FIFO: 
    +--------------------------------------+---------+------+----+-----+-------+------+---------+
    |                 Name                 | BRAM_18K|  FF  | LUT| URAM| Depth | Bits | Size:D*B|
    +--------------------------------------+---------+------+----+-----+-------+------+---------+
    |ackDelayFifoReadCount_U               |        0|     9|   0|    -|     64|     1|       64|
    |ackDelayFifoWriteCount_U              |        0|     9|   0|    -|     64|     1|       64|
    |axis_data_count_c_U                   |        0|     7|   0|    -|     15|    16|      240|
    |axis_max_data_count_c_U               |        0|     7|   0|    -|     15|    16|      240|
    |closeTimer2stateTable_releaseState_U  |        0|    36|   0|    -|      2|    16|       32|
    |conEstablishedFifo_U                  |        0|     5|   0|    -|      4|    72|      288|
    |eventEng2ackDelay_event_U             |        8|   534|   0|    -|     64|   181|    11584|
    |eventEng2txEng_event_U                |        8|   534|   0|    -|     64|   181|    11584|
    |ipRxData_internal_U                   |        0|  2058|   0|    -|      2|  1024|     2048|
    |ipTxData_internal_U                   |        0|  2058|   0|    -|      2|  1024|     2048|
    |memAccessBreakdown2txPkgStitcher_U    |        0|     8|   0|    -|     32|     1|       32|
    |myIpAddress_c143_U                    |        0|     5|   0|    -|      3|    32|       96|
    |myIpAddress_c_U                       |        0|     7|   0|    -|     14|    32|      448|
    |portTable2rxApp_listen_rsp_U          |        0|     5|   0|    -|      4|     1|        4|
    |portTable2rxEng_check_rsp_U           |        0|     5|   0|    -|      4|     1|        4|
    |portTable2txApp_port_rsp_U            |        0|     5|   0|    -|      4|    16|       64|
    |probeTimer2eventEng_setEvent_U        |        0|   260|   0|    -|      2|    85|      170|
    |pt_dstFifo_U                          |        0|     5|   0|    -|      4|     1|        4|
    |pt_portCheckListening_req_fifo_U      |        0|    36|   0|    -|      2|    15|       30|
    |pt_portCheckListening_rsp_fifo_U      |        0|     8|   0|    -|      2|     1|        2|
    |pt_portCheckUsed_req_fifo_U           |        0|    36|   0|    -|      2|    15|       30|
    |pt_portCheckUsed_rsp_fifo_U           |        0|     8|   0|    -|      2|     1|        2|
    |reverseLupInsertFifo_U                |        0|     5|   0|    -|      4|    96|      384|
    |rtTimer2eventEng_setEvent_U           |        0|   260|   0|    -|      2|    85|      170|
    |rtTimer2stateTable_releaseState_U     |        0|    36|   0|    -|      2|    16|       32|
    |rxApp2portTable_listen_req_U          |        0|     5|   0|    -|      4|    16|       64|
    |rxApp2rxSar_upd_req_U                 |        0|   133|   0|    -|      2|    35|       70|
    |rxBufferReadCmd_U                     |        0|     5|   0|    -|      4|     1|        4|
    |rxBufferReadData_internal_U           |        0|  2058|   0|    -|      2|  1024|     2048|
    |rxBufferWriteData_internal_U          |        0|  2058|   0|    -|      2|  1024|     2048|
    |rxDataRsp_internal_U                  |        0|  2058|   0|    -|      2|  1024|     2048|
    |rxEng2eventEng_setEvent_U             |        8|   543|   0|    -|    512|   181|    92672|
    |rxEng2portTable_check_req_U           |        0|     5|   0|    -|      4|    16|       64|
    |rxEng2rxApp_notification_U            |        0|     5|   0|    -|      4|    81|      324|
    |rxEng2rxSar_upd_req_U                 |        0|   260|   0|    -|      2|   119|      238|
    |rxEng2sLookup_req_U                   |        0|     5|   0|    -|      4|    97|      388|
    |rxEng2stateTable_upd_req_U            |        0|   133|   0|    -|      2|    49|       98|
    |rxEng2timer_clearProbeTimer_U         |        0|    36|   0|    -|      2|    16|       32|
    |rxEng2timer_clearRetransmitTimer_U    |        0|    68|   0|    -|      2|    17|       34|
    |rxEng2timer_setCloseTimer_U           |        0|    36|   0|    -|      2|    16|       32|
    |rxEng2txSar_upd_req_U                 |        0|   401|   0|    -|     16|    91|     1456|
    |rxEng_checksumValidFifo_U             |        0|     8|   0|    -|      2|     1|        2|
    |rxEng_dataBuffer0_U                   |        0|  3090|   0|    -|      8|   577|     4616|
    |rxEng_dataBuffer1_U                   |        0|  3090|   0|    -|      8|   577|     4616|
    |rxEng_dataBuffer2_U                   |       29|  2084|   0|    -|    256|   577|   147712|
    |rxEng_dataBuffer3_U                   |       29|  2075|   0|    -|     32|   577|    18464|
    |rxEng_dataBuffer3a_U                  |        0|  3090|   0|    -|      8|   577|     4616|
    |rxEng_dataBuffer3b_U                  |        0|  3090|   0|    -|      8|   577|     4616|
    |rxEng_dataBuffer4_U                   |        0|  3090|   0|    -|      8|  1024|     8192|
    |rxEng_dataBuffer5_U                   |        0|  3090|   0|    -|      8|  1024|     8192|
    |rxEng_dataOffsetFifo_U                |        0|    12|   0|    -|      2|     4|        8|
    |rxEng_fsmDropFifo_U                   |        0|     8|   0|    -|      2|     1|        2|
    |rxEng_fsmEventFifo_U                  |        0|   260|   0|    -|      2|    85|      170|
    |rxEng_fsmMetaDataFifo_U               |        0|   516|   0|    -|      2|   188|      376|
    |rxEng_headerMetaFifo_U                |        0|   784|   0|    -|     16|   160|     2560|
    |rxEng_ipMetaFifo_U                    |        0|   260|   0|    -|      2|    96|      192|
    |rxEng_metaDataFifo_U                  |        0|   260|   0|    -|      2|   108|      216|
    |rxEng_metaHandlerDropFifo_U           |        0|     8|   0|    -|      2|     1|        2|
    |rxEng_metaHandlerEventFifo_U          |        0|   516|   0|    -|      2|   181|      362|
    |rxEng_optionalFieldsFifo_U            |        0|  1028|   0|    -|      2|   320|      640|
    |rxEng_optionalFieldsMetaFifo_U        |        0|     6|   0|    -|      8|    16|      128|
    |rxEng_pseudoHeaderFifo_U              |        0|  2058|   0|    -|      2|  1024|     2048|
    |rxEng_tupleBuffer_U                   |        0|   260|   0|    -|      2|    96|      192|
    |rxEng_winScaleFifo_U                  |        0|    12|   0|    -|      2|     4|        8|
    |rxSar2rxApp_upd_rsp_U                 |        0|   133|   0|    -|      2|    35|       70|
    |rxSar2rxEng_upd_rsp_U                 |        0|   260|   0|    -|      2|   119|      238|
    |rxSar2txEng_rsp_U                     |        0|   260|   0|    -|      2|    70|      140|
    |rx_process2dropLengthFifo_U           |        0|    12|   0|    -|      2|     4|        8|
    |sLookup2portTable_releasePort_U       |        0|     5|   0|    -|      4|    16|       64|
    |sLookup2rxEng_rsp_U                   |        0|     5|   0|    -|      4|    17|       68|
    |sLookup2txApp_rsp_U                   |        0|     5|   0|    -|      4|    17|       68|
    |sLookup2txEng_rev_rsp_U               |        0|     5|   0|    -|      4|    96|      384|
    |sessionDelete_req_U                   |        0|     5|   0|    -|      4|   160|      640|
    |sessionInsert_req_U                   |        0|     5|   0|    -|      4|   160|      640|
    |slc_sessionIdFinFifo_U                |        0|    36|   0|    -|      2|    14|       28|
    |slc_sessionIdFreeList_U               |        1|    63|   0|    -|  16384|    14|   229376|
    |slc_sessionInsert_rsp_U               |        0|     5|   0|    -|      4|   160|      640|
    |stateTable2rxEng_upd_rsp_U            |        0|    68|   0|    -|      2|    32|       64|
    |stateTable2sLookup_releaseSession_U   |        0|    36|   0|    -|      2|    16|       32|
    |stateTable2txApp_rsp_U                |        0|    68|   0|    -|      2|    32|       64|
    |stateTable2txApp_upd_rsp_U            |        0|    68|   0|    -|      2|    32|       64|
    |subSumFifo_U                          |        0|  2058|   0|    -|      2|  1024|     2048|
    |tasi_dataFifo_U                       |       29|  2084|   0|    -|   1024|   577|   590848|
    |tasi_meta2pkgPushCmd_U                |        4|   281|   0|    -|    128|    72|     9216|
    |timer2eventEng_setEvent_U             |        0|   406|   0|    -|     64|    85|     5440|
    |timer2rxApp_notification_U            |        0|     5|   0|    -|      4|    81|      324|
    |timer2stateTable_releaseState_U       |        0|    36|   0|    -|      2|    16|       32|
    |timer2txApp_notification_U            |        0|     5|   0|    -|      4|    72|      288|
    |txApp2eventEng_mergeEvent_U           |        0|   406|   0|    -|     64|    85|     5440|
    |txApp2eventEng_setEvent_U             |        0|   406|   0|    -|     64|    85|     5440|
    |txApp2sLookup_req_U                   |        0|     5|   0|    -|      4|    96|      384|
    |txApp2stateTable_req_U                |        0|    36|   0|    -|      2|    16|       32|
    |txApp2stateTable_upd_req_U            |        0|   133|   0|    -|      2|    49|       98|
    |txApp2txEng_data_stream_U             |       29|  2084|   0|    -|   1024|  1024|  1048576|
    |txApp2txSar_push_U                    |        0|     7|   0|    -|     16|    34|      544|
    |txApp2txSar_upd_req_U                 |        0|   218|   0|    -|     64|    35|     2240|
    |txAppStream2event_mergeEvent_U        |        0|   406|   0|    -|     64|    85|     5440|
    |txApp_txEventCache_U                  |        0|   406|   0|    -|     64|    85|     5440|
    |txBufferReadDataStitched_U            |        0|  2058|   0|    -|      2|   577|     1154|
    |txBufferReadData_internal_U           |        0|  2058|   0|    -|      2|  1024|     2048|
    |txBufferWriteData_internal_U          |        0|  2058|   0|    -|      2|  1024|     2048|
    |txDataReq_internal_U                  |        0|  2058|   0|    -|      2|  1024|     2048|
    |txEng2rxSar_req_U                     |        0|    36|   0|    -|      2|    16|       32|
    |txEng2sLookup_rev_req_U               |        0|     5|   0|    -|      4|    16|       64|
    |txEng2timer_setProbeTimer_U           |        0|    36|   0|    -|      2|    16|       32|
    |txEng2timer_setRetransmitTimer_U      |        0|   133|   0|    -|      2|    48|       96|
    |txEng2txSar_upd_req_U                 |        0|     7|   0|    -|     16|    53|      848|
    |txEngFifoReadCount_U                  |        0|     9|   0|    -|     64|     1|       64|
    |txEng_ipMetaFifo_U                    |        0|     8|   0|    -|     32|    16|      512|
    |txEng_ipTupleFifo_U                   |        0|   211|   0|    -|     32|    64|     2048|
    |txEng_isDDRbypass_U                   |        0|     8|   0|    -|     32|     1|       32|
    |txEng_isLookUpFifo_U                  |        0|     5|   0|    -|      4|     1|        4|
    |txEng_shift2pseudoFifo_U              |        0|  2058|   0|    -|      2|   577|     1154|
    |txEng_subChecksumsFifo_U              |        0|  2058|   0|    -|      2|   544|     1088|
    |txEng_tcpChecksumFifo_U               |        0|     5|   0|    -|      4|    16|       64|
    |txEng_tcpMetaFifo_U                   |        0|   404|   0|    -|     32|   104|     3328|
    |txEng_tcpPkgBuffer0_U                 |        0|  2058|   0|    -|      2|   577|     1154|
    |txEng_tcpPkgBuffer1_U                 |        0|  3092|   0|    -|     16|   577|     9232|
    |txEng_tcpPkgBuffer2_U                 |       29|  2084|   0|    -|    256|   577|   147712|
    |txEng_tcpPkgBuffer3_U                 |        0|  2058|   0|    -|      2|   577|     1154|
    |txEng_tcpPkgBuffer4_U                 |        0|  2058|   0|    -|      2|   577|     1154|
    |txEng_tcpPkgBuffer5_U                 |        0|  2058|   0|    -|      2|   577|     1154|
    |txEng_tcpPkgBuffer6_U                 |        0|  2058|   0|    -|      2|   577|     1154|
    |txEng_tcpTupleFifo_U                  |        0|   404|   0|    -|     32|    96|     3072|
    |txEng_tupleShortCutFifo_U             |        0|   260|   0|    -|      2|    96|      192|
    |txMetaloader2memAccessBreakdown_U     |        0|   404|   0|    -|     32|    72|     2304|
    |txSar2rxEng_upd_rsp_U                 |        0|   401|   0|    -|     16|   103|     1648|
    |txSar2txApp_ack_push_U                |        0|     7|   0|    -|     16|    53|      848|
    |txSar2txApp_upd_rsp_U                 |        0|   406|   0|    -|     64|    70|     4480|
    |txSar2txEng_upd_rsp_U                 |        0|   401|   0|    -|     16|   124|     1984|
    +--------------------------------------+---------+------+----+-----+-------+------+---------+
    |Total                                 |      174| 83435|   0|    0|  21055| 28822|  2447538|
    +--------------------------------------+---------+------+----+-----+-------+------+---------+

    * Expression: 
    N/A

    * Multiplexer: 
    N/A

    * Register: 
    N/A



================================================================
== Interface
================================================================
* Summary: 
+------------------------------------+-----+-----+--------------+------------------------------+--------------+
|              RTL Ports             | Dir | Bits|   Protocol   |         Source Object        |    C Type    |
+------------------------------------+-----+-----+--------------+------------------------------+--------------+
|ap_local_block                      |  out|    1|  ap_ctrl_none|                       toe_top|  return value|
|ap_local_deadlock                   |  out|    1|  ap_ctrl_none|                       toe_top|  return value|
|ap_clk                              |   in|    1|  ap_ctrl_none|                       toe_top|  return value|
|ap_rst_n                            |   in|    1|  ap_ctrl_none|                       toe_top|  return value|
|s_axis_tcp_data_TDATA               |   in|  512|          axis|      s_axis_tcp_data_V_data_V|       pointer|
|s_axis_tcp_data_TKEEP               |   in|   64|          axis|      s_axis_tcp_data_V_keep_V|       pointer|
|s_axis_tcp_data_TSTRB               |   in|   64|          axis|      s_axis_tcp_data_V_strb_V|       pointer|
|s_axis_tcp_data_TLAST               |   in|    1|          axis|      s_axis_tcp_data_V_last_V|       pointer|
|s_axis_tcp_data_TVALID              |   in|    1|          axis|      s_axis_tcp_data_V_last_V|       pointer|
|s_axis_tcp_data_TREADY              |  out|    1|          axis|      s_axis_tcp_data_V_last_V|       pointer|
|s_axis_txwrite_sts_TDATA            |   in|    8|          axis|            s_axis_txwrite_sts|       pointer|
|s_axis_txwrite_sts_TVALID           |   in|    1|          axis|            s_axis_txwrite_sts|       pointer|
|s_axis_txwrite_sts_TREADY           |  out|    1|          axis|            s_axis_txwrite_sts|       pointer|
|s_axis_rxread_data_TDATA            |   in|  512|          axis|   s_axis_rxread_data_V_data_V|       pointer|
|s_axis_rxread_data_TKEEP            |   in|   64|          axis|   s_axis_rxread_data_V_keep_V|       pointer|
|s_axis_rxread_data_TSTRB            |   in|   64|          axis|   s_axis_rxread_data_V_strb_V|       pointer|
|s_axis_rxread_data_TLAST            |   in|    1|          axis|   s_axis_rxread_data_V_last_V|       pointer|
|s_axis_rxread_data_TVALID           |   in|    1|          axis|   s_axis_rxread_data_V_last_V|       pointer|
|s_axis_rxread_data_TREADY           |  out|    1|          axis|   s_axis_rxread_data_V_last_V|       pointer|
|s_axis_txread_data_TDATA            |   in|  512|          axis|   s_axis_txread_data_V_data_V|       pointer|
|s_axis_txread_data_TKEEP            |   in|   64|          axis|   s_axis_txread_data_V_keep_V|       pointer|
|s_axis_txread_data_TSTRB            |   in|   64|          axis|   s_axis_txread_data_V_strb_V|       pointer|
|s_axis_txread_data_TLAST            |   in|    1|          axis|   s_axis_txread_data_V_last_V|       pointer|
|s_axis_txread_data_TVALID           |   in|    1|          axis|   s_axis_txread_data_V_last_V|       pointer|
|s_axis_txread_data_TREADY           |  out|    1|          axis|   s_axis_txread_data_V_last_V|       pointer|
|m_axis_tcp_data_TDATA               |  out|  512|          axis|      m_axis_tcp_data_V_data_V|       pointer|
|m_axis_tcp_data_TKEEP               |  out|   64|          axis|      m_axis_tcp_data_V_keep_V|       pointer|
|m_axis_tcp_data_TSTRB               |  out|   64|          axis|      m_axis_tcp_data_V_strb_V|       pointer|
|m_axis_tcp_data_TLAST               |  out|    1|          axis|      m_axis_tcp_data_V_last_V|       pointer|
|m_axis_tcp_data_TVALID              |  out|    1|          axis|      m_axis_tcp_data_V_last_V|       pointer|
|m_axis_tcp_data_TREADY              |   in|    1|          axis|      m_axis_tcp_data_V_last_V|       pointer|
|m_axis_txwrite_cmd_TDATA            |  out|   72|          axis|            m_axis_txwrite_cmd|       pointer|
|m_axis_txwrite_cmd_TVALID           |  out|    1|          axis|            m_axis_txwrite_cmd|       pointer|
|m_axis_txwrite_cmd_TREADY           |   in|    1|          axis|            m_axis_txwrite_cmd|       pointer|
|m_axis_txread_cmd_TDATA             |  out|   72|          axis|             m_axis_txread_cmd|       pointer|
|m_axis_txread_cmd_TVALID            |  out|    1|          axis|             m_axis_txread_cmd|       pointer|
|m_axis_txread_cmd_TREADY            |   in|    1|          axis|             m_axis_txread_cmd|       pointer|
|m_axis_rxwrite_data_TDATA           |  out|  512|          axis|  m_axis_rxwrite_data_V_data_V|       pointer|
|m_axis_rxwrite_data_TKEEP           |  out|   64|          axis|  m_axis_rxwrite_data_V_keep_V|       pointer|
|m_axis_rxwrite_data_TSTRB           |  out|   64|          axis|  m_axis_rxwrite_data_V_strb_V|       pointer|
|m_axis_rxwrite_data_TLAST           |  out|    1|          axis|  m_axis_rxwrite_data_V_last_V|       pointer|
|m_axis_rxwrite_data_TVALID          |  out|    1|          axis|  m_axis_rxwrite_data_V_last_V|       pointer|
|m_axis_rxwrite_data_TREADY          |   in|    1|          axis|  m_axis_rxwrite_data_V_last_V|       pointer|
|m_axis_txwrite_data_TDATA           |  out|  512|          axis|  m_axis_txwrite_data_V_data_V|       pointer|
|m_axis_txwrite_data_TKEEP           |  out|   64|          axis|  m_axis_txwrite_data_V_keep_V|       pointer|
|m_axis_txwrite_data_TSTRB           |  out|   64|          axis|  m_axis_txwrite_data_V_strb_V|       pointer|
|m_axis_txwrite_data_TLAST           |  out|    1|          axis|  m_axis_txwrite_data_V_last_V|       pointer|
|m_axis_txwrite_data_TVALID          |  out|    1|          axis|  m_axis_txwrite_data_V_last_V|       pointer|
|m_axis_txwrite_data_TREADY          |   in|    1|          axis|  m_axis_txwrite_data_V_last_V|       pointer|
|s_axis_session_lup_rsp_TDATA        |   in|  120|          axis|        s_axis_session_lup_rsp|       pointer|
|s_axis_session_lup_rsp_TVALID       |   in|    1|          axis|        s_axis_session_lup_rsp|       pointer|
|s_axis_session_lup_rsp_TREADY       |  out|    1|          axis|        s_axis_session_lup_rsp|       pointer|
|s_axis_session_upd_rsp_TDATA        |   in|  152|          axis|        s_axis_session_upd_rsp|       pointer|
|s_axis_session_upd_rsp_TVALID       |   in|    1|          axis|        s_axis_session_upd_rsp|       pointer|
|s_axis_session_upd_rsp_TREADY       |  out|    1|          axis|        s_axis_session_upd_rsp|       pointer|
|m_axis_session_lup_req_TDATA        |  out|   96|          axis|        m_axis_session_lup_req|       pointer|
|m_axis_session_lup_req_TVALID       |  out|    1|          axis|        m_axis_session_lup_req|       pointer|
|m_axis_session_lup_req_TREADY       |   in|    1|          axis|        m_axis_session_lup_req|       pointer|
|m_axis_session_upd_req_TDATA        |  out|  144|          axis|        m_axis_session_upd_req|       pointer|
|m_axis_session_upd_req_TVALID       |  out|    1|          axis|        m_axis_session_upd_req|       pointer|
|m_axis_session_upd_req_TREADY       |   in|    1|          axis|        m_axis_session_upd_req|       pointer|
|s_axis_listen_port_req_TDATA        |   in|   16|          axis|        s_axis_listen_port_req|       pointer|
|s_axis_listen_port_req_TVALID       |   in|    1|          axis|        s_axis_listen_port_req|       pointer|
|s_axis_listen_port_req_TREADY       |  out|    1|          axis|        s_axis_listen_port_req|       pointer|
|s_axis_rx_data_req_TDATA            |   in|   32|          axis|            s_axis_rx_data_req|       pointer|
|s_axis_rx_data_req_TVALID           |   in|    1|          axis|            s_axis_rx_data_req|       pointer|
|s_axis_rx_data_req_TREADY           |  out|    1|          axis|            s_axis_rx_data_req|       pointer|
|s_axis_open_conn_req_TDATA          |   in|   48|          axis|          s_axis_open_conn_req|       pointer|
|s_axis_open_conn_req_TVALID         |   in|    1|          axis|          s_axis_open_conn_req|       pointer|
|s_axis_open_conn_req_TREADY         |  out|    1|          axis|          s_axis_open_conn_req|       pointer|
|s_axis_close_conn_req_TDATA         |   in|   16|          axis|         s_axis_close_conn_req|       pointer|
|s_axis_close_conn_req_TVALID        |   in|    1|          axis|         s_axis_close_conn_req|       pointer|
|s_axis_close_conn_req_TREADY        |  out|    1|          axis|         s_axis_close_conn_req|       pointer|
|s_axis_tx_data_req_metadata_TDATA   |   in|   32|          axis|   s_axis_tx_data_req_metadata|       pointer|
|s_axis_tx_data_req_metadata_TVALID  |   in|    1|          axis|   s_axis_tx_data_req_metadata|       pointer|
|s_axis_tx_data_req_metadata_TREADY  |  out|    1|          axis|   s_axis_tx_data_req_metadata|       pointer|
|s_axis_tx_data_req_TDATA            |   in|  512|          axis|   s_axis_tx_data_req_V_data_V|       pointer|
|s_axis_tx_data_req_TKEEP            |   in|   64|          axis|   s_axis_tx_data_req_V_keep_V|       pointer|
|s_axis_tx_data_req_TSTRB            |   in|   64|          axis|   s_axis_tx_data_req_V_strb_V|       pointer|
|s_axis_tx_data_req_TLAST            |   in|    1|          axis|   s_axis_tx_data_req_V_last_V|       pointer|
|s_axis_tx_data_req_TVALID           |   in|    1|          axis|   s_axis_tx_data_req_V_last_V|       pointer|
|s_axis_tx_data_req_TREADY           |  out|    1|          axis|   s_axis_tx_data_req_V_last_V|       pointer|
|m_axis_listen_port_rsp_TDATA        |  out|    8|          axis|        m_axis_listen_port_rsp|       pointer|
|m_axis_listen_port_rsp_TVALID       |  out|    1|          axis|        m_axis_listen_port_rsp|       pointer|
|m_axis_listen_port_rsp_TREADY       |   in|    1|          axis|        m_axis_listen_port_rsp|       pointer|
|m_axis_notification_TDATA           |  out|   88|          axis|           m_axis_notification|       pointer|
|m_axis_notification_TVALID          |  out|    1|          axis|           m_axis_notification|       pointer|
|m_axis_notification_TREADY          |   in|    1|          axis|           m_axis_notification|       pointer|
|m_axis_rx_data_rsp_metadata_TDATA   |  out|   16|          axis|   m_axis_rx_data_rsp_metadata|       pointer|
|m_axis_rx_data_rsp_metadata_TVALID  |  out|    1|          axis|   m_axis_rx_data_rsp_metadata|       pointer|
|m_axis_rx_data_rsp_metadata_TREADY  |   in|    1|          axis|   m_axis_rx_data_rsp_metadata|       pointer|
|m_axis_rx_data_rsp_TDATA            |  out|  512|          axis|   m_axis_rx_data_rsp_V_data_V|       pointer|
|m_axis_rx_data_rsp_TKEEP            |  out|   64|          axis|   m_axis_rx_data_rsp_V_keep_V|       pointer|
|m_axis_rx_data_rsp_TSTRB            |  out|   64|          axis|   m_axis_rx_data_rsp_V_strb_V|       pointer|
|m_axis_rx_data_rsp_TLAST            |  out|    1|          axis|   m_axis_rx_data_rsp_V_last_V|       pointer|
|m_axis_rx_data_rsp_TVALID           |  out|    1|          axis|   m_axis_rx_data_rsp_V_last_V|       pointer|
|m_axis_rx_data_rsp_TREADY           |   in|    1|          axis|   m_axis_rx_data_rsp_V_last_V|       pointer|
|m_axis_open_conn_rsp_TDATA          |  out|   72|          axis|          m_axis_open_conn_rsp|       pointer|
|m_axis_open_conn_rsp_TVALID         |  out|    1|          axis|          m_axis_open_conn_rsp|       pointer|
|m_axis_open_conn_rsp_TREADY         |   in|    1|          axis|          m_axis_open_conn_rsp|       pointer|
|m_axis_tx_data_rsp_TDATA            |  out|   64|          axis|            m_axis_tx_data_rsp|       pointer|
|m_axis_tx_data_rsp_TVALID           |  out|    1|          axis|            m_axis_tx_data_rsp|       pointer|
|m_axis_tx_data_rsp_TREADY           |   in|    1|          axis|            m_axis_tx_data_rsp|       pointer|
|axis_data_count                     |   in|   16|       ap_none|               axis_data_count|        scalar|
|axis_max_data_count                 |   in|   16|       ap_none|           axis_max_data_count|        scalar|
|myIpAddress                         |   in|   32|       ap_none|                   myIpAddress|        scalar|
|regSessionCount                     |  out|   16|        ap_vld|               regSessionCount|       pointer|
|regSessionCount_ap_vld              |  out|    1|        ap_vld|               regSessionCount|       pointer|
+------------------------------------+-----+-----+--------------+------------------------------+--------------+

