

================================================================
== Vitis HLS Report for 'two_complement_subchecksums_512_22_s'
================================================================
* Date:           Sat Mar 18 14:39:12 2023

* Version:        2021.2 (Build 3367213 on Tue Oct 19 02:47:39 MDT 2021)
* Project:        toe_prj
* Solution:       solution1 (Vivado IP Flow Target)
* Product family: virtexuplus
* Target device:  xcu280-fsvh2892-2L-e


================================================================
== Performance Estimates
================================================================
+ Timing: 
    * Summary: 
    +--------+---------+----------+------------+
    |  Clock |  Target | Estimated| Uncertainty|
    +--------+---------+----------+------------+
    |ap_clk  |  3.20 ns|  3.016 ns|     0.86 ns|
    +--------+---------+----------+------------+

+ Latency: 
    * Summary: 
    +---------+---------+----------+----------+-----+-----+---------+
    |  Latency (cycles) |  Latency (absolute) |  Interval | Pipeline|
    |   min   |   max   |    min   |    max   | min | max |   Type  |
    +---------+---------+----------+----------+-----+-----+---------+
    |        2|        2|  6.400 ns|  6.400 ns|    1|    1|      yes|
    +---------+---------+----------+----------+-----+-----+---------+

    + Detail: 
        * Instance: 
        N/A

        * Loop: 
        N/A



================================================================
== Utilization Estimates
================================================================
* Summary: 
+---------------------+---------+------+---------+---------+-----+
|         Name        | BRAM_18K|  DSP |    FF   |   LUT   | URAM|
+---------------------+---------+------+---------+---------+-----+
|DSP                  |        -|     -|        -|        -|    -|
|Expression           |        -|     -|        0|     5198|    -|
|FIFO                 |        -|     -|        -|        -|    -|
|Instance             |        -|     -|        -|        -|    -|
|Memory               |        -|     -|        -|        -|    -|
|Multiplexer          |        -|     -|        -|     1188|    -|
|Register             |        -|     -|     2825|        -|    -|
+---------------------+---------+------+---------+---------+-----+
|Total                |        0|     0|     2825|     6386|    0|
+---------------------+---------+------+---------+---------+-----+
|Available SLR        |     1344|  3008|   869120|   434560|  320|
+---------------------+---------+------+---------+---------+-----+
|Utilization SLR (%)  |        0|     0|       ~0|        1|    0|
+---------------------+---------+------+---------+---------+-----+
|Available            |     4032|  9024|  2607360|  1303680|  960|
+---------------------+---------+------+---------+---------+-----+
|Utilization (%)      |        0|     0|       ~0|       ~0|    0|
+---------------------+---------+------+---------+---------+-----+

+ Detail: 
    * Instance: 
    N/A

    * DSP: 
    N/A

    * Memory: 
    N/A

    * FIFO: 
    N/A

    * Expression: 
    +----------------------------------+----------+----+---+----+------------+------------+
    |           Variable Name          | Operation| DSP| FF| LUT| Bitwidth P0| Bitwidth P1|
    +----------------------------------+----------+----+---+----+------------+------------+
    |add_ln1064_10_fu_3972_p2          |         +|   0|  0|  23|          16|          16|
    |add_ln1064_11_fu_4084_p2          |         +|   0|  0|  23|          16|          16|
    |add_ln1064_12_fu_4196_p2          |         +|   0|  0|  23|          16|          16|
    |add_ln1064_13_fu_4308_p2          |         +|   0|  0|  23|          16|          16|
    |add_ln1064_14_fu_4420_p2          |         +|   0|  0|  23|          16|          16|
    |add_ln1064_15_fu_4532_p2          |         +|   0|  0|  23|          16|          16|
    |add_ln1064_16_fu_4644_p2          |         +|   0|  0|  23|          16|          16|
    |add_ln1064_17_fu_4756_p2          |         +|   0|  0|  23|          16|          16|
    |add_ln1064_18_fu_4868_p2          |         +|   0|  0|  23|          16|          16|
    |add_ln1064_19_fu_4980_p2          |         +|   0|  0|  23|          16|          16|
    |add_ln1064_1_fu_2964_p2           |         +|   0|  0|  23|          16|          16|
    |add_ln1064_20_fu_5092_p2          |         +|   0|  0|  23|          16|          16|
    |add_ln1064_21_fu_5204_p2          |         +|   0|  0|  23|          16|          16|
    |add_ln1064_22_fu_5316_p2          |         +|   0|  0|  23|          16|          16|
    |add_ln1064_23_fu_5428_p2          |         +|   0|  0|  23|          16|          16|
    |add_ln1064_24_fu_5540_p2          |         +|   0|  0|  23|          16|          16|
    |add_ln1064_25_fu_5652_p2          |         +|   0|  0|  23|          16|          16|
    |add_ln1064_26_fu_5764_p2          |         +|   0|  0|  23|          16|          16|
    |add_ln1064_27_fu_5876_p2          |         +|   0|  0|  23|          16|          16|
    |add_ln1064_28_fu_5988_p2          |         +|   0|  0|  23|          16|          16|
    |add_ln1064_29_fu_6100_p2          |         +|   0|  0|  23|          16|          16|
    |add_ln1064_2_fu_3076_p2           |         +|   0|  0|  23|          16|          16|
    |add_ln1064_30_fu_6212_p2          |         +|   0|  0|  23|          16|          16|
    |add_ln1064_3_fu_3188_p2           |         +|   0|  0|  23|          16|          16|
    |add_ln1064_4_fu_3300_p2           |         +|   0|  0|  23|          16|          16|
    |add_ln1064_5_fu_3412_p2           |         +|   0|  0|  23|          16|          16|
    |add_ln1064_6_fu_3524_p2           |         +|   0|  0|  23|          16|          16|
    |add_ln1064_7_fu_3636_p2           |         +|   0|  0|  23|          16|          16|
    |add_ln1064_8_fu_3748_p2           |         +|   0|  0|  23|          16|          16|
    |add_ln1064_9_fu_3860_p2           |         +|   0|  0|  23|          16|          16|
    |add_ln1064_fu_2852_p2             |         +|   0|  0|  23|          16|          16|
    |add_ln229_10_fu_3135_p2           |         +|   0|  0|  23|          16|          16|
    |add_ln229_11_fu_3170_p2           |         +|   0|  0|  23|          16|          16|
    |add_ln229_12_fu_3247_p2           |         +|   0|  0|  23|          16|          16|
    |add_ln229_13_fu_3282_p2           |         +|   0|  0|  23|          16|          16|
    |add_ln229_14_fu_3359_p2           |         +|   0|  0|  23|          16|          16|
    |add_ln229_15_fu_3394_p2           |         +|   0|  0|  23|          16|          16|
    |add_ln229_16_fu_3471_p2           |         +|   0|  0|  23|          16|          16|
    |add_ln229_17_fu_3506_p2           |         +|   0|  0|  23|          16|          16|
    |add_ln229_18_fu_3583_p2           |         +|   0|  0|  23|          16|          16|
    |add_ln229_19_fu_3618_p2           |         +|   0|  0|  23|          16|          16|
    |add_ln229_1_fu_2733_p2            |         +|   0|  0|  16|          16|          16|
    |add_ln229_20_fu_3695_p2           |         +|   0|  0|  23|          16|          16|
    |add_ln229_21_fu_3730_p2           |         +|   0|  0|  23|          16|          16|
    |add_ln229_22_fu_3807_p2           |         +|   0|  0|  23|          16|          16|
    |add_ln229_23_fu_3842_p2           |         +|   0|  0|  23|          16|          16|
    |add_ln229_24_fu_3919_p2           |         +|   0|  0|  23|          16|          16|
    |add_ln229_25_fu_3954_p2           |         +|   0|  0|  23|          16|          16|
    |add_ln229_26_fu_4031_p2           |         +|   0|  0|  23|          16|          16|
    |add_ln229_27_fu_4066_p2           |         +|   0|  0|  23|          16|          16|
    |add_ln229_28_fu_4143_p2           |         +|   0|  0|  23|          16|          16|
    |add_ln229_29_fu_4178_p2           |         +|   0|  0|  23|          16|          16|
    |add_ln229_2_fu_2682_p2            |         +|   0|  0|  16|          16|          16|
    |add_ln229_30_fu_4255_p2           |         +|   0|  0|  23|          16|          16|
    |add_ln229_31_fu_4290_p2           |         +|   0|  0|  23|          16|          16|
    |add_ln229_32_fu_4367_p2           |         +|   0|  0|  23|          16|          16|
    |add_ln229_33_fu_4402_p2           |         +|   0|  0|  23|          16|          16|
    |add_ln229_34_fu_4479_p2           |         +|   0|  0|  23|          16|          16|
    |add_ln229_35_fu_4514_p2           |         +|   0|  0|  23|          16|          16|
    |add_ln229_36_fu_4591_p2           |         +|   0|  0|  23|          16|          16|
    |add_ln229_37_fu_4626_p2           |         +|   0|  0|  23|          16|          16|
    |add_ln229_38_fu_4703_p2           |         +|   0|  0|  23|          16|          16|
    |add_ln229_39_fu_4738_p2           |         +|   0|  0|  23|          16|          16|
    |add_ln229_3_fu_2727_p2            |         +|   0|  0|  16|          16|          16|
    |add_ln229_40_fu_4815_p2           |         +|   0|  0|  23|          16|          16|
    |add_ln229_41_fu_4850_p2           |         +|   0|  0|  23|          16|          16|
    |add_ln229_42_fu_4927_p2           |         +|   0|  0|  23|          16|          16|
    |add_ln229_43_fu_4962_p2           |         +|   0|  0|  23|          16|          16|
    |add_ln229_44_fu_5039_p2           |         +|   0|  0|  23|          16|          16|
    |add_ln229_45_fu_5074_p2           |         +|   0|  0|  23|          16|          16|
    |add_ln229_46_fu_5151_p2           |         +|   0|  0|  23|          16|          16|
    |add_ln229_47_fu_5186_p2           |         +|   0|  0|  23|          16|          16|
    |add_ln229_48_fu_5263_p2           |         +|   0|  0|  23|          16|          16|
    |add_ln229_49_fu_5298_p2           |         +|   0|  0|  23|          16|          16|
    |add_ln229_4_fu_2799_p2            |         +|   0|  0|  23|          16|          16|
    |add_ln229_50_fu_5375_p2           |         +|   0|  0|  23|          16|          16|
    |add_ln229_51_fu_5410_p2           |         +|   0|  0|  23|          16|          16|
    |add_ln229_52_fu_5487_p2           |         +|   0|  0|  23|          16|          16|
    |add_ln229_53_fu_5522_p2           |         +|   0|  0|  23|          16|          16|
    |add_ln229_54_fu_5599_p2           |         +|   0|  0|  23|          16|          16|
    |add_ln229_55_fu_5634_p2           |         +|   0|  0|  23|          16|          16|
    |add_ln229_56_fu_5711_p2           |         +|   0|  0|  23|          16|          16|
    |add_ln229_57_fu_5746_p2           |         +|   0|  0|  23|          16|          16|
    |add_ln229_58_fu_5823_p2           |         +|   0|  0|  23|          16|          16|
    |add_ln229_59_fu_5858_p2           |         +|   0|  0|  23|          16|          16|
    |add_ln229_5_fu_2834_p2            |         +|   0|  0|  23|          16|          16|
    |add_ln229_60_fu_5935_p2           |         +|   0|  0|  23|          16|          16|
    |add_ln229_61_fu_5970_p2           |         +|   0|  0|  23|          16|          16|
    |add_ln229_62_fu_6047_p2           |         +|   0|  0|  23|          16|          16|
    |add_ln229_63_fu_6082_p2           |         +|   0|  0|  23|          16|          16|
    |add_ln229_64_fu_6159_p2           |         +|   0|  0|  23|          16|          16|
    |add_ln229_65_fu_6194_p2           |         +|   0|  0|  23|          16|          16|
    |add_ln229_6_fu_2911_p2            |         +|   0|  0|  23|          16|          16|
    |add_ln229_7_fu_2946_p2            |         +|   0|  0|  23|          16|          16|
    |add_ln229_8_fu_3023_p2            |         +|   0|  0|  23|          16|          16|
    |add_ln229_9_fu_3058_p2            |         +|   0|  0|  23|          16|          16|
    |add_ln229_fu_2688_p2              |         +|   0|  0|  16|          16|          16|
    |add_ln885_10_fu_3229_p2           |         +|   0|  0|  24|          17|          17|
    |add_ln885_11_fu_3264_p2           |         +|   0|  0|  24|          17|          17|
    |add_ln885_12_fu_3341_p2           |         +|   0|  0|  24|          17|          17|
    |add_ln885_13_fu_3376_p2           |         +|   0|  0|  24|          17|          17|
    |add_ln885_14_fu_3453_p2           |         +|   0|  0|  24|          17|          17|
    |add_ln885_15_fu_3488_p2           |         +|   0|  0|  24|          17|          17|
    |add_ln885_16_fu_3565_p2           |         +|   0|  0|  24|          17|          17|
    |add_ln885_17_fu_3600_p2           |         +|   0|  0|  24|          17|          17|
    |add_ln885_18_fu_3677_p2           |         +|   0|  0|  24|          17|          17|
    |add_ln885_19_fu_3712_p2           |         +|   0|  0|  24|          17|          17|
    |add_ln885_1_fu_2709_p2            |         +|   0|  0|  24|          17|          17|
    |add_ln885_20_fu_3789_p2           |         +|   0|  0|  24|          17|          17|
    |add_ln885_21_fu_3824_p2           |         +|   0|  0|  24|          17|          17|
    |add_ln885_22_fu_3901_p2           |         +|   0|  0|  24|          17|          17|
    |add_ln885_23_fu_3936_p2           |         +|   0|  0|  24|          17|          17|
    |add_ln885_24_fu_4013_p2           |         +|   0|  0|  24|          17|          17|
    |add_ln885_25_fu_4048_p2           |         +|   0|  0|  24|          17|          17|
    |add_ln885_26_fu_4125_p2           |         +|   0|  0|  24|          17|          17|
    |add_ln885_27_fu_4160_p2           |         +|   0|  0|  24|          17|          17|
    |add_ln885_28_fu_4237_p2           |         +|   0|  0|  24|          17|          17|
    |add_ln885_29_fu_4272_p2           |         +|   0|  0|  24|          17|          17|
    |add_ln885_2_fu_2781_p2            |         +|   0|  0|  24|          17|          17|
    |add_ln885_30_fu_4349_p2           |         +|   0|  0|  24|          17|          17|
    |add_ln885_31_fu_4384_p2           |         +|   0|  0|  24|          17|          17|
    |add_ln885_32_fu_4461_p2           |         +|   0|  0|  24|          17|          17|
    |add_ln885_33_fu_4496_p2           |         +|   0|  0|  24|          17|          17|
    |add_ln885_34_fu_4573_p2           |         +|   0|  0|  24|          17|          17|
    |add_ln885_35_fu_4608_p2           |         +|   0|  0|  24|          17|          17|
    |add_ln885_36_fu_4685_p2           |         +|   0|  0|  24|          17|          17|
    |add_ln885_37_fu_4720_p2           |         +|   0|  0|  24|          17|          17|
    |add_ln885_38_fu_4797_p2           |         +|   0|  0|  24|          17|          17|
    |add_ln885_39_fu_4832_p2           |         +|   0|  0|  24|          17|          17|
    |add_ln885_3_fu_2816_p2            |         +|   0|  0|  24|          17|          17|
    |add_ln885_40_fu_4909_p2           |         +|   0|  0|  24|          17|          17|
    |add_ln885_41_fu_4944_p2           |         +|   0|  0|  24|          17|          17|
    |add_ln885_42_fu_5021_p2           |         +|   0|  0|  24|          17|          17|
    |add_ln885_43_fu_5056_p2           |         +|   0|  0|  24|          17|          17|
    |add_ln885_44_fu_5133_p2           |         +|   0|  0|  24|          17|          17|
    |add_ln885_45_fu_5168_p2           |         +|   0|  0|  24|          17|          17|
    |add_ln885_46_fu_5245_p2           |         +|   0|  0|  24|          17|          17|
    |add_ln885_47_fu_5280_p2           |         +|   0|  0|  24|          17|          17|
    |add_ln885_48_fu_5357_p2           |         +|   0|  0|  24|          17|          17|
    |add_ln885_49_fu_5392_p2           |         +|   0|  0|  24|          17|          17|
    |add_ln885_4_fu_2893_p2            |         +|   0|  0|  24|          17|          17|
    |add_ln885_50_fu_5469_p2           |         +|   0|  0|  24|          17|          17|
    |add_ln885_51_fu_5504_p2           |         +|   0|  0|  24|          17|          17|
    |add_ln885_52_fu_5581_p2           |         +|   0|  0|  24|          17|          17|
    |add_ln885_53_fu_5616_p2           |         +|   0|  0|  24|          17|          17|
    |add_ln885_54_fu_5693_p2           |         +|   0|  0|  24|          17|          17|
    |add_ln885_55_fu_5728_p2           |         +|   0|  0|  24|          17|          17|
    |add_ln885_56_fu_5805_p2           |         +|   0|  0|  24|          17|          17|
    |add_ln885_57_fu_5840_p2           |         +|   0|  0|  24|          17|          17|
    |add_ln885_58_fu_5917_p2           |         +|   0|  0|  24|          17|          17|
    |add_ln885_59_fu_5952_p2           |         +|   0|  0|  24|          17|          17|
    |add_ln885_5_fu_2928_p2            |         +|   0|  0|  24|          17|          17|
    |add_ln885_60_fu_6029_p2           |         +|   0|  0|  24|          17|          17|
    |add_ln885_61_fu_6064_p2           |         +|   0|  0|  24|          17|          17|
    |add_ln885_62_fu_6141_p2           |         +|   0|  0|  24|          17|          17|
    |add_ln885_63_fu_6176_p2           |         +|   0|  0|  24|          17|          17|
    |add_ln885_6_fu_3005_p2            |         +|   0|  0|  24|          17|          17|
    |add_ln885_7_fu_3040_p2            |         +|   0|  0|  24|          17|          17|
    |add_ln885_8_fu_3117_p2            |         +|   0|  0|  24|          17|          17|
    |add_ln885_9_fu_3152_p2            |         +|   0|  0|  24|          17|          17|
    |add_ln885_fu_2664_p2              |         +|   0|  0|  24|          17|          17|
    |and_ln144_fu_1276_p2              |       and|   0|  0|   2|           1|           1|
    |ap_block_state2_pp0_stage0_iter1  |       and|   0|  0|   2|           1|           1|
    |ap_block_state3_pp0_stage0_iter2  |       and|   0|  0|   2|           1|           1|
    |ap_condition_596                  |       and|   0|  0|   2|           1|           1|
    |ap_predicate_op989_write_state3   |       and|   0|  0|   2|           1|           1|
    |tmp_i_nbreadreq_fu_492_p3         |       and|   0|  0|   2|           1|           0|
    |icmp_ln1064_10_fu_1688_p2         |      icmp|   0|  0|   8|           2|           2|
    |icmp_ln1064_11_fu_1732_p2         |      icmp|   0|  0|   8|           2|           2|
    |icmp_ln1064_12_fu_1776_p2         |      icmp|   0|  0|   8|           2|           2|
    |icmp_ln1064_13_fu_1820_p2         |      icmp|   0|  0|   8|           2|           2|
    |icmp_ln1064_14_fu_1864_p2         |      icmp|   0|  0|   8|           2|           2|
    |icmp_ln1064_15_fu_1908_p2         |      icmp|   0|  0|   8|           2|           2|
    |icmp_ln1064_16_fu_1952_p2         |      icmp|   0|  0|   8|           2|           2|
    |icmp_ln1064_17_fu_1996_p2         |      icmp|   0|  0|   8|           2|           2|
    |icmp_ln1064_18_fu_2040_p2         |      icmp|   0|  0|   8|           2|           2|
    |icmp_ln1064_19_fu_2084_p2         |      icmp|   0|  0|   8|           2|           2|
    |icmp_ln1064_1_fu_1292_p2          |      icmp|   0|  0|   8|           2|           2|
    |icmp_ln1064_20_fu_2128_p2         |      icmp|   0|  0|   8|           2|           2|
    |icmp_ln1064_21_fu_2172_p2         |      icmp|   0|  0|   8|           2|           2|
    |icmp_ln1064_22_fu_2216_p2         |      icmp|   0|  0|   8|           2|           2|
    |icmp_ln1064_23_fu_2260_p2         |      icmp|   0|  0|   8|           2|           2|
    |icmp_ln1064_24_fu_2304_p2         |      icmp|   0|  0|   8|           2|           2|
    |icmp_ln1064_25_fu_2348_p2         |      icmp|   0|  0|   8|           2|           2|
    |icmp_ln1064_26_fu_2392_p2         |      icmp|   0|  0|   8|           2|           2|
    |icmp_ln1064_27_fu_2436_p2         |      icmp|   0|  0|   8|           2|           2|
    |icmp_ln1064_28_fu_2480_p2         |      icmp|   0|  0|   8|           2|           2|
    |icmp_ln1064_29_fu_2524_p2         |      icmp|   0|  0|   8|           2|           2|
    |icmp_ln1064_2_fu_1336_p2          |      icmp|   0|  0|   8|           2|           2|
    |icmp_ln1064_30_fu_2568_p2         |      icmp|   0|  0|   8|           2|           2|
    |icmp_ln1064_31_fu_2612_p2         |      icmp|   0|  0|   8|           2|           2|
    |icmp_ln1064_3_fu_1380_p2          |      icmp|   0|  0|   8|           2|           2|
    |icmp_ln1064_4_fu_1424_p2          |      icmp|   0|  0|   8|           2|           2|
    |icmp_ln1064_5_fu_1468_p2          |      icmp|   0|  0|   8|           2|           2|
    |icmp_ln1064_6_fu_1512_p2          |      icmp|   0|  0|   8|           2|           2|
    |icmp_ln1064_7_fu_1556_p2          |      icmp|   0|  0|   8|           2|           2|
    |icmp_ln1064_8_fu_1600_p2          |      icmp|   0|  0|   8|           2|           2|
    |icmp_ln1064_9_fu_1644_p2          |      icmp|   0|  0|   8|           2|           2|
    |icmp_ln1064_fu_1250_p2            |      icmp|   0|  0|   8|           2|           2|
    |ap_block_pp0_stage0_01001         |        or|   0|  0|   2|           1|           1|
    |ap_block_state1_pp0_stage0_iter0  |        or|   0|  0|   2|           1|           1|
    |or_ln144_fu_2743_p2               |        or|   0|  0|   2|           1|           1|
    |or_ln819_10_fu_3960_p2            |        or|   0|  0|   2|           1|           1|
    |or_ln819_11_fu_4072_p2            |        or|   0|  0|   2|           1|           1|
    |or_ln819_12_fu_4184_p2            |        or|   0|  0|   2|           1|           1|
    |or_ln819_13_fu_4296_p2            |        or|   0|  0|   2|           1|           1|
    |or_ln819_14_fu_4408_p2            |        or|   0|  0|   2|           1|           1|
    |or_ln819_15_fu_4520_p2            |        or|   0|  0|   2|           1|           1|
    |or_ln819_16_fu_4632_p2            |        or|   0|  0|   2|           1|           1|
    |or_ln819_17_fu_4744_p2            |        or|   0|  0|   2|           1|           1|
    |or_ln819_18_fu_4856_p2            |        or|   0|  0|   2|           1|           1|
    |or_ln819_19_fu_4968_p2            |        or|   0|  0|   2|           1|           1|
    |or_ln819_1_fu_2952_p2             |        or|   0|  0|   2|           1|           1|
    |or_ln819_20_fu_5080_p2            |        or|   0|  0|   2|           1|           1|
    |or_ln819_21_fu_5192_p2            |        or|   0|  0|   2|           1|           1|
    |or_ln819_22_fu_5304_p2            |        or|   0|  0|   2|           1|           1|
    |or_ln819_23_fu_5416_p2            |        or|   0|  0|   2|           1|           1|
    |or_ln819_24_fu_5528_p2            |        or|   0|  0|   2|           1|           1|
    |or_ln819_25_fu_5640_p2            |        or|   0|  0|   2|           1|           1|
    |or_ln819_26_fu_5752_p2            |        or|   0|  0|   2|           1|           1|
    |or_ln819_27_fu_5864_p2            |        or|   0|  0|   2|           1|           1|
    |or_ln819_28_fu_5976_p2            |        or|   0|  0|   2|           1|           1|
    |or_ln819_29_fu_6088_p2            |        or|   0|  0|   2|           1|           1|
    |or_ln819_2_fu_3064_p2             |        or|   0|  0|   2|           1|           1|
    |or_ln819_30_fu_6200_p2            |        or|   0|  0|   2|           1|           1|
    |or_ln819_31_fu_2862_p2            |        or|   0|  0|   2|           1|           1|
    |or_ln819_32_fu_2974_p2            |        or|   0|  0|   2|           1|           1|
    |or_ln819_33_fu_3086_p2            |        or|   0|  0|   2|           1|           1|
    |or_ln819_34_fu_3198_p2            |        or|   0|  0|   2|           1|           1|
    |or_ln819_35_fu_3310_p2            |        or|   0|  0|   2|           1|           1|
    |or_ln819_36_fu_3422_p2            |        or|   0|  0|   2|           1|           1|
    |or_ln819_37_fu_3534_p2            |        or|   0|  0|   2|           1|           1|
    |or_ln819_38_fu_3646_p2            |        or|   0|  0|   2|           1|           1|
    |or_ln819_39_fu_3758_p2            |        or|   0|  0|   2|           1|           1|
    |or_ln819_3_fu_3176_p2             |        or|   0|  0|   2|           1|           1|
    |or_ln819_40_fu_3870_p2            |        or|   0|  0|   2|           1|           1|
    |or_ln819_41_fu_3982_p2            |        or|   0|  0|   2|           1|           1|
    |or_ln819_42_fu_4094_p2            |        or|   0|  0|   2|           1|           1|
    |or_ln819_43_fu_4206_p2            |        or|   0|  0|   2|           1|           1|
    |or_ln819_44_fu_4318_p2            |        or|   0|  0|   2|           1|           1|
    |or_ln819_45_fu_4430_p2            |        or|   0|  0|   2|           1|           1|
    |or_ln819_46_fu_4542_p2            |        or|   0|  0|   2|           1|           1|
    |or_ln819_47_fu_4654_p2            |        or|   0|  0|   2|           1|           1|
    |or_ln819_48_fu_4766_p2            |        or|   0|  0|   2|           1|           1|
    |or_ln819_49_fu_4878_p2            |        or|   0|  0|   2|           1|           1|
    |or_ln819_4_fu_3288_p2             |        or|   0|  0|   2|           1|           1|
    |or_ln819_50_fu_4990_p2            |        or|   0|  0|   2|           1|           1|
    |or_ln819_51_fu_5102_p2            |        or|   0|  0|   2|           1|           1|
    |or_ln819_52_fu_5214_p2            |        or|   0|  0|   2|           1|           1|
    |or_ln819_53_fu_5326_p2            |        or|   0|  0|   2|           1|           1|
    |or_ln819_54_fu_5438_p2            |        or|   0|  0|   2|           1|           1|
    |or_ln819_55_fu_5550_p2            |        or|   0|  0|   2|           1|           1|
    |or_ln819_56_fu_5662_p2            |        or|   0|  0|   2|           1|           1|
    |or_ln819_57_fu_5774_p2            |        or|   0|  0|   2|           1|           1|
    |or_ln819_58_fu_5886_p2            |        or|   0|  0|   2|           1|           1|
    |or_ln819_59_fu_5998_p2            |        or|   0|  0|   2|           1|           1|
    |or_ln819_5_fu_3400_p2             |        or|   0|  0|   2|           1|           1|
    |or_ln819_60_fu_6110_p2            |        or|   0|  0|   2|           1|           1|
    |or_ln819_61_fu_6222_p2            |        or|   0|  0|   2|           1|           1|
    |or_ln819_6_fu_3512_p2             |        or|   0|  0|   2|           1|           1|
    |or_ln819_7_fu_3624_p2             |        or|   0|  0|   2|           1|           1|
    |or_ln819_8_fu_3736_p2             |        or|   0|  0|   2|           1|           1|
    |or_ln819_9_fu_3848_p2             |        or|   0|  0|   2|           1|           1|
    |or_ln819_fu_2840_p2               |        or|   0|  0|   2|           1|           1|
    |select_ln1064_10_fu_3853_p3       |    select|   0|  0|  16|           1|          16|
    |select_ln1064_11_fu_3965_p3       |    select|   0|  0|  16|           1|          16|
    |select_ln1064_12_fu_4077_p3       |    select|   0|  0|  16|           1|          16|
    |select_ln1064_13_fu_4189_p3       |    select|   0|  0|  16|           1|          16|
    |select_ln1064_14_fu_4301_p3       |    select|   0|  0|  16|           1|          16|
    |select_ln1064_15_fu_4413_p3       |    select|   0|  0|  16|           1|          16|
    |select_ln1064_16_fu_4525_p3       |    select|   0|  0|  16|           1|          16|
    |select_ln1064_17_fu_4637_p3       |    select|   0|  0|  16|           1|          16|
    |select_ln1064_18_fu_4749_p3       |    select|   0|  0|  16|           1|          16|
    |select_ln1064_19_fu_4861_p3       |    select|   0|  0|  16|           1|          16|
    |select_ln1064_1_fu_2845_p3        |    select|   0|  0|  16|           1|          16|
    |select_ln1064_20_fu_4973_p3       |    select|   0|  0|  16|           1|          16|
    |select_ln1064_21_fu_5085_p3       |    select|   0|  0|  16|           1|          16|
    |select_ln1064_22_fu_5197_p3       |    select|   0|  0|  16|           1|          16|
    |select_ln1064_23_fu_5309_p3       |    select|   0|  0|  16|           1|          16|
    |select_ln1064_24_fu_5421_p3       |    select|   0|  0|  16|           1|          16|
    |select_ln1064_25_fu_5533_p3       |    select|   0|  0|  16|           1|          16|
    |select_ln1064_26_fu_5645_p3       |    select|   0|  0|  16|           1|          16|
    |select_ln1064_27_fu_5757_p3       |    select|   0|  0|  16|           1|          16|
    |select_ln1064_28_fu_5869_p3       |    select|   0|  0|  16|           1|          16|
    |select_ln1064_29_fu_5981_p3       |    select|   0|  0|  16|           1|          16|
    |select_ln1064_2_fu_2957_p3        |    select|   0|  0|  16|           1|          16|
    |select_ln1064_30_fu_6093_p3       |    select|   0|  0|  16|           1|          16|
    |select_ln1064_31_fu_6205_p3       |    select|   0|  0|  16|           1|          16|
    |select_ln1064_3_fu_3069_p3        |    select|   0|  0|  16|           1|          16|
    |select_ln1064_4_fu_3181_p3        |    select|   0|  0|  16|           1|          16|
    |select_ln1064_5_fu_3293_p3        |    select|   0|  0|  16|           1|          16|
    |select_ln1064_6_fu_3405_p3        |    select|   0|  0|  16|           1|          16|
    |select_ln1064_7_fu_3517_p3        |    select|   0|  0|  16|           1|          16|
    |select_ln1064_8_fu_3629_p3        |    select|   0|  0|  16|           1|          16|
    |select_ln1064_9_fu_3741_p3        |    select|   0|  0|  16|           1|          16|
    |select_ln1064_fu_2748_p3          |    select|   0|  0|  17|           1|          17|
    |select_ln144_fu_2755_p3           |    select|   0|  0|  17|           1|          17|
    |select_ln819_10_fu_3986_p3        |    select|   0|  0|  17|           1|          17|
    |select_ln819_11_fu_4098_p3        |    select|   0|  0|  17|           1|          17|
    |select_ln819_12_fu_4210_p3        |    select|   0|  0|  17|           1|          17|
    |select_ln819_13_fu_4322_p3        |    select|   0|  0|  17|           1|          17|
    |select_ln819_14_fu_4434_p3        |    select|   0|  0|  17|           1|          17|
    |select_ln819_15_fu_4546_p3        |    select|   0|  0|  17|           1|          17|
    |select_ln819_16_fu_4658_p3        |    select|   0|  0|  17|           1|          17|
    |select_ln819_17_fu_4770_p3        |    select|   0|  0|  17|           1|          17|
    |select_ln819_18_fu_4882_p3        |    select|   0|  0|  17|           1|          17|
    |select_ln819_19_fu_4994_p3        |    select|   0|  0|  17|           1|          17|
    |select_ln819_1_fu_2978_p3         |    select|   0|  0|  17|           1|          17|
    |select_ln819_20_fu_5106_p3        |    select|   0|  0|  17|           1|          17|
    |select_ln819_21_fu_5218_p3        |    select|   0|  0|  17|           1|          17|
    |select_ln819_22_fu_5330_p3        |    select|   0|  0|  17|           1|          17|
    |select_ln819_23_fu_5442_p3        |    select|   0|  0|  17|           1|          17|
    |select_ln819_24_fu_5554_p3        |    select|   0|  0|  17|           1|          17|
    |select_ln819_25_fu_5666_p3        |    select|   0|  0|  17|           1|          17|
    |select_ln819_26_fu_5778_p3        |    select|   0|  0|  17|           1|          17|
    |select_ln819_27_fu_5890_p3        |    select|   0|  0|  17|           1|          17|
    |select_ln819_28_fu_6002_p3        |    select|   0|  0|  17|           1|          17|
    |select_ln819_29_fu_6114_p3        |    select|   0|  0|  17|           1|          17|
    |select_ln819_2_fu_3090_p3         |    select|   0|  0|  17|           1|          17|
    |select_ln819_30_fu_6226_p3        |    select|   0|  0|  17|           1|          17|
    |select_ln819_3_fu_3202_p3         |    select|   0|  0|  17|           1|          17|
    |select_ln819_4_fu_3314_p3         |    select|   0|  0|  17|           1|          17|
    |select_ln819_5_fu_3426_p3         |    select|   0|  0|  17|           1|          17|
    |select_ln819_6_fu_3538_p3         |    select|   0|  0|  17|           1|          17|
    |select_ln819_7_fu_3650_p3         |    select|   0|  0|  17|           1|          17|
    |select_ln819_8_fu_3762_p3         |    select|   0|  0|  17|           1|          17|
    |select_ln819_9_fu_3874_p3         |    select|   0|  0|  17|           1|          17|
    |select_ln819_fu_2866_p3           |    select|   0|  0|  17|           1|          17|
    |ap_enable_pp0                     |       xor|   0|  0|   2|           1|           2|
    |xor_ln1064_fu_1270_p2             |       xor|   0|  0|   2|           1|           2|
    +----------------------------------+----------+----+---+----+------------+------------+
    |Total                             |          |   0|  0|5198|        2841|        3835|
    +----------------------------------+----------+----+---+----+------------+------------+

    * Multiplexer: 
    +---------------------------------------------------------------+----+-----------+-----+-----------+
    |                              Name                             | LUT| Input Size| Bits| Total Bits|
    +---------------------------------------------------------------+----+-----------+-----+-----------+
    |ap_done                                                        |   9|          2|    1|          2|
    |ap_phi_mux_tcts_tcp_sums_sum_V_0_flag_1_i_phi_fu_524_p4        |   9|          2|    1|          2|
    |ap_phi_mux_tcts_tcp_sums_sum_V_0_new_1_i_phi_fu_535_p4         |   9|          2|   17|         34|
    |ap_phi_mux_tcts_tcp_sums_sum_V_10_flag_0_i_phi_fu_744_p4       |   9|          2|    1|          2|
    |ap_phi_mux_tcts_tcp_sums_sum_V_10_new_0_i_phi_fu_755_p4        |   9|          2|   17|         34|
    |ap_phi_mux_tcts_tcp_sums_sum_V_11_flag_0_i_phi_fu_766_p4       |   9|          2|    1|          2|
    |ap_phi_mux_tcts_tcp_sums_sum_V_11_new_0_i_phi_fu_777_p4        |   9|          2|   17|         34|
    |ap_phi_mux_tcts_tcp_sums_sum_V_12_flag_0_i_phi_fu_788_p4       |   9|          2|    1|          2|
    |ap_phi_mux_tcts_tcp_sums_sum_V_12_new_0_i_phi_fu_799_p4        |   9|          2|   17|         34|
    |ap_phi_mux_tcts_tcp_sums_sum_V_13_flag_0_i_phi_fu_810_p4       |   9|          2|    1|          2|
    |ap_phi_mux_tcts_tcp_sums_sum_V_13_new_0_i_phi_fu_821_p4        |   9|          2|   17|         34|
    |ap_phi_mux_tcts_tcp_sums_sum_V_14_flag_0_i_phi_fu_832_p4       |   9|          2|    1|          2|
    |ap_phi_mux_tcts_tcp_sums_sum_V_14_new_0_i_phi_fu_843_p4        |   9|          2|   17|         34|
    |ap_phi_mux_tcts_tcp_sums_sum_V_15_flag_0_i_phi_fu_854_p4       |   9|          2|    1|          2|
    |ap_phi_mux_tcts_tcp_sums_sum_V_15_new_0_i_phi_fu_865_p4        |   9|          2|   17|         34|
    |ap_phi_mux_tcts_tcp_sums_sum_V_16_flag_0_i_phi_fu_876_p4       |   9|          2|    1|          2|
    |ap_phi_mux_tcts_tcp_sums_sum_V_16_new_0_i_phi_fu_887_p4        |   9|          2|   17|         34|
    |ap_phi_mux_tcts_tcp_sums_sum_V_17_flag_0_i_phi_fu_898_p4       |   9|          2|    1|          2|
    |ap_phi_mux_tcts_tcp_sums_sum_V_17_new_0_i_phi_fu_909_p4        |   9|          2|   17|         34|
    |ap_phi_mux_tcts_tcp_sums_sum_V_18_flag_0_i_phi_fu_920_p4       |   9|          2|    1|          2|
    |ap_phi_mux_tcts_tcp_sums_sum_V_18_new_0_i_phi_fu_931_p4        |   9|          2|   17|         34|
    |ap_phi_mux_tcts_tcp_sums_sum_V_19_flag_0_i_phi_fu_942_p4       |   9|          2|    1|          2|
    |ap_phi_mux_tcts_tcp_sums_sum_V_19_new_0_i_phi_fu_953_p4        |   9|          2|   17|         34|
    |ap_phi_mux_tcts_tcp_sums_sum_V_1_flag_0_i_phi_fu_546_p4        |   9|          2|    1|          2|
    |ap_phi_mux_tcts_tcp_sums_sum_V_1_new_0_i_phi_fu_557_p4         |   9|          2|   17|         34|
    |ap_phi_mux_tcts_tcp_sums_sum_V_20_flag_0_i_phi_fu_964_p4       |   9|          2|    1|          2|
    |ap_phi_mux_tcts_tcp_sums_sum_V_20_new_0_i_phi_fu_975_p4        |   9|          2|   17|         34|
    |ap_phi_mux_tcts_tcp_sums_sum_V_21_flag_0_i_phi_fu_986_p4       |   9|          2|    1|          2|
    |ap_phi_mux_tcts_tcp_sums_sum_V_21_new_0_i_phi_fu_997_p4        |   9|          2|   17|         34|
    |ap_phi_mux_tcts_tcp_sums_sum_V_22_flag_0_i_phi_fu_1008_p4      |   9|          2|    1|          2|
    |ap_phi_mux_tcts_tcp_sums_sum_V_22_new_0_i_phi_fu_1019_p4       |   9|          2|   17|         34|
    |ap_phi_mux_tcts_tcp_sums_sum_V_23_flag_0_i_phi_fu_1030_p4      |   9|          2|    1|          2|
    |ap_phi_mux_tcts_tcp_sums_sum_V_23_new_0_i_phi_fu_1041_p4       |   9|          2|   17|         34|
    |ap_phi_mux_tcts_tcp_sums_sum_V_24_flag_0_i_phi_fu_1052_p4      |   9|          2|    1|          2|
    |ap_phi_mux_tcts_tcp_sums_sum_V_24_new_0_i_phi_fu_1063_p4       |   9|          2|   17|         34|
    |ap_phi_mux_tcts_tcp_sums_sum_V_25_flag_0_i_phi_fu_1074_p4      |   9|          2|    1|          2|
    |ap_phi_mux_tcts_tcp_sums_sum_V_25_new_0_i_phi_fu_1085_p4       |   9|          2|   17|         34|
    |ap_phi_mux_tcts_tcp_sums_sum_V_26_flag_0_i_phi_fu_1096_p4      |   9|          2|    1|          2|
    |ap_phi_mux_tcts_tcp_sums_sum_V_26_new_0_i_phi_fu_1107_p4       |   9|          2|   17|         34|
    |ap_phi_mux_tcts_tcp_sums_sum_V_27_flag_0_i_phi_fu_1118_p4      |   9|          2|    1|          2|
    |ap_phi_mux_tcts_tcp_sums_sum_V_27_new_0_i_phi_fu_1129_p4       |   9|          2|   17|         34|
    |ap_phi_mux_tcts_tcp_sums_sum_V_28_flag_0_i_phi_fu_1140_p4      |   9|          2|    1|          2|
    |ap_phi_mux_tcts_tcp_sums_sum_V_28_new_0_i_phi_fu_1151_p4       |   9|          2|   17|         34|
    |ap_phi_mux_tcts_tcp_sums_sum_V_29_flag_0_i_phi_fu_1162_p4      |   9|          2|    1|          2|
    |ap_phi_mux_tcts_tcp_sums_sum_V_29_new_0_i_phi_fu_1173_p4       |   9|          2|   17|         34|
    |ap_phi_mux_tcts_tcp_sums_sum_V_2_flag_0_i_phi_fu_568_p4        |   9|          2|    1|          2|
    |ap_phi_mux_tcts_tcp_sums_sum_V_2_new_0_i_phi_fu_579_p4         |   9|          2|   17|         34|
    |ap_phi_mux_tcts_tcp_sums_sum_V_30_flag_0_i_phi_fu_1184_p4      |   9|          2|    1|          2|
    |ap_phi_mux_tcts_tcp_sums_sum_V_30_new_0_i_phi_fu_1195_p4       |   9|          2|   17|         34|
    |ap_phi_mux_tcts_tcp_sums_sum_V_31_flag_0_i_phi_fu_1206_p4      |   9|          2|    1|          2|
    |ap_phi_mux_tcts_tcp_sums_sum_V_31_new_0_i_phi_fu_1217_p4       |   9|          2|   17|         34|
    |ap_phi_mux_tcts_tcp_sums_sum_V_3_flag_0_i_phi_fu_590_p4        |   9|          2|    1|          2|
    |ap_phi_mux_tcts_tcp_sums_sum_V_3_new_0_i_phi_fu_601_p4         |   9|          2|   17|         34|
    |ap_phi_mux_tcts_tcp_sums_sum_V_4_flag_0_i_phi_fu_612_p4        |   9|          2|    1|          2|
    |ap_phi_mux_tcts_tcp_sums_sum_V_4_new_0_i_phi_fu_623_p4         |   9|          2|   17|         34|
    |ap_phi_mux_tcts_tcp_sums_sum_V_5_flag_0_i_phi_fu_634_p4        |   9|          2|    1|          2|
    |ap_phi_mux_tcts_tcp_sums_sum_V_5_new_0_i_phi_fu_645_p4         |   9|          2|   17|         34|
    |ap_phi_mux_tcts_tcp_sums_sum_V_6_flag_0_i_phi_fu_656_p4        |   9|          2|    1|          2|
    |ap_phi_mux_tcts_tcp_sums_sum_V_6_new_0_i_phi_fu_667_p4         |   9|          2|   17|         34|
    |ap_phi_mux_tcts_tcp_sums_sum_V_7_flag_0_i_phi_fu_678_p4        |   9|          2|    1|          2|
    |ap_phi_mux_tcts_tcp_sums_sum_V_7_new_0_i_phi_fu_689_p4         |   9|          2|   17|         34|
    |ap_phi_mux_tcts_tcp_sums_sum_V_8_flag_0_i_phi_fu_700_p4        |   9|          2|    1|          2|
    |ap_phi_mux_tcts_tcp_sums_sum_V_8_new_0_i_phi_fu_711_p4         |   9|          2|   17|         34|
    |ap_phi_mux_tcts_tcp_sums_sum_V_9_flag_0_i_phi_fu_722_p4        |   9|          2|    1|          2|
    |ap_phi_mux_tcts_tcp_sums_sum_V_9_new_0_i_phi_fu_733_p4         |   9|          2|   17|         34|
    |ap_phi_reg_pp0_iter1_tcts_tcp_sums_sum_V_0_flag_1_i_reg_520    |   9|          2|    1|          2|
    |ap_phi_reg_pp0_iter1_tcts_tcp_sums_sum_V_0_new_1_i_reg_531     |   9|          2|   17|         34|
    |ap_phi_reg_pp0_iter1_tcts_tcp_sums_sum_V_10_flag_0_i_reg_740   |   9|          2|    1|          2|
    |ap_phi_reg_pp0_iter1_tcts_tcp_sums_sum_V_10_new_0_i_reg_751    |   9|          2|   17|         34|
    |ap_phi_reg_pp0_iter1_tcts_tcp_sums_sum_V_11_flag_0_i_reg_762   |   9|          2|    1|          2|
    |ap_phi_reg_pp0_iter1_tcts_tcp_sums_sum_V_11_new_0_i_reg_773    |   9|          2|   17|         34|
    |ap_phi_reg_pp0_iter1_tcts_tcp_sums_sum_V_12_flag_0_i_reg_784   |   9|          2|    1|          2|
    |ap_phi_reg_pp0_iter1_tcts_tcp_sums_sum_V_12_new_0_i_reg_795    |   9|          2|   17|         34|
    |ap_phi_reg_pp0_iter1_tcts_tcp_sums_sum_V_13_flag_0_i_reg_806   |   9|          2|    1|          2|
    |ap_phi_reg_pp0_iter1_tcts_tcp_sums_sum_V_13_new_0_i_reg_817    |   9|          2|   17|         34|
    |ap_phi_reg_pp0_iter1_tcts_tcp_sums_sum_V_14_flag_0_i_reg_828   |   9|          2|    1|          2|
    |ap_phi_reg_pp0_iter1_tcts_tcp_sums_sum_V_14_new_0_i_reg_839    |   9|          2|   17|         34|
    |ap_phi_reg_pp0_iter1_tcts_tcp_sums_sum_V_15_flag_0_i_reg_850   |   9|          2|    1|          2|
    |ap_phi_reg_pp0_iter1_tcts_tcp_sums_sum_V_15_new_0_i_reg_861    |   9|          2|   17|         34|
    |ap_phi_reg_pp0_iter1_tcts_tcp_sums_sum_V_16_flag_0_i_reg_872   |   9|          2|    1|          2|
    |ap_phi_reg_pp0_iter1_tcts_tcp_sums_sum_V_16_new_0_i_reg_883    |   9|          2|   17|         34|
    |ap_phi_reg_pp0_iter1_tcts_tcp_sums_sum_V_17_flag_0_i_reg_894   |   9|          2|    1|          2|
    |ap_phi_reg_pp0_iter1_tcts_tcp_sums_sum_V_17_new_0_i_reg_905    |   9|          2|   17|         34|
    |ap_phi_reg_pp0_iter1_tcts_tcp_sums_sum_V_18_flag_0_i_reg_916   |   9|          2|    1|          2|
    |ap_phi_reg_pp0_iter1_tcts_tcp_sums_sum_V_18_new_0_i_reg_927    |   9|          2|   17|         34|
    |ap_phi_reg_pp0_iter1_tcts_tcp_sums_sum_V_19_flag_0_i_reg_938   |   9|          2|    1|          2|
    |ap_phi_reg_pp0_iter1_tcts_tcp_sums_sum_V_19_new_0_i_reg_949    |   9|          2|   17|         34|
    |ap_phi_reg_pp0_iter1_tcts_tcp_sums_sum_V_1_flag_0_i_reg_542    |   9|          2|    1|          2|
    |ap_phi_reg_pp0_iter1_tcts_tcp_sums_sum_V_1_new_0_i_reg_553     |   9|          2|   17|         34|
    |ap_phi_reg_pp0_iter1_tcts_tcp_sums_sum_V_20_flag_0_i_reg_960   |   9|          2|    1|          2|
    |ap_phi_reg_pp0_iter1_tcts_tcp_sums_sum_V_20_new_0_i_reg_971    |   9|          2|   17|         34|
    |ap_phi_reg_pp0_iter1_tcts_tcp_sums_sum_V_21_flag_0_i_reg_982   |   9|          2|    1|          2|
    |ap_phi_reg_pp0_iter1_tcts_tcp_sums_sum_V_21_new_0_i_reg_993    |   9|          2|   17|         34|
    |ap_phi_reg_pp0_iter1_tcts_tcp_sums_sum_V_22_flag_0_i_reg_1004  |   9|          2|    1|          2|
    |ap_phi_reg_pp0_iter1_tcts_tcp_sums_sum_V_22_new_0_i_reg_1015   |   9|          2|   17|         34|
    |ap_phi_reg_pp0_iter1_tcts_tcp_sums_sum_V_23_flag_0_i_reg_1026  |   9|          2|    1|          2|
    |ap_phi_reg_pp0_iter1_tcts_tcp_sums_sum_V_23_new_0_i_reg_1037   |   9|          2|   17|         34|
    |ap_phi_reg_pp0_iter1_tcts_tcp_sums_sum_V_24_flag_0_i_reg_1048  |   9|          2|    1|          2|
    |ap_phi_reg_pp0_iter1_tcts_tcp_sums_sum_V_24_new_0_i_reg_1059   |   9|          2|   17|         34|
    |ap_phi_reg_pp0_iter1_tcts_tcp_sums_sum_V_25_flag_0_i_reg_1070  |   9|          2|    1|          2|
    |ap_phi_reg_pp0_iter1_tcts_tcp_sums_sum_V_25_new_0_i_reg_1081   |   9|          2|   17|         34|
    |ap_phi_reg_pp0_iter1_tcts_tcp_sums_sum_V_26_flag_0_i_reg_1092  |   9|          2|    1|          2|
    |ap_phi_reg_pp0_iter1_tcts_tcp_sums_sum_V_26_new_0_i_reg_1103   |   9|          2|   17|         34|
    |ap_phi_reg_pp0_iter1_tcts_tcp_sums_sum_V_27_flag_0_i_reg_1114  |   9|          2|    1|          2|
    |ap_phi_reg_pp0_iter1_tcts_tcp_sums_sum_V_27_new_0_i_reg_1125   |   9|          2|   17|         34|
    |ap_phi_reg_pp0_iter1_tcts_tcp_sums_sum_V_28_flag_0_i_reg_1136  |   9|          2|    1|          2|
    |ap_phi_reg_pp0_iter1_tcts_tcp_sums_sum_V_28_new_0_i_reg_1147   |   9|          2|   17|         34|
    |ap_phi_reg_pp0_iter1_tcts_tcp_sums_sum_V_29_flag_0_i_reg_1158  |   9|          2|    1|          2|
    |ap_phi_reg_pp0_iter1_tcts_tcp_sums_sum_V_29_new_0_i_reg_1169   |   9|          2|   17|         34|
    |ap_phi_reg_pp0_iter1_tcts_tcp_sums_sum_V_2_flag_0_i_reg_564    |   9|          2|    1|          2|
    |ap_phi_reg_pp0_iter1_tcts_tcp_sums_sum_V_2_new_0_i_reg_575     |   9|          2|   17|         34|
    |ap_phi_reg_pp0_iter1_tcts_tcp_sums_sum_V_30_flag_0_i_reg_1180  |   9|          2|    1|          2|
    |ap_phi_reg_pp0_iter1_tcts_tcp_sums_sum_V_30_new_0_i_reg_1191   |   9|          2|   17|         34|
    |ap_phi_reg_pp0_iter1_tcts_tcp_sums_sum_V_31_flag_0_i_reg_1202  |   9|          2|    1|          2|
    |ap_phi_reg_pp0_iter1_tcts_tcp_sums_sum_V_31_new_0_i_reg_1213   |   9|          2|   17|         34|
    |ap_phi_reg_pp0_iter1_tcts_tcp_sums_sum_V_3_flag_0_i_reg_586    |   9|          2|    1|          2|
    |ap_phi_reg_pp0_iter1_tcts_tcp_sums_sum_V_3_new_0_i_reg_597     |   9|          2|   17|         34|
    |ap_phi_reg_pp0_iter1_tcts_tcp_sums_sum_V_4_flag_0_i_reg_608    |   9|          2|    1|          2|
    |ap_phi_reg_pp0_iter1_tcts_tcp_sums_sum_V_4_new_0_i_reg_619     |   9|          2|   17|         34|
    |ap_phi_reg_pp0_iter1_tcts_tcp_sums_sum_V_5_flag_0_i_reg_630    |   9|          2|    1|          2|
    |ap_phi_reg_pp0_iter1_tcts_tcp_sums_sum_V_5_new_0_i_reg_641     |   9|          2|   17|         34|
    |ap_phi_reg_pp0_iter1_tcts_tcp_sums_sum_V_6_flag_0_i_reg_652    |   9|          2|    1|          2|
    |ap_phi_reg_pp0_iter1_tcts_tcp_sums_sum_V_6_new_0_i_reg_663     |   9|          2|   17|         34|
    |ap_phi_reg_pp0_iter1_tcts_tcp_sums_sum_V_7_flag_0_i_reg_674    |   9|          2|    1|          2|
    |ap_phi_reg_pp0_iter1_tcts_tcp_sums_sum_V_7_new_0_i_reg_685     |   9|          2|   17|         34|
    |ap_phi_reg_pp0_iter1_tcts_tcp_sums_sum_V_8_flag_0_i_reg_696    |   9|          2|    1|          2|
    |ap_phi_reg_pp0_iter1_tcts_tcp_sums_sum_V_8_new_0_i_reg_707     |   9|          2|   17|         34|
    |ap_phi_reg_pp0_iter1_tcts_tcp_sums_sum_V_9_flag_0_i_reg_718    |   9|          2|    1|          2|
    |ap_phi_reg_pp0_iter1_tcts_tcp_sums_sum_V_9_new_0_i_reg_729     |   9|          2|   17|         34|
    |txEng_subChecksumsFifo_blk_n                                   |   9|          2|    1|          2|
    |txEng_tcpPkgBuffer1_blk_n                                      |   9|          2|    1|          2|
    |txEng_tcpPkgBuffer2_blk_n                                      |   9|          2|    1|          2|
    +---------------------------------------------------------------+----+-----------+-----+-----------+
    |Total                                                          |1188|        264| 1156|       2312|
    +---------------------------------------------------------------+----+-----------+-----+-----------+

    * Register: 
    +---------------------------------------------------------------+-----+----+-----+-----------+
    |                              Name                             |  FF | LUT| Bits| Const Bits|
    +---------------------------------------------------------------+-----+----+-----+-----------+
    |and_ln144_reg_6494                                             |    1|   0|    1|          0|
    |ap_CS_fsm                                                      |    1|   0|    1|          0|
    |ap_done_reg                                                    |    1|   0|    1|          0|
    |ap_enable_reg_pp0_iter1                                        |    1|   0|    1|          0|
    |ap_enable_reg_pp0_iter2                                        |    1|   0|    1|          0|
    |ap_phi_reg_pp0_iter1_tcts_tcp_sums_sum_V_0_flag_1_i_reg_520    |    1|   0|    1|          0|
    |ap_phi_reg_pp0_iter1_tcts_tcp_sums_sum_V_0_new_1_i_reg_531     |   17|   0|   17|          0|
    |ap_phi_reg_pp0_iter1_tcts_tcp_sums_sum_V_10_flag_0_i_reg_740   |    1|   0|    1|          0|
    |ap_phi_reg_pp0_iter1_tcts_tcp_sums_sum_V_10_new_0_i_reg_751    |   17|   0|   17|          0|
    |ap_phi_reg_pp0_iter1_tcts_tcp_sums_sum_V_11_flag_0_i_reg_762   |    1|   0|    1|          0|
    |ap_phi_reg_pp0_iter1_tcts_tcp_sums_sum_V_11_new_0_i_reg_773    |   17|   0|   17|          0|
    |ap_phi_reg_pp0_iter1_tcts_tcp_sums_sum_V_12_flag_0_i_reg_784   |    1|   0|    1|          0|
    |ap_phi_reg_pp0_iter1_tcts_tcp_sums_sum_V_12_new_0_i_reg_795    |   17|   0|   17|          0|
    |ap_phi_reg_pp0_iter1_tcts_tcp_sums_sum_V_13_flag_0_i_reg_806   |    1|   0|    1|          0|
    |ap_phi_reg_pp0_iter1_tcts_tcp_sums_sum_V_13_new_0_i_reg_817    |   17|   0|   17|          0|
    |ap_phi_reg_pp0_iter1_tcts_tcp_sums_sum_V_14_flag_0_i_reg_828   |    1|   0|    1|          0|
    |ap_phi_reg_pp0_iter1_tcts_tcp_sums_sum_V_14_new_0_i_reg_839    |   17|   0|   17|          0|
    |ap_phi_reg_pp0_iter1_tcts_tcp_sums_sum_V_15_flag_0_i_reg_850   |    1|   0|    1|          0|
    |ap_phi_reg_pp0_iter1_tcts_tcp_sums_sum_V_15_new_0_i_reg_861    |   17|   0|   17|          0|
    |ap_phi_reg_pp0_iter1_tcts_tcp_sums_sum_V_16_flag_0_i_reg_872   |    1|   0|    1|          0|
    |ap_phi_reg_pp0_iter1_tcts_tcp_sums_sum_V_16_new_0_i_reg_883    |   17|   0|   17|          0|
    |ap_phi_reg_pp0_iter1_tcts_tcp_sums_sum_V_17_flag_0_i_reg_894   |    1|   0|    1|          0|
    |ap_phi_reg_pp0_iter1_tcts_tcp_sums_sum_V_17_new_0_i_reg_905    |   17|   0|   17|          0|
    |ap_phi_reg_pp0_iter1_tcts_tcp_sums_sum_V_18_flag_0_i_reg_916   |    1|   0|    1|          0|
    |ap_phi_reg_pp0_iter1_tcts_tcp_sums_sum_V_18_new_0_i_reg_927    |   17|   0|   17|          0|
    |ap_phi_reg_pp0_iter1_tcts_tcp_sums_sum_V_19_flag_0_i_reg_938   |    1|   0|    1|          0|
    |ap_phi_reg_pp0_iter1_tcts_tcp_sums_sum_V_19_new_0_i_reg_949    |   17|   0|   17|          0|
    |ap_phi_reg_pp0_iter1_tcts_tcp_sums_sum_V_1_flag_0_i_reg_542    |    1|   0|    1|          0|
    |ap_phi_reg_pp0_iter1_tcts_tcp_sums_sum_V_1_new_0_i_reg_553     |   17|   0|   17|          0|
    |ap_phi_reg_pp0_iter1_tcts_tcp_sums_sum_V_20_flag_0_i_reg_960   |    1|   0|    1|          0|
    |ap_phi_reg_pp0_iter1_tcts_tcp_sums_sum_V_20_new_0_i_reg_971    |   17|   0|   17|          0|
    |ap_phi_reg_pp0_iter1_tcts_tcp_sums_sum_V_21_flag_0_i_reg_982   |    1|   0|    1|          0|
    |ap_phi_reg_pp0_iter1_tcts_tcp_sums_sum_V_21_new_0_i_reg_993    |   17|   0|   17|          0|
    |ap_phi_reg_pp0_iter1_tcts_tcp_sums_sum_V_22_flag_0_i_reg_1004  |    1|   0|    1|          0|
    |ap_phi_reg_pp0_iter1_tcts_tcp_sums_sum_V_22_new_0_i_reg_1015   |   17|   0|   17|          0|
    |ap_phi_reg_pp0_iter1_tcts_tcp_sums_sum_V_23_flag_0_i_reg_1026  |    1|   0|    1|          0|
    |ap_phi_reg_pp0_iter1_tcts_tcp_sums_sum_V_23_new_0_i_reg_1037   |   17|   0|   17|          0|
    |ap_phi_reg_pp0_iter1_tcts_tcp_sums_sum_V_24_flag_0_i_reg_1048  |    1|   0|    1|          0|
    |ap_phi_reg_pp0_iter1_tcts_tcp_sums_sum_V_24_new_0_i_reg_1059   |   17|   0|   17|          0|
    |ap_phi_reg_pp0_iter1_tcts_tcp_sums_sum_V_25_flag_0_i_reg_1070  |    1|   0|    1|          0|
    |ap_phi_reg_pp0_iter1_tcts_tcp_sums_sum_V_25_new_0_i_reg_1081   |   17|   0|   17|          0|
    |ap_phi_reg_pp0_iter1_tcts_tcp_sums_sum_V_26_flag_0_i_reg_1092  |    1|   0|    1|          0|
    |ap_phi_reg_pp0_iter1_tcts_tcp_sums_sum_V_26_new_0_i_reg_1103   |   17|   0|   17|          0|
    |ap_phi_reg_pp0_iter1_tcts_tcp_sums_sum_V_27_flag_0_i_reg_1114  |    1|   0|    1|          0|
    |ap_phi_reg_pp0_iter1_tcts_tcp_sums_sum_V_27_new_0_i_reg_1125   |   17|   0|   17|          0|
    |ap_phi_reg_pp0_iter1_tcts_tcp_sums_sum_V_28_flag_0_i_reg_1136  |    1|   0|    1|          0|
    |ap_phi_reg_pp0_iter1_tcts_tcp_sums_sum_V_28_new_0_i_reg_1147   |   17|   0|   17|          0|
    |ap_phi_reg_pp0_iter1_tcts_tcp_sums_sum_V_29_flag_0_i_reg_1158  |    1|   0|    1|          0|
    |ap_phi_reg_pp0_iter1_tcts_tcp_sums_sum_V_29_new_0_i_reg_1169   |   17|   0|   17|          0|
    |ap_phi_reg_pp0_iter1_tcts_tcp_sums_sum_V_2_flag_0_i_reg_564    |    1|   0|    1|          0|
    |ap_phi_reg_pp0_iter1_tcts_tcp_sums_sum_V_2_new_0_i_reg_575     |   17|   0|   17|          0|
    |ap_phi_reg_pp0_iter1_tcts_tcp_sums_sum_V_30_flag_0_i_reg_1180  |    1|   0|    1|          0|
    |ap_phi_reg_pp0_iter1_tcts_tcp_sums_sum_V_30_new_0_i_reg_1191   |   17|   0|   17|          0|
    |ap_phi_reg_pp0_iter1_tcts_tcp_sums_sum_V_31_flag_0_i_reg_1202  |    1|   0|    1|          0|
    |ap_phi_reg_pp0_iter1_tcts_tcp_sums_sum_V_31_new_0_i_reg_1213   |   17|   0|   17|          0|
    |ap_phi_reg_pp0_iter1_tcts_tcp_sums_sum_V_3_flag_0_i_reg_586    |    1|   0|    1|          0|
    |ap_phi_reg_pp0_iter1_tcts_tcp_sums_sum_V_3_new_0_i_reg_597     |   17|   0|   17|          0|
    |ap_phi_reg_pp0_iter1_tcts_tcp_sums_sum_V_4_flag_0_i_reg_608    |    1|   0|    1|          0|
    |ap_phi_reg_pp0_iter1_tcts_tcp_sums_sum_V_4_new_0_i_reg_619     |   17|   0|   17|          0|
    |ap_phi_reg_pp0_iter1_tcts_tcp_sums_sum_V_5_flag_0_i_reg_630    |    1|   0|    1|          0|
    |ap_phi_reg_pp0_iter1_tcts_tcp_sums_sum_V_5_new_0_i_reg_641     |   17|   0|   17|          0|
    |ap_phi_reg_pp0_iter1_tcts_tcp_sums_sum_V_6_flag_0_i_reg_652    |    1|   0|    1|          0|
    |ap_phi_reg_pp0_iter1_tcts_tcp_sums_sum_V_6_new_0_i_reg_663     |   17|   0|   17|          0|
    |ap_phi_reg_pp0_iter1_tcts_tcp_sums_sum_V_7_flag_0_i_reg_674    |    1|   0|    1|          0|
    |ap_phi_reg_pp0_iter1_tcts_tcp_sums_sum_V_7_new_0_i_reg_685     |   17|   0|   17|          0|
    |ap_phi_reg_pp0_iter1_tcts_tcp_sums_sum_V_8_flag_0_i_reg_696    |    1|   0|    1|          0|
    |ap_phi_reg_pp0_iter1_tcts_tcp_sums_sum_V_8_new_0_i_reg_707     |   17|   0|   17|          0|
    |ap_phi_reg_pp0_iter1_tcts_tcp_sums_sum_V_9_flag_0_i_reg_718    |    1|   0|    1|          0|
    |ap_phi_reg_pp0_iter1_tcts_tcp_sums_sum_V_9_new_0_i_reg_729     |   17|   0|   17|          0|
    |icmp_ln1064_10_reg_6716                                        |    1|   0|    1|          0|
    |icmp_ln1064_11_reg_6740                                        |    1|   0|    1|          0|
    |icmp_ln1064_12_reg_6764                                        |    1|   0|    1|          0|
    |icmp_ln1064_13_reg_6788                                        |    1|   0|    1|          0|
    |icmp_ln1064_14_reg_6812                                        |    1|   0|    1|          0|
    |icmp_ln1064_15_reg_6836                                        |    1|   0|    1|          0|
    |icmp_ln1064_16_reg_6860                                        |    1|   0|    1|          0|
    |icmp_ln1064_17_reg_6884                                        |    1|   0|    1|          0|
    |icmp_ln1064_18_reg_6908                                        |    1|   0|    1|          0|
    |icmp_ln1064_19_reg_6932                                        |    1|   0|    1|          0|
    |icmp_ln1064_1_reg_6500                                         |    1|   0|    1|          0|
    |icmp_ln1064_20_reg_6956                                        |    1|   0|    1|          0|
    |icmp_ln1064_21_reg_6980                                        |    1|   0|    1|          0|
    |icmp_ln1064_22_reg_7004                                        |    1|   0|    1|          0|
    |icmp_ln1064_23_reg_7028                                        |    1|   0|    1|          0|
    |icmp_ln1064_24_reg_7052                                        |    1|   0|    1|          0|
    |icmp_ln1064_25_reg_7076                                        |    1|   0|    1|          0|
    |icmp_ln1064_26_reg_7100                                        |    1|   0|    1|          0|
    |icmp_ln1064_27_reg_7124                                        |    1|   0|    1|          0|
    |icmp_ln1064_28_reg_7148                                        |    1|   0|    1|          0|
    |icmp_ln1064_29_reg_7172                                        |    1|   0|    1|          0|
    |icmp_ln1064_2_reg_6524                                         |    1|   0|    1|          0|
    |icmp_ln1064_30_reg_7196                                        |    1|   0|    1|          0|
    |icmp_ln1064_31_reg_7220                                        |    1|   0|    1|          0|
    |icmp_ln1064_3_reg_6548                                         |    1|   0|    1|          0|
    |icmp_ln1064_4_reg_6572                                         |    1|   0|    1|          0|
    |icmp_ln1064_5_reg_6596                                         |    1|   0|    1|          0|
    |icmp_ln1064_6_reg_6620                                         |    1|   0|    1|          0|
    |icmp_ln1064_7_reg_6644                                         |    1|   0|    1|          0|
    |icmp_ln1064_8_reg_6668                                         |    1|   0|    1|          0|
    |icmp_ln1064_9_reg_6692                                         |    1|   0|    1|          0|
    |icmp_ln1064_reg_6477                                           |    1|   0|    1|          0|
    |p_Result_102_i_reg_6819                                        |    8|   0|    8|          0|
    |p_Result_103_i_reg_6824                                        |    8|   0|    8|          0|
    |p_Result_109_i_reg_6843                                        |    8|   0|    8|          0|
    |p_Result_110_i_reg_6848                                        |    8|   0|    8|          0|
    |p_Result_116_i_reg_6867                                        |    8|   0|    8|          0|
    |p_Result_117_i_reg_6872                                        |    8|   0|    8|          0|
    |p_Result_123_i_reg_6891                                        |    8|   0|    8|          0|
    |p_Result_124_i_reg_6896                                        |    8|   0|    8|          0|
    |p_Result_130_i_reg_6915                                        |    8|   0|    8|          0|
    |p_Result_131_i_reg_6920                                        |    8|   0|    8|          0|
    |p_Result_137_i_reg_6939                                        |    8|   0|    8|          0|
    |p_Result_138_i_reg_6944                                        |    8|   0|    8|          0|
    |p_Result_13_i_reg_6507                                         |    8|   0|    8|          0|
    |p_Result_144_i_reg_6963                                        |    8|   0|    8|          0|
    |p_Result_145_i_reg_6968                                        |    8|   0|    8|          0|
    |p_Result_14_i_reg_6512                                         |    8|   0|    8|          0|
    |p_Result_151_i_reg_6987                                        |    8|   0|    8|          0|
    |p_Result_152_i_reg_6992                                        |    8|   0|    8|          0|
    |p_Result_158_i_reg_7011                                        |    8|   0|    8|          0|
    |p_Result_159_i_reg_7016                                        |    8|   0|    8|          0|
    |p_Result_165_i_reg_7035                                        |    8|   0|    8|          0|
    |p_Result_166_i_reg_7040                                        |    8|   0|    8|          0|
    |p_Result_172_i_reg_7059                                        |    8|   0|    8|          0|
    |p_Result_173_i_reg_7064                                        |    8|   0|    8|          0|
    |p_Result_179_i_reg_7083                                        |    8|   0|    8|          0|
    |p_Result_180_i_reg_7088                                        |    8|   0|    8|          0|
    |p_Result_186_i_reg_7107                                        |    8|   0|    8|          0|
    |p_Result_187_i_reg_7112                                        |    8|   0|    8|          0|
    |p_Result_193_i_reg_7131                                        |    8|   0|    8|          0|
    |p_Result_194_i_reg_7136                                        |    8|   0|    8|          0|
    |p_Result_19_i_reg_6531                                         |    8|   0|    8|          0|
    |p_Result_200_i_reg_7155                                        |    8|   0|    8|          0|
    |p_Result_201_i_reg_7160                                        |    8|   0|    8|          0|
    |p_Result_207_i_reg_7179                                        |    8|   0|    8|          0|
    |p_Result_208_i_reg_7184                                        |    8|   0|    8|          0|
    |p_Result_20_i_reg_6536                                         |    8|   0|    8|          0|
    |p_Result_214_i_reg_7203                                        |    8|   0|    8|          0|
    |p_Result_215_i_reg_7208                                        |    8|   0|    8|          0|
    |p_Result_221_i_reg_7227                                        |    8|   0|    8|          0|
    |p_Result_222_i_reg_7232                                        |    8|   0|    8|          0|
    |p_Result_25_i_reg_6555                                         |    8|   0|    8|          0|
    |p_Result_26_i_reg_6560                                         |    8|   0|    8|          0|
    |p_Result_32_i_reg_6579                                         |    8|   0|    8|          0|
    |p_Result_33_i_reg_6584                                         |    8|   0|    8|          0|
    |p_Result_39_i_reg_6603                                         |    8|   0|    8|          0|
    |p_Result_40_i_reg_6608                                         |    8|   0|    8|          0|
    |p_Result_46_i_reg_6627                                         |    8|   0|    8|          0|
    |p_Result_47_i_reg_6632                                         |    8|   0|    8|          0|
    |p_Result_53_i_reg_6651                                         |    8|   0|    8|          0|
    |p_Result_54_i_reg_6656                                         |    8|   0|    8|          0|
    |p_Result_60_i_reg_6675                                         |    8|   0|    8|          0|
    |p_Result_61_i_reg_6680                                         |    8|   0|    8|          0|
    |p_Result_67_i_reg_6699                                         |    8|   0|    8|          0|
    |p_Result_68_i_reg_6704                                         |    8|   0|    8|          0|
    |p_Result_74_i_reg_6723                                         |    8|   0|    8|          0|
    |p_Result_75_i_reg_6728                                         |    8|   0|    8|          0|
    |p_Result_7_i_reg_6483                                          |    8|   0|    8|          0|
    |p_Result_81_i_reg_6747                                         |    8|   0|    8|          0|
    |p_Result_82_i_reg_6752                                         |    8|   0|    8|          0|
    |p_Result_88_i_reg_6771                                         |    8|   0|    8|          0|
    |p_Result_89_i_reg_6776                                         |    8|   0|    8|          0|
    |p_Result_95_i_reg_6795                                         |    8|   0|    8|          0|
    |p_Result_96_i_reg_6800                                         |    8|   0|    8|          0|
    |select_ln144_reg_7244                                          |   17|   0|   17|          0|
    |select_ln819_10_reg_7299                                       |   17|   0|   17|          0|
    |select_ln819_11_reg_7304                                       |   17|   0|   17|          0|
    |select_ln819_12_reg_7309                                       |   17|   0|   17|          0|
    |select_ln819_13_reg_7314                                       |   17|   0|   17|          0|
    |select_ln819_14_reg_7319                                       |   17|   0|   17|          0|
    |select_ln819_15_reg_7324                                       |   17|   0|   17|          0|
    |select_ln819_16_reg_7329                                       |   17|   0|   17|          0|
    |select_ln819_17_reg_7334                                       |   17|   0|   17|          0|
    |select_ln819_18_reg_7339                                       |   17|   0|   17|          0|
    |select_ln819_19_reg_7344                                       |   17|   0|   17|          0|
    |select_ln819_1_reg_7254                                        |   17|   0|   17|          0|
    |select_ln819_20_reg_7349                                       |   17|   0|   17|          0|
    |select_ln819_21_reg_7354                                       |   17|   0|   17|          0|
    |select_ln819_22_reg_7359                                       |   17|   0|   17|          0|
    |select_ln819_23_reg_7364                                       |   17|   0|   17|          0|
    |select_ln819_24_reg_7369                                       |   17|   0|   17|          0|
    |select_ln819_25_reg_7374                                       |   17|   0|   17|          0|
    |select_ln819_26_reg_7379                                       |   17|   0|   17|          0|
    |select_ln819_27_reg_7384                                       |   17|   0|   17|          0|
    |select_ln819_28_reg_7389                                       |   17|   0|   17|          0|
    |select_ln819_29_reg_7394                                       |   17|   0|   17|          0|
    |select_ln819_2_reg_7259                                        |   17|   0|   17|          0|
    |select_ln819_30_reg_7399                                       |   17|   0|   17|          0|
    |select_ln819_3_reg_7264                                        |   17|   0|   17|          0|
    |select_ln819_4_reg_7269                                        |   17|   0|   17|          0|
    |select_ln819_5_reg_7274                                        |   17|   0|   17|          0|
    |select_ln819_6_reg_7279                                        |   17|   0|   17|          0|
    |select_ln819_7_reg_7284                                        |   17|   0|   17|          0|
    |select_ln819_8_reg_7289                                        |   17|   0|   17|          0|
    |select_ln819_9_reg_7294                                        |   17|   0|   17|          0|
    |select_ln819_reg_7249                                          |   17|   0|   17|          0|
    |tcts_tcp_sums_sum_V_0                                          |   17|   0|   17|          0|
    |tcts_tcp_sums_sum_V_1                                          |   17|   0|   17|          0|
    |tcts_tcp_sums_sum_V_10                                         |   17|   0|   17|          0|
    |tcts_tcp_sums_sum_V_11                                         |   17|   0|   17|          0|
    |tcts_tcp_sums_sum_V_12                                         |   17|   0|   17|          0|
    |tcts_tcp_sums_sum_V_13                                         |   17|   0|   17|          0|
    |tcts_tcp_sums_sum_V_14                                         |   17|   0|   17|          0|
    |tcts_tcp_sums_sum_V_15                                         |   17|   0|   17|          0|
    |tcts_tcp_sums_sum_V_16                                         |   17|   0|   17|          0|
    |tcts_tcp_sums_sum_V_17                                         |   17|   0|   17|          0|
    |tcts_tcp_sums_sum_V_18                                         |   17|   0|   17|          0|
    |tcts_tcp_sums_sum_V_19                                         |   17|   0|   17|          0|
    |tcts_tcp_sums_sum_V_2                                          |   17|   0|   17|          0|
    |tcts_tcp_sums_sum_V_20                                         |   17|   0|   17|          0|
    |tcts_tcp_sums_sum_V_21                                         |   17|   0|   17|          0|
    |tcts_tcp_sums_sum_V_22                                         |   17|   0|   17|          0|
    |tcts_tcp_sums_sum_V_23                                         |   17|   0|   17|          0|
    |tcts_tcp_sums_sum_V_24                                         |   17|   0|   17|          0|
    |tcts_tcp_sums_sum_V_25                                         |   17|   0|   17|          0|
    |tcts_tcp_sums_sum_V_26                                         |   17|   0|   17|          0|
    |tcts_tcp_sums_sum_V_27                                         |   17|   0|   17|          0|
    |tcts_tcp_sums_sum_V_28                                         |   17|   0|   17|          0|
    |tcts_tcp_sums_sum_V_29                                         |   17|   0|   17|          0|
    |tcts_tcp_sums_sum_V_3                                          |   17|   0|   17|          0|
    |tcts_tcp_sums_sum_V_30                                         |   17|   0|   17|          0|
    |tcts_tcp_sums_sum_V_31                                         |   17|   0|   17|          0|
    |tcts_tcp_sums_sum_V_4                                          |   17|   0|   17|          0|
    |tcts_tcp_sums_sum_V_5                                          |   17|   0|   17|          0|
    |tcts_tcp_sums_sum_V_6                                          |   17|   0|   17|          0|
    |tcts_tcp_sums_sum_V_7                                          |   17|   0|   17|          0|
    |tcts_tcp_sums_sum_V_8                                          |   17|   0|   17|          0|
    |tcts_tcp_sums_sum_V_9                                          |   17|   0|   17|          0|
    |tmp_101_reg_7238                                               |    1|   0|    1|          0|
    |tmp_11_reg_6518                                                |    1|   0|    1|          0|
    |tmp_14_reg_6542                                                |    1|   0|    1|          0|
    |tmp_17_reg_6566                                                |    1|   0|    1|          0|
    |tmp_20_reg_6590                                                |    1|   0|    1|          0|
    |tmp_23_reg_6614                                                |    1|   0|    1|          0|
    |tmp_26_reg_6638                                                |    1|   0|    1|          0|
    |tmp_29_reg_6662                                                |    1|   0|    1|          0|
    |tmp_32_reg_6686                                                |    1|   0|    1|          0|
    |tmp_35_reg_6710                                                |    1|   0|    1|          0|
    |tmp_38_reg_6734                                                |    1|   0|    1|          0|
    |tmp_41_reg_6758                                                |    1|   0|    1|          0|
    |tmp_44_reg_6782                                                |    1|   0|    1|          0|
    |tmp_47_reg_6806                                                |    1|   0|    1|          0|
    |tmp_50_reg_6830                                                |    1|   0|    1|          0|
    |tmp_53_reg_6854                                                |    1|   0|    1|          0|
    |tmp_56_reg_6878                                                |    1|   0|    1|          0|
    |tmp_59_reg_6902                                                |    1|   0|    1|          0|
    |tmp_62_reg_6926                                                |    1|   0|    1|          0|
    |tmp_65_reg_6950                                                |    1|   0|    1|          0|
    |tmp_68_reg_6974                                                |    1|   0|    1|          0|
    |tmp_71_reg_6998                                                |    1|   0|    1|          0|
    |tmp_74_reg_7022                                                |    1|   0|    1|          0|
    |tmp_77_reg_7046                                                |    1|   0|    1|          0|
    |tmp_80_reg_7070                                                |    1|   0|    1|          0|
    |tmp_83_reg_7094                                                |    1|   0|    1|          0|
    |tmp_86_reg_7118                                                |    1|   0|    1|          0|
    |tmp_89_reg_7142                                                |    1|   0|    1|          0|
    |tmp_92_reg_7166                                                |    1|   0|    1|          0|
    |tmp_95_reg_7190                                                |    1|   0|    1|          0|
    |tmp_98_reg_7214                                                |    1|   0|    1|          0|
    |tmp_i_reg_6464                                                 |    1|   0|    1|          0|
    |tmp_i_reg_6464_pp0_iter1_reg                                   |    1|   0|    1|          0|
    |tmp_last_V_reg_6473                                            |    1|   0|    1|          0|
    |tmp_last_V_reg_6473_pp0_iter1_reg                              |    1|   0|    1|          0|
    |trunc_ln674_reg_6488                                           |    8|   0|    8|          0|
    |txEng_tcpPkgBuffer1_read_reg_6468                              |  577|   0|  577|          0|
    +---------------------------------------------------------------+-----+----+-----+-----------+
    |Total                                                          | 2825|   0| 2825|          0|
    +---------------------------------------------------------------+-----+----+-----+-----------+



================================================================
== Interface
================================================================
* Summary: 
+-------------------------------+-----+-----+------------+--------------------------------------+--------------+
|           RTL Ports           | Dir | Bits|  Protocol  |             Source Object            |    C Type    |
+-------------------------------+-----+-----+------------+--------------------------------------+--------------+
|ap_clk                         |   in|    1|  ap_ctrl_hs|  two_complement_subchecksums<512, 22>|  return value|
|ap_rst                         |   in|    1|  ap_ctrl_hs|  two_complement_subchecksums<512, 22>|  return value|
|ap_start                       |   in|    1|  ap_ctrl_hs|  two_complement_subchecksums<512, 22>|  return value|
|ap_done                        |  out|    1|  ap_ctrl_hs|  two_complement_subchecksums<512, 22>|  return value|
|ap_continue                    |   in|    1|  ap_ctrl_hs|  two_complement_subchecksums<512, 22>|  return value|
|ap_idle                        |  out|    1|  ap_ctrl_hs|  two_complement_subchecksums<512, 22>|  return value|
|ap_ready                       |  out|    1|  ap_ctrl_hs|  two_complement_subchecksums<512, 22>|  return value|
|txEng_tcpPkgBuffer1_dout       |   in|  577|     ap_fifo|                   txEng_tcpPkgBuffer1|       pointer|
|txEng_tcpPkgBuffer1_empty_n    |   in|    1|     ap_fifo|                   txEng_tcpPkgBuffer1|       pointer|
|txEng_tcpPkgBuffer1_read       |  out|    1|     ap_fifo|                   txEng_tcpPkgBuffer1|       pointer|
|txEng_tcpPkgBuffer2_din        |  out|  577|     ap_fifo|                   txEng_tcpPkgBuffer2|       pointer|
|txEng_tcpPkgBuffer2_full_n     |   in|    1|     ap_fifo|                   txEng_tcpPkgBuffer2|       pointer|
|txEng_tcpPkgBuffer2_write      |  out|    1|     ap_fifo|                   txEng_tcpPkgBuffer2|       pointer|
|txEng_subChecksumsFifo_din     |  out|  544|     ap_fifo|                txEng_subChecksumsFifo|       pointer|
|txEng_subChecksumsFifo_full_n  |   in|    1|     ap_fifo|                txEng_subChecksumsFifo|       pointer|
|txEng_subChecksumsFifo_write   |  out|    1|     ap_fifo|                txEng_subChecksumsFifo|       pointer|
+-------------------------------+-----+-----+------------+--------------------------------------+--------------+

