

================================================================
== Vitis HLS Report for 'tx_app_if'
================================================================
* Date:           Sat Mar 18 14:39:19 2023

* Version:        2021.2 (Build 3367213 on Tue Oct 19 02:47:39 MDT 2021)
* Project:        toe_prj
* Solution:       solution1 (Vivado IP Flow Target)
* Product family: virtexuplus
* Target device:  xcu280-fsvh2892-2L-e


================================================================
== Performance Estimates
================================================================
+ Timing: 
    * Summary: 
    +--------+---------+----------+------------+
    |  Clock |  Target | Estimated| Uncertainty|
    +--------+---------+----------+------------+
    |ap_clk  |  3.20 ns|  2.336 ns|     0.86 ns|
    +--------+---------+----------+------------+

+ Latency: 
    * Summary: 
    +---------+---------+----------+----------+-----+-----+---------+
    |  Latency (cycles) |  Latency (absolute) |  Interval | Pipeline|
    |   min   |   max   |    min   |    max   | min | max |   Type  |
    +---------+---------+----------+----------+-----+-----+---------+
    |        2|        2|  6.400 ns|  6.400 ns|    1|    1|      yes|
    +---------+---------+----------+----------+-----+-----+---------+

    + Detail: 
        * Instance: 
        N/A

        * Loop: 
        N/A



================================================================
== Utilization Estimates
================================================================
* Summary: 
+---------------------+---------+------+---------+---------+-----+
|         Name        | BRAM_18K|  DSP |    FF   |   LUT   | URAM|
+---------------------+---------+------+---------+---------+-----+
|DSP                  |        -|     -|        -|        -|    -|
|Expression           |        -|     -|        0|      230|    -|
|FIFO                 |        -|     -|        -|        -|    -|
|Instance             |        -|     -|        -|        -|    -|
|Memory               |        -|     -|        -|        -|    -|
|Multiplexer          |        -|     -|        -|      177|    -|
|Register             |        -|     -|      374|        -|    -|
+---------------------+---------+------+---------+---------+-----+
|Total                |        0|     0|      374|      407|    0|
+---------------------+---------+------+---------+---------+-----+
|Available SLR        |     1344|  3008|   869120|   434560|  320|
+---------------------+---------+------+---------+---------+-----+
|Utilization SLR (%)  |        0|     0|       ~0|       ~0|    0|
+---------------------+---------+------+---------+---------+-----+
|Available            |     4032|  9024|  2607360|  1303680|  960|
+---------------------+---------+------+---------+---------+-----+
|Utilization (%)      |        0|     0|       ~0|       ~0|    0|
+---------------------+---------+------+---------+---------+-----+

+ Detail: 
    * Instance: 
    N/A

    * DSP: 
    N/A

    * Memory: 
    N/A

    * FIFO: 
    N/A

    * Expression: 
    +----------------------------------+----------+----+---+----+------------+------------+
    |           Variable Name          | Operation| DSP| FF| LUT| Bitwidth P0| Bitwidth P1|
    +----------------------------------+----------+----+---+----+------------+------------+
    |add_ln135_fu_387_p2               |         +|   0|  0|  39|          32|           3|
    |ap_condition_417                  |       and|   0|  0|   2|           1|           1|
    |ap_condition_457                  |       and|   0|  0|   2|           1|           1|
    |ap_condition_69                   |       and|   0|  0|   2|           1|           1|
    |ap_predicate_op100_write_state3   |       and|   0|  0|   2|           1|           1|
    |ap_predicate_op102_write_state3   |       and|   0|  0|   2|           1|           1|
    |ap_predicate_op107_write_state3   |       and|   0|  0|   2|           1|           1|
    |ap_predicate_op113_write_state3   |       and|   0|  0|   2|           1|           1|
    |ap_predicate_op116_write_state3   |       and|   0|  0|   2|           1|           1|
    |ap_predicate_op31_read_state1     |       and|   0|  0|   2|           1|           1|
    |ap_predicate_op33_read_state1     |       and|   0|  0|   2|           1|           1|
    |ap_predicate_op35_read_state1     |       and|   0|  0|   2|           1|           1|
    |ap_predicate_op43_read_state1     |       and|   0|  0|   2|           1|           1|
    |ap_predicate_op86_write_state2    |       and|   0|  0|   2|           1|           1|
    |ap_predicate_op89_write_state2    |       and|   0|  0|   2|           1|           1|
    |ap_predicate_op8_read_state1      |       and|   0|  0|   2|           1|           1|
    |ap_predicate_op90_write_state2    |       and|   0|  0|   2|           1|           1|
    |ap_predicate_op91_write_state2    |       and|   0|  0|   2|           1|           1|
    |ap_predicate_op96_write_state3    |       and|   0|  0|   2|           1|           1|
    |ap_predicate_op98_write_state3    |       and|   0|  0|   2|           1|           1|
    |tmp_1_i_nbreadreq_fu_222_p3       |       and|   0|  0|   3|           1|           0|
    |tmp_2_i_nbreadreq_fu_166_p3       |       and|   0|  0|   3|           1|           0|
    |tmp_3_i_nbreadreq_fu_174_p3       |       and|   0|  0|   3|           1|           0|
    |tmp_4_i_nbreadreq_fu_182_p3       |       and|   0|  0|   3|           1|           0|
    |tmp_5_i_nbreadreq_fu_190_p3       |       and|   0|  0|   3|           1|           0|
    |tmp_i_163_nbreadreq_fu_146_p3     |       and|   0|  0|   3|           1|           0|
    |tmp_i_nbreadreq_fu_138_p3         |       and|   0|  0|   3|           1|           0|
    |icmp_ln135_fu_392_p2              |      icmp|   0|  0|  20|          32|           2|
    |ap_block_pp0_stage0_01001         |        or|   0|  0|   2|           1|           1|
    |ap_block_pp0_stage0_11001         |        or|   0|  0|   2|           1|           1|
    |ap_block_state1_pp0_stage0_iter0  |        or|   0|  0|   2|           1|           1|
    |ap_block_state2_io                |        or|   0|  0|   2|           1|           1|
    |ap_block_state2_pp0_stage0_iter1  |        or|   0|  0|   2|           1|           1|
    |ap_block_state3_io                |        or|   0|  0|   2|           1|           1|
    |ap_block_state3_pp0_stage0_iter2  |        or|   0|  0|   2|           1|           1|
    |or_ln173_1_fu_409_p2              |        or|   0|  0|  48|          48|           2|
    |or_ln173_fu_459_p2                |        or|   0|  0|  48|          48|           3|
    |ap_enable_pp0                     |       xor|   0|  0|   2|           1|           2|
    +----------------------------------+----------+----+---+----+------------+------------+
    |Total                             |          |   0|  0| 230|         194|          38|
    +----------------------------------+----------+----+---+----+------------+------------+

    * Multiplexer: 
    +-----------------------------------------+----+-----------+-----+-----------+
    |                   Name                  | LUT| Input Size| Bits| Total Bits|
    +-----------------------------------------+----+-----------+-----+-----------+
    |ap_done                                  |   9|          2|    1|          2|
    |conEstablishedFifo_blk_n                 |   9|          2|    1|          2|
    |m_axis_open_conn_rsp_TDATA_blk_n         |   9|          2|    1|          2|
    |m_axis_open_conn_rsp_TDATA_int_regslice  |  20|          4|   72|        288|
    |myIpAddress_blk_n                        |   9|          2|    1|          2|
    |portTable2txApp_port_rsp_blk_n           |   9|          2|    1|          2|
    |sLookup2txApp_rsp_blk_n                  |   9|          2|    1|          2|
    |s_axis_close_conn_req_TDATA_blk_n        |   9|          2|    1|          2|
    |s_axis_open_conn_req_TDATA_blk_n         |   9|          2|    1|          2|
    |stateTable2txApp_upd_rsp_blk_n           |   9|          2|    1|          2|
    |timer2txApp_notification_blk_n           |   9|          2|    1|          2|
    |txApp2eventEng_mergeEvent_blk_n          |   9|          2|    1|          2|
    |txApp2eventEng_mergeEvent_din            |  14|          3|   85|        255|
    |txApp2sLookup_req_blk_n                  |   9|          2|    1|          2|
    |txApp2stateTable_upd_req_blk_n           |   9|          2|    1|          2|
    |txApp2stateTable_upd_req_din             |  26|          5|   49|        245|
    +-----------------------------------------+----+-----------+-----+-----------+
    |Total                                    | 177|         38|  219|        814|
    +-----------------------------------------+----+-----------+-----+-----------+

    * Register: 
    +--------------------------------------------------+----+----+-----+-----------+
    |                       Name                       | FF | LUT| Bits| Const Bits|
    +--------------------------------------------------+----+----+-----+-----------+
    |ap_CS_fsm                                         |   1|   0|    1|          0|
    |ap_done_reg                                       |   1|   0|    1|          0|
    |ap_enable_reg_pp0_iter1                           |   1|   0|    1|          0|
    |ap_enable_reg_pp0_iter2                           |   1|   0|    1|          0|
    |conEstablishedFifo_read_reg_549                   |  72|   0|   72|          0|
    |icmp_ln135_reg_574                                |   1|   0|    1|          0|
    |p_Result_1_i_reg_488                              |   8|   0|    8|          0|
    |p_Result_3_i_reg_498                              |   8|   0|    8|          0|
    |p_Result_5_i_reg_508                              |   8|   0|    8|          0|
    |p_Result_6_i_reg_513                              |   8|   0|    8|          0|
    |p_Result_i_164_reg_483                            |   8|   0|    8|          0|
    |p_Result_i_reg_478                                |   8|   0|    8|          0|
    |s_axis_close_conn_req_read_reg_538                |  16|   0|   16|          0|
    |s_axis_close_conn_req_read_reg_538_pp0_iter1_reg  |  16|   0|   16|          0|
    |session_hit_reg_560                               |   1|   0|    1|          0|
    |session_hit_reg_560_pp0_iter1_reg                 |   1|   0|    1|          0|
    |session_sessionID_V_reg_554                       |  16|   0|   16|          0|
    |session_sessionID_V_reg_554_pp0_iter1_reg         |  16|   0|   16|          0|
    |state_5_reg_568                                   |  32|   0|   32|          0|
    |state_5_reg_568_pp0_iter1_reg                     |  32|   0|   32|          0|
    |tai_closeSessionID_V                              |  16|   0|   16|          0|
    |tai_fsmState                                      |   1|   0|    1|          0|
    |tai_fsmState_load_reg_518                         |   1|   0|    1|          0|
    |tai_fsmState_load_reg_518_pp0_iter1_reg           |   1|   0|    1|          0|
    |timer2txApp_notification_read_reg_544             |  72|   0|   72|          0|
    |tmp_1_i_reg_564                                   |   1|   0|    1|          0|
    |tmp_1_i_reg_564_pp0_iter1_reg                     |   1|   0|    1|          0|
    |tmp_2_i_reg_522                                   |   1|   0|    1|          0|
    |tmp_2_i_reg_522_pp0_iter1_reg                     |   1|   0|    1|          0|
    |tmp_3_i_reg_526                                   |   1|   0|    1|          0|
    |tmp_3_i_reg_526_pp0_iter1_reg                     |   1|   0|    1|          0|
    |tmp_4_i_reg_530                                   |   1|   0|    1|          0|
    |tmp_4_i_reg_530_pp0_iter1_reg                     |   1|   0|    1|          0|
    |tmp_5_i_reg_534                                   |   1|   0|    1|          0|
    |tmp_5_i_reg_534_pp0_iter1_reg                     |   1|   0|    1|          0|
    |tmp_i_163_reg_474                                 |   1|   0|    1|          0|
    |tmp_i_reg_470                                     |   1|   0|    1|          0|
    |trunc_ln674_1_reg_503                             |   8|   0|    8|          0|
    |trunc_ln674_reg_493                               |   8|   0|    8|          0|
    +--------------------------------------------------+----+----+-----+-----------+
    |Total                                             | 374|   0|  374|          0|
    +--------------------------------------------------+----+----+-----+-----------+



================================================================
== Interface
================================================================
* Summary: 
+----------------------------------+-----+-----+------------+---------------------------+--------------+
|             RTL Ports            | Dir | Bits|  Protocol  |       Source Object       |    C Type    |
+----------------------------------+-----+-----+------------+---------------------------+--------------+
|ap_clk                            |   in|    1|  ap_ctrl_hs|                  tx_app_if|  return value|
|ap_rst                            |   in|    1|  ap_ctrl_hs|                  tx_app_if|  return value|
|ap_start                          |   in|    1|  ap_ctrl_hs|                  tx_app_if|  return value|
|ap_done                           |  out|    1|  ap_ctrl_hs|                  tx_app_if|  return value|
|ap_continue                       |   in|    1|  ap_ctrl_hs|                  tx_app_if|  return value|
|ap_idle                           |  out|    1|  ap_ctrl_hs|                  tx_app_if|  return value|
|ap_ready                          |  out|    1|  ap_ctrl_hs|                  tx_app_if|  return value|
|s_axis_open_conn_req_TVALID       |   in|    1|        axis|       s_axis_open_conn_req|       pointer|
|s_axis_open_conn_req_TDATA        |   in|   48|        axis|       s_axis_open_conn_req|       pointer|
|s_axis_open_conn_req_TREADY       |  out|    1|        axis|       s_axis_open_conn_req|       pointer|
|portTable2txApp_port_rsp_dout     |   in|   16|     ap_fifo|   portTable2txApp_port_rsp|       pointer|
|portTable2txApp_port_rsp_empty_n  |   in|    1|     ap_fifo|   portTable2txApp_port_rsp|       pointer|
|portTable2txApp_port_rsp_read     |  out|    1|     ap_fifo|   portTable2txApp_port_rsp|       pointer|
|s_axis_close_conn_req_TVALID      |   in|    1|        axis|      s_axis_close_conn_req|       pointer|
|s_axis_close_conn_req_TDATA       |   in|   16|        axis|      s_axis_close_conn_req|       pointer|
|s_axis_close_conn_req_TREADY      |  out|    1|        axis|      s_axis_close_conn_req|       pointer|
|timer2txApp_notification_dout     |   in|   72|     ap_fifo|   timer2txApp_notification|       pointer|
|timer2txApp_notification_empty_n  |   in|    1|     ap_fifo|   timer2txApp_notification|       pointer|
|timer2txApp_notification_read     |  out|    1|     ap_fifo|   timer2txApp_notification|       pointer|
|conEstablishedFifo_dout           |   in|   72|     ap_fifo|         conEstablishedFifo|       pointer|
|conEstablishedFifo_empty_n        |   in|    1|     ap_fifo|         conEstablishedFifo|       pointer|
|conEstablishedFifo_read           |  out|    1|     ap_fifo|         conEstablishedFifo|       pointer|
|sLookup2txApp_rsp_dout            |   in|   17|     ap_fifo|          sLookup2txApp_rsp|       pointer|
|sLookup2txApp_rsp_empty_n         |   in|    1|     ap_fifo|          sLookup2txApp_rsp|       pointer|
|sLookup2txApp_rsp_read            |  out|    1|     ap_fifo|          sLookup2txApp_rsp|       pointer|
|stateTable2txApp_upd_rsp_dout     |   in|   32|     ap_fifo|   stateTable2txApp_upd_rsp|       pointer|
|stateTable2txApp_upd_rsp_empty_n  |   in|    1|     ap_fifo|   stateTable2txApp_upd_rsp|       pointer|
|stateTable2txApp_upd_rsp_read     |  out|    1|     ap_fifo|   stateTable2txApp_upd_rsp|       pointer|
|myIpAddress_dout                  |   in|   32|     ap_fifo|                myIpAddress|       pointer|
|myIpAddress_empty_n               |   in|    1|     ap_fifo|                myIpAddress|       pointer|
|myIpAddress_read                  |  out|    1|     ap_fifo|                myIpAddress|       pointer|
|txApp2sLookup_req_din             |  out|   96|     ap_fifo|          txApp2sLookup_req|       pointer|
|txApp2sLookup_req_full_n          |   in|    1|     ap_fifo|          txApp2sLookup_req|       pointer|
|txApp2sLookup_req_write           |  out|    1|     ap_fifo|          txApp2sLookup_req|       pointer|
|m_axis_open_conn_rsp_TREADY       |   in|    1|        axis|       m_axis_open_conn_rsp|       pointer|
|m_axis_open_conn_rsp_TDATA        |  out|   72|        axis|       m_axis_open_conn_rsp|       pointer|
|m_axis_open_conn_rsp_TVALID       |  out|    1|        axis|       m_axis_open_conn_rsp|       pointer|
|txApp2stateTable_upd_req_din      |  out|   49|     ap_fifo|   txApp2stateTable_upd_req|       pointer|
|txApp2stateTable_upd_req_full_n   |   in|    1|     ap_fifo|   txApp2stateTable_upd_req|       pointer|
|txApp2stateTable_upd_req_write    |  out|    1|     ap_fifo|   txApp2stateTable_upd_req|       pointer|
|txApp2eventEng_mergeEvent_din     |  out|   85|     ap_fifo|  txApp2eventEng_mergeEvent|       pointer|
|txApp2eventEng_mergeEvent_full_n  |   in|    1|     ap_fifo|  txApp2eventEng_mergeEvent|       pointer|
|txApp2eventEng_mergeEvent_write   |  out|    1|     ap_fifo|  txApp2eventEng_mergeEvent|       pointer|
+----------------------------------+-----+-----+------------+---------------------------+--------------+

