

================================================================
== Vitis HLS Report for 'ipv4_generate_ipv4_512_s'
================================================================
* Date:           Sat Mar 18 14:34:30 2023

* Version:        2021.2 (Build 3367213 on Tue Oct 19 02:47:39 MDT 2021)
* Project:        ipv4_prj
* Solution:       solution1 (Vivado IP Flow Target)
* Product family: virtexuplus
* Target device:  xcu280-fsvh2892-2L-e


================================================================
== Performance Estimates
================================================================
+ Timing: 
    * Summary: 
    +--------+---------+----------+------------+
    |  Clock |  Target | Estimated| Uncertainty|
    +--------+---------+----------+------------+
    |ap_clk  |  3.20 ns|  1.866 ns|     0.86 ns|
    +--------+---------+----------+------------+

+ Latency: 
    * Summary: 
    +---------+---------+----------+----------+-----+-----+---------+
    |  Latency (cycles) |  Latency (absolute) |  Interval | Pipeline|
    |   min   |   max   |    min   |    max   | min | max |   Type  |
    +---------+---------+----------+----------+-----+-----+---------+
    |        1|        1|  3.200 ns|  3.200 ns|    1|    1|      yes|
    +---------+---------+----------+----------+-----+-----+---------+

    + Detail: 
        * Instance: 
        N/A

        * Loop: 
        N/A

============================================================
+ Verbose Summary: Synthesis Manager
============================================================
InlineROM: 1
ExposeGlobal: 0
============================================================
+ Verbose Summary: CDFG Model
============================================================
IsTopModel: 0
ResetActiveHigh: 1
IsCombinational: 2
IsDatapathOnly: 0
HasWiredReturn: 1
HasMFsm: 2
HasVarLatency: 0
IsPipeline: 1
IsRtlPipelined: 1
IsInstanceOverlapped: 0
IsDontTouch: 0
HasImplIP: 0
IsGatedGlobalClock: 0

+ Individual pipeline summary: 
  * Pipeline-0: initiation interval (II) = 1, depth = 2


============================================================
+ Verbose Summary: Schedule
============================================================
* Number of FSM states : 2
* Pipeline : 1
  Pipeline-0 : II = 1, D = 2, States = { 1 2 }
* Dataflow Pipeline: 0

* FSM state transitions: 
1 --> 2 
2 --> 

* FSM state operations: 

State 1 <SV = 0> <Delay = 1.86>
ST_1 : Operation 3 [1/1] (0.00ns)   --->   "%specinterface_ln0 = specinterface void @_ssdm_op_SpecInterface, i8 %protocol, void @ap_fifo_str, i32 0, i32 0, void @p_str, i32 0, i32 0, void @p_str, void @p_str, void @p_str, i32 2, i32 2, i32 16, i32 16, void @p_str, void @ScalarProp_str"   --->   Operation 3 'specinterface' 'specinterface_ln0' <Predicate = true> <Delay = 0.00>
ST_1 : Operation 4 [1/1] (1.16ns)   --->   "%protocol_read = read i8 @_ssdm_op_Read.ap_fifo.i8P0A, i8 %protocol"   --->   Operation 4 'read' 'protocol_read' <Predicate = true> <Delay = 1.16> <CoreInst = "FIFO_SRL">   --->   Core 81 'FIFO_SRL' <Latency = 0> <II = 1> <Delay = 1.36> <Storage> <Opcode : 'read' 'write' 'nbread' 'nbwrite'> <Ports = 0> <Width = 8> <Depth = 4> <FIFO>
ST_1 : Operation 5 [1/1] (0.00ns)   --->   "%specinterface_ln0 = specinterface void @_ssdm_op_SpecInterface, i32 %local_ipv4_address, void @ap_fifo_str, i32 0, i32 0, void @p_str, i32 0, i32 0, void @p_str, void @p_str, void @p_str, i32 2, i32 2, i32 16, i32 16, void @p_str, void @ScalarProp_str"   --->   Operation 5 'specinterface' 'specinterface_ln0' <Predicate = true> <Delay = 0.00>
ST_1 : Operation 6 [1/1] (1.16ns)   --->   "%local_ipv4_address_read = read i32 @_ssdm_op_Read.ap_fifo.i32P0A, i32 %local_ipv4_address" [/home/yangz0e/Desktop/Vitis_with_100Gbps_TCP-IP_top_k/fpga-network-stack/hls/ipv4/ipv4.cpp:159]   --->   Operation 6 'read' 'local_ipv4_address_read' <Predicate = true> <Delay = 1.16> <CoreInst = "FIFO_SRL">   --->   Core 81 'FIFO_SRL' <Latency = 0> <II = 1> <Delay = 1.46> <Storage> <Opcode : 'read' 'write' 'nbread' 'nbwrite'> <Ports = 0> <Width = 32> <Depth = 4> <FIFO>
ST_1 : Operation 7 [1/1] (0.00ns)   --->   "%specinterface_ln0 = specinterface void @_ssdm_op_SpecInterface, i1024 %m_axis_tx_data_internal, void @empty_3, i32 0, i32 0, void @empty_1, i32 0, i32 0, void @empty_1, void @empty_1, void @empty_1, i32 0, i32 0, i32 0, i32 0, void @empty_1, void @empty_1"   --->   Operation 7 'specinterface' 'specinterface_ln0' <Predicate = true> <Delay = 0.00>
ST_1 : Operation 8 [1/1] (0.00ns)   --->   "%specinterface_ln0 = specinterface void @_ssdm_op_SpecInterface, i1024 %m_axis_tx_data_internal, void @empty_3, i32 0, i32 0, void @empty_1, i32 0, i32 0, void @empty_1, void @empty_1, void @empty_1, i32 0, i32 0, i32 0, i32 0, void @empty_1, void @empty_1"   --->   Operation 8 'specinterface' 'specinterface_ln0' <Predicate = true> <Delay = 0.00>
ST_1 : Operation 9 [1/1] (0.00ns)   --->   "%specinterface_ln0 = specinterface void @_ssdm_op_SpecInterface, i1024 %m_axis_tx_data_internal, void @empty_3, i32 0, i32 0, void @empty_1, i32 0, i32 0, void @empty_1, void @empty_1, void @empty_1, i32 0, i32 0, i32 0, i32 0, void @empty_1, void @empty_1"   --->   Operation 9 'specinterface' 'specinterface_ln0' <Predicate = true> <Delay = 0.00>
ST_1 : Operation 10 [1/1] (0.00ns)   --->   "%specinterface_ln0 = specinterface void @_ssdm_op_SpecInterface, i1024 %tx_shift2ipv4Fifo, void @empty_3, i32 0, i32 0, void @empty_1, i32 0, i32 0, void @empty_1, void @empty_1, void @empty_1, i32 0, i32 0, i32 0, i32 0, void @empty_1, void @empty_1"   --->   Operation 10 'specinterface' 'specinterface_ln0' <Predicate = true> <Delay = 0.00>
ST_1 : Operation 11 [1/1] (0.00ns)   --->   "%specinterface_ln0 = specinterface void @_ssdm_op_SpecInterface, i1024 %tx_shift2ipv4Fifo, void @empty_3, i32 0, i32 0, void @empty_1, i32 0, i32 0, void @empty_1, void @empty_1, void @empty_1, i32 0, i32 0, i32 0, i32 0, void @empty_1, void @empty_1"   --->   Operation 11 'specinterface' 'specinterface_ln0' <Predicate = true> <Delay = 0.00>
ST_1 : Operation 12 [1/1] (0.00ns)   --->   "%specinterface_ln0 = specinterface void @_ssdm_op_SpecInterface, i1024 %tx_shift2ipv4Fifo, void @empty_3, i32 0, i32 0, void @empty_1, i32 0, i32 0, void @empty_1, void @empty_1, void @empty_1, i32 0, i32 0, i32 0, i32 0, void @empty_1, void @empty_1"   --->   Operation 12 'specinterface' 'specinterface_ln0' <Predicate = true> <Delay = 0.00>
ST_1 : Operation 13 [1/1] (0.00ns)   --->   "%specinterface_ln0 = specinterface void @_ssdm_op_SpecInterface, i1024 %tx_shift2ipv4Fifo, void @empty_3, i32 0, i32 0, void @empty_1, i32 0, i32 0, void @empty_1, void @empty_1, void @empty_1, i32 0, i32 0, i32 0, i32 0, void @empty_1, void @empty_1"   --->   Operation 13 'specinterface' 'specinterface_ln0' <Predicate = true> <Delay = 0.00>
ST_1 : Operation 14 [1/1] (0.00ns)   --->   "%specinterface_ln0 = specinterface void @_ssdm_op_SpecInterface, i1024 %m_axis_tx_data_internal, void @empty_3, i32 0, i32 0, void @empty_1, i32 0, i32 0, void @empty_1, void @empty_1, void @empty_1, i32 0, i32 0, i32 0, i32 0, void @empty_1, void @empty_1"   --->   Operation 14 'specinterface' 'specinterface_ln0' <Predicate = true> <Delay = 0.00>
ST_1 : Operation 15 [1/1] (0.00ns)   --->   "%specinterface_ln0 = specinterface void @_ssdm_op_SpecInterface, i48 %s_axis_tx_meta, void @empty, i32 1, i32 1, void @empty_0, i32 0, i32 0, void @empty_1, void @empty_1, void @empty_1, i32 0, i32 0, i32 0, i32 0, void @empty_1, void @empty_1"   --->   Operation 15 'specinterface' 'specinterface_ln0' <Predicate = true> <Delay = 0.00>
ST_1 : Operation 16 [1/1] (0.00ns)   --->   "%specpipeline_ln159 = specpipeline void @_ssdm_op_SpecPipeline, i32 1, i32 0, i32 0, i32 0, void @empty_1" [/home/yangz0e/Desktop/Vitis_with_100Gbps_TCP-IP_top_k/fpga-network-stack/hls/ipv4/ipv4.cpp:159]   --->   Operation 16 'specpipeline' 'specpipeline_ln159' <Predicate = true> <Delay = 0.00>
ST_1 : Operation 17 [1/1] (0.00ns)   --->   "%gi_state_load = load i2 %gi_state" [/home/yangz0e/Desktop/Vitis_with_100Gbps_TCP-IP_top_k/fpga-network-stack/hls/ipv4/ipv4.cpp:175]   --->   Operation 17 'load' 'gi_state_load' <Predicate = true> <Delay = 0.00>
ST_1 : Operation 18 [1/1] (0.00ns)   --->   "%header_idx_1_load = load i16 %header_idx_1" [/home/yangz0e/Desktop/Vitis_with_100Gbps_TCP-IP_top_k/fpga-network-stack/hls/ipv4/../packet.hpp:76]   --->   Operation 18 'load' 'header_idx_1_load' <Predicate = true> <Delay = 0.00>
ST_1 : Operation 19 [1/1] (0.00ns)   --->   "%p_Val2_s = load i160 %header_header_V_1"   --->   Operation 19 'load' 'p_Val2_s' <Predicate = true> <Delay = 0.00>
ST_1 : Operation 20 [1/1] (0.65ns)   --->   "%switch_ln175 = switch i2 %gi_state_load, void, i2 3, void, i2 1, void, i2 2, void" [/home/yangz0e/Desktop/Vitis_with_100Gbps_TCP-IP_top_k/fpga-network-stack/hls/ipv4/ipv4.cpp:175]   --->   Operation 20 'switch' 'switch_ln175' <Predicate = true> <Delay = 0.65>
ST_1 : Operation 21 [1/1] (0.00ns)   --->   "%tmp_i_50 = nbreadreq i1 @_ssdm_op_NbReadReq.ap_fifo.i1024P0A, i1024 %tx_shift2ipv4Fifo, i32 1" [/tools/Xilinx/Vitis_HLS/2021.2/common/technology/autopilot/hls_stream_39.h:135]   --->   Operation 21 'nbreadreq' 'tmp_i_50' <Predicate = (gi_state_load == 2)> <Delay = 0.00> <CoreInst = "FIFO">   --->   Core 78 'FIFO' <Latency = 0> <II = 1> <Delay = 1.26> <Storage> <Opcode : 'read' 'write' 'nbread' 'nbwrite'> <Ports = 0> <Width = 1024> <Depth = 8> <FIFO>
ST_1 : Operation 22 [1/1] (0.00ns)   --->   "%br_ln215 = br i1 %tmp_i_50, void %._crit_edge3.i, void" [/home/yangz0e/Desktop/Vitis_with_100Gbps_TCP-IP_top_k/fpga-network-stack/hls/ipv4/ipv4.cpp:215]   --->   Operation 22 'br' 'br_ln215' <Predicate = (gi_state_load == 2)> <Delay = 0.00>
ST_1 : Operation 23 [1/1] (1.16ns)   --->   "%tx_shift2ipv4Fifo_read_1 = read i1024 @_ssdm_op_Read.ap_fifo.volatile.i1024P0A, i1024 %tx_shift2ipv4Fifo" [/tools/Xilinx/Vitis_HLS/2021.2/common/technology/autopilot/hls_stream_39.h:144]   --->   Operation 23 'read' 'tx_shift2ipv4Fifo_read_1' <Predicate = (gi_state_load == 2 & tmp_i_50)> <Delay = 1.16> <CoreInst = "FIFO">   --->   Core 78 'FIFO' <Latency = 0> <II = 1> <Delay = 1.26> <Storage> <Opcode : 'read' 'write' 'nbread' 'nbwrite'> <Ports = 0> <Width = 1024> <Depth = 8> <FIFO>
ST_1 : Operation 24 [1/1] (0.00ns)   --->   "%currWord_data_V = trunc i1024 %tx_shift2ipv4Fifo_read_1" [/tools/Xilinx/Vitis_HLS/2021.2/common/technology/autopilot/hls_stream_39.h:144]   --->   Operation 24 'trunc' 'currWord_data_V' <Predicate = (gi_state_load == 2 & tmp_i_50)> <Delay = 0.00>
ST_1 : Operation 25 [1/1] (0.00ns)   --->   "%currWord_last_V_1 = bitselect i1 @_ssdm_op_BitSelect.i1.i1024.i32, i1024 %tx_shift2ipv4Fifo_read_1, i32 576" [/tools/Xilinx/Vitis_HLS/2021.2/common/technology/autopilot/hls_stream_39.h:144]   --->   Operation 25 'bitselect' 'currWord_last_V_1' <Predicate = (gi_state_load == 2 & tmp_i_50)> <Delay = 0.00>
ST_1 : Operation 26 [1/1] (0.00ns)   --->   "%shl_ln76_1 = bitconcatenate i25 @_ssdm_op_BitConcatenate.i25.i16.i9, i16 %header_idx_1_load, i9 0" [/home/yangz0e/Desktop/Vitis_with_100Gbps_TCP-IP_top_k/fpga-network-stack/hls/ipv4/../packet.hpp:76]   --->   Operation 26 'bitconcatenate' 'shl_ln76_1' <Predicate = (gi_state_load == 2 & tmp_i_50)> <Delay = 0.00>
ST_1 : Operation 27 [1/1] (0.77ns)   --->   "%icmp_ln82_1 = icmp_ult  i25 %shl_ln76_1, i25 160" [/home/yangz0e/Desktop/Vitis_with_100Gbps_TCP-IP_top_k/fpga-network-stack/hls/ipv4/../packet.hpp:82]   --->   Operation 27 'icmp' 'icmp_ln82_1' <Predicate = (gi_state_load == 2 & tmp_i_50)> <Delay = 0.77> <CoreInst = "Cmp">   --->   Core 9 'Cmp' <Latency = 0> <II = 1> <Delay = 0.77> <FuncUnit> <Opcode : 'icmp'> <InPorts = 2> <OutPorts = 1>
ST_1 : Operation 28 [1/1] (0.38ns)   --->   "%br_ln82 = br i1 %icmp_ln82_1, void %_ZN12packetHeaderILi512ELi160EE11consumeWordER7ap_uintILi512EE.exit32.i, void" [/home/yangz0e/Desktop/Vitis_with_100Gbps_TCP-IP_top_k/fpga-network-stack/hls/ipv4/../packet.hpp:82]   --->   Operation 28 'br' 'br_ln82' <Predicate = (gi_state_load == 2 & tmp_i_50)> <Delay = 0.38>
ST_1 : Operation 29 [1/1] (0.00ns)   --->   "%p_Result_19 = partset i512 @llvm.part.set.i512.i160, i512 %currWord_data_V, i160 %p_Val2_s, i32 0, i32 159"   --->   Operation 29 'partset' 'p_Result_19' <Predicate = (gi_state_load == 2 & tmp_i_50 & icmp_ln82_1)> <Delay = 0.00>
ST_1 : Operation 30 [1/1] (0.78ns)   --->   "%add_ln85_1 = add i16 %header_idx_1_load, i16 1" [/home/yangz0e/Desktop/Vitis_with_100Gbps_TCP-IP_top_k/fpga-network-stack/hls/ipv4/../packet.hpp:85]   --->   Operation 30 'add' 'add_ln85_1' <Predicate = (gi_state_load == 2 & tmp_i_50 & icmp_ln82_1)> <Delay = 0.78> <CoreInst = "Adder">   --->   Core 1 'Adder' <Latency = 0> <II = 1> <Delay = 0.78> <FuncUnit> <Opcode : 'add' 'sub'> <InPorts = 2> <OutPorts = 1>
ST_1 : Operation 31 [1/1] (0.41ns)   --->   "%store_ln85 = store i16 %add_ln85_1, i16 %header_idx_1" [/home/yangz0e/Desktop/Vitis_with_100Gbps_TCP-IP_top_k/fpga-network-stack/hls/ipv4/../packet.hpp:85]   --->   Operation 31 'store' 'store_ln85' <Predicate = (gi_state_load == 2 & tmp_i_50 & icmp_ln82_1)> <Delay = 0.41>
ST_1 : Operation 32 [1/1] (0.38ns)   --->   "%br_ln86 = br void %_ZN12packetHeaderILi512ELi160EE11consumeWordER7ap_uintILi512EE.exit32.i" [/home/yangz0e/Desktop/Vitis_with_100Gbps_TCP-IP_top_k/fpga-network-stack/hls/ipv4/../packet.hpp:86]   --->   Operation 32 'br' 'br_ln86' <Predicate = (gi_state_load == 2 & tmp_i_50 & icmp_ln82_1)> <Delay = 0.38>
ST_1 : Operation 33 [1/1] (0.00ns)   --->   "%tmp = partselect i65 @_ssdm_op_PartSelect.i65.i1024.i32.i32, i1024 %tx_shift2ipv4Fifo_read_1, i32 512, i32 576" [/tools/Xilinx/Vitis_HLS/2021.2/common/technology/autopilot/hls_stream_39.h:173]   --->   Operation 33 'partselect' 'tmp' <Predicate = (gi_state_load == 2 & tmp_i_50)> <Delay = 0.00>
ST_1 : Operation 34 [1/1] (0.00ns) (grouped into LUT with out node select_ln222_cast_i)   --->   "%xor_ln222 = xor i1 %currWord_last_V_1, i1 1" [/home/yangz0e/Desktop/Vitis_with_100Gbps_TCP-IP_top_k/fpga-network-stack/hls/ipv4/ipv4.cpp:222]   --->   Operation 34 'xor' 'xor_ln222' <Predicate = (gi_state_load == 2 & tmp_i_50)> <Delay = 0.00> <CoreInst = "LogicGate">   --->   Core 74 'LogicGate' <Latency = 0> <II = 1> <Delay = 0.12> <FuncUnit> <Opcode : 'and' 'or' 'xor'> <InPorts = 2> <OutPorts = 1>
ST_1 : Operation 35 [1/1] (0.27ns) (out node of the LUT)   --->   "%select_ln222_cast_i = select i1 %xor_ln222, i2 3, i2 0" [/home/yangz0e/Desktop/Vitis_with_100Gbps_TCP-IP_top_k/fpga-network-stack/hls/ipv4/ipv4.cpp:222]   --->   Operation 35 'select' 'select_ln222_cast_i' <Predicate = (gi_state_load == 2 & tmp_i_50)> <Delay = 0.27> <CoreInst = "Sel">   --->   Core 73 'Sel' <Latency = 0> <II = 1> <Delay = 0.27> <FuncUnit> <Opcode : 'select'> <InPorts = 3> <OutPorts = 1>
ST_1 : Operation 36 [1/1] (0.41ns)   --->   "%store_ln222 = store i2 %select_ln222_cast_i, i2 %gi_state" [/home/yangz0e/Desktop/Vitis_with_100Gbps_TCP-IP_top_k/fpga-network-stack/hls/ipv4/ipv4.cpp:222]   --->   Operation 36 'store' 'store_ln222' <Predicate = (gi_state_load == 2 & tmp_i_50)> <Delay = 0.41>
ST_1 : Operation 37 [1/1] (0.00ns)   --->   "%br_ln227 = br void %ipv4_generate_ipv4<512>.exit" [/home/yangz0e/Desktop/Vitis_with_100Gbps_TCP-IP_top_k/fpga-network-stack/hls/ipv4/ipv4.cpp:227]   --->   Operation 37 'br' 'br_ln227' <Predicate = (gi_state_load == 2)> <Delay = 0.00>
ST_1 : Operation 38 [1/1] (0.00ns)   --->   "%shl_ln = bitconcatenate i25 @_ssdm_op_BitConcatenate.i25.i16.i9, i16 %header_idx_1_load, i9 0" [/home/yangz0e/Desktop/Vitis_with_100Gbps_TCP-IP_top_k/fpga-network-stack/hls/ipv4/../packet.hpp:76]   --->   Operation 38 'bitconcatenate' 'shl_ln' <Predicate = (gi_state_load == 1)> <Delay = 0.00>
ST_1 : Operation 39 [1/1] (0.77ns)   --->   "%icmp_ln82 = icmp_ult  i25 %shl_ln, i25 160" [/home/yangz0e/Desktop/Vitis_with_100Gbps_TCP-IP_top_k/fpga-network-stack/hls/ipv4/../packet.hpp:82]   --->   Operation 39 'icmp' 'icmp_ln82' <Predicate = (gi_state_load == 1)> <Delay = 0.77> <CoreInst = "Cmp">   --->   Core 9 'Cmp' <Latency = 0> <II = 1> <Delay = 0.77> <FuncUnit> <Opcode : 'icmp'> <InPorts = 2> <OutPorts = 1>
ST_1 : Operation 40 [1/1] (0.00ns)   --->   "%br_ln82 = br i1 %icmp_ln82, void %_ZN12packetHeaderILi512ELi160EE11consumeWordER7ap_uintILi512EE.exit.i, void" [/home/yangz0e/Desktop/Vitis_with_100Gbps_TCP-IP_top_k/fpga-network-stack/hls/ipv4/../packet.hpp:82]   --->   Operation 40 'br' 'br_ln82' <Predicate = (gi_state_load == 1)> <Delay = 0.00>
ST_1 : Operation 41 [1/1] (0.00ns)   --->   "%p_Result_18 = partset i512 @llvm.part.set.i512.i160, i512 0, i160 %p_Val2_s, i32 0, i32 159"   --->   Operation 41 'partset' 'p_Result_18' <Predicate = (gi_state_load == 1 & icmp_ln82)> <Delay = 0.00>
ST_1 : Operation 42 [1/1] (0.78ns)   --->   "%add_ln85 = add i16 %header_idx_1_load, i16 1" [/home/yangz0e/Desktop/Vitis_with_100Gbps_TCP-IP_top_k/fpga-network-stack/hls/ipv4/../packet.hpp:85]   --->   Operation 42 'add' 'add_ln85' <Predicate = (gi_state_load == 1 & icmp_ln82)> <Delay = 0.78> <CoreInst = "Adder">   --->   Core 1 'Adder' <Latency = 0> <II = 1> <Delay = 0.78> <FuncUnit> <Opcode : 'add' 'sub'> <InPorts = 2> <OutPorts = 1>
ST_1 : Operation 43 [1/1] (0.41ns)   --->   "%store_ln85 = store i16 %add_ln85, i16 %header_idx_1" [/home/yangz0e/Desktop/Vitis_with_100Gbps_TCP-IP_top_k/fpga-network-stack/hls/ipv4/../packet.hpp:85]   --->   Operation 43 'store' 'store_ln85' <Predicate = (gi_state_load == 1 & icmp_ln82)> <Delay = 0.41>
ST_1 : Operation 44 [1/1] (0.00ns)   --->   "%br_ln86 = br void %_ZN12packetHeaderILi512ELi160EE11consumeWordER7ap_uintILi512EE.exit.i" [/home/yangz0e/Desktop/Vitis_with_100Gbps_TCP-IP_top_k/fpga-network-stack/hls/ipv4/../packet.hpp:86]   --->   Operation 44 'br' 'br_ln86' <Predicate = (gi_state_load == 1 & icmp_ln82)> <Delay = 0.00>
ST_1 : Operation 45 [1/1] (0.41ns)   --->   "%store_ln204 = store i2 2, i2 %gi_state" [/home/yangz0e/Desktop/Vitis_with_100Gbps_TCP-IP_top_k/fpga-network-stack/hls/ipv4/ipv4.cpp:204]   --->   Operation 45 'store' 'store_ln204' <Predicate = (gi_state_load == 1)> <Delay = 0.41>
ST_1 : Operation 46 [1/1] (0.00ns)   --->   "%tmp_1_i = nbreadreq i1 @_ssdm_op_NbReadReq.ap_fifo.i1024P0A, i1024 %tx_shift2ipv4Fifo, i32 1" [/tools/Xilinx/Vitis_HLS/2021.2/common/technology/autopilot/hls_stream_39.h:135]   --->   Operation 46 'nbreadreq' 'tmp_1_i' <Predicate = (gi_state_load == 3)> <Delay = 0.00> <CoreInst = "FIFO">   --->   Core 78 'FIFO' <Latency = 0> <II = 1> <Delay = 1.26> <Storage> <Opcode : 'read' 'write' 'nbread' 'nbwrite'> <Ports = 0> <Width = 1024> <Depth = 8> <FIFO>
ST_1 : Operation 47 [1/1] (0.00ns)   --->   "%br_ln229 = br i1 %tmp_1_i, void %._crit_edge4.i, void" [/home/yangz0e/Desktop/Vitis_with_100Gbps_TCP-IP_top_k/fpga-network-stack/hls/ipv4/ipv4.cpp:229]   --->   Operation 47 'br' 'br_ln229' <Predicate = (gi_state_load == 3)> <Delay = 0.00>
ST_1 : Operation 48 [1/1] (1.16ns)   --->   "%tx_shift2ipv4Fifo_read = read i1024 @_ssdm_op_Read.ap_fifo.volatile.i1024P0A, i1024 %tx_shift2ipv4Fifo" [/tools/Xilinx/Vitis_HLS/2021.2/common/technology/autopilot/hls_stream_39.h:144]   --->   Operation 48 'read' 'tx_shift2ipv4Fifo_read' <Predicate = (gi_state_load == 3 & tmp_1_i)> <Delay = 1.16> <CoreInst = "FIFO">   --->   Core 78 'FIFO' <Latency = 0> <II = 1> <Delay = 1.26> <Storage> <Opcode : 'read' 'write' 'nbread' 'nbwrite'> <Ports = 0> <Width = 1024> <Depth = 8> <FIFO>
ST_1 : Operation 49 [1/1] (0.00ns)   --->   "%currWord_last_V = bitselect i1 @_ssdm_op_BitSelect.i1.i1024.i32, i1024 %tx_shift2ipv4Fifo_read, i32 576" [/tools/Xilinx/Vitis_HLS/2021.2/common/technology/autopilot/hls_stream_39.h:144]   --->   Operation 49 'bitselect' 'currWord_last_V' <Predicate = (gi_state_load == 3 & tmp_1_i)> <Delay = 0.00>
ST_1 : Operation 50 [1/1] (0.00ns)   --->   "%br_ln233 = br i1 %currWord_last_V, void %._crit_edge5.i, void" [/home/yangz0e/Desktop/Vitis_with_100Gbps_TCP-IP_top_k/fpga-network-stack/hls/ipv4/ipv4.cpp:233]   --->   Operation 50 'br' 'br_ln233' <Predicate = (gi_state_load == 3 & tmp_1_i)> <Delay = 0.00>
ST_1 : Operation 51 [1/1] (0.41ns)   --->   "%store_ln235 = store i2 0, i2 %gi_state" [/home/yangz0e/Desktop/Vitis_with_100Gbps_TCP-IP_top_k/fpga-network-stack/hls/ipv4/ipv4.cpp:235]   --->   Operation 51 'store' 'store_ln235' <Predicate = (gi_state_load == 3 & tmp_1_i & currWord_last_V)> <Delay = 0.41>
ST_1 : Operation 52 [1/1] (0.00ns)   --->   "%br_ln236 = br void %._crit_edge5.i" [/home/yangz0e/Desktop/Vitis_with_100Gbps_TCP-IP_top_k/fpga-network-stack/hls/ipv4/ipv4.cpp:236]   --->   Operation 52 'br' 'br_ln236' <Predicate = (gi_state_load == 3 & tmp_1_i & currWord_last_V)> <Delay = 0.00>
ST_1 : Operation 53 [1/1] (0.00ns)   --->   "%br_ln237 = br void %._crit_edge4.i" [/home/yangz0e/Desktop/Vitis_with_100Gbps_TCP-IP_top_k/fpga-network-stack/hls/ipv4/ipv4.cpp:237]   --->   Operation 53 'br' 'br_ln237' <Predicate = (gi_state_load == 3 & tmp_1_i)> <Delay = 0.00>
ST_1 : Operation 54 [1/1] (0.00ns)   --->   "%br_ln238 = br void %ipv4_generate_ipv4<512>.exit" [/home/yangz0e/Desktop/Vitis_with_100Gbps_TCP-IP_top_k/fpga-network-stack/hls/ipv4/ipv4.cpp:238]   --->   Operation 54 'br' 'br_ln238' <Predicate = (gi_state_load == 3)> <Delay = 0.00>
ST_1 : Operation 55 [1/1] (0.00ns)   --->   "%tmp_i = nbreadreq i1 @_ssdm_op_NbReadReq.axis.i48P128A, i48 %s_axis_tx_meta, i32 1" [/tools/Xilinx/Vitis_HLS/2021.2/common/technology/autopilot/hls_stream_39.h:135]   --->   Operation 55 'nbreadreq' 'tmp_i' <Predicate = (gi_state_load == 0)> <Delay = 0.00> <CoreInst = "axis">   --->   Core 123 'axis' <Latency = 0> <II = 1> <Delay = 1.00> <Adapter> <Opcode : >
ST_1 : Operation 56 [1/1] (0.00ns)   --->   "%br_ln178 = br i1 %tmp_i, void %._crit_edge2.i, void" [/home/yangz0e/Desktop/Vitis_with_100Gbps_TCP-IP_top_k/fpga-network-stack/hls/ipv4/ipv4.cpp:178]   --->   Operation 56 'br' 'br_ln178' <Predicate = (gi_state_load == 0)> <Delay = 0.00>
ST_1 : Operation 57 [1/1] (0.00ns)   --->   "%s_axis_tx_meta_read = read i48 @_ssdm_op_Read.axis.volatile.i48P128A, i48 %s_axis_tx_meta" [/tools/Xilinx/Vitis_HLS/2021.2/common/technology/autopilot/hls_stream_39.h:144]   --->   Operation 57 'read' 's_axis_tx_meta_read' <Predicate = (gi_state_load == 0 & tmp_i)> <Delay = 0.00> <CoreInst = "axis">   --->   Core 123 'axis' <Latency = 0> <II = 1> <Delay = 1.00> <Adapter> <Opcode : >
ST_1 : Operation 58 [1/1] (0.00ns)   --->   "%meta_their_address_V = trunc i48 %s_axis_tx_meta_read" [/tools/Xilinx/Vitis_HLS/2021.2/common/technology/autopilot/hls_stream_39.h:144]   --->   Operation 58 'trunc' 'meta_their_address_V' <Predicate = (gi_state_load == 0 & tmp_i)> <Delay = 0.00>
ST_1 : Operation 59 [1/1] (0.00ns)   --->   "%meta_length_V = partselect i16 @_ssdm_op_PartSelect.i16.i48.i32.i32, i48 %s_axis_tx_meta_read, i32 32, i32 47" [/tools/Xilinx/Vitis_HLS/2021.2/common/technology/autopilot/hls_stream_39.h:144]   --->   Operation 59 'partselect' 'meta_length_V' <Predicate = (gi_state_load == 0 & tmp_i)> <Delay = 0.00>
ST_1 : Operation 60 [1/1] (0.41ns)   --->   "%store_ln162 = store i16 0, i16 %header_idx_1" [/home/yangz0e/Desktop/Vitis_with_100Gbps_TCP-IP_top_k/fpga-network-stack/hls/ipv4/../packet.hpp:162]   --->   Operation 60 'store' 'store_ln162' <Predicate = (gi_state_load == 0 & tmp_i)> <Delay = 0.41>
ST_1 : Operation 61 [1/1] (0.78ns)   --->   "%len_V = add i16 %meta_length_V, i16 20"   --->   Operation 61 'add' 'len_V' <Predicate = (gi_state_load == 0 & tmp_i)> <Delay = 0.78> <CoreInst = "Adder">   --->   Core 1 'Adder' <Latency = 0> <II = 1> <Delay = 0.78> <FuncUnit> <Opcode : 'add' 'sub'> <InPorts = 2> <OutPorts = 1>
ST_1 : Operation 62 [1/1] (0.00ns)   --->   "%p_Result_i = partselect i8 @_ssdm_op_PartSelect.i8.i16.i32.i32, i16 %len_V, i32 8, i32 15"   --->   Operation 62 'partselect' 'p_Result_i' <Predicate = (gi_state_load == 0 & tmp_i)> <Delay = 0.00>
ST_1 : Operation 63 [1/1] (0.00ns)   --->   "%p_Result_13 = partset i16 @llvm.part.set.i16.i8, i16 0, i8 %p_Result_i, i32 0, i32 7"   --->   Operation 63 'partset' 'p_Result_13' <Predicate = (gi_state_load == 0 & tmp_i)> <Delay = 0.00>
ST_1 : Operation 64 [1/1] (0.00ns)   --->   "%trunc_ln674 = trunc i16 %len_V"   --->   Operation 64 'trunc' 'trunc_ln674' <Predicate = (gi_state_load == 0 & tmp_i)> <Delay = 0.00>
ST_1 : Operation 65 [1/1] (0.00ns)   --->   "%p_Result_14 = partset i16 @llvm.part.set.i16.i8, i16 %p_Result_13, i8 %trunc_ln674, i32 8, i32 15"   --->   Operation 65 'partset' 'p_Result_14' <Predicate = (gi_state_load == 0 & tmp_i)> <Delay = 0.00>
ST_1 : Operation 66 [1/1] (0.00ns)   --->   "%p_Result_15 = partset i160 @llvm.part.set.i160.i16, i160 %p_Val2_s, i16 %p_Result_14, i32 16, i32 31"   --->   Operation 66 'partset' 'p_Result_15' <Predicate = (gi_state_load == 0 & tmp_i)> <Delay = 0.00>
ST_1 : Operation 67 [1/1] (0.00ns)   --->   "%p_Result_16 = partset i160 @llvm.part.set.i160.i32, i160 %p_Result_15, i32 %meta_their_address_V, i32 128, i32 159"   --->   Operation 67 'partset' 'p_Result_16' <Predicate = (gi_state_load == 0 & tmp_i)> <Delay = 0.00>
ST_1 : Operation 68 [1/1] (0.00ns)   --->   "%p_Result_17 = partset i160 @llvm.part.set.i160.i32, i160 %p_Result_16, i32 %local_ipv4_address_read, i32 96, i32 127"   --->   Operation 68 'partset' 'p_Result_17' <Predicate = (gi_state_load == 0 & tmp_i)> <Delay = 0.00>
ST_1 : Operation 69 [1/1] (0.00ns)   --->   "%p_Result_s = partset i160 @llvm.part.set.i160.i8, i160 %p_Result_17, i8 %protocol_read, i32 72, i32 79"   --->   Operation 69 'partset' 'p_Result_s' <Predicate = (gi_state_load == 0 & tmp_i)> <Delay = 0.00>
ST_1 : Operation 70 [1/1] (0.00ns)   --->   "%store_ln414 = store i160 %p_Result_s, i160 %header_header_V_1"   --->   Operation 70 'store' 'store_ln414' <Predicate = (gi_state_load == 0 & tmp_i)> <Delay = 0.00>
ST_1 : Operation 71 [1/1] (0.41ns)   --->   "%store_ln194 = store i2 2, i2 %gi_state" [/home/yangz0e/Desktop/Vitis_with_100Gbps_TCP-IP_top_k/fpga-network-stack/hls/ipv4/ipv4.cpp:194]   --->   Operation 71 'store' 'store_ln194' <Predicate = (gi_state_load == 0 & tmp_i)> <Delay = 0.41>
ST_1 : Operation 72 [1/1] (0.00ns)   --->   "%br_ln196 = br void %._crit_edge2.i" [/home/yangz0e/Desktop/Vitis_with_100Gbps_TCP-IP_top_k/fpga-network-stack/hls/ipv4/ipv4.cpp:196]   --->   Operation 72 'br' 'br_ln196' <Predicate = (gi_state_load == 0 & tmp_i)> <Delay = 0.00>
ST_1 : Operation 73 [1/1] (0.00ns)   --->   "%br_ln197 = br void %ipv4_generate_ipv4<512>.exit" [/home/yangz0e/Desktop/Vitis_with_100Gbps_TCP-IP_top_k/fpga-network-stack/hls/ipv4/ipv4.cpp:197]   --->   Operation 73 'br' 'br_ln197' <Predicate = (gi_state_load == 0)> <Delay = 0.00>

State 2 <SV = 1> <Delay = 1.16>
ST_2 : Operation 74 [1/1] (0.00ns)   --->   "%currWord_data_V_3 = phi i512 %p_Result_19, void, i512 %currWord_data_V, void"   --->   Operation 74 'phi' 'currWord_data_V_3' <Predicate = (gi_state_load == 2 & tmp_i_50)> <Delay = 0.00>
ST_2 : Operation 75 [1/1] (0.00ns)   --->   "%tmp_1 = bitconcatenate i577 @_ssdm_op_BitConcatenate.i577.i65.i512, i65 %tmp, i512 %currWord_data_V_3" [/tools/Xilinx/Vitis_HLS/2021.2/common/technology/autopilot/hls_stream_39.h:173]   --->   Operation 75 'bitconcatenate' 'tmp_1' <Predicate = (gi_state_load == 2 & tmp_i_50)> <Delay = 0.00>
ST_2 : Operation 76 [1/1] (0.00ns)   --->   "%zext_ln173_1 = zext i577 %tmp_1" [/tools/Xilinx/Vitis_HLS/2021.2/common/technology/autopilot/hls_stream_39.h:173]   --->   Operation 76 'zext' 'zext_ln173_1' <Predicate = (gi_state_load == 2 & tmp_i_50)> <Delay = 0.00>
ST_2 : Operation 77 [1/1] (1.16ns)   --->   "%write_ln173 = write void @_ssdm_op_Write.ap_fifo.volatile.i1024P0A, i1024 %m_axis_tx_data_internal, i1024 %zext_ln173_1" [/tools/Xilinx/Vitis_HLS/2021.2/common/technology/autopilot/hls_stream_39.h:173]   --->   Operation 77 'write' 'write_ln173' <Predicate = (gi_state_load == 2 & tmp_i_50)> <Delay = 1.16> <CoreInst = "FIFO_SRL">   --->   Core 81 'FIFO_SRL' <Latency = 0> <II = 1> <Delay = 1.33> <Storage> <Opcode : 'read' 'write' 'nbread' 'nbwrite'> <Ports = 0> <Width = 1024> <Depth = 2> <FIFO>
ST_2 : Operation 78 [1/1] (0.00ns)   --->   "%br_ln226 = br void %._crit_edge3.i" [/home/yangz0e/Desktop/Vitis_with_100Gbps_TCP-IP_top_k/fpga-network-stack/hls/ipv4/ipv4.cpp:226]   --->   Operation 78 'br' 'br_ln226' <Predicate = (gi_state_load == 2 & tmp_i_50)> <Delay = 0.00>
ST_2 : Operation 79 [1/1] (0.00ns)   --->   "%currWord_data_V_1 = phi i512 %p_Result_18, void, i512 0, void"   --->   Operation 79 'phi' 'currWord_data_V_1' <Predicate = (gi_state_load == 1)> <Delay = 0.00>
ST_2 : Operation 80 [1/1] (0.00ns)   --->   "%or_ln = bitconcatenate i513 @_ssdm_op_BitConcatenate.i513.i1.i512, i1 1, i512 %currWord_data_V_1" [/tools/Xilinx/Vitis_HLS/2021.2/common/technology/autopilot/hls_stream_39.h:173]   --->   Operation 80 'bitconcatenate' 'or_ln' <Predicate = (gi_state_load == 1)> <Delay = 0.00>
ST_2 : Operation 81 [1/1] (0.00ns)   --->   "%sext_ln173 = sext i513 %or_ln" [/tools/Xilinx/Vitis_HLS/2021.2/common/technology/autopilot/hls_stream_39.h:173]   --->   Operation 81 'sext' 'sext_ln173' <Predicate = (gi_state_load == 1)> <Delay = 0.00>
ST_2 : Operation 82 [1/1] (0.00ns)   --->   "%zext_ln173 = zext i544 %sext_ln173" [/tools/Xilinx/Vitis_HLS/2021.2/common/technology/autopilot/hls_stream_39.h:173]   --->   Operation 82 'zext' 'zext_ln173' <Predicate = (gi_state_load == 1)> <Delay = 0.00>
ST_2 : Operation 83 [1/1] (1.16ns)   --->   "%write_ln173 = write void @_ssdm_op_Write.ap_fifo.volatile.i1024P0A, i1024 %m_axis_tx_data_internal, i1024 %zext_ln173" [/tools/Xilinx/Vitis_HLS/2021.2/common/technology/autopilot/hls_stream_39.h:173]   --->   Operation 83 'write' 'write_ln173' <Predicate = (gi_state_load == 1)> <Delay = 1.16> <CoreInst = "FIFO_SRL">   --->   Core 81 'FIFO_SRL' <Latency = 0> <II = 1> <Delay = 1.33> <Storage> <Opcode : 'read' 'write' 'nbread' 'nbwrite'> <Ports = 0> <Width = 1024> <Depth = 2> <FIFO>
ST_2 : Operation 84 [1/1] (0.00ns)   --->   "%br_ln213 = br void %ipv4_generate_ipv4<512>.exit" [/home/yangz0e/Desktop/Vitis_with_100Gbps_TCP-IP_top_k/fpga-network-stack/hls/ipv4/ipv4.cpp:213]   --->   Operation 84 'br' 'br_ln213' <Predicate = (gi_state_load == 1)> <Delay = 0.00>
ST_2 : Operation 85 [1/1] (1.16ns)   --->   "%write_ln173 = write void @_ssdm_op_Write.ap_fifo.volatile.i1024P0A, i1024 %m_axis_tx_data_internal, i1024 %tx_shift2ipv4Fifo_read" [/tools/Xilinx/Vitis_HLS/2021.2/common/technology/autopilot/hls_stream_39.h:173]   --->   Operation 85 'write' 'write_ln173' <Predicate = (gi_state_load == 3 & tmp_1_i)> <Delay = 1.16> <CoreInst = "FIFO_SRL">   --->   Core 81 'FIFO_SRL' <Latency = 0> <II = 1> <Delay = 1.33> <Storage> <Opcode : 'read' 'write' 'nbread' 'nbwrite'> <Ports = 0> <Width = 1024> <Depth = 2> <FIFO>
ST_2 : Operation 86 [1/1] (0.00ns)   --->   "%ret_ln0 = ret"   --->   Operation 86 'ret' 'ret_ln0' <Predicate = true> <Delay = 0.00>


============================================================
+ Verbose Summary: Timing violations
============================================================
Target clock period: 3.2ns, clock uncertainty: 0.864ns.

 <State 1>: 1.87ns
The critical path consists of the following:
	fifo read operation ('tx_shift2ipv4Fifo_read_1', /tools/Xilinx/Vitis_HLS/2021.2/common/technology/autopilot/hls_stream_39.h:144) on port 'tx_shift2ipv4Fifo' (/tools/Xilinx/Vitis_HLS/2021.2/common/technology/autopilot/hls_stream_39.h:144) [31]  (1.17 ns)
	'xor' operation ('xor_ln222', /home/yangz0e/Desktop/Vitis_with_100Gbps_TCP-IP_top_k/fpga-network-stack/hls/ipv4/ipv4.cpp:222) [48]  (0 ns)
	'select' operation ('select_ln222_cast_i', /home/yangz0e/Desktop/Vitis_with_100Gbps_TCP-IP_top_k/fpga-network-stack/hls/ipv4/ipv4.cpp:222) [49]  (0.278 ns)
	'store' operation ('store_ln222', /home/yangz0e/Desktop/Vitis_with_100Gbps_TCP-IP_top_k/fpga-network-stack/hls/ipv4/ipv4.cpp:222) of variable 'select_ln222_cast_i', /home/yangz0e/Desktop/Vitis_with_100Gbps_TCP-IP_top_k/fpga-network-stack/hls/ipv4/ipv4.cpp:222 on static variable 'gi_state' [50]  (0.42 ns)

 <State 2>: 1.17ns
The critical path consists of the following:
	fifo write operation ('write_ln173', /tools/Xilinx/Vitis_HLS/2021.2/common/technology/autopilot/hls_stream_39.h:173) on port 'm_axis_tx_data_internal' (/tools/Xilinx/Vitis_HLS/2021.2/common/technology/autopilot/hls_stream_39.h:173) [77]  (1.17 ns)


============================================================
+ Verbose Summary: Binding
============================================================
N/A
* FSMD analyzer results:
  - Output states:
 - Input state : 
  - Chain level:
	State 1
	State 2


============================================================
+ Verbose Summary: Datapath Resource usage 
============================================================
N/A
