

================================================================
== Vitis HLS Report for 'lshiftWordByOctet_512_51_s'
================================================================
* Date:           Sat Mar 18 14:38:38 2023

* Version:        2021.2 (Build 3367213 on Tue Oct 19 02:47:39 MDT 2021)
* Project:        toe_prj
* Solution:       solution1 (Vivado IP Flow Target)
* Product family: virtexuplus
* Target device:  xcu280-fsvh2892-2L-e


================================================================
== Performance Estimates
================================================================
+ Timing: 
    * Summary: 
    +--------+---------+----------+------------+
    |  Clock |  Target | Estimated| Uncertainty|
    +--------+---------+----------+------------+
    |ap_clk  |  3.20 ns|  2.536 ns|     0.86 ns|
    +--------+---------+----------+------------+

+ Latency: 
    * Summary: 
    +---------+---------+----------+----------+-----+-----+---------+
    |  Latency (cycles) |  Latency (absolute) |  Interval | Pipeline|
    |   min   |   max   |    min   |    max   | min | max |   Type  |
    +---------+---------+----------+----------+-----+-----+---------+
    |        1|        1|  3.200 ns|  3.200 ns|    1|    1|      yes|
    +---------+---------+----------+----------+-----+-----+---------+

    + Detail: 
        * Instance: 
        N/A

        * Loop: 
        N/A

============================================================
+ Verbose Summary: Synthesis Manager
============================================================
InlineROM: 1
ExposeGlobal: 0
============================================================
+ Verbose Summary: CDFG Model
============================================================
IsTopModel: 0
ResetActiveHigh: 1
IsCombinational: 2
IsDatapathOnly: 0
HasWiredReturn: 1
HasMFsm: 2
HasVarLatency: 0
IsPipeline: 1
IsRtlPipelined: 1
IsInstanceOverlapped: 0
IsDontTouch: 0
HasImplIP: 0
IsGatedGlobalClock: 0

+ Individual pipeline summary: 
  * Pipeline-0: initiation interval (II) = 1, depth = 2


============================================================
+ Verbose Summary: Schedule
============================================================
* Number of FSM states : 2
* Pipeline : 1
  Pipeline-0 : II = 1, D = 2, States = { 1 2 }
* Dataflow Pipeline: 0

* FSM state transitions: 
1 --> 2 
2 --> 

* FSM state operations: 

State 1 <SV = 0> <Delay = 2.53>
ST_1 : Operation 3 [1/1] (0.00ns)   --->   "%specinterface_ln0 = specinterface void @_ssdm_op_SpecInterface, i577 %txEng_shift2pseudoFifo, void @empty_0, i32 0, i32 0, void @empty_3, i32 0, i32 0, void @empty_3, void @empty_3, void @empty_3, i32 0, i32 0, i32 0, i32 0, void @empty_3, void @empty_3"   --->   Operation 3 'specinterface' 'specinterface_ln0' <Predicate = true> <Delay = 0.00>
ST_1 : Operation 4 [1/1] (0.00ns)   --->   "%specinterface_ln0 = specinterface void @_ssdm_op_SpecInterface, i577 %txEng_shift2pseudoFifo, void @empty_0, i32 0, i32 0, void @empty_3, i32 0, i32 0, void @empty_3, void @empty_3, void @empty_3, i32 0, i32 0, i32 0, i32 0, void @empty_3, void @empty_3"   --->   Operation 4 'specinterface' 'specinterface_ln0' <Predicate = true> <Delay = 0.00>
ST_1 : Operation 5 [1/1] (0.00ns)   --->   "%specinterface_ln0 = specinterface void @_ssdm_op_SpecInterface, i577 %txEng_shift2pseudoFifo, void @empty_0, i32 0, i32 0, void @empty_3, i32 0, i32 0, void @empty_3, void @empty_3, void @empty_3, i32 0, i32 0, i32 0, i32 0, void @empty_3, void @empty_3"   --->   Operation 5 'specinterface' 'specinterface_ln0' <Predicate = true> <Delay = 0.00>
ST_1 : Operation 6 [1/1] (0.00ns)   --->   "%specinterface_ln0 = specinterface void @_ssdm_op_SpecInterface, i577 %txEng_tcpPkgBuffer0, void @empty_0, i32 0, i32 0, void @empty_3, i32 0, i32 0, void @empty_3, void @empty_3, void @empty_3, i32 0, i32 0, i32 0, i32 0, void @empty_3, void @empty_3"   --->   Operation 6 'specinterface' 'specinterface_ln0' <Predicate = true> <Delay = 0.00>
ST_1 : Operation 7 [1/1] (0.00ns)   --->   "%specinterface_ln0 = specinterface void @_ssdm_op_SpecInterface, i577 %txEng_tcpPkgBuffer0, void @empty_0, i32 0, i32 0, void @empty_3, i32 0, i32 0, void @empty_3, void @empty_3, void @empty_3, i32 0, i32 0, i32 0, i32 0, void @empty_3, void @empty_3"   --->   Operation 7 'specinterface' 'specinterface_ln0' <Predicate = true> <Delay = 0.00>
ST_1 : Operation 8 [1/1] (0.00ns)   --->   "%specinterface_ln0 = specinterface void @_ssdm_op_SpecInterface, i577 %txEng_tcpPkgBuffer0, void @empty_0, i32 0, i32 0, void @empty_3, i32 0, i32 0, void @empty_3, void @empty_3, void @empty_3, i32 0, i32 0, i32 0, i32 0, void @empty_3, void @empty_3"   --->   Operation 8 'specinterface' 'specinterface_ln0' <Predicate = true> <Delay = 0.00>
ST_1 : Operation 9 [1/1] (0.00ns)   --->   "%specinterface_ln0 = specinterface void @_ssdm_op_SpecInterface, i577 %txEng_shift2pseudoFifo, void @empty_0, i32 0, i32 0, void @empty_3, i32 0, i32 0, void @empty_3, void @empty_3, void @empty_3, i32 0, i32 0, i32 0, i32 0, void @empty_3, void @empty_3"   --->   Operation 9 'specinterface' 'specinterface_ln0' <Predicate = true> <Delay = 0.00>
ST_1 : Operation 10 [1/1] (0.00ns)   --->   "%specinterface_ln0 = specinterface void @_ssdm_op_SpecInterface, i577 %txEng_tcpPkgBuffer0, void @empty_0, i32 0, i32 0, void @empty_3, i32 0, i32 0, void @empty_3, void @empty_3, void @empty_3, i32 0, i32 0, i32 0, i32 0, void @empty_3, void @empty_3"   --->   Operation 10 'specinterface' 'specinterface_ln0' <Predicate = true> <Delay = 0.00>
ST_1 : Operation 11 [1/1] (0.00ns)   --->   "%specpipeline_ln564 = specpipeline void @_ssdm_op_SpecPipeline, i32 1, i32 0, i32 0, i32 0, void @empty_3" [/home/yangz0e/Desktop/Vitis_with_100Gbps_TCP-IP_top_k/fpga-network-stack/hls/toe/tx_engine/../../axi_utils.hpp:564]   --->   Operation 11 'specpipeline' 'specpipeline_ln564' <Predicate = true> <Delay = 0.00>
ST_1 : Operation 12 [1/1] (0.00ns)   --->   "%ls_writeRemainder_1_load = load i1 %ls_writeRemainder_1" [/home/yangz0e/Desktop/Vitis_with_100Gbps_TCP-IP_top_k/fpga-network-stack/hls/toe/tx_engine/../../axi_utils.hpp:578]   --->   Operation 12 'load' 'ls_writeRemainder_1_load' <Predicate = true> <Delay = 0.00>
ST_1 : Operation 13 [1/1] (0.00ns)   --->   "%p_Val2_s = load i512 %prevWord_data_V_9"   --->   Operation 13 'load' 'p_Val2_s' <Predicate = true> <Delay = 0.00>
ST_1 : Operation 14 [1/1] (0.00ns)   --->   "%p_Val2_48 = load i64 %prevWord_keep_V_3"   --->   Operation 14 'load' 'p_Val2_48' <Predicate = true> <Delay = 0.00>
ST_1 : Operation 15 [1/1] (0.00ns)   --->   "%br_ln578 = br i1 %ls_writeRemainder_1_load, void, void" [/home/yangz0e/Desktop/Vitis_with_100Gbps_TCP-IP_top_k/fpga-network-stack/hls/toe/tx_engine/../../axi_utils.hpp:578]   --->   Operation 15 'br' 'br_ln578' <Predicate = true> <Delay = 0.00>
ST_1 : Operation 16 [1/1] (0.00ns)   --->   "%tmp_i = nbreadreq i1 @_ssdm_op_NbReadReq.ap_fifo.i577P0A, i577 %txEng_tcpPkgBuffer0, i32 1" [/tools/Xilinx/Vitis_HLS/2021.2/common/technology/autopilot/hls_stream_39.h:135]   --->   Operation 16 'nbreadreq' 'tmp_i' <Predicate = (!ls_writeRemainder_1_load)> <Delay = 0.00> <CoreInst = "FIFO_SRL">   --->   Core 81 'FIFO_SRL' <Latency = 0> <II = 1> <Delay = 1.33> <Storage> <Opcode : 'read' 'write' 'nbread' 'nbwrite'> <Ports = 0> <Width = 577> <Depth = 2> <FIFO>
ST_1 : Operation 17 [1/1] (0.00ns)   --->   "%br_ln589 = br i1 %tmp_i, void %._crit_edge1.i, void %_ifconv" [/home/yangz0e/Desktop/Vitis_with_100Gbps_TCP-IP_top_k/fpga-network-stack/hls/toe/tx_engine/../../axi_utils.hpp:589]   --->   Operation 17 'br' 'br_ln589' <Predicate = (!ls_writeRemainder_1_load)> <Delay = 0.00>
ST_1 : Operation 18 [1/1] (1.16ns)   --->   "%txEng_tcpPkgBuffer0_read = read i577 @_ssdm_op_Read.ap_fifo.volatile.i577P0A, i577 %txEng_tcpPkgBuffer0" [/tools/Xilinx/Vitis_HLS/2021.2/common/technology/autopilot/hls_stream_39.h:144]   --->   Operation 18 'read' 'txEng_tcpPkgBuffer0_read' <Predicate = (!ls_writeRemainder_1_load & tmp_i)> <Delay = 1.16> <CoreInst = "FIFO_SRL">   --->   Core 81 'FIFO_SRL' <Latency = 0> <II = 1> <Delay = 1.33> <Storage> <Opcode : 'read' 'write' 'nbread' 'nbwrite'> <Ports = 0> <Width = 577> <Depth = 2> <FIFO>
ST_1 : Operation 19 [1/1] (0.00ns)   --->   "%currWord_data_V = trunc i577 %txEng_tcpPkgBuffer0_read" [/tools/Xilinx/Vitis_HLS/2021.2/common/technology/autopilot/hls_stream_39.h:144]   --->   Operation 19 'trunc' 'currWord_data_V' <Predicate = (!ls_writeRemainder_1_load & tmp_i)> <Delay = 0.00>
ST_1 : Operation 20 [1/1] (0.00ns)   --->   "%currWord_keep_V = partselect i64 @_ssdm_op_PartSelect.i64.i577.i32.i32, i577 %txEng_tcpPkgBuffer0_read, i32 512, i32 575" [/tools/Xilinx/Vitis_HLS/2021.2/common/technology/autopilot/hls_stream_39.h:144]   --->   Operation 20 'partselect' 'currWord_keep_V' <Predicate = (!ls_writeRemainder_1_load & tmp_i)> <Delay = 0.00>
ST_1 : Operation 21 [1/1] (0.00ns)   --->   "%currWord_last_V = bitselect i1 @_ssdm_op_BitSelect.i1.i577.i32, i577 %txEng_tcpPkgBuffer0_read, i32 576" [/tools/Xilinx/Vitis_HLS/2021.2/common/technology/autopilot/hls_stream_39.h:144]   --->   Operation 21 'bitselect' 'currWord_last_V' <Predicate = (!ls_writeRemainder_1_load & tmp_i)> <Delay = 0.00>
ST_1 : Operation 22 [1/1] (0.00ns)   --->   "%trunc_ln674 = trunc i577 %txEng_tcpPkgBuffer0_read"   --->   Operation 22 'trunc' 'trunc_ln674' <Predicate = (!ls_writeRemainder_1_load & tmp_i)> <Delay = 0.00>
ST_1 : Operation 23 [1/1] (0.00ns)   --->   "%p_Result_546_i = partselect i32 @_ssdm_op_PartSelect.i32.i577.i32.i32, i577 %txEng_tcpPkgBuffer0_read, i32 512, i32 543"   --->   Operation 23 'partselect' 'p_Result_546_i' <Predicate = (!ls_writeRemainder_1_load & tmp_i)> <Delay = 0.00>
ST_1 : Operation 24 [1/1] (0.00ns)   --->   "%p_Result_547_i = partselect i32 @_ssdm_op_PartSelect.i32.i577.i32.i32, i577 %txEng_tcpPkgBuffer0_read, i32 544, i32 575"   --->   Operation 24 'partselect' 'p_Result_547_i' <Predicate = (!ls_writeRemainder_1_load & tmp_i)> <Delay = 0.00>
ST_1 : Operation 25 [1/1] (0.85ns)   --->   "%sendWord_last_V = icmp_eq  i32 %p_Result_547_i, i32 0"   --->   Operation 25 'icmp' 'sendWord_last_V' <Predicate = (!ls_writeRemainder_1_load & tmp_i)> <Delay = 0.85> <CoreInst = "Cmp">   --->   Core 9 'Cmp' <Latency = 0> <II = 1> <Delay = 0.85> <FuncUnit> <Opcode : 'icmp'> <InPorts = 2> <OutPorts = 1>
ST_1 : Operation 26 [1/1] (0.00ns)   --->   "%store_ln621 = store i512 %currWord_data_V, i512 %prevWord_data_V_9" [/home/yangz0e/Desktop/Vitis_with_100Gbps_TCP-IP_top_k/fpga-network-stack/hls/toe/tx_engine/../../axi_utils.hpp:621]   --->   Operation 26 'store' 'store_ln621' <Predicate = (!ls_writeRemainder_1_load & tmp_i)> <Delay = 0.00>
ST_1 : Operation 27 [1/1] (0.00ns)   --->   "%store_ln621 = store i64 %currWord_keep_V, i64 %prevWord_keep_V_3" [/home/yangz0e/Desktop/Vitis_with_100Gbps_TCP-IP_top_k/fpga-network-stack/hls/toe/tx_engine/../../axi_utils.hpp:621]   --->   Operation 27 'store' 'store_ln621' <Predicate = (!ls_writeRemainder_1_load & tmp_i)> <Delay = 0.00>
ST_1 : Operation 28 [1/1] (0.38ns)   --->   "%br_ln623 = br i1 %currWord_last_V, void %mergeST.i, void" [/home/yangz0e/Desktop/Vitis_with_100Gbps_TCP-IP_top_k/fpga-network-stack/hls/toe/tx_engine/../../axi_utils.hpp:623]   --->   Operation 28 'br' 'br_ln623' <Predicate = (!ls_writeRemainder_1_load & tmp_i)> <Delay = 0.38>
ST_1 : Operation 29 [1/1] (0.12ns)   --->   "%xor_ln946 = xor i1 %sendWord_last_V, i1 1"   --->   Operation 29 'xor' 'xor_ln946' <Predicate = (!ls_writeRemainder_1_load & tmp_i & currWord_last_V)> <Delay = 0.12> <CoreInst = "LogicGate">   --->   Core 74 'LogicGate' <Latency = 0> <II = 1> <Delay = 0.12> <FuncUnit> <Opcode : 'and' 'or' 'xor'> <InPorts = 2> <OutPorts = 1>
ST_1 : Operation 30 [1/1] (0.38ns)   --->   "%store_ln626 = store i1 %xor_ln946, i1 %ls_writeRemainder_1" [/home/yangz0e/Desktop/Vitis_with_100Gbps_TCP-IP_top_k/fpga-network-stack/hls/toe/tx_engine/../../axi_utils.hpp:626]   --->   Operation 30 'store' 'store_ln626' <Predicate = (!ls_writeRemainder_1_load & tmp_i & currWord_last_V)> <Delay = 0.38>
ST_1 : Operation 31 [1/1] (0.38ns)   --->   "%br_ln627 = br void %mergeST.i" [/home/yangz0e/Desktop/Vitis_with_100Gbps_TCP-IP_top_k/fpga-network-stack/hls/toe/tx_engine/../../axi_utils.hpp:627]   --->   Operation 31 'br' 'br_ln627' <Predicate = (!ls_writeRemainder_1_load & tmp_i & currWord_last_V)> <Delay = 0.38>
ST_1 : Operation 32 [1/1] (0.00ns)   --->   "%br_ln0 = br void %lshiftWordByOctet<512, 51>.exit"   --->   Operation 32 'br' 'br_ln0' <Predicate = (!ls_writeRemainder_1_load)> <Delay = 0.00>
ST_1 : Operation 33 [1/1] (0.38ns)   --->   "%store_ln587 = store i1 0, i1 %ls_writeRemainder_1" [/home/yangz0e/Desktop/Vitis_with_100Gbps_TCP-IP_top_k/fpga-network-stack/hls/toe/tx_engine/../../axi_utils.hpp:587]   --->   Operation 33 'store' 'store_ln587' <Predicate = (ls_writeRemainder_1_load)> <Delay = 0.38>

State 2 <SV = 1> <Delay = 1.74>
ST_2 : Operation 34 [1/1] (0.00ns)   --->   "%ls_firstWord_1_load = load i1 %ls_firstWord_1" [/home/yangz0e/Desktop/Vitis_with_100Gbps_TCP-IP_top_k/fpga-network-stack/hls/toe/tx_engine/../../axi_utils.hpp:600]   --->   Operation 34 'load' 'ls_firstWord_1_load' <Predicate = (!ls_writeRemainder_1_load & tmp_i)> <Delay = 0.00>
ST_2 : Operation 35 [1/1] (0.00ns)   --->   "%p_Result_s = bitconcatenate i512 @_ssdm_op_BitConcatenate.i512.i256.i256, i256 %trunc_ln674, i256 0"   --->   Operation 35 'bitconcatenate' 'p_Result_s' <Predicate = (!ls_writeRemainder_1_load & tmp_i)> <Delay = 0.00>
ST_2 : Operation 36 [1/1] (0.00ns)   --->   "%p_Result_207 = bitconcatenate i64 @_ssdm_op_BitConcatenate.i64.i32.i32, i32 %p_Result_546_i, i32 4294967295"   --->   Operation 36 'bitconcatenate' 'p_Result_207' <Predicate = (!ls_writeRemainder_1_load & tmp_i)> <Delay = 0.00>
ST_2 : Operation 37 [1/1] (0.00ns)   --->   "%p_Result_550_i = partselect i256 @_ssdm_op_PartSelect.i256.i512.i32.i32, i512 %p_Val2_s, i32 256, i32 511"   --->   Operation 37 'partselect' 'p_Result_550_i' <Predicate = (!ls_writeRemainder_1_load & tmp_i)> <Delay = 0.00>
ST_2 : Operation 38 [1/1] (0.00ns)   --->   "%p_Result_208 = bitconcatenate i512 @_ssdm_op_BitConcatenate.i512.i256.i256, i256 %trunc_ln674, i256 %p_Result_550_i"   --->   Operation 38 'bitconcatenate' 'p_Result_208' <Predicate = (!ls_writeRemainder_1_load & tmp_i)> <Delay = 0.00>
ST_2 : Operation 39 [1/1] (0.00ns)   --->   "%p_Result_552_i = partselect i32 @_ssdm_op_PartSelect.i32.i64.i32.i32, i64 %p_Val2_48, i32 32, i32 63"   --->   Operation 39 'partselect' 'p_Result_552_i' <Predicate = (!ls_writeRemainder_1_load & tmp_i)> <Delay = 0.00>
ST_2 : Operation 40 [1/1] (0.00ns)   --->   "%p_Result_209 = bitconcatenate i64 @_ssdm_op_BitConcatenate.i64.i32.i32, i32 %p_Result_546_i, i32 %p_Result_552_i"   --->   Operation 40 'bitconcatenate' 'p_Result_209' <Predicate = (!ls_writeRemainder_1_load & tmp_i)> <Delay = 0.00>
ST_2 : Operation 41 [1/1] (0.57ns)   --->   "%sendWord_data_V_13 = select i1 %ls_firstWord_1_load, i512 %p_Result_s, i512 %p_Result_208" [/home/yangz0e/Desktop/Vitis_with_100Gbps_TCP-IP_top_k/fpga-network-stack/hls/toe/tx_engine/../../axi_utils.hpp:600]   --->   Operation 41 'select' 'sendWord_data_V_13' <Predicate = (!ls_writeRemainder_1_load & tmp_i)> <Delay = 0.57> <CoreInst = "Sel">   --->   Core 73 'Sel' <Latency = 0> <II = 1> <Delay = 0.41> <FuncUnit> <Opcode : 'select'> <InPorts = 3> <OutPorts = 1>
ST_2 : Operation 42 [1/1] (0.41ns)   --->   "%select_ln600 = select i1 %ls_firstWord_1_load, i64 %p_Result_207, i64 %p_Result_209" [/home/yangz0e/Desktop/Vitis_with_100Gbps_TCP-IP_top_k/fpga-network-stack/hls/toe/tx_engine/../../axi_utils.hpp:600]   --->   Operation 42 'select' 'select_ln600' <Predicate = (!ls_writeRemainder_1_load & tmp_i)> <Delay = 0.41> <CoreInst = "Sel">   --->   Core 73 'Sel' <Latency = 0> <II = 1> <Delay = 0.41> <FuncUnit> <Opcode : 'select'> <InPorts = 3> <OutPorts = 1>
ST_2 : Operation 43 [1/1] (0.00ns)   --->   "%p_03 = bitconcatenate i577 @_ssdm_op_BitConcatenate.i577.i1.i64.i512, i1 %sendWord_last_V, i64 %select_ln600, i512 %sendWord_data_V_13" [/tools/Xilinx/Vitis_HLS/2021.2/common/technology/autopilot/hls_stream_39.h:173]   --->   Operation 43 'bitconcatenate' 'p_03' <Predicate = (!ls_writeRemainder_1_load & tmp_i)> <Delay = 0.00>
ST_2 : Operation 44 [1/1] (1.16ns)   --->   "%write_ln173 = write void @_ssdm_op_Write.ap_fifo.volatile.i577P0A, i577 %txEng_shift2pseudoFifo, i577 %p_03" [/tools/Xilinx/Vitis_HLS/2021.2/common/technology/autopilot/hls_stream_39.h:173]   --->   Operation 44 'write' 'write_ln173' <Predicate = (!ls_writeRemainder_1_load & tmp_i)> <Delay = 1.16> <CoreInst = "FIFO_SRL">   --->   Core 81 'FIFO_SRL' <Latency = 0> <II = 1> <Delay = 1.33> <Storage> <Opcode : 'read' 'write' 'nbread' 'nbwrite'> <Ports = 0> <Width = 577> <Depth = 2> <FIFO>
ST_2 : Operation 45 [1/1] (0.00ns)   --->   "%ls_firstWord_3_new_0_i = phi i1 1, void, i1 0, void %_ifconv"   --->   Operation 45 'phi' 'ls_firstWord_3_new_0_i' <Predicate = (!ls_writeRemainder_1_load & tmp_i)> <Delay = 0.00>
ST_2 : Operation 46 [1/1] (0.00ns)   --->   "%store_ln622 = store i1 %ls_firstWord_3_new_0_i, i1 %ls_firstWord_1" [/home/yangz0e/Desktop/Vitis_with_100Gbps_TCP-IP_top_k/fpga-network-stack/hls/toe/tx_engine/../../axi_utils.hpp:622]   --->   Operation 46 'store' 'store_ln622' <Predicate = (!ls_writeRemainder_1_load & tmp_i)> <Delay = 0.00>
ST_2 : Operation 47 [1/1] (0.00ns)   --->   "%br_ln629 = br void %._crit_edge1.i" [/home/yangz0e/Desktop/Vitis_with_100Gbps_TCP-IP_top_k/fpga-network-stack/hls/toe/tx_engine/../../axi_utils.hpp:629]   --->   Operation 47 'br' 'br_ln629' <Predicate = (!ls_writeRemainder_1_load & tmp_i)> <Delay = 0.00>
ST_2 : Operation 48 [1/1] (0.00ns)   --->   "%p_Result_i = partselect i256 @_ssdm_op_PartSelect.i256.i512.i32.i32, i512 %p_Val2_s, i32 256, i32 511"   --->   Operation 48 'partselect' 'p_Result_i' <Predicate = (ls_writeRemainder_1_load)> <Delay = 0.00>
ST_2 : Operation 49 [1/1] (0.00ns)   --->   "%p_Result_i_332 = partselect i32 @_ssdm_op_PartSelect.i32.i64.i32.i32, i64 %p_Val2_48, i32 32, i32 63"   --->   Operation 49 'partselect' 'p_Result_i_332' <Predicate = (ls_writeRemainder_1_load)> <Delay = 0.00>
ST_2 : Operation 50 [1/1] (0.00ns)   --->   "%p_0 = bitconcatenate i577 @_ssdm_op_BitConcatenate.i577.i33.i32.i256.i256, i33 4294967296, i32 %p_Result_i_332, i256 0, i256 %p_Result_i" [/tools/Xilinx/Vitis_HLS/2021.2/common/technology/autopilot/hls_stream_39.h:173]   --->   Operation 50 'bitconcatenate' 'p_0' <Predicate = (ls_writeRemainder_1_load)> <Delay = 0.00>
ST_2 : Operation 51 [1/1] (1.16ns)   --->   "%write_ln173 = write void @_ssdm_op_Write.ap_fifo.volatile.i577P0A, i577 %txEng_shift2pseudoFifo, i577 %p_0" [/tools/Xilinx/Vitis_HLS/2021.2/common/technology/autopilot/hls_stream_39.h:173]   --->   Operation 51 'write' 'write_ln173' <Predicate = (ls_writeRemainder_1_load)> <Delay = 1.16> <CoreInst = "FIFO_SRL">   --->   Core 81 'FIFO_SRL' <Latency = 0> <II = 1> <Delay = 1.33> <Storage> <Opcode : 'read' 'write' 'nbread' 'nbwrite'> <Ports = 0> <Width = 577> <Depth = 2> <FIFO>
ST_2 : Operation 52 [1/1] (0.00ns)   --->   "%br_ln588 = br void %lshiftWordByOctet<512, 51>.exit" [/home/yangz0e/Desktop/Vitis_with_100Gbps_TCP-IP_top_k/fpga-network-stack/hls/toe/tx_engine/../../axi_utils.hpp:588]   --->   Operation 52 'br' 'br_ln588' <Predicate = (ls_writeRemainder_1_load)> <Delay = 0.00>
ST_2 : Operation 53 [1/1] (0.00ns)   --->   "%ret_ln0 = ret"   --->   Operation 53 'ret' 'ret_ln0' <Predicate = true> <Delay = 0.00>


============================================================
+ Verbose Summary: Timing violations
============================================================
Target clock period: 3.2ns, clock uncertainty: 0.864ns.

 <State 1>: 2.54ns
The critical path consists of the following:
	fifo read operation ('txEng_tcpPkgBuffer0_read', /tools/Xilinx/Vitis_HLS/2021.2/common/technology/autopilot/hls_stream_39.h:144) on port 'txEng_tcpPkgBuffer0' (/tools/Xilinx/Vitis_HLS/2021.2/common/technology/autopilot/hls_stream_39.h:144) [24]  (1.17 ns)
	'icmp' operation ('sendWord.last.V') [32]  (0.859 ns)
	'xor' operation ('xor_ln946') [47]  (0.122 ns)
	'store' operation ('store_ln626', /home/yangz0e/Desktop/Vitis_with_100Gbps_TCP-IP_top_k/fpga-network-stack/hls/toe/tx_engine/../../axi_utils.hpp:626) of variable 'xor_ln946' on static variable 'ls_writeRemainder_1' [48]  (0.387 ns)

 <State 2>: 1.75ns
The critical path consists of the following:
	'load' operation ('ls_firstWord_1_load', /home/yangz0e/Desktop/Vitis_with_100Gbps_TCP-IP_top_k/fpga-network-stack/hls/toe/tx_engine/../../axi_utils.hpp:600) on static variable 'ls_firstWord_1' [28]  (0 ns)
	'select' operation ('sendWord.data.V', /home/yangz0e/Desktop/Vitis_with_100Gbps_TCP-IP_top_k/fpga-network-stack/hls/toe/tx_engine/../../axi_utils.hpp:600) [39]  (0.578 ns)
	fifo write operation ('write_ln173', /tools/Xilinx/Vitis_HLS/2021.2/common/technology/autopilot/hls_stream_39.h:173) on port 'txEng_shift2pseudoFifo' (/tools/Xilinx/Vitis_HLS/2021.2/common/technology/autopilot/hls_stream_39.h:173) [42]  (1.17 ns)


============================================================
+ Verbose Summary: Binding
============================================================
N/A
* FSMD analyzer results:
  - Output states:
 - Input state : 
  - Chain level:
	State 1
	State 2


============================================================
+ Verbose Summary: Datapath Resource usage 
============================================================
N/A
