

================================================================
== Vitis HLS Report for 'rshiftWordByOctet_net_axis_512_512_3_s'
================================================================
* Date:           Sat Mar 18 14:38:33 2023

* Version:        2021.2 (Build 3367213 on Tue Oct 19 02:47:39 MDT 2021)
* Project:        toe_prj
* Solution:       solution1 (Vivado IP Flow Target)
* Product family: virtexuplus
* Target device:  xcu280-fsvh2892-2L-e


================================================================
== Performance Estimates
================================================================
+ Timing: 
    * Summary: 
    +--------+---------+----------+------------+
    |  Clock |  Target | Estimated| Uncertainty|
    +--------+---------+----------+------------+
    |ap_clk  |  3.20 ns|  2.536 ns|     0.86 ns|
    +--------+---------+----------+------------+

+ Latency: 
    * Summary: 
    +---------+---------+----------+----------+-----+-----+---------+
    |  Latency (cycles) |  Latency (absolute) |  Interval | Pipeline|
    |   min   |   max   |    min   |    max   | min | max |   Type  |
    +---------+---------+----------+----------+-----+-----+---------+
    |        1|        1|  3.200 ns|  3.200 ns|    1|    1|      yes|
    +---------+---------+----------+----------+-----+-----+---------+

    + Detail: 
        * Instance: 
        N/A

        * Loop: 
        N/A

============================================================
+ Verbose Summary: Synthesis Manager
============================================================
InlineROM: 1
ExposeGlobal: 0
============================================================
+ Verbose Summary: CDFG Model
============================================================
IsTopModel: 0
ResetActiveHigh: 1
IsCombinational: 2
IsDatapathOnly: 0
HasWiredReturn: 1
HasMFsm: 2
HasVarLatency: 0
IsPipeline: 1
IsRtlPipelined: 1
IsInstanceOverlapped: 0
IsDontTouch: 0
HasImplIP: 0
IsGatedGlobalClock: 0

+ Individual pipeline summary: 
  * Pipeline-0: initiation interval (II) = 1, depth = 2


============================================================
+ Verbose Summary: Schedule
============================================================
* Number of FSM states : 2
* Pipeline : 1
  Pipeline-0 : II = 1, D = 2, States = { 1 2 }
* Dataflow Pipeline: 0

* FSM state transitions: 
1 --> 2 
2 --> 

* FSM state operations: 

State 1 <SV = 0> <Delay = 2.53>
ST_1 : Operation 3 [1/1] (0.00ns)   --->   "%specinterface_ln0 = specinterface void @_ssdm_op_SpecInterface, i577 %rxEng_dataBuffer3a, void @empty_0, i32 0, i32 0, void @empty_3, i32 0, i32 0, void @empty_3, void @empty_3, void @empty_3, i32 0, i32 0, i32 0, i32 0, void @empty_3, void @empty_3"   --->   Operation 3 'specinterface' 'specinterface_ln0' <Predicate = true> <Delay = 0.00>
ST_1 : Operation 4 [1/1] (0.00ns)   --->   "%specinterface_ln0 = specinterface void @_ssdm_op_SpecInterface, i577 %rxEng_dataBuffer3a, void @empty_0, i32 0, i32 0, void @empty_3, i32 0, i32 0, void @empty_3, void @empty_3, void @empty_3, i32 0, i32 0, i32 0, i32 0, void @empty_3, void @empty_3"   --->   Operation 4 'specinterface' 'specinterface_ln0' <Predicate = true> <Delay = 0.00>
ST_1 : Operation 5 [1/1] (0.00ns)   --->   "%specinterface_ln0 = specinterface void @_ssdm_op_SpecInterface, i577 %rxEng_dataBuffer3a, void @empty_0, i32 0, i32 0, void @empty_3, i32 0, i32 0, void @empty_3, void @empty_3, void @empty_3, i32 0, i32 0, i32 0, i32 0, void @empty_3, void @empty_3"   --->   Operation 5 'specinterface' 'specinterface_ln0' <Predicate = true> <Delay = 0.00>
ST_1 : Operation 6 [1/1] (0.00ns)   --->   "%specinterface_ln0 = specinterface void @_ssdm_op_SpecInterface, i577 %rxEng_dataBuffer3b, void @empty_0, i32 0, i32 0, void @empty_3, i32 0, i32 0, void @empty_3, void @empty_3, void @empty_3, i32 0, i32 0, i32 0, i32 0, void @empty_3, void @empty_3"   --->   Operation 6 'specinterface' 'specinterface_ln0' <Predicate = true> <Delay = 0.00>
ST_1 : Operation 7 [1/1] (0.00ns)   --->   "%specinterface_ln0 = specinterface void @_ssdm_op_SpecInterface, i577 %rxEng_dataBuffer3b, void @empty_0, i32 0, i32 0, void @empty_3, i32 0, i32 0, void @empty_3, void @empty_3, void @empty_3, i32 0, i32 0, i32 0, i32 0, void @empty_3, void @empty_3"   --->   Operation 7 'specinterface' 'specinterface_ln0' <Predicate = true> <Delay = 0.00>
ST_1 : Operation 8 [1/1] (0.00ns)   --->   "%specinterface_ln0 = specinterface void @_ssdm_op_SpecInterface, i577 %rxEng_dataBuffer3b, void @empty_0, i32 0, i32 0, void @empty_3, i32 0, i32 0, void @empty_3, void @empty_3, void @empty_3, i32 0, i32 0, i32 0, i32 0, void @empty_3, void @empty_3"   --->   Operation 8 'specinterface' 'specinterface_ln0' <Predicate = true> <Delay = 0.00>
ST_1 : Operation 9 [1/1] (0.00ns)   --->   "%specinterface_ln0 = specinterface void @_ssdm_op_SpecInterface, i577 %rxEng_dataBuffer3b, void @empty_0, i32 0, i32 0, void @empty_3, i32 0, i32 0, void @empty_3, void @empty_3, void @empty_3, i32 0, i32 0, i32 0, i32 0, void @empty_3, void @empty_3"   --->   Operation 9 'specinterface' 'specinterface_ln0' <Predicate = true> <Delay = 0.00>
ST_1 : Operation 10 [1/1] (0.00ns)   --->   "%specinterface_ln0 = specinterface void @_ssdm_op_SpecInterface, i577 %rxEng_dataBuffer3a, void @empty_0, i32 0, i32 0, void @empty_3, i32 0, i32 0, void @empty_3, void @empty_3, void @empty_3, i32 0, i32 0, i32 0, i32 0, void @empty_3, void @empty_3"   --->   Operation 10 'specinterface' 'specinterface_ln0' <Predicate = true> <Delay = 0.00>
ST_1 : Operation 11 [1/1] (0.00ns)   --->   "%specpipeline_ln489 = specpipeline void @_ssdm_op_SpecPipeline, i32 1, i32 0, i32 0, i32 0, void @empty_3" [/home/yangz0e/Desktop/Vitis_with_100Gbps_TCP-IP_top_k/fpga-network-stack/hls/toe/rx_engine/../../axi_utils.hpp:489]   --->   Operation 11 'specpipeline' 'specpipeline_ln489' <Predicate = true> <Delay = 0.00>
ST_1 : Operation 12 [1/1] (0.00ns)   --->   "%fsmState_1_load = load i1 %fsmState_1" [/home/yangz0e/Desktop/Vitis_with_100Gbps_TCP-IP_top_k/fpga-network-stack/hls/toe/rx_engine/../../axi_utils.hpp:505]   --->   Operation 12 'load' 'fsmState_1_load' <Predicate = true> <Delay = 0.00>
ST_1 : Operation 13 [1/1] (0.00ns)   --->   "%p_Val2_s = load i512 %prevWord_data_V_5"   --->   Operation 13 'load' 'p_Val2_s' <Predicate = true> <Delay = 0.00>
ST_1 : Operation 14 [1/1] (0.00ns)   --->   "%p_Val2_19 = load i64 %prevWord_keep_V_8"   --->   Operation 14 'load' 'p_Val2_19' <Predicate = true> <Delay = 0.00>
ST_1 : Operation 15 [1/1] (0.00ns)   --->   "%br_ln505 = br i1 %fsmState_1_load, void, void" [/home/yangz0e/Desktop/Vitis_with_100Gbps_TCP-IP_top_k/fpga-network-stack/hls/toe/rx_engine/../../axi_utils.hpp:505]   --->   Operation 15 'br' 'br_ln505' <Predicate = true> <Delay = 0.00>
ST_1 : Operation 16 [1/1] (0.00ns)   --->   "%tmp_i = nbreadreq i1 @_ssdm_op_NbReadReq.ap_fifo.i577P0A, i577 %rxEng_dataBuffer3a, i32 1" [/tools/Xilinx/Vitis_HLS/2021.2/common/technology/autopilot/hls_stream_39.h:135]   --->   Operation 16 'nbreadreq' 'tmp_i' <Predicate = (!fsmState_1_load)> <Delay = 0.00> <CoreInst = "FIFO">   --->   Core 78 'FIFO' <Latency = 0> <II = 1> <Delay = 1.26> <Storage> <Opcode : 'read' 'write' 'nbread' 'nbwrite'> <Ports = 0> <Width = 577> <Depth = 8> <FIFO>
ST_1 : Operation 17 [1/1] (0.00ns)   --->   "%br_ln508 = br i1 %tmp_i, void %._crit_edge3.i, void" [/home/yangz0e/Desktop/Vitis_with_100Gbps_TCP-IP_top_k/fpga-network-stack/hls/toe/rx_engine/../../axi_utils.hpp:508]   --->   Operation 17 'br' 'br_ln508' <Predicate = (!fsmState_1_load)> <Delay = 0.00>
ST_1 : Operation 18 [1/1] (1.16ns)   --->   "%rxEng_dataBuffer3a_read = read i577 @_ssdm_op_Read.ap_fifo.volatile.i577P0A, i577 %rxEng_dataBuffer3a" [/tools/Xilinx/Vitis_HLS/2021.2/common/technology/autopilot/hls_stream_39.h:144]   --->   Operation 18 'read' 'rxEng_dataBuffer3a_read' <Predicate = (!fsmState_1_load & tmp_i)> <Delay = 1.16> <CoreInst = "FIFO">   --->   Core 78 'FIFO' <Latency = 0> <II = 1> <Delay = 1.26> <Storage> <Opcode : 'read' 'write' 'nbread' 'nbwrite'> <Ports = 0> <Width = 577> <Depth = 8> <FIFO>
ST_1 : Operation 19 [1/1] (0.00ns)   --->   "%currWord_data_V = trunc i577 %rxEng_dataBuffer3a_read" [/tools/Xilinx/Vitis_HLS/2021.2/common/technology/autopilot/hls_stream_39.h:144]   --->   Operation 19 'trunc' 'currWord_data_V' <Predicate = (!fsmState_1_load & tmp_i)> <Delay = 0.00>
ST_1 : Operation 20 [1/1] (0.00ns)   --->   "%currWord_keep_V = partselect i64 @_ssdm_op_PartSelect.i64.i577.i32.i32, i577 %rxEng_dataBuffer3a_read, i32 512, i32 575" [/tools/Xilinx/Vitis_HLS/2021.2/common/technology/autopilot/hls_stream_39.h:144]   --->   Operation 20 'partselect' 'currWord_keep_V' <Predicate = (!fsmState_1_load & tmp_i)> <Delay = 0.00>
ST_1 : Operation 21 [1/1] (0.00ns)   --->   "%currWord_last_V = bitselect i1 @_ssdm_op_BitSelect.i1.i577.i32, i577 %rxEng_dataBuffer3a_read, i32 576" [/tools/Xilinx/Vitis_HLS/2021.2/common/technology/autopilot/hls_stream_39.h:144]   --->   Operation 21 'bitselect' 'currWord_last_V' <Predicate = (!fsmState_1_load & tmp_i)> <Delay = 0.00>
ST_1 : Operation 22 [1/1] (0.00ns)   --->   "%rs_firstWord_1_load = load i1 %rs_firstWord_1" [/home/yangz0e/Desktop/Vitis_with_100Gbps_TCP-IP_top_k/fpga-network-stack/hls/toe/rx_engine/../../axi_utils.hpp:512]   --->   Operation 22 'load' 'rs_firstWord_1_load' <Predicate = (!fsmState_1_load & tmp_i)> <Delay = 0.00>
ST_1 : Operation 23 [1/1] (0.38ns)   --->   "%br_ln512 = br i1 %rs_firstWord_1_load, void, void %._crit_edge4.i" [/home/yangz0e/Desktop/Vitis_with_100Gbps_TCP-IP_top_k/fpga-network-stack/hls/toe/rx_engine/../../axi_utils.hpp:512]   --->   Operation 23 'br' 'br_ln512' <Predicate = (!fsmState_1_load & tmp_i)> <Delay = 0.38>
ST_1 : Operation 24 [1/1] (0.00ns)   --->   "%trunc_ln674 = trunc i577 %rxEng_dataBuffer3a_read"   --->   Operation 24 'trunc' 'trunc_ln674' <Predicate = (!fsmState_1_load & tmp_i & !rs_firstWord_1_load)> <Delay = 0.00>
ST_1 : Operation 25 [1/1] (0.00ns)   --->   "%p_Result_488_i = partselect i32 @_ssdm_op_PartSelect.i32.i577.i32.i32, i577 %rxEng_dataBuffer3a_read, i32 512, i32 543"   --->   Operation 25 'partselect' 'p_Result_488_i' <Predicate = (!fsmState_1_load & tmp_i & !rs_firstWord_1_load)> <Delay = 0.00>
ST_1 : Operation 26 [1/1] (0.00ns)   --->   "%p_Result_489_i = partselect i32 @_ssdm_op_PartSelect.i32.i577.i32.i32, i577 %rxEng_dataBuffer3a_read, i32 544, i32 575"   --->   Operation 26 'partselect' 'p_Result_489_i' <Predicate = (!fsmState_1_load & tmp_i & !rs_firstWord_1_load)> <Delay = 0.00>
ST_1 : Operation 27 [1/1] (0.85ns)   --->   "%sendWord_last_V = icmp_eq  i32 %p_Result_489_i, i32 0"   --->   Operation 27 'icmp' 'sendWord_last_V' <Predicate = (!fsmState_1_load & tmp_i & !rs_firstWord_1_load)> <Delay = 0.85> <CoreInst = "Cmp">   --->   Core 9 'Cmp' <Latency = 0> <II = 1> <Delay = 0.85> <FuncUnit> <Opcode : 'icmp'> <InPorts = 2> <OutPorts = 1>
ST_1 : Operation 28 [1/1] (0.38ns)   --->   "%br_ln531 = br void %._crit_edge4.i" [/home/yangz0e/Desktop/Vitis_with_100Gbps_TCP-IP_top_k/fpga-network-stack/hls/toe/rx_engine/../../axi_utils.hpp:531]   --->   Operation 28 'br' 'br_ln531' <Predicate = (!fsmState_1_load & tmp_i & !rs_firstWord_1_load)> <Delay = 0.38>
ST_1 : Operation 29 [1/1] (0.00ns)   --->   "%sendWord_last_V_4 = phi i1 %sendWord_last_V, void, i1 0, void"   --->   Operation 29 'phi' 'sendWord_last_V_4' <Predicate = (!fsmState_1_load & tmp_i)> <Delay = 0.00>
ST_1 : Operation 30 [1/1] (0.00ns)   --->   "%store_ln533 = store i512 %currWord_data_V, i512 %prevWord_data_V_5" [/home/yangz0e/Desktop/Vitis_with_100Gbps_TCP-IP_top_k/fpga-network-stack/hls/toe/rx_engine/../../axi_utils.hpp:533]   --->   Operation 30 'store' 'store_ln533' <Predicate = (!fsmState_1_load & tmp_i)> <Delay = 0.00>
ST_1 : Operation 31 [1/1] (0.00ns)   --->   "%store_ln533 = store i64 %currWord_keep_V, i64 %prevWord_keep_V_8" [/home/yangz0e/Desktop/Vitis_with_100Gbps_TCP-IP_top_k/fpga-network-stack/hls/toe/rx_engine/../../axi_utils.hpp:533]   --->   Operation 31 'store' 'store_ln533' <Predicate = (!fsmState_1_load & tmp_i)> <Delay = 0.00>
ST_1 : Operation 32 [1/1] (0.38ns)   --->   "%br_ln535 = br i1 %currWord_last_V, void %mergeST.i, void" [/home/yangz0e/Desktop/Vitis_with_100Gbps_TCP-IP_top_k/fpga-network-stack/hls/toe/rx_engine/../../axi_utils.hpp:535]   --->   Operation 32 'br' 'br_ln535' <Predicate = (!fsmState_1_load & tmp_i)> <Delay = 0.38>
ST_1 : Operation 33 [1/1] (0.00ns)   --->   "%br_ln539 = br i1 %sendWord_last_V_4, void, void %._crit_edge6.i" [/home/yangz0e/Desktop/Vitis_with_100Gbps_TCP-IP_top_k/fpga-network-stack/hls/toe/rx_engine/../../axi_utils.hpp:539]   --->   Operation 33 'br' 'br_ln539' <Predicate = (!fsmState_1_load & tmp_i & currWord_last_V)> <Delay = 0.00>
ST_1 : Operation 34 [1/1] (0.38ns)   --->   "%store_ln541 = store i1 1, i1 %fsmState_1" [/home/yangz0e/Desktop/Vitis_with_100Gbps_TCP-IP_top_k/fpga-network-stack/hls/toe/rx_engine/../../axi_utils.hpp:541]   --->   Operation 34 'store' 'store_ln541' <Predicate = (!fsmState_1_load & tmp_i & currWord_last_V & !sendWord_last_V_4)> <Delay = 0.38>
ST_1 : Operation 35 [1/1] (0.00ns)   --->   "%br_ln542 = br void %._crit_edge6.i" [/home/yangz0e/Desktop/Vitis_with_100Gbps_TCP-IP_top_k/fpga-network-stack/hls/toe/rx_engine/../../axi_utils.hpp:542]   --->   Operation 35 'br' 'br_ln542' <Predicate = (!fsmState_1_load & tmp_i & currWord_last_V & !sendWord_last_V_4)> <Delay = 0.00>
ST_1 : Operation 36 [1/1] (0.38ns)   --->   "%br_ln543 = br void %mergeST.i" [/home/yangz0e/Desktop/Vitis_with_100Gbps_TCP-IP_top_k/fpga-network-stack/hls/toe/rx_engine/../../axi_utils.hpp:543]   --->   Operation 36 'br' 'br_ln543' <Predicate = (!fsmState_1_load & tmp_i & currWord_last_V)> <Delay = 0.38>
ST_1 : Operation 37 [1/1] (0.00ns)   --->   "%rs_firstWord_1_new_0_i = phi i1 1, void %._crit_edge6.i, i1 0, void %._crit_edge4.i"   --->   Operation 37 'phi' 'rs_firstWord_1_new_0_i' <Predicate = (!fsmState_1_load & tmp_i)> <Delay = 0.00>
ST_1 : Operation 38 [1/1] (0.00ns)   --->   "%store_ln534 = store i1 %rs_firstWord_1_new_0_i, i1 %rs_firstWord_1" [/home/yangz0e/Desktop/Vitis_with_100Gbps_TCP-IP_top_k/fpga-network-stack/hls/toe/rx_engine/../../axi_utils.hpp:534]   --->   Operation 38 'store' 'store_ln534' <Predicate = (!fsmState_1_load & tmp_i)> <Delay = 0.00>
ST_1 : Operation 39 [1/1] (0.00ns)   --->   "%br_ln545 = br void %._crit_edge3.i" [/home/yangz0e/Desktop/Vitis_with_100Gbps_TCP-IP_top_k/fpga-network-stack/hls/toe/rx_engine/../../axi_utils.hpp:545]   --->   Operation 39 'br' 'br_ln545' <Predicate = (!fsmState_1_load & tmp_i)> <Delay = 0.00>
ST_1 : Operation 40 [1/1] (0.00ns)   --->   "%br_ln546 = br void %rshiftWordByOctet<net_axis<512>, 512, 3>.exit" [/home/yangz0e/Desktop/Vitis_with_100Gbps_TCP-IP_top_k/fpga-network-stack/hls/toe/rx_engine/../../axi_utils.hpp:546]   --->   Operation 40 'br' 'br_ln546' <Predicate = (!fsmState_1_load)> <Delay = 0.00>
ST_1 : Operation 41 [1/1] (0.38ns)   --->   "%store_ln557 = store i1 0, i1 %fsmState_1" [/home/yangz0e/Desktop/Vitis_with_100Gbps_TCP-IP_top_k/fpga-network-stack/hls/toe/rx_engine/../../axi_utils.hpp:557]   --->   Operation 41 'store' 'store_ln557' <Predicate = (fsmState_1_load)> <Delay = 0.38>

State 2 <SV = 1> <Delay = 1.16>
ST_2 : Operation 42 [1/1] (0.00ns)   --->   "%p_Result_i = partselect i256 @_ssdm_op_PartSelect.i256.i512.i32.i32, i512 %p_Val2_s, i32 256, i32 511"   --->   Operation 42 'partselect' 'p_Result_i' <Predicate = (!fsmState_1_load & tmp_i & !rs_firstWord_1_load)> <Delay = 0.00>
ST_2 : Operation 43 [1/1] (0.00ns)   --->   "%p_Result_487_i = partselect i32 @_ssdm_op_PartSelect.i32.i64.i32.i32, i64 %p_Val2_19, i32 32, i32 63"   --->   Operation 43 'partselect' 'p_Result_487_i' <Predicate = (!fsmState_1_load & tmp_i & !rs_firstWord_1_load)> <Delay = 0.00>
ST_2 : Operation 44 [1/1] (0.00ns)   --->   "%p_0 = bitconcatenate i577 @_ssdm_op_BitConcatenate.i577.i1.i32.i32.i256.i256, i1 %sendWord_last_V, i32 %p_Result_488_i, i32 %p_Result_487_i, i256 %trunc_ln674, i256 %p_Result_i" [/tools/Xilinx/Vitis_HLS/2021.2/common/technology/autopilot/hls_stream_39.h:173]   --->   Operation 44 'bitconcatenate' 'p_0' <Predicate = (!fsmState_1_load & tmp_i & !rs_firstWord_1_load)> <Delay = 0.00>
ST_2 : Operation 45 [1/1] (1.16ns)   --->   "%write_ln173 = write void @_ssdm_op_Write.ap_fifo.volatile.i577P0A, i577 %rxEng_dataBuffer3b, i577 %p_0" [/tools/Xilinx/Vitis_HLS/2021.2/common/technology/autopilot/hls_stream_39.h:173]   --->   Operation 45 'write' 'write_ln173' <Predicate = (!fsmState_1_load & tmp_i & !rs_firstWord_1_load)> <Delay = 1.16> <CoreInst = "FIFO">   --->   Core 78 'FIFO' <Latency = 0> <II = 1> <Delay = 1.26> <Storage> <Opcode : 'read' 'write' 'nbread' 'nbwrite'> <Ports = 0> <Width = 577> <Depth = 8> <FIFO>
ST_2 : Operation 46 [1/1] (0.00ns)   --->   "%p_Result_i_319 = partselect i256 @_ssdm_op_PartSelect.i256.i512.i32.i32, i512 %p_Val2_s, i32 256, i32 511"   --->   Operation 46 'partselect' 'p_Result_i_319' <Predicate = (fsmState_1_load)> <Delay = 0.00>
ST_2 : Operation 47 [1/1] (0.00ns)   --->   "%p_Result_485_i = partselect i32 @_ssdm_op_PartSelect.i32.i64.i32.i32, i64 %p_Val2_19, i32 32, i32 63"   --->   Operation 47 'partselect' 'p_Result_485_i' <Predicate = (fsmState_1_load)> <Delay = 0.00>
ST_2 : Operation 48 [1/1] (0.00ns)   --->   "%p_03 = bitconcatenate i577 @_ssdm_op_BitConcatenate.i577.i33.i32.i256.i256, i33 4294967296, i32 %p_Result_485_i, i256 0, i256 %p_Result_i_319" [/tools/Xilinx/Vitis_HLS/2021.2/common/technology/autopilot/hls_stream_39.h:173]   --->   Operation 48 'bitconcatenate' 'p_03' <Predicate = (fsmState_1_load)> <Delay = 0.00>
ST_2 : Operation 49 [1/1] (1.16ns)   --->   "%write_ln173 = write void @_ssdm_op_Write.ap_fifo.volatile.i577P0A, i577 %rxEng_dataBuffer3b, i577 %p_03" [/tools/Xilinx/Vitis_HLS/2021.2/common/technology/autopilot/hls_stream_39.h:173]   --->   Operation 49 'write' 'write_ln173' <Predicate = (fsmState_1_load)> <Delay = 1.16> <CoreInst = "FIFO">   --->   Core 78 'FIFO' <Latency = 0> <II = 1> <Delay = 1.26> <Storage> <Opcode : 'read' 'write' 'nbread' 'nbwrite'> <Ports = 0> <Width = 577> <Depth = 8> <FIFO>
ST_2 : Operation 50 [1/1] (0.00ns)   --->   "%br_ln558 = br void %rshiftWordByOctet<net_axis<512>, 512, 3>.exit" [/home/yangz0e/Desktop/Vitis_with_100Gbps_TCP-IP_top_k/fpga-network-stack/hls/toe/rx_engine/../../axi_utils.hpp:558]   --->   Operation 50 'br' 'br_ln558' <Predicate = (fsmState_1_load)> <Delay = 0.00>
ST_2 : Operation 51 [1/1] (0.00ns)   --->   "%ret_ln0 = ret"   --->   Operation 51 'ret' 'ret_ln0' <Predicate = true> <Delay = 0.00>


============================================================
+ Verbose Summary: Timing violations
============================================================
Target clock period: 3.2ns, clock uncertainty: 0.864ns.

 <State 1>: 2.54ns
The critical path consists of the following:
	fifo read operation ('rxEng_dataBuffer3a_read', /tools/Xilinx/Vitis_HLS/2021.2/common/technology/autopilot/hls_stream_39.h:144) on port 'rxEng_dataBuffer3a' (/tools/Xilinx/Vitis_HLS/2021.2/common/technology/autopilot/hls_stream_39.h:144) [24]  (1.17 ns)
	'icmp' operation ('sendWord.last.V') [36]  (0.859 ns)
	multiplexor before 'phi' operation ('sendWord.last.V') with incoming values : ('sendWord.last.V') [41]  (0.387 ns)
	'phi' operation ('sendWord.last.V') with incoming values : ('sendWord.last.V') [41]  (0 ns)
	blocking operation 0.122 ns on control path)

 <State 2>: 1.17ns
The critical path consists of the following:
	fifo write operation ('write_ln173', /tools/Xilinx/Vitis_HLS/2021.2/common/technology/autopilot/hls_stream_39.h:173) on port 'rxEng_dataBuffer3b' (/tools/Xilinx/Vitis_HLS/2021.2/common/technology/autopilot/hls_stream_39.h:173) [62]  (1.17 ns)


============================================================
+ Verbose Summary: Binding
============================================================
N/A
* FSMD analyzer results:
  - Output states:
 - Input state : 
  - Chain level:
	State 1
	State 2


============================================================
+ Verbose Summary: Datapath Resource usage 
============================================================
N/A
