

================================================================
== Vitis HLS Report for 'toe_process_ipv4_512_s'
================================================================
* Date:           Sat Mar 18 14:38:29 2023

* Version:        2021.2 (Build 3367213 on Tue Oct 19 02:47:39 MDT 2021)
* Project:        toe_prj
* Solution:       solution1 (Vivado IP Flow Target)
* Product family: virtexuplus
* Target device:  xcu280-fsvh2892-2L-e


================================================================
== Performance Estimates
================================================================
+ Timing: 
    * Summary: 
    +--------+---------+----------+------------+
    |  Clock |  Target | Estimated| Uncertainty|
    +--------+---------+----------+------------+
    |ap_clk  |  3.20 ns|  1.953 ns|     0.86 ns|
    +--------+---------+----------+------------+

+ Latency: 
    * Summary: 
    +---------+---------+----------+----------+-----+-----+---------+
    |  Latency (cycles) |  Latency (absolute) |  Interval | Pipeline|
    |   min   |   max   |    min   |    max   | min | max |   Type  |
    +---------+---------+----------+----------+-----+-----+---------+
    |        1|        1|  3.200 ns|  3.200 ns|    1|    1|      yes|
    +---------+---------+----------+----------+-----+-----+---------+

    + Detail: 
        * Instance: 
        N/A

        * Loop: 
        N/A

============================================================
+ Verbose Summary: Synthesis Manager
============================================================
InlineROM: 1
ExposeGlobal: 0
============================================================
+ Verbose Summary: CDFG Model
============================================================
IsTopModel: 0
ResetActiveHigh: 1
IsCombinational: 2
IsDatapathOnly: 0
HasWiredReturn: 1
HasMFsm: 2
HasVarLatency: 0
IsPipeline: 1
IsRtlPipelined: 1
IsInstanceOverlapped: 0
IsDontTouch: 0
HasImplIP: 0
IsGatedGlobalClock: 0

+ Individual pipeline summary: 
  * Pipeline-0: initiation interval (II) = 1, depth = 2


============================================================
+ Verbose Summary: Schedule
============================================================
* Number of FSM states : 2
* Pipeline : 1
  Pipeline-0 : II = 1, D = 2, States = { 1 2 }
* Dataflow Pipeline: 0

* FSM state transitions: 
1 --> 2 
2 --> 

* FSM state operations: 

State 1 <SV = 0> <Delay = 1.83>
ST_1 : Operation 3 [1/1] (0.00ns)   --->   "%specinterface_ln0 = specinterface void @_ssdm_op_SpecInterface, i1024 %ipRxData_internal, void @empty_0, i32 0, i32 0, void @empty_3, i32 0, i32 0, void @empty_3, void @empty_3, void @empty_3, i32 0, i32 0, i32 0, i32 0, void @empty_3, void @empty_3"   --->   Operation 3 'specinterface' 'specinterface_ln0' <Predicate = true> <Delay = 0.00>
ST_1 : Operation 4 [1/1] (0.00ns)   --->   "%specinterface_ln0 = specinterface void @_ssdm_op_SpecInterface, i1024 %ipRxData_internal, void @empty_0, i32 0, i32 0, void @empty_3, i32 0, i32 0, void @empty_3, void @empty_3, void @empty_3, i32 0, i32 0, i32 0, i32 0, void @empty_3, void @empty_3"   --->   Operation 4 'specinterface' 'specinterface_ln0' <Predicate = true> <Delay = 0.00>
ST_1 : Operation 5 [1/1] (0.00ns)   --->   "%specinterface_ln0 = specinterface void @_ssdm_op_SpecInterface, i1024 %ipRxData_internal, void @empty_0, i32 0, i32 0, void @empty_3, i32 0, i32 0, void @empty_3, void @empty_3, void @empty_3, i32 0, i32 0, i32 0, i32 0, void @empty_3, void @empty_3"   --->   Operation 5 'specinterface' 'specinterface_ln0' <Predicate = true> <Delay = 0.00>
ST_1 : Operation 6 [1/1] (0.00ns)   --->   "%specinterface_ln0 = specinterface void @_ssdm_op_SpecInterface, i577 %rxEng_dataBuffer0, void @empty_0, i32 0, i32 0, void @empty_3, i32 0, i32 0, void @empty_3, void @empty_3, void @empty_3, i32 0, i32 0, i32 0, i32 0, void @empty_3, void @empty_3"   --->   Operation 6 'specinterface' 'specinterface_ln0' <Predicate = true> <Delay = 0.00>
ST_1 : Operation 7 [1/1] (0.00ns)   --->   "%specinterface_ln0 = specinterface void @_ssdm_op_SpecInterface, i577 %rxEng_dataBuffer0, void @empty_0, i32 0, i32 0, void @empty_3, i32 0, i32 0, void @empty_3, void @empty_3, void @empty_3, i32 0, i32 0, i32 0, i32 0, void @empty_3, void @empty_3"   --->   Operation 7 'specinterface' 'specinterface_ln0' <Predicate = true> <Delay = 0.00>
ST_1 : Operation 8 [1/1] (0.00ns)   --->   "%specinterface_ln0 = specinterface void @_ssdm_op_SpecInterface, i577 %rxEng_dataBuffer0, void @empty_0, i32 0, i32 0, void @empty_3, i32 0, i32 0, void @empty_3, void @empty_3, void @empty_3, i32 0, i32 0, i32 0, i32 0, void @empty_3, void @empty_3"   --->   Operation 8 'specinterface' 'specinterface_ln0' <Predicate = true> <Delay = 0.00>
ST_1 : Operation 9 [1/1] (0.00ns)   --->   "%specinterface_ln0 = specinterface void @_ssdm_op_SpecInterface, i96 %rxEng_ipMetaFifo, void @empty_0, i32 0, i32 0, void @empty_3, i32 0, i32 0, void @empty_3, void @empty_3, void @empty_3, i32 0, i32 0, i32 0, i32 0, void @empty_3, void @empty_3"   --->   Operation 9 'specinterface' 'specinterface_ln0' <Predicate = true> <Delay = 0.00>
ST_1 : Operation 10 [1/1] (0.00ns)   --->   "%specinterface_ln0 = specinterface void @_ssdm_op_SpecInterface, i96 %rxEng_ipMetaFifo, void @empty_0, i32 0, i32 0, void @empty_3, i32 0, i32 0, void @empty_3, void @empty_3, void @empty_3, i32 0, i32 0, i32 0, i32 0, void @empty_3, void @empty_3"   --->   Operation 10 'specinterface' 'specinterface_ln0' <Predicate = true> <Delay = 0.00>
ST_1 : Operation 11 [1/1] (0.00ns)   --->   "%specinterface_ln0 = specinterface void @_ssdm_op_SpecInterface, i96 %rxEng_ipMetaFifo, void @empty_0, i32 0, i32 0, void @empty_3, i32 0, i32 0, void @empty_3, void @empty_3, void @empty_3, i32 0, i32 0, i32 0, i32 0, void @empty_3, void @empty_3"   --->   Operation 11 'specinterface' 'specinterface_ln0' <Predicate = true> <Delay = 0.00>
ST_1 : Operation 12 [1/1] (0.00ns)   --->   "%specinterface_ln0 = specinterface void @_ssdm_op_SpecInterface, i4 %rx_process2dropLengthFifo, void @empty_0, i32 0, i32 0, void @empty_3, i32 0, i32 0, void @empty_3, void @empty_3, void @empty_3, i32 0, i32 0, i32 0, i32 0, void @empty_3, void @empty_3"   --->   Operation 12 'specinterface' 'specinterface_ln0' <Predicate = true> <Delay = 0.00>
ST_1 : Operation 13 [1/1] (0.00ns)   --->   "%specinterface_ln0 = specinterface void @_ssdm_op_SpecInterface, i4 %rx_process2dropLengthFifo, void @empty_0, i32 0, i32 0, void @empty_3, i32 0, i32 0, void @empty_3, void @empty_3, void @empty_3, i32 0, i32 0, i32 0, i32 0, void @empty_3, void @empty_3"   --->   Operation 13 'specinterface' 'specinterface_ln0' <Predicate = true> <Delay = 0.00>
ST_1 : Operation 14 [1/1] (0.00ns)   --->   "%specinterface_ln0 = specinterface void @_ssdm_op_SpecInterface, i4 %rx_process2dropLengthFifo, void @empty_0, i32 0, i32 0, void @empty_3, i32 0, i32 0, void @empty_3, void @empty_3, void @empty_3, i32 0, i32 0, i32 0, i32 0, void @empty_3, void @empty_3"   --->   Operation 14 'specinterface' 'specinterface_ln0' <Predicate = true> <Delay = 0.00>
ST_1 : Operation 15 [1/1] (0.00ns)   --->   "%specinterface_ln0 = specinterface void @_ssdm_op_SpecInterface, i96 %rxEng_ipMetaFifo, void @empty_0, i32 0, i32 0, void @empty_3, i32 0, i32 0, void @empty_3, void @empty_3, void @empty_3, i32 0, i32 0, i32 0, i32 0, void @empty_3, void @empty_3"   --->   Operation 15 'specinterface' 'specinterface_ln0' <Predicate = true> <Delay = 0.00>
ST_1 : Operation 16 [1/1] (0.00ns)   --->   "%specinterface_ln0 = specinterface void @_ssdm_op_SpecInterface, i4 %rx_process2dropLengthFifo, void @empty_0, i32 0, i32 0, void @empty_3, i32 0, i32 0, void @empty_3, void @empty_3, void @empty_3, i32 0, i32 0, i32 0, i32 0, void @empty_3, void @empty_3"   --->   Operation 16 'specinterface' 'specinterface_ln0' <Predicate = true> <Delay = 0.00>
ST_1 : Operation 17 [1/1] (0.00ns)   --->   "%specinterface_ln0 = specinterface void @_ssdm_op_SpecInterface, i577 %rxEng_dataBuffer0, void @empty_0, i32 0, i32 0, void @empty_3, i32 0, i32 0, void @empty_3, void @empty_3, void @empty_3, i32 0, i32 0, i32 0, i32 0, void @empty_3, void @empty_3"   --->   Operation 17 'specinterface' 'specinterface_ln0' <Predicate = true> <Delay = 0.00>
ST_1 : Operation 18 [1/1] (0.00ns)   --->   "%specinterface_ln0 = specinterface void @_ssdm_op_SpecInterface, i1024 %ipRxData_internal, void @empty_0, i32 0, i32 0, void @empty_3, i32 0, i32 0, void @empty_3, void @empty_3, void @empty_3, i32 0, i32 0, i32 0, i32 0, void @empty_3, void @empty_3"   --->   Operation 18 'specinterface' 'specinterface_ln0' <Predicate = true> <Delay = 0.00>
ST_1 : Operation 19 [1/1] (0.00ns)   --->   "%specpipeline_ln37 = specpipeline void @_ssdm_op_SpecPipeline, i32 1, i32 0, i32 0, i32 0, void @empty_3" [/home/yangz0e/Desktop/Vitis_with_100Gbps_TCP-IP_top_k/fpga-network-stack/hls/toe/rx_engine/rx_engine.cpp:37]   --->   Operation 19 'specpipeline' 'specpipeline_ln37' <Predicate = true> <Delay = 0.00>
ST_1 : Operation 20 [1/1] (0.00ns)   --->   "%tmp_i = nbreadreq i1 @_ssdm_op_NbReadReq.ap_fifo.i1024P0A, i1024 %ipRxData_internal, i32 1" [/tools/Xilinx/Vitis_HLS/2021.2/common/technology/autopilot/hls_stream_39.h:135]   --->   Operation 20 'nbreadreq' 'tmp_i' <Predicate = true> <Delay = 0.00> <CoreInst = "FIFO_SRL">   --->   Core 81 'FIFO_SRL' <Latency = 0> <II = 1> <Delay = 1.33> <Storage> <Opcode : 'read' 'write' 'nbread' 'nbwrite'> <Ports = 0> <Width = 1024> <Depth = 2> <FIFO>
ST_1 : Operation 21 [1/1] (0.00ns)   --->   "%br_ln49 = br i1 %tmp_i, void %toe_process_ipv4<512>.exit, void" [/home/yangz0e/Desktop/Vitis_with_100Gbps_TCP-IP_top_k/fpga-network-stack/hls/toe/rx_engine/rx_engine.cpp:49]   --->   Operation 21 'br' 'br_ln49' <Predicate = true> <Delay = 0.00>
ST_1 : Operation 22 [1/1] (1.16ns)   --->   "%ipRxData_internal_read = read i1024 @_ssdm_op_Read.ap_fifo.volatile.i1024P0A, i1024 %ipRxData_internal" [/tools/Xilinx/Vitis_HLS/2021.2/common/technology/autopilot/hls_stream_39.h:144]   --->   Operation 22 'read' 'ipRxData_internal_read' <Predicate = (tmp_i)> <Delay = 1.16> <CoreInst = "FIFO_SRL">   --->   Core 81 'FIFO_SRL' <Latency = 0> <II = 1> <Delay = 1.33> <Storage> <Opcode : 'read' 'write' 'nbread' 'nbwrite'> <Ports = 0> <Width = 1024> <Depth = 2> <FIFO>
ST_1 : Operation 23 [1/1] (0.00ns)   --->   "%tmp_last_V = bitselect i1 @_ssdm_op_BitSelect.i1.i1024.i32, i1024 %ipRxData_internal_read, i32 576" [/tools/Xilinx/Vitis_HLS/2021.2/common/technology/autopilot/hls_stream_39.h:144]   --->   Operation 23 'bitselect' 'tmp_last_V' <Predicate = (tmp_i)> <Delay = 0.00>
ST_1 : Operation 24 [1/1] (0.00ns)   --->   "%header_ready_load = load i1 %header_ready" [/home/yangz0e/Desktop/Vitis_with_100Gbps_TCP-IP_top_k/fpga-network-stack/hls/toe/rx_engine/../../packet.hpp:55]   --->   Operation 24 'load' 'header_ready_load' <Predicate = (tmp_i)> <Delay = 0.00>
ST_1 : Operation 25 [1/1] (0.00ns)   --->   "%header_idx_load = load i16 %header_idx" [/home/yangz0e/Desktop/Vitis_with_100Gbps_TCP-IP_top_k/fpga-network-stack/hls/toe/rx_engine/../../packet.hpp:58]   --->   Operation 25 'load' 'header_idx_load' <Predicate = (tmp_i)> <Delay = 0.00>
ST_1 : Operation 26 [1/1] (0.00ns)   --->   "%p_Val2_s = load i160 %header_header_V"   --->   Operation 26 'load' 'p_Val2_s' <Predicate = (tmp_i)> <Delay = 0.00>
ST_1 : Operation 27 [1/1] (0.38ns)   --->   "%br_ln55 = br i1 %header_ready_load, void %.critedge108.i, void %.critedge.i" [/home/yangz0e/Desktop/Vitis_with_100Gbps_TCP-IP_top_k/fpga-network-stack/hls/toe/rx_engine/../../packet.hpp:55]   --->   Operation 27 'br' 'br_ln55' <Predicate = (tmp_i)> <Delay = 0.38>
ST_1 : Operation 28 [1/1] (0.00ns)   --->   "%shl_ln = bitconcatenate i25 @_ssdm_op_BitConcatenate.i25.i16.i9, i16 %header_idx_load, i9 0" [/home/yangz0e/Desktop/Vitis_with_100Gbps_TCP-IP_top_k/fpga-network-stack/hls/toe/rx_engine/../../packet.hpp:58]   --->   Operation 28 'bitconcatenate' 'shl_ln' <Predicate = (tmp_i & !header_ready_load)> <Delay = 0.00>
ST_1 : Operation 29 [1/1] (0.00ns)   --->   "%tmp_199 = trunc i1024 %ipRxData_internal_read"   --->   Operation 29 'trunc' 'tmp_199' <Predicate = (tmp_i & !header_ready_load)> <Delay = 0.00>
ST_1 : Operation 30 [1/1] (0.78ns)   --->   "%add_ln67 = add i16 %header_idx_load, i16 1" [/home/yangz0e/Desktop/Vitis_with_100Gbps_TCP-IP_top_k/fpga-network-stack/hls/toe/rx_engine/../../packet.hpp:67]   --->   Operation 30 'add' 'add_ln67' <Predicate = (tmp_i & !header_ready_load)> <Delay = 0.78> <CoreInst = "Adder">   --->   Core 1 'Adder' <Latency = 0> <II = 1> <Delay = 0.78> <FuncUnit> <Opcode : 'add' 'sub'> <InPorts = 2> <OutPorts = 1>
ST_1 : Operation 31 [1/1] (0.77ns)   --->   "%icmp_ln414 = icmp_ugt  i25 %shl_ln, i25 159"   --->   Operation 31 'icmp' 'icmp_ln414' <Predicate = (tmp_i & !header_ready_load)> <Delay = 0.77> <CoreInst = "Cmp">   --->   Core 9 'Cmp' <Latency = 0> <II = 1> <Delay = 0.77> <FuncUnit> <Opcode : 'icmp'> <InPorts = 2> <OutPorts = 1>
ST_1 : Operation 32 [1/1] (0.00ns) (grouped into LUT with out node and_ln414_5)   --->   "%trunc_ln414 = trunc i1024 %ipRxData_internal_read"   --->   Operation 32 'trunc' 'trunc_ln414' <Predicate = (tmp_i & !header_ready_load)> <Delay = 0.00>
ST_1 : Operation 33 [1/1] (0.00ns) (grouped into LUT with out node and_ln414_5)   --->   "%st8 = bitconcatenate i160 @_ssdm_op_BitConcatenate.i160.i1.i159, i1 %trunc_ln414, i159 0"   --->   Operation 33 'bitconcatenate' 'st8' <Predicate = (tmp_i & !header_ready_load)> <Delay = 0.00>
ST_1 : Operation 34 [1/1] (0.00ns) (grouped into LUT with out node and_ln414_5)   --->   "%select_ln414 = select i1 %icmp_ln414, i160 %st8, i160 %tmp_199"   --->   Operation 34 'select' 'select_ln414' <Predicate = (tmp_i & !header_ready_load)> <Delay = 0.00> <CoreInst = "Sel">   --->   Core 73 'Sel' <Latency = 0> <II = 1> <Delay = 0.24> <FuncUnit> <Opcode : 'select'> <InPorts = 3> <OutPorts = 1>
ST_1 : Operation 35 [1/1] (0.00ns) (grouped into LUT with out node and_ln414_5)   --->   "%tmp = partselect i160 @llvm.part.select.i160, i160 %select_ln414, i32 159, i32 0"   --->   Operation 35 'partselect' 'tmp' <Predicate = (tmp_i & !header_ready_load)> <Delay = 0.00>
ST_1 : Operation 36 [1/1] (0.00ns) (grouped into LUT with out node and_ln414_5)   --->   "%select_ln414_1 = select i1 %icmp_ln414, i160 %tmp, i160 %tmp_199"   --->   Operation 36 'select' 'select_ln414_1' <Predicate = (tmp_i & !header_ready_load)> <Delay = 0.00> <CoreInst = "Sel">   --->   Core 73 'Sel' <Latency = 0> <II = 1> <Delay = 0.24> <FuncUnit> <Opcode : 'select'> <InPorts = 3> <OutPorts = 1>
ST_1 : Operation 37 [1/1] (0.00ns) (grouped into LUT with out node and_ln414)   --->   "%select_ln414_2 = select i1 %icmp_ln414, i160 730750818665451459101842416358141509827966271488, i160 1461501637330902918203684832716283019655932542975"   --->   Operation 37 'select' 'select_ln414_2' <Predicate = (tmp_i & !header_ready_load)> <Delay = 0.00> <CoreInst = "Sel">   --->   Core 73 'Sel' <Latency = 0> <II = 1> <Delay = 0.24> <FuncUnit> <Opcode : 'select'> <InPorts = 3> <OutPorts = 1>
ST_1 : Operation 38 [1/1] (0.00ns) (grouped into LUT with out node and_ln414)   --->   "%select_ln414_3 = select i1 %icmp_ln414, i160 1, i160 1461501637330902918203684832716283019655932542975"   --->   Operation 38 'select' 'select_ln414_3' <Predicate = (tmp_i & !header_ready_load)> <Delay = 0.00> <CoreInst = "Sel">   --->   Core 73 'Sel' <Latency = 0> <II = 1> <Delay = 0.24> <FuncUnit> <Opcode : 'select'> <InPorts = 3> <OutPorts = 1>
ST_1 : Operation 39 [1/1] (0.39ns) (out node of the LUT)   --->   "%and_ln414 = and i160 %select_ln414_2, i160 %select_ln414_3"   --->   Operation 39 'and' 'and_ln414' <Predicate = (tmp_i & !header_ready_load)> <Delay = 0.39> <CoreInst = "LogicGate">   --->   Core 74 'LogicGate' <Latency = 0> <II = 1> <Delay = 0.12> <FuncUnit> <Opcode : 'and' 'or' 'xor'> <InPorts = 2> <OutPorts = 1>
ST_1 : Operation 40 [1/1] (0.00ns) (grouped into LUT with out node p_Result_s)   --->   "%xor_ln414 = xor i160 %and_ln414, i160 1461501637330902918203684832716283019655932542975"   --->   Operation 40 'xor' 'xor_ln414' <Predicate = (tmp_i & !header_ready_load)> <Delay = 0.00> <CoreInst = "LogicGate">   --->   Core 74 'LogicGate' <Latency = 0> <II = 1> <Delay = 0.12> <FuncUnit> <Opcode : 'and' 'or' 'xor'> <InPorts = 2> <OutPorts = 1>
ST_1 : Operation 41 [1/1] (0.00ns) (grouped into LUT with out node p_Result_s)   --->   "%and_ln414_4 = and i160 %p_Val2_s, i160 %xor_ln414"   --->   Operation 41 'and' 'and_ln414_4' <Predicate = (tmp_i & !header_ready_load)> <Delay = 0.00> <CoreInst = "LogicGate">   --->   Core 74 'LogicGate' <Latency = 0> <II = 1> <Delay = 0.12> <FuncUnit> <Opcode : 'and' 'or' 'xor'> <InPorts = 2> <OutPorts = 1>
ST_1 : Operation 42 [1/1] (0.39ns) (out node of the LUT)   --->   "%and_ln414_5 = and i160 %select_ln414_1, i160 %and_ln414"   --->   Operation 42 'and' 'and_ln414_5' <Predicate = (tmp_i & !header_ready_load)> <Delay = 0.39> <CoreInst = "LogicGate">   --->   Core 74 'LogicGate' <Latency = 0> <II = 1> <Delay = 0.12> <FuncUnit> <Opcode : 'and' 'or' 'xor'> <InPorts = 2> <OutPorts = 1>
ST_1 : Operation 43 [1/1] (0.25ns) (out node of the LUT)   --->   "%p_Result_s = or i160 %and_ln414_4, i160 %and_ln414_5"   --->   Operation 43 'or' 'p_Result_s' <Predicate = (tmp_i & !header_ready_load)> <Delay = 0.25> <CoreInst = "LogicGate">   --->   Core 74 'LogicGate' <Latency = 0> <II = 1> <Delay = 0.12> <FuncUnit> <Opcode : 'and' 'or' 'xor'> <InPorts = 2> <OutPorts = 1>
ST_1 : Operation 44 [1/1] (0.00ns)   --->   "%store_ln414 = store i160 %p_Result_s, i160 %header_header_V"   --->   Operation 44 'store' 'store_ln414' <Predicate = (tmp_i & !header_ready_load)> <Delay = 0.00>
ST_1 : Operation 45 [1/1] (0.38ns)   --->   "%br_ln0 = br void %.critedge.i"   --->   Operation 45 'br' 'br_ln0' <Predicate = (tmp_i & !header_ready_load)> <Delay = 0.38>
ST_1 : Operation 46 [1/1] (0.00ns)   --->   "%header_ready_flag_0_i = phi i1 0, void, i1 1, void %.critedge108.i"   --->   Operation 46 'phi' 'header_ready_flag_0_i' <Predicate = (tmp_i)> <Delay = 0.00>
ST_1 : Operation 47 [1/1] (0.00ns)   --->   "%header_idx_new_0_i = phi i16 0, void, i16 %add_ln67, void %.critedge108.i" [/home/yangz0e/Desktop/Vitis_with_100Gbps_TCP-IP_top_k/fpga-network-stack/hls/toe/rx_engine/../../packet.hpp:67]   --->   Operation 47 'phi' 'header_idx_new_0_i' <Predicate = (tmp_i)> <Delay = 0.00>
ST_1 : Operation 48 [1/1] (0.00ns)   --->   "%trunc_ln173 = trunc i1024 %ipRxData_internal_read" [/tools/Xilinx/Vitis_HLS/2021.2/common/technology/autopilot/hls_stream_39.h:173]   --->   Operation 48 'trunc' 'trunc_ln173' <Predicate = (tmp_i)> <Delay = 0.00>
ST_1 : Operation 49 [1/1] (0.00ns)   --->   "%metaWritten_load = load i1 %metaWritten" [/home/yangz0e/Desktop/Vitis_with_100Gbps_TCP-IP_top_k/fpga-network-stack/hls/toe/rx_engine/rx_engine.cpp:60]   --->   Operation 49 'load' 'metaWritten_load' <Predicate = (tmp_i)> <Delay = 0.00>
ST_1 : Operation 50 [1/1] (0.38ns)   --->   "%br_ln60 = br i1 %metaWritten_load, void, void %.critedge._crit_edge.i" [/home/yangz0e/Desktop/Vitis_with_100Gbps_TCP-IP_top_k/fpga-network-stack/hls/toe/rx_engine/rx_engine.cpp:60]   --->   Operation 50 'br' 'br_ln60' <Predicate = (tmp_i)> <Delay = 0.38>
ST_1 : Operation 51 [1/1] (0.38ns)   --->   "%br_ln66 = br void %.critedge._crit_edge.i" [/home/yangz0e/Desktop/Vitis_with_100Gbps_TCP-IP_top_k/fpga-network-stack/hls/toe/rx_engine/rx_engine.cpp:66]   --->   Operation 51 'br' 'br_ln66' <Predicate = (tmp_i & !metaWritten_load)> <Delay = 0.38>
ST_1 : Operation 52 [1/1] (0.00ns) (grouped into LUT with out node or_ln69_1)   --->   "%metaWritten_flag_0_i = phi i1 0, void %.critedge.i, i1 1, void"   --->   Operation 52 'phi' 'metaWritten_flag_0_i' <Predicate = (tmp_i)> <Delay = 0.00>
ST_1 : Operation 53 [1/1] (0.12ns)   --->   "%or_ln69 = or i1 %tmp_last_V, i1 %header_ready_flag_0_i" [/home/yangz0e/Desktop/Vitis_with_100Gbps_TCP-IP_top_k/fpga-network-stack/hls/toe/rx_engine/rx_engine.cpp:69]   --->   Operation 53 'or' 'or_ln69' <Predicate = (tmp_i)> <Delay = 0.12> <CoreInst = "LogicGate">   --->   Core 74 'LogicGate' <Latency = 0> <II = 1> <Delay = 0.12> <FuncUnit> <Opcode : 'and' 'or' 'xor'> <InPorts = 2> <OutPorts = 1>
ST_1 : Operation 54 [1/1] (0.12ns)   --->   "%xor_ln69 = xor i1 %tmp_last_V, i1 1" [/home/yangz0e/Desktop/Vitis_with_100Gbps_TCP-IP_top_k/fpga-network-stack/hls/toe/rx_engine/rx_engine.cpp:69]   --->   Operation 54 'xor' 'xor_ln69' <Predicate = (tmp_i)> <Delay = 0.12> <CoreInst = "LogicGate">   --->   Core 74 'LogicGate' <Latency = 0> <II = 1> <Delay = 0.12> <FuncUnit> <Opcode : 'and' 'or' 'xor'> <InPorts = 2> <OutPorts = 1>
ST_1 : Operation 55 [1/1] (0.24ns)   --->   "%select_ln69 = select i1 %tmp_last_V, i16 0, i16 %header_idx_new_0_i" [/home/yangz0e/Desktop/Vitis_with_100Gbps_TCP-IP_top_k/fpga-network-stack/hls/toe/rx_engine/rx_engine.cpp:69]   --->   Operation 55 'select' 'select_ln69' <Predicate = (tmp_i)> <Delay = 0.24> <CoreInst = "Sel">   --->   Core 73 'Sel' <Latency = 0> <II = 1> <Delay = 0.24> <FuncUnit> <Opcode : 'select'> <InPorts = 3> <OutPorts = 1>
ST_1 : Operation 56 [1/1] (0.12ns) (out node of the LUT)   --->   "%or_ln69_1 = or i1 %tmp_last_V, i1 %metaWritten_flag_0_i" [/home/yangz0e/Desktop/Vitis_with_100Gbps_TCP-IP_top_k/fpga-network-stack/hls/toe/rx_engine/rx_engine.cpp:69]   --->   Operation 56 'or' 'or_ln69_1' <Predicate = (tmp_i)> <Delay = 0.12> <CoreInst = "LogicGate">   --->   Core 74 'LogicGate' <Latency = 0> <II = 1> <Delay = 0.12> <FuncUnit> <Opcode : 'and' 'or' 'xor'> <InPorts = 2> <OutPorts = 1>
ST_1 : Operation 57 [1/1] (0.00ns)   --->   "%br_ln69 = br i1 %or_ln69_1, void %._crit_edge6.new4.i, void %mergeST3.i" [/home/yangz0e/Desktop/Vitis_with_100Gbps_TCP-IP_top_k/fpga-network-stack/hls/toe/rx_engine/rx_engine.cpp:69]   --->   Operation 57 'br' 'br_ln69' <Predicate = (tmp_i)> <Delay = 0.00>
ST_1 : Operation 58 [1/1] (0.00ns)   --->   "%store_ln65 = store i1 %xor_ln69, i1 %metaWritten" [/home/yangz0e/Desktop/Vitis_with_100Gbps_TCP-IP_top_k/fpga-network-stack/hls/toe/rx_engine/rx_engine.cpp:65]   --->   Operation 58 'store' 'store_ln65' <Predicate = (tmp_i & or_ln69_1)> <Delay = 0.00>
ST_1 : Operation 59 [1/1] (0.00ns)   --->   "%br_ln0 = br void %._crit_edge6.new4.i"   --->   Operation 59 'br' 'br_ln0' <Predicate = (tmp_i & or_ln69_1)> <Delay = 0.00>
ST_1 : Operation 60 [1/1] (0.00ns)   --->   "%br_ln69 = br i1 %or_ln69, void %._crit_edge6.new.i, void %mergeST1.i" [/home/yangz0e/Desktop/Vitis_with_100Gbps_TCP-IP_top_k/fpga-network-stack/hls/toe/rx_engine/rx_engine.cpp:69]   --->   Operation 60 'br' 'br_ln69' <Predicate = (tmp_i)> <Delay = 0.00>
ST_1 : Operation 61 [1/1] (0.00ns)   --->   "%store_ln67 = store i16 %select_ln69, i16 %header_idx" [/home/yangz0e/Desktop/Vitis_with_100Gbps_TCP-IP_top_k/fpga-network-stack/hls/toe/rx_engine/../../packet.hpp:67]   --->   Operation 61 'store' 'store_ln67' <Predicate = (tmp_i & or_ln69)> <Delay = 0.00>
ST_1 : Operation 62 [1/1] (0.00ns)   --->   "%store_ln65 = store i1 %xor_ln69, i1 %header_ready" [/home/yangz0e/Desktop/Vitis_with_100Gbps_TCP-IP_top_k/fpga-network-stack/hls/toe/rx_engine/../../packet.hpp:65]   --->   Operation 62 'store' 'store_ln65' <Predicate = (tmp_i & or_ln69)> <Delay = 0.00>
ST_1 : Operation 63 [1/1] (0.00ns)   --->   "%br_ln0 = br void %._crit_edge6.new.i"   --->   Operation 63 'br' 'br_ln0' <Predicate = (tmp_i & or_ln69)> <Delay = 0.00>
ST_1 : Operation 64 [1/1] (0.00ns)   --->   "%br_ln75 = br void %toe_process_ipv4<512>.exit" [/home/yangz0e/Desktop/Vitis_with_100Gbps_TCP-IP_top_k/fpga-network-stack/hls/toe/rx_engine/rx_engine.cpp:75]   --->   Operation 64 'br' 'br_ln75' <Predicate = (tmp_i)> <Delay = 0.00>

State 2 <SV = 1> <Delay = 1.95>
ST_2 : Operation 65 [1/1] (0.00ns)   --->   "%p_Val2_1 = phi i160 %p_Val2_s, void, i160 %p_Result_s, void %.critedge108.i"   --->   Operation 65 'phi' 'p_Val2_1' <Predicate = (tmp_i)> <Delay = 0.00>
ST_2 : Operation 66 [1/1] (1.16ns)   --->   "%write_ln173 = write void @_ssdm_op_Write.ap_fifo.volatile.i577P0A, i577 %rxEng_dataBuffer0, i577 %trunc_ln173" [/tools/Xilinx/Vitis_HLS/2021.2/common/technology/autopilot/hls_stream_39.h:173]   --->   Operation 66 'write' 'write_ln173' <Predicate = (tmp_i)> <Delay = 1.16> <CoreInst = "FIFO">   --->   Core 78 'FIFO' <Latency = 0> <II = 1> <Delay = 1.26> <Storage> <Opcode : 'read' 'write' 'nbread' 'nbwrite'> <Ports = 0> <Width = 577> <Depth = 8> <FIFO>
ST_2 : Operation 67 [1/1] (0.00ns)   --->   "%trunc_ln674 = trunc i160 %p_Val2_1"   --->   Operation 67 'trunc' 'trunc_ln674' <Predicate = (tmp_i & !metaWritten_load)> <Delay = 0.00>
ST_2 : Operation 68 [1/1] (1.16ns)   --->   "%write_ln173 = write void @_ssdm_op_Write.ap_fifo.volatile.i4P0A, i4 %rx_process2dropLengthFifo, i4 %trunc_ln674" [/tools/Xilinx/Vitis_HLS/2021.2/common/technology/autopilot/hls_stream_39.h:173]   --->   Operation 68 'write' 'write_ln173' <Predicate = (tmp_i & !metaWritten_load)> <Delay = 1.16> <CoreInst = "FIFO_SRL">   --->   Core 81 'FIFO_SRL' <Latency = 0> <II = 1> <Delay = 1.40> <Storage> <Opcode : 'read' 'write' 'nbread' 'nbwrite'> <Ports = 0> <Width = 4> <Depth = 2> <FIFO>
ST_2 : Operation 69 [1/1] (0.00ns)   --->   "%p_Result_449_i = partselect i8 @_ssdm_op_PartSelect.i8.i160.i32.i32, i160 %p_Val2_1, i32 24, i32 31"   --->   Operation 69 'partselect' 'p_Result_449_i' <Predicate = (tmp_i & !metaWritten_load)> <Delay = 0.00>
ST_2 : Operation 70 [1/1] (0.00ns)   --->   "%p_Result_450_i = partselect i8 @_ssdm_op_PartSelect.i8.i160.i32.i32, i160 %p_Val2_1, i32 16, i32 23"   --->   Operation 70 'partselect' 'p_Result_450_i' <Predicate = (tmp_i & !metaWritten_load)> <Delay = 0.00>
ST_2 : Operation 71 [1/1] (0.00ns)   --->   "%p_Result_129 = bitconcatenate i16 @_ssdm_op_BitConcatenate.i16.i8.i8, i8 %p_Result_450_i, i8 %p_Result_449_i"   --->   Operation 71 'bitconcatenate' 'p_Result_129' <Predicate = (tmp_i & !metaWritten_load)> <Delay = 0.00>
ST_2 : Operation 72 [1/1] (0.00ns)   --->   "%shl_ln1 = bitconcatenate i6 @_ssdm_op_BitConcatenate.i6.i4.i2, i4 %trunc_ln674, i2 0"   --->   Operation 72 'bitconcatenate' 'shl_ln1' <Predicate = (tmp_i & !metaWritten_load)> <Delay = 0.00>
ST_2 : Operation 73 [1/1] (0.00ns)   --->   "%zext_ln229 = zext i6 %shl_ln1"   --->   Operation 73 'zext' 'zext_ln229' <Predicate = (tmp_i & !metaWritten_load)> <Delay = 0.00>
ST_2 : Operation 74 [1/1] (0.78ns)   --->   "%sub_ln229 = sub i16 %p_Result_129, i16 %zext_ln229"   --->   Operation 74 'sub' 'sub_ln229' <Predicate = (tmp_i & !metaWritten_load)> <Delay = 0.78> <CoreInst = "Adder">   --->   Core 1 'Adder' <Latency = 0> <II = 1> <Delay = 0.78> <FuncUnit> <Opcode : 'add' 'sub'> <InPorts = 2> <OutPorts = 1>
ST_2 : Operation 75 [1/1] (0.00ns)   --->   "%tmp_17_i = partselect i64 @_ssdm_op_PartSelect.i64.i160.i32.i32, i160 %p_Val2_1, i32 96, i32 159" [/tools/Xilinx/Vitis_HLS/2021.2/common/technology/autopilot/hls_stream_39.h:173]   --->   Operation 75 'partselect' 'tmp_17_i' <Predicate = (tmp_i & !metaWritten_load)> <Delay = 0.00>
ST_2 : Operation 76 [1/1] (0.00ns)   --->   "%tmp_18_i = bitconcatenate i80 @_ssdm_op_BitConcatenate.i80.i16.i64, i16 %sub_ln229, i64 %tmp_17_i" [/tools/Xilinx/Vitis_HLS/2021.2/common/technology/autopilot/hls_stream_39.h:173]   --->   Operation 76 'bitconcatenate' 'tmp_18_i' <Predicate = (tmp_i & !metaWritten_load)> <Delay = 0.00>
ST_2 : Operation 77 [1/1] (0.00ns)   --->   "%zext_ln173 = zext i80 %tmp_18_i" [/tools/Xilinx/Vitis_HLS/2021.2/common/technology/autopilot/hls_stream_39.h:173]   --->   Operation 77 'zext' 'zext_ln173' <Predicate = (tmp_i & !metaWritten_load)> <Delay = 0.00>
ST_2 : Operation 78 [1/1] (1.16ns)   --->   "%write_ln173 = write void @_ssdm_op_Write.ap_fifo.volatile.i96P0A, i96 %rxEng_ipMetaFifo, i96 %zext_ln173" [/tools/Xilinx/Vitis_HLS/2021.2/common/technology/autopilot/hls_stream_39.h:173]   --->   Operation 78 'write' 'write_ln173' <Predicate = (tmp_i & !metaWritten_load)> <Delay = 1.16> <CoreInst = "FIFO_SRL">   --->   Core 81 'FIFO_SRL' <Latency = 0> <II = 1> <Delay = 1.40> <Storage> <Opcode : 'read' 'write' 'nbread' 'nbwrite'> <Ports = 0> <Width = 96> <Depth = 2> <FIFO>
ST_2 : Operation 79 [1/1] (0.00ns)   --->   "%ret_ln0 = ret"   --->   Operation 79 'ret' 'ret_ln0' <Predicate = true> <Delay = 0.00>


============================================================
+ Verbose Summary: Timing violations
============================================================
Target clock period: 3.2ns, clock uncertainty: 0.864ns.

 <State 1>: 1.83ns
The critical path consists of the following:
	'load' operation ('header_idx_load', /home/yangz0e/Desktop/Vitis_with_100Gbps_TCP-IP_top_k/fpga-network-stack/hls/toe/rx_engine/../../packet.hpp:58) on static variable 'header_idx' [32]  (0 ns)
	'icmp' operation ('icmp_ln414') [39]  (0.779 ns)
	'select' operation ('select_ln414_3') [46]  (0 ns)
	'and' operation ('and_ln414') [47]  (0.398 ns)
	'and' operation ('and_ln414_5') [50]  (0.398 ns)
	'or' operation ('__Result__') [51]  (0.258 ns)

 <State 2>: 1.95ns
The critical path consists of the following:
	'phi' operation ('__Result__') with incoming values : ('__Val2__') ('__Result__') [57]  (0 ns)
	'sub' operation ('sub_ln229') [70]  (0.785 ns)
	fifo write operation ('write_ln173', /tools/Xilinx/Vitis_HLS/2021.2/common/technology/autopilot/hls_stream_39.h:173) on port 'rxEng_ipMetaFifo' (/tools/Xilinx/Vitis_HLS/2021.2/common/technology/autopilot/hls_stream_39.h:173) [74]  (1.17 ns)


============================================================
+ Verbose Summary: Binding
============================================================
N/A
* FSMD analyzer results:
  - Output states:
 - Input state : 
  - Chain level:
	State 1
	State 2


============================================================
+ Verbose Summary: Datapath Resource usage 
============================================================
N/A
