

================================================================
== Vitis HLS Report for 'tupleSplitter'
================================================================
* Date:           Sat Mar 18 14:38:37 2023

* Version:        2021.2 (Build 3367213 on Tue Oct 19 02:47:39 MDT 2021)
* Project:        toe_prj
* Solution:       solution1 (Vivado IP Flow Target)
* Product family: virtexuplus
* Target device:  xcu280-fsvh2892-2L-e


================================================================
== Performance Estimates
================================================================
+ Timing: 
    * Summary: 
    +--------+---------+----------+------------+
    |  Clock |  Target | Estimated| Uncertainty|
    +--------+---------+----------+------------+
    |ap_clk  |  3.20 ns|  1.412 ns|     0.86 ns|
    +--------+---------+----------+------------+

+ Latency: 
    * Summary: 
    +---------+---------+----------+----------+-----+-----+---------+
    |  Latency (cycles) |  Latency (absolute) |  Interval | Pipeline|
    |   min   |   max   |    min   |    max   | min | max |   Type  |
    +---------+---------+----------+----------+-----+-----+---------+
    |        1|        1|  3.200 ns|  3.200 ns|    1|    1|      yes|
    +---------+---------+----------+----------+-----+-----+---------+

    + Detail: 
        * Instance: 
        N/A

        * Loop: 
        N/A

============================================================
+ Verbose Summary: Synthesis Manager
============================================================
InlineROM: 1
ExposeGlobal: 0
============================================================
+ Verbose Summary: CDFG Model
============================================================
IsTopModel: 0
ResetActiveHigh: 1
IsCombinational: 2
IsDatapathOnly: 0
HasWiredReturn: 1
HasMFsm: 2
HasVarLatency: 0
IsPipeline: 1
IsRtlPipelined: 1
IsInstanceOverlapped: 0
IsDontTouch: 0
HasImplIP: 0
IsGatedGlobalClock: 0

+ Individual pipeline summary: 
  * Pipeline-0: initiation interval (II) = 1, depth = 2


============================================================
+ Verbose Summary: Schedule
============================================================
* Number of FSM states : 2
* Pipeline : 1
  Pipeline-0 : II = 1, D = 2, States = { 1 2 }
* Dataflow Pipeline: 0

* FSM state transitions: 
1 --> 2 
2 --> 

* FSM state operations: 

State 1 <SV = 0> <Delay = 1.41>
ST_1 : Operation 3 [1/1] (0.00ns)   --->   "%specinterface_ln0 = specinterface void @_ssdm_op_SpecInterface, i96 %sLookup2txEng_rev_rsp, void @empty_0, i32 0, i32 0, void @empty_3, i32 0, i32 0, void @empty_3, void @empty_3, void @empty_3, i32 0, i32 0, i32 0, i32 0, void @empty_3, void @empty_3"   --->   Operation 3 'specinterface' 'specinterface_ln0' <Predicate = true> <Delay = 0.00>
ST_1 : Operation 4 [1/1] (0.00ns)   --->   "%specinterface_ln0 = specinterface void @_ssdm_op_SpecInterface, i96 %sLookup2txEng_rev_rsp, void @empty_0, i32 0, i32 0, void @empty_3, i32 0, i32 0, void @empty_3, void @empty_3, void @empty_3, i32 0, i32 0, i32 0, i32 0, void @empty_3, void @empty_3"   --->   Operation 4 'specinterface' 'specinterface_ln0' <Predicate = true> <Delay = 0.00>
ST_1 : Operation 5 [1/1] (0.00ns)   --->   "%specinterface_ln0 = specinterface void @_ssdm_op_SpecInterface, i96 %sLookup2txEng_rev_rsp, void @empty_0, i32 0, i32 0, void @empty_3, i32 0, i32 0, void @empty_3, void @empty_3, void @empty_3, i32 0, i32 0, i32 0, i32 0, void @empty_3, void @empty_3"   --->   Operation 5 'specinterface' 'specinterface_ln0' <Predicate = true> <Delay = 0.00>
ST_1 : Operation 6 [1/1] (0.00ns)   --->   "%specinterface_ln0 = specinterface void @_ssdm_op_SpecInterface, i64 %txEng_ipTupleFifo, void @empty_0, i32 0, i32 0, void @empty_3, i32 0, i32 0, void @empty_3, void @empty_3, void @empty_3, i32 0, i32 0, i32 0, i32 0, void @empty_3, void @empty_3"   --->   Operation 6 'specinterface' 'specinterface_ln0' <Predicate = true> <Delay = 0.00>
ST_1 : Operation 7 [1/1] (0.00ns)   --->   "%specinterface_ln0 = specinterface void @_ssdm_op_SpecInterface, i64 %txEng_ipTupleFifo, void @empty_0, i32 0, i32 0, void @empty_3, i32 0, i32 0, void @empty_3, void @empty_3, void @empty_3, i32 0, i32 0, i32 0, i32 0, void @empty_3, void @empty_3"   --->   Operation 7 'specinterface' 'specinterface_ln0' <Predicate = true> <Delay = 0.00>
ST_1 : Operation 8 [1/1] (0.00ns)   --->   "%specinterface_ln0 = specinterface void @_ssdm_op_SpecInterface, i64 %txEng_ipTupleFifo, void @empty_0, i32 0, i32 0, void @empty_3, i32 0, i32 0, void @empty_3, void @empty_3, void @empty_3, i32 0, i32 0, i32 0, i32 0, void @empty_3, void @empty_3"   --->   Operation 8 'specinterface' 'specinterface_ln0' <Predicate = true> <Delay = 0.00>
ST_1 : Operation 9 [1/1] (0.00ns)   --->   "%specinterface_ln0 = specinterface void @_ssdm_op_SpecInterface, i1 %txEng_isLookUpFifo, void @empty_0, i32 0, i32 0, void @empty_3, i32 0, i32 0, void @empty_3, void @empty_3, void @empty_3, i32 0, i32 0, i32 0, i32 0, void @empty_3, void @empty_3"   --->   Operation 9 'specinterface' 'specinterface_ln0' <Predicate = true> <Delay = 0.00>
ST_1 : Operation 10 [1/1] (0.00ns)   --->   "%specinterface_ln0 = specinterface void @_ssdm_op_SpecInterface, i1 %txEng_isLookUpFifo, void @empty_0, i32 0, i32 0, void @empty_3, i32 0, i32 0, void @empty_3, void @empty_3, void @empty_3, i32 0, i32 0, i32 0, i32 0, void @empty_3, void @empty_3"   --->   Operation 10 'specinterface' 'specinterface_ln0' <Predicate = true> <Delay = 0.00>
ST_1 : Operation 11 [1/1] (0.00ns)   --->   "%specinterface_ln0 = specinterface void @_ssdm_op_SpecInterface, i1 %txEng_isLookUpFifo, void @empty_0, i32 0, i32 0, void @empty_3, i32 0, i32 0, void @empty_3, void @empty_3, void @empty_3, i32 0, i32 0, i32 0, i32 0, void @empty_3, void @empty_3"   --->   Operation 11 'specinterface' 'specinterface_ln0' <Predicate = true> <Delay = 0.00>
ST_1 : Operation 12 [1/1] (0.00ns)   --->   "%specinterface_ln0 = specinterface void @_ssdm_op_SpecInterface, i96 %txEng_tcpTupleFifo, void @empty_0, i32 0, i32 0, void @empty_3, i32 0, i32 0, void @empty_3, void @empty_3, void @empty_3, i32 0, i32 0, i32 0, i32 0, void @empty_3, void @empty_3"   --->   Operation 12 'specinterface' 'specinterface_ln0' <Predicate = true> <Delay = 0.00>
ST_1 : Operation 13 [1/1] (0.00ns)   --->   "%specinterface_ln0 = specinterface void @_ssdm_op_SpecInterface, i96 %txEng_tcpTupleFifo, void @empty_0, i32 0, i32 0, void @empty_3, i32 0, i32 0, void @empty_3, void @empty_3, void @empty_3, i32 0, i32 0, i32 0, i32 0, void @empty_3, void @empty_3"   --->   Operation 13 'specinterface' 'specinterface_ln0' <Predicate = true> <Delay = 0.00>
ST_1 : Operation 14 [1/1] (0.00ns)   --->   "%specinterface_ln0 = specinterface void @_ssdm_op_SpecInterface, i96 %txEng_tcpTupleFifo, void @empty_0, i32 0, i32 0, void @empty_3, i32 0, i32 0, void @empty_3, void @empty_3, void @empty_3, i32 0, i32 0, i32 0, i32 0, void @empty_3, void @empty_3"   --->   Operation 14 'specinterface' 'specinterface_ln0' <Predicate = true> <Delay = 0.00>
ST_1 : Operation 15 [1/1] (0.00ns)   --->   "%specinterface_ln0 = specinterface void @_ssdm_op_SpecInterface, i96 %txEng_tupleShortCutFifo, void @empty_0, i32 0, i32 0, void @empty_3, i32 0, i32 0, void @empty_3, void @empty_3, void @empty_3, i32 0, i32 0, i32 0, i32 0, void @empty_3, void @empty_3"   --->   Operation 15 'specinterface' 'specinterface_ln0' <Predicate = true> <Delay = 0.00>
ST_1 : Operation 16 [1/1] (0.00ns)   --->   "%specinterface_ln0 = specinterface void @_ssdm_op_SpecInterface, i96 %txEng_tupleShortCutFifo, void @empty_0, i32 0, i32 0, void @empty_3, i32 0, i32 0, void @empty_3, void @empty_3, void @empty_3, i32 0, i32 0, i32 0, i32 0, void @empty_3, void @empty_3"   --->   Operation 16 'specinterface' 'specinterface_ln0' <Predicate = true> <Delay = 0.00>
ST_1 : Operation 17 [1/1] (0.00ns)   --->   "%specinterface_ln0 = specinterface void @_ssdm_op_SpecInterface, i96 %txEng_tupleShortCutFifo, void @empty_0, i32 0, i32 0, void @empty_3, i32 0, i32 0, void @empty_3, void @empty_3, void @empty_3, i32 0, i32 0, i32 0, i32 0, void @empty_3, void @empty_3"   --->   Operation 17 'specinterface' 'specinterface_ln0' <Predicate = true> <Delay = 0.00>
ST_1 : Operation 18 [1/1] (0.00ns)   --->   "%specinterface_ln0 = specinterface void @_ssdm_op_SpecInterface, i96 %txEng_tcpTupleFifo, void @empty_0, i32 0, i32 0, void @empty_3, i32 0, i32 0, void @empty_3, void @empty_3, void @empty_3, i32 0, i32 0, i32 0, i32 0, void @empty_3, void @empty_3"   --->   Operation 18 'specinterface' 'specinterface_ln0' <Predicate = true> <Delay = 0.00>
ST_1 : Operation 19 [1/1] (0.00ns)   --->   "%specinterface_ln0 = specinterface void @_ssdm_op_SpecInterface, i64 %txEng_ipTupleFifo, void @empty_0, i32 0, i32 0, void @empty_3, i32 0, i32 0, void @empty_3, void @empty_3, void @empty_3, i32 0, i32 0, i32 0, i32 0, void @empty_3, void @empty_3"   --->   Operation 19 'specinterface' 'specinterface_ln0' <Predicate = true> <Delay = 0.00>
ST_1 : Operation 20 [1/1] (0.00ns)   --->   "%specinterface_ln0 = specinterface void @_ssdm_op_SpecInterface, i96 %txEng_tupleShortCutFifo, void @empty_0, i32 0, i32 0, void @empty_3, i32 0, i32 0, void @empty_3, void @empty_3, void @empty_3, i32 0, i32 0, i32 0, i32 0, void @empty_3, void @empty_3"   --->   Operation 20 'specinterface' 'specinterface_ln0' <Predicate = true> <Delay = 0.00>
ST_1 : Operation 21 [1/1] (0.00ns)   --->   "%specinterface_ln0 = specinterface void @_ssdm_op_SpecInterface, i1 %txEng_isLookUpFifo, void @empty_0, i32 0, i32 0, void @empty_3, i32 0, i32 0, void @empty_3, void @empty_3, void @empty_3, i32 0, i32 0, i32 0, i32 0, void @empty_3, void @empty_3"   --->   Operation 21 'specinterface' 'specinterface_ln0' <Predicate = true> <Delay = 0.00>
ST_1 : Operation 22 [1/1] (0.00ns)   --->   "%specinterface_ln0 = specinterface void @_ssdm_op_SpecInterface, i96 %sLookup2txEng_rev_rsp, void @empty_0, i32 0, i32 0, void @empty_3, i32 0, i32 0, void @empty_3, void @empty_3, void @empty_3, i32 0, i32 0, i32 0, i32 0, void @empty_3, void @empty_3"   --->   Operation 22 'specinterface' 'specinterface_ln0' <Predicate = true> <Delay = 0.00>
ST_1 : Operation 23 [1/1] (0.00ns)   --->   "%specpipeline_ln704 = specpipeline void @_ssdm_op_SpecPipeline, i32 1, i32 0, i32 0, i32 0, void @empty_3" [/home/yangz0e/Desktop/Vitis_with_100Gbps_TCP-IP_top_k/fpga-network-stack/hls/toe/tx_engine/tx_engine.cpp:704]   --->   Operation 23 'specpipeline' 'specpipeline_ln704' <Predicate = true> <Delay = 0.00>
ST_1 : Operation 24 [1/1] (0.00ns)   --->   "%ts_getMeta_load = load i1 %ts_getMeta" [/home/yangz0e/Desktop/Vitis_with_100Gbps_TCP-IP_top_k/fpga-network-stack/hls/toe/tx_engine/tx_engine.cpp:715]   --->   Operation 24 'load' 'ts_getMeta_load' <Predicate = true> <Delay = 0.00>
ST_1 : Operation 25 [1/1] (0.00ns)   --->   "%ts_isLookUp_load = load i1 %ts_isLookUp" [/home/yangz0e/Desktop/Vitis_with_100Gbps_TCP-IP_top_k/fpga-network-stack/hls/toe/tx_engine/tx_engine.cpp:725]   --->   Operation 25 'load' 'ts_isLookUp_load' <Predicate = true> <Delay = 0.00>
ST_1 : Operation 26 [1/1] (0.00ns)   --->   "%br_ln715 = br i1 %ts_getMeta_load, void, void" [/home/yangz0e/Desktop/Vitis_with_100Gbps_TCP-IP_top_k/fpga-network-stack/hls/toe/tx_engine/tx_engine.cpp:715]   --->   Operation 26 'br' 'br_ln715' <Predicate = true> <Delay = 0.00>
ST_1 : Operation 27 [1/1] (0.00ns)   --->   "%tmp_i_167 = nbreadreq i1 @_ssdm_op_NbReadReq.ap_fifo.i96P0A, i96 %sLookup2txEng_rev_rsp, i32 1" [/tools/Xilinx/Vitis_HLS/2021.2/common/technology/autopilot/hls_stream_39.h:135]   --->   Operation 27 'nbreadreq' 'tmp_i_167' <Predicate = (!ts_getMeta_load)> <Delay = 0.00> <CoreInst = "FIFO_SRL">   --->   Core 81 'FIFO_SRL' <Latency = 0> <II = 1> <Delay = 1.41> <Storage> <Opcode : 'read' 'write' 'nbread' 'nbwrite'> <Ports = 0> <Width = 96> <Depth = 4> <FIFO>
ST_1 : Operation 28 [1/1] (0.12ns)   --->   "%and_ln725 = and i1 %ts_isLookUp_load, i1 %tmp_i_167" [/home/yangz0e/Desktop/Vitis_with_100Gbps_TCP-IP_top_k/fpga-network-stack/hls/toe/tx_engine/tx_engine.cpp:725]   --->   Operation 28 'and' 'and_ln725' <Predicate = (!ts_getMeta_load)> <Delay = 0.12> <CoreInst = "LogicGate">   --->   Core 74 'LogicGate' <Latency = 0> <II = 1> <Delay = 0.12> <FuncUnit> <Opcode : 'and' 'or' 'xor'> <InPorts = 2> <OutPorts = 1>
ST_1 : Operation 29 [1/1] (0.00ns)   --->   "%br_ln725 = br i1 %and_ln725, void %._crit_edge1.i, void" [/home/yangz0e/Desktop/Vitis_with_100Gbps_TCP-IP_top_k/fpga-network-stack/hls/toe/tx_engine/tx_engine.cpp:725]   --->   Operation 29 'br' 'br_ln725' <Predicate = (!ts_getMeta_load)> <Delay = 0.00>
ST_1 : Operation 30 [1/1] (0.00ns)   --->   "%tmp_9_i = nbreadreq i1 @_ssdm_op_NbReadReq.ap_fifo.i96P0A, i96 %txEng_tupleShortCutFifo, i32 1" [/tools/Xilinx/Vitis_HLS/2021.2/common/technology/autopilot/hls_stream_39.h:135]   --->   Operation 30 'nbreadreq' 'tmp_9_i' <Predicate = (!ts_getMeta_load & !and_ln725)> <Delay = 0.00> <CoreInst = "FIFO_SRL">   --->   Core 81 'FIFO_SRL' <Latency = 0> <II = 1> <Delay = 1.40> <Storage> <Opcode : 'read' 'write' 'nbread' 'nbwrite'> <Ports = 0> <Width = 96> <Depth = 2> <FIFO>
ST_1 : Operation 31 [1/1] (0.00ns) (grouped into LUT with out node or_ln732)   --->   "%xor_ln732 = xor i1 %tmp_9_i, i1 1" [/home/yangz0e/Desktop/Vitis_with_100Gbps_TCP-IP_top_k/fpga-network-stack/hls/toe/tx_engine/tx_engine.cpp:732]   --->   Operation 31 'xor' 'xor_ln732' <Predicate = (!ts_getMeta_load & !and_ln725)> <Delay = 0.00> <CoreInst = "LogicGate">   --->   Core 74 'LogicGate' <Latency = 0> <II = 1> <Delay = 0.12> <FuncUnit> <Opcode : 'and' 'or' 'xor'> <InPorts = 2> <OutPorts = 1>
ST_1 : Operation 32 [1/1] (0.12ns) (out node of the LUT)   --->   "%or_ln732 = or i1 %ts_isLookUp_load, i1 %xor_ln732" [/home/yangz0e/Desktop/Vitis_with_100Gbps_TCP-IP_top_k/fpga-network-stack/hls/toe/tx_engine/tx_engine.cpp:732]   --->   Operation 32 'or' 'or_ln732' <Predicate = (!ts_getMeta_load & !and_ln725)> <Delay = 0.12> <CoreInst = "LogicGate">   --->   Core 74 'LogicGate' <Latency = 0> <II = 1> <Delay = 0.12> <FuncUnit> <Opcode : 'and' 'or' 'xor'> <InPorts = 2> <OutPorts = 1>
ST_1 : Operation 33 [1/1] (0.00ns)   --->   "%br_ln732 = br i1 %or_ln732, void, void %._crit_edge3.i" [/home/yangz0e/Desktop/Vitis_with_100Gbps_TCP-IP_top_k/fpga-network-stack/hls/toe/tx_engine/tx_engine.cpp:732]   --->   Operation 33 'br' 'br_ln732' <Predicate = (!ts_getMeta_load & !and_ln725)> <Delay = 0.00>
ST_1 : Operation 34 [1/1] (1.16ns)   --->   "%txEng_tupleShortCutFifo_read = read i96 @_ssdm_op_Read.ap_fifo.volatile.i96P0A, i96 %txEng_tupleShortCutFifo" [/tools/Xilinx/Vitis_HLS/2021.2/common/technology/autopilot/hls_stream_39.h:144]   --->   Operation 34 'read' 'txEng_tupleShortCutFifo_read' <Predicate = (!ts_getMeta_load & !and_ln725 & !or_ln732)> <Delay = 1.16> <CoreInst = "FIFO_SRL">   --->   Core 81 'FIFO_SRL' <Latency = 0> <II = 1> <Delay = 1.40> <Storage> <Opcode : 'read' 'write' 'nbread' 'nbwrite'> <Ports = 0> <Width = 96> <Depth = 2> <FIFO>
ST_1 : Operation 35 [1/1] (0.00ns)   --->   "%trunc_ln173_3 = trunc i96 %txEng_tupleShortCutFifo_read" [/tools/Xilinx/Vitis_HLS/2021.2/common/technology/autopilot/hls_stream_39.h:173]   --->   Operation 35 'trunc' 'trunc_ln173_3' <Predicate = (!ts_getMeta_load & !and_ln725 & !or_ln732)> <Delay = 0.00>
ST_1 : Operation 36 [1/1] (0.38ns)   --->   "%store_ln737 = store i1 1, i1 %ts_getMeta" [/home/yangz0e/Desktop/Vitis_with_100Gbps_TCP-IP_top_k/fpga-network-stack/hls/toe/tx_engine/tx_engine.cpp:737]   --->   Operation 36 'store' 'store_ln737' <Predicate = (!ts_getMeta_load & !and_ln725 & !or_ln732)> <Delay = 0.38>
ST_1 : Operation 37 [1/1] (0.00ns)   --->   "%br_ln0 = br void"   --->   Operation 37 'br' 'br_ln0' <Predicate = (!ts_getMeta_load & !and_ln725)> <Delay = 0.00>
ST_1 : Operation 38 [1/1] (1.16ns)   --->   "%sLookup2txEng_rev_rsp_read = read i96 @_ssdm_op_Read.ap_fifo.volatile.i96P0A, i96 %sLookup2txEng_rev_rsp" [/tools/Xilinx/Vitis_HLS/2021.2/common/technology/autopilot/hls_stream_39.h:144]   --->   Operation 38 'read' 'sLookup2txEng_rev_rsp_read' <Predicate = (!ts_getMeta_load & and_ln725)> <Delay = 1.16> <CoreInst = "FIFO_SRL">   --->   Core 81 'FIFO_SRL' <Latency = 0> <II = 1> <Delay = 1.41> <Storage> <Opcode : 'read' 'write' 'nbread' 'nbwrite'> <Ports = 0> <Width = 96> <Depth = 4> <FIFO>
ST_1 : Operation 39 [1/1] (0.00ns)   --->   "%trunc_ln173 = trunc i96 %sLookup2txEng_rev_rsp_read" [/tools/Xilinx/Vitis_HLS/2021.2/common/technology/autopilot/hls_stream_39.h:173]   --->   Operation 39 'trunc' 'trunc_ln173' <Predicate = (!ts_getMeta_load & and_ln725)> <Delay = 0.00>
ST_1 : Operation 40 [1/1] (0.38ns)   --->   "%store_ln730 = store i1 1, i1 %ts_getMeta" [/home/yangz0e/Desktop/Vitis_with_100Gbps_TCP-IP_top_k/fpga-network-stack/hls/toe/tx_engine/tx_engine.cpp:730]   --->   Operation 40 'store' 'store_ln730' <Predicate = (!ts_getMeta_load & and_ln725)> <Delay = 0.38>
ST_1 : Operation 41 [1/1] (0.00ns)   --->   "%br_ln0 = br void %tupleSplitter.exit"   --->   Operation 41 'br' 'br_ln0' <Predicate = (!ts_getMeta_load)> <Delay = 0.00>
ST_1 : Operation 42 [1/1] (0.00ns)   --->   "%tmp_i = nbreadreq i1 @_ssdm_op_NbReadReq.ap_fifo.i1P0A, i1 %txEng_isLookUpFifo, i32 1" [/tools/Xilinx/Vitis_HLS/2021.2/common/technology/autopilot/hls_stream_39.h:135]   --->   Operation 42 'nbreadreq' 'tmp_i' <Predicate = (ts_getMeta_load)> <Delay = 0.00> <CoreInst = "FIFO_SRL">   --->   Core 81 'FIFO_SRL' <Latency = 0> <II = 1> <Delay = 1.35> <Storage> <Opcode : 'read' 'write' 'nbread' 'nbwrite'> <Ports = 0> <Width = 1> <Depth = 4> <FIFO>
ST_1 : Operation 43 [1/1] (0.00ns)   --->   "%br_ln717 = br i1 %tmp_i, void %._crit_edge.i, void" [/home/yangz0e/Desktop/Vitis_with_100Gbps_TCP-IP_top_k/fpga-network-stack/hls/toe/tx_engine/tx_engine.cpp:717]   --->   Operation 43 'br' 'br_ln717' <Predicate = (ts_getMeta_load)> <Delay = 0.00>
ST_1 : Operation 44 [1/1] (1.16ns)   --->   "%txEng_isLookUpFifo_read = read i1 @_ssdm_op_Read.ap_fifo.volatile.i1P0A, i1 %txEng_isLookUpFifo" [/tools/Xilinx/Vitis_HLS/2021.2/common/technology/autopilot/hls_stream_39.h:144]   --->   Operation 44 'read' 'txEng_isLookUpFifo_read' <Predicate = (ts_getMeta_load & tmp_i)> <Delay = 1.16> <CoreInst = "FIFO_SRL">   --->   Core 81 'FIFO_SRL' <Latency = 0> <II = 1> <Delay = 1.35> <Storage> <Opcode : 'read' 'write' 'nbread' 'nbwrite'> <Ports = 0> <Width = 1> <Depth = 4> <FIFO>
ST_1 : Operation 45 [1/1] (0.00ns)   --->   "%store_ln144 = store i1 %txEng_isLookUpFifo_read, i1 %ts_isLookUp" [/tools/Xilinx/Vitis_HLS/2021.2/common/technology/autopilot/hls_stream_39.h:144]   --->   Operation 45 'store' 'store_ln144' <Predicate = (ts_getMeta_load & tmp_i)> <Delay = 0.00>
ST_1 : Operation 46 [1/1] (0.38ns)   --->   "%store_ln720 = store i1 0, i1 %ts_getMeta" [/home/yangz0e/Desktop/Vitis_with_100Gbps_TCP-IP_top_k/fpga-network-stack/hls/toe/tx_engine/tx_engine.cpp:720]   --->   Operation 46 'store' 'store_ln720' <Predicate = (ts_getMeta_load & tmp_i)> <Delay = 0.38>
ST_1 : Operation 47 [1/1] (0.00ns)   --->   "%br_ln721 = br void %._crit_edge.i" [/home/yangz0e/Desktop/Vitis_with_100Gbps_TCP-IP_top_k/fpga-network-stack/hls/toe/tx_engine/tx_engine.cpp:721]   --->   Operation 47 'br' 'br_ln721' <Predicate = (ts_getMeta_load & tmp_i)> <Delay = 0.00>
ST_1 : Operation 48 [1/1] (0.00ns)   --->   "%br_ln722 = br void %tupleSplitter.exit" [/home/yangz0e/Desktop/Vitis_with_100Gbps_TCP-IP_top_k/fpga-network-stack/hls/toe/tx_engine/tx_engine.cpp:722]   --->   Operation 48 'br' 'br_ln722' <Predicate = (ts_getMeta_load)> <Delay = 0.00>

State 2 <SV = 1> <Delay = 1.16>
ST_2 : Operation 49 [1/1] (1.16ns)   --->   "%write_ln173 = write void @_ssdm_op_Write.ap_fifo.volatile.i64P0A, i64 %txEng_ipTupleFifo, i64 %trunc_ln173_3" [/tools/Xilinx/Vitis_HLS/2021.2/common/technology/autopilot/hls_stream_39.h:173]   --->   Operation 49 'write' 'write_ln173' <Predicate = (!ts_getMeta_load & !and_ln725 & !or_ln732)> <Delay = 1.16> <CoreInst = "FIFO">   --->   Core 78 'FIFO' <Latency = 0> <II = 1> <Delay = 1.45> <Storage> <Opcode : 'read' 'write' 'nbread' 'nbwrite'> <Ports = 0> <Width = 64> <Depth = 32> <FIFO>
ST_2 : Operation 50 [1/1] (1.16ns)   --->   "%write_ln173 = write void @_ssdm_op_Write.ap_fifo.volatile.i96P0A, i96 %txEng_tcpTupleFifo, i96 %txEng_tupleShortCutFifo_read" [/tools/Xilinx/Vitis_HLS/2021.2/common/technology/autopilot/hls_stream_39.h:173]   --->   Operation 50 'write' 'write_ln173' <Predicate = (!ts_getMeta_load & !and_ln725 & !or_ln732)> <Delay = 1.16> <CoreInst = "FIFO">   --->   Core 78 'FIFO' <Latency = 0> <II = 1> <Delay = 1.23> <Storage> <Opcode : 'read' 'write' 'nbread' 'nbwrite'> <Ports = 0> <Width = 96> <Depth = 32> <FIFO>
ST_2 : Operation 51 [1/1] (0.00ns)   --->   "%br_ln738 = br void %._crit_edge3.i" [/home/yangz0e/Desktop/Vitis_with_100Gbps_TCP-IP_top_k/fpga-network-stack/hls/toe/tx_engine/tx_engine.cpp:738]   --->   Operation 51 'br' 'br_ln738' <Predicate = (!ts_getMeta_load & !and_ln725 & !or_ln732)> <Delay = 0.00>
ST_2 : Operation 52 [1/1] (1.16ns)   --->   "%write_ln173 = write void @_ssdm_op_Write.ap_fifo.volatile.i64P0A, i64 %txEng_ipTupleFifo, i64 %trunc_ln173" [/tools/Xilinx/Vitis_HLS/2021.2/common/technology/autopilot/hls_stream_39.h:173]   --->   Operation 52 'write' 'write_ln173' <Predicate = (!ts_getMeta_load & and_ln725)> <Delay = 1.16> <CoreInst = "FIFO">   --->   Core 78 'FIFO' <Latency = 0> <II = 1> <Delay = 1.45> <Storage> <Opcode : 'read' 'write' 'nbread' 'nbwrite'> <Ports = 0> <Width = 64> <Depth = 32> <FIFO>
ST_2 : Operation 53 [1/1] (1.16ns)   --->   "%write_ln173 = write void @_ssdm_op_Write.ap_fifo.volatile.i96P0A, i96 %txEng_tcpTupleFifo, i96 %sLookup2txEng_rev_rsp_read" [/tools/Xilinx/Vitis_HLS/2021.2/common/technology/autopilot/hls_stream_39.h:173]   --->   Operation 53 'write' 'write_ln173' <Predicate = (!ts_getMeta_load & and_ln725)> <Delay = 1.16> <CoreInst = "FIFO">   --->   Core 78 'FIFO' <Latency = 0> <II = 1> <Delay = 1.23> <Storage> <Opcode : 'read' 'write' 'nbread' 'nbwrite'> <Ports = 0> <Width = 96> <Depth = 32> <FIFO>
ST_2 : Operation 54 [1/1] (0.00ns)   --->   "%br_ln731 = br void" [/home/yangz0e/Desktop/Vitis_with_100Gbps_TCP-IP_top_k/fpga-network-stack/hls/toe/tx_engine/tx_engine.cpp:731]   --->   Operation 54 'br' 'br_ln731' <Predicate = (!ts_getMeta_load & and_ln725)> <Delay = 0.00>
ST_2 : Operation 55 [1/1] (0.00ns)   --->   "%ret_ln0 = ret"   --->   Operation 55 'ret' 'ret_ln0' <Predicate = true> <Delay = 0.00>


============================================================
+ Verbose Summary: Timing violations
============================================================
Target clock period: 3.2ns, clock uncertainty: 0.864ns.

 <State 1>: 1.41ns
The critical path consists of the following:
	fifo read operation ('sLookup2txEng_rev_rsp_read', /tools/Xilinx/Vitis_HLS/2021.2/common/technology/autopilot/hls_stream_39.h:144) on port 'sLookup2txEng_rev_rsp' (/tools/Xilinx/Vitis_HLS/2021.2/common/technology/autopilot/hls_stream_39.h:144) [51]  (1.17 ns)
	blocking operation 0.244 ns on control path)

 <State 2>: 1.17ns
The critical path consists of the following:
	fifo write operation ('write_ln173', /tools/Xilinx/Vitis_HLS/2021.2/common/technology/autopilot/hls_stream_39.h:173) on port 'txEng_ipTupleFifo' (/tools/Xilinx/Vitis_HLS/2021.2/common/technology/autopilot/hls_stream_39.h:173) [44]  (1.17 ns)


============================================================
+ Verbose Summary: Binding
============================================================
N/A
* FSMD analyzer results:
  - Output states:
 - Input state : 
  - Chain level:
	State 1
	State 2


============================================================
+ Verbose Summary: Datapath Resource usage 
============================================================
N/A
