

================================================================
== Vitis HLS Report for 'tx_app_if'
================================================================
* Date:           Sat Mar 18 14:38:45 2023

* Version:        2021.2 (Build 3367213 on Tue Oct 19 02:47:39 MDT 2021)
* Project:        toe_prj
* Solution:       solution1 (Vivado IP Flow Target)
* Product family: virtexuplus
* Target device:  xcu280-fsvh2892-2L-e


================================================================
== Performance Estimates
================================================================
+ Timing: 
    * Summary: 
    +--------+---------+----------+------------+
    |  Clock |  Target | Estimated| Uncertainty|
    +--------+---------+----------+------------+
    |ap_clk  |  3.20 ns|  2.336 ns|     0.86 ns|
    +--------+---------+----------+------------+

+ Latency: 
    * Summary: 
    +---------+---------+----------+----------+-----+-----+---------+
    |  Latency (cycles) |  Latency (absolute) |  Interval | Pipeline|
    |   min   |   max   |    min   |    max   | min | max |   Type  |
    +---------+---------+----------+----------+-----+-----+---------+
    |        2|        2|  6.400 ns|  6.400 ns|    1|    1|      yes|
    +---------+---------+----------+----------+-----+-----+---------+

    + Detail: 
        * Instance: 
        N/A

        * Loop: 
        N/A

============================================================
+ Verbose Summary: Synthesis Manager
============================================================
InlineROM: 1
ExposeGlobal: 0
============================================================
+ Verbose Summary: CDFG Model
============================================================
IsTopModel: 0
ResetActiveHigh: 1
IsCombinational: 2
IsDatapathOnly: 0
HasWiredReturn: 1
HasMFsm: 2
HasVarLatency: 0
IsPipeline: 1
IsRtlPipelined: 1
IsInstanceOverlapped: 0
IsDontTouch: 0
HasImplIP: 0
IsGatedGlobalClock: 0

+ Individual pipeline summary: 
  * Pipeline-0: initiation interval (II) = 1, depth = 3


============================================================
+ Verbose Summary: Schedule
============================================================
* Number of FSM states : 3
* Pipeline : 1
  Pipeline-0 : II = 1, D = 3, States = { 1 2 3 }
* Dataflow Pipeline: 0

* FSM state transitions: 
1 --> 2 
2 --> 3 
3 --> 

* FSM state operations: 

State 1 <SV = 0> <Delay = 1.45>
ST_1 : Operation 4 [1/1] (0.00ns)   --->   "%tmp_i = nbreadreq i1 @_ssdm_op_NbReadReq.axis.i48P128A, i48 %s_axis_open_conn_req, i32 1" [/tools/Xilinx/Vitis_HLS/2021.2/common/technology/autopilot/hls_stream_39.h:135]   --->   Operation 4 'nbreadreq' 'tmp_i' <Predicate = true> <Delay = 0.00> <CoreInst = "axis">   --->   Core 123 'axis' <Latency = 0> <II = 1> <Delay = 1.00> <Adapter> <Opcode : >
ST_1 : Operation 5 [1/1] (0.00ns)   --->   "%br_ln85 = br i1 %tmp_i, void %._crit_edge.i, void" [/home/yangz0e/Desktop/Vitis_with_100Gbps_TCP-IP_top_k/fpga-network-stack/hls/toe/tx_app_if/tx_app_if.cpp:85]   --->   Operation 5 'br' 'br_ln85' <Predicate = true> <Delay = 0.00>
ST_1 : Operation 6 [1/1] (0.00ns)   --->   "%tmp_i_163 = nbreadreq i1 @_ssdm_op_NbReadReq.ap_fifo.i16P0A, i16 %portTable2txApp_port_rsp, i32 1" [/tools/Xilinx/Vitis_HLS/2021.2/common/technology/autopilot/hls_stream_39.h:135]   --->   Operation 6 'nbreadreq' 'tmp_i_163' <Predicate = (tmp_i)> <Delay = 0.00> <CoreInst = "FIFO_SRL">   --->   Core 81 'FIFO_SRL' <Latency = 0> <II = 1> <Delay = 1.33> <Storage> <Opcode : 'read' 'write' 'nbread' 'nbwrite'> <Ports = 0> <Width = 16> <Depth = 4> <FIFO>
ST_1 : Operation 7 [1/1] (0.00ns)   --->   "%br_ln85 = br i1 %tmp_i_163, void %._crit_edge.i, void" [/home/yangz0e/Desktop/Vitis_with_100Gbps_TCP-IP_top_k/fpga-network-stack/hls/toe/tx_app_if/tx_app_if.cpp:85]   --->   Operation 7 'br' 'br_ln85' <Predicate = (tmp_i)> <Delay = 0.00>
ST_1 : Operation 8 [1/1] (0.00ns)   --->   "%s_axis_open_conn_req_read = read i48 @_ssdm_op_Read.axis.volatile.i48P128A, i48 %s_axis_open_conn_req" [/tools/Xilinx/Vitis_HLS/2021.2/common/technology/autopilot/hls_stream_39.h:144]   --->   Operation 8 'read' 's_axis_open_conn_req_read' <Predicate = (tmp_i & tmp_i_163)> <Delay = 0.00> <CoreInst = "axis">   --->   Core 123 'axis' <Latency = 0> <II = 1> <Delay = 1.00> <Adapter> <Opcode : >
ST_1 : Operation 9 [1/1] (1.16ns)   --->   "%freePort_V = read i16 @_ssdm_op_Read.ap_fifo.volatile.i16P0A, i16 %portTable2txApp_port_rsp" [/tools/Xilinx/Vitis_HLS/2021.2/common/technology/autopilot/hls_stream_39.h:144]   --->   Operation 9 'read' 'freePort_V' <Predicate = (tmp_i & tmp_i_163)> <Delay = 1.16> <CoreInst = "FIFO_SRL">   --->   Core 81 'FIFO_SRL' <Latency = 0> <II = 1> <Delay = 1.33> <Storage> <Opcode : 'read' 'write' 'nbread' 'nbwrite'> <Ports = 0> <Width = 16> <Depth = 4> <FIFO>
ST_1 : Operation 10 [1/1] (0.00ns)   --->   "%p_Result_i = partselect i8 @_ssdm_op_PartSelect.i8.i48.i32.i32, i48 %s_axis_open_conn_req_read, i32 24, i32 31"   --->   Operation 10 'partselect' 'p_Result_i' <Predicate = (tmp_i & tmp_i_163)> <Delay = 0.00>
ST_1 : Operation 11 [1/1] (0.00ns)   --->   "%p_Result_i_164 = partselect i8 @_ssdm_op_PartSelect.i8.i48.i32.i32, i48 %s_axis_open_conn_req_read, i32 16, i32 23"   --->   Operation 11 'partselect' 'p_Result_i_164' <Predicate = (tmp_i & tmp_i_163)> <Delay = 0.00>
ST_1 : Operation 12 [1/1] (0.00ns)   --->   "%p_Result_1_i = partselect i8 @_ssdm_op_PartSelect.i8.i48.i32.i32, i48 %s_axis_open_conn_req_read, i32 8, i32 15"   --->   Operation 12 'partselect' 'p_Result_1_i' <Predicate = (tmp_i & tmp_i_163)> <Delay = 0.00>
ST_1 : Operation 13 [1/1] (0.00ns)   --->   "%trunc_ln674 = trunc i48 %s_axis_open_conn_req_read"   --->   Operation 13 'trunc' 'trunc_ln674' <Predicate = (tmp_i & tmp_i_163)> <Delay = 0.00>
ST_1 : Operation 14 [1/1] (0.00ns)   --->   "%p_Result_3_i = partselect i8 @_ssdm_op_PartSelect.i8.i16.i32.i32, i16 %freePort_V, i32 8, i32 15"   --->   Operation 14 'partselect' 'p_Result_3_i' <Predicate = (tmp_i & tmp_i_163)> <Delay = 0.00>
ST_1 : Operation 15 [1/1] (0.00ns)   --->   "%trunc_ln674_1 = trunc i16 %freePort_V"   --->   Operation 15 'trunc' 'trunc_ln674_1' <Predicate = (tmp_i & tmp_i_163)> <Delay = 0.00>
ST_1 : Operation 16 [1/1] (0.00ns)   --->   "%p_Result_5_i = partselect i8 @_ssdm_op_PartSelect.i8.i48.i32.i32, i48 %s_axis_open_conn_req_read, i32 40, i32 47"   --->   Operation 16 'partselect' 'p_Result_5_i' <Predicate = (tmp_i & tmp_i_163)> <Delay = 0.00>
ST_1 : Operation 17 [1/1] (0.00ns)   --->   "%p_Result_6_i = partselect i8 @_ssdm_op_PartSelect.i8.i48.i32.i32, i48 %s_axis_open_conn_req_read, i32 32, i32 39"   --->   Operation 17 'partselect' 'p_Result_6_i' <Predicate = (tmp_i & tmp_i_163)> <Delay = 0.00>
ST_1 : Operation 18 [1/1] (0.00ns)   --->   "%tai_fsmState_load = load i1 %tai_fsmState"   --->   Operation 18 'load' 'tai_fsmState_load' <Predicate = true> <Delay = 0.00>
ST_1 : Operation 19 [1/1] (0.00ns)   --->   "%br_ln94 = br i1 %tai_fsmState_load, void, void" [/home/yangz0e/Desktop/Vitis_with_100Gbps_TCP-IP_top_k/fpga-network-stack/hls/toe/tx_app_if/tx_app_if.cpp:94]   --->   Operation 19 'br' 'br_ln94' <Predicate = true> <Delay = 0.00>
ST_1 : Operation 20 [1/1] (0.00ns)   --->   "%tmp_2_i = nbreadreq i1 @_ssdm_op_NbReadReq.ap_fifo.i17P0A, i17 %sLookup2txApp_rsp, i32 1" [/tools/Xilinx/Vitis_HLS/2021.2/common/technology/autopilot/hls_stream_39.h:135]   --->   Operation 20 'nbreadreq' 'tmp_2_i' <Predicate = (!tai_fsmState_load)> <Delay = 0.00> <CoreInst = "FIFO_SRL">   --->   Core 81 'FIFO_SRL' <Latency = 0> <II = 1> <Delay = 1.46> <Storage> <Opcode : 'read' 'write' 'nbread' 'nbwrite'> <Ports = 0> <Width = 17> <Depth = 4> <FIFO>
ST_1 : Operation 21 [1/1] (0.00ns)   --->   "%br_ln97 = br i1 %tmp_2_i, void, void" [/home/yangz0e/Desktop/Vitis_with_100Gbps_TCP-IP_top_k/fpga-network-stack/hls/toe/tx_app_if/tx_app_if.cpp:97]   --->   Operation 21 'br' 'br_ln97' <Predicate = (!tai_fsmState_load)> <Delay = 0.00>
ST_1 : Operation 22 [1/1] (0.00ns)   --->   "%tmp_3_i = nbreadreq i1 @_ssdm_op_NbReadReq.ap_fifo.i72P0A, i72 %conEstablishedFifo, i32 1" [/tools/Xilinx/Vitis_HLS/2021.2/common/technology/autopilot/hls_stream_39.h:135]   --->   Operation 22 'nbreadreq' 'tmp_3_i' <Predicate = (!tai_fsmState_load & !tmp_2_i)> <Delay = 0.00> <CoreInst = "FIFO_SRL">   --->   Core 81 'FIFO_SRL' <Latency = 0> <II = 1> <Delay = 1.41> <Storage> <Opcode : 'read' 'write' 'nbread' 'nbwrite'> <Ports = 0> <Width = 72> <Depth = 4> <FIFO>
ST_1 : Operation 23 [1/1] (0.00ns)   --->   "%br_ln113 = br i1 %tmp_3_i, void, void" [/home/yangz0e/Desktop/Vitis_with_100Gbps_TCP-IP_top_k/fpga-network-stack/hls/toe/tx_app_if/tx_app_if.cpp:113]   --->   Operation 23 'br' 'br_ln113' <Predicate = (!tai_fsmState_load & !tmp_2_i)> <Delay = 0.00>
ST_1 : Operation 24 [1/1] (0.00ns)   --->   "%tmp_4_i = nbreadreq i1 @_ssdm_op_NbReadReq.ap_fifo.i72P0A, i72 %timer2txApp_notification, i32 1" [/tools/Xilinx/Vitis_HLS/2021.2/common/technology/autopilot/hls_stream_39.h:135]   --->   Operation 24 'nbreadreq' 'tmp_4_i' <Predicate = (!tai_fsmState_load & !tmp_2_i & !tmp_3_i)> <Delay = 0.00> <CoreInst = "FIFO_SRL">   --->   Core 81 'FIFO_SRL' <Latency = 0> <II = 1> <Delay = 1.41> <Storage> <Opcode : 'read' 'write' 'nbread' 'nbwrite'> <Ports = 0> <Width = 72> <Depth = 4> <FIFO>
ST_1 : Operation 25 [1/1] (0.00ns)   --->   "%br_ln119 = br i1 %tmp_4_i, void, void" [/home/yangz0e/Desktop/Vitis_with_100Gbps_TCP-IP_top_k/fpga-network-stack/hls/toe/tx_app_if/tx_app_if.cpp:119]   --->   Operation 25 'br' 'br_ln119' <Predicate = (!tai_fsmState_load & !tmp_2_i & !tmp_3_i)> <Delay = 0.00>
ST_1 : Operation 26 [1/1] (0.00ns)   --->   "%tmp_5_i = nbreadreq i1 @_ssdm_op_NbReadReq.axis.i16P128A, i16 %s_axis_close_conn_req, i32 1" [/tools/Xilinx/Vitis_HLS/2021.2/common/technology/autopilot/hls_stream_39.h:135]   --->   Operation 26 'nbreadreq' 'tmp_5_i' <Predicate = (!tai_fsmState_load & !tmp_2_i & !tmp_3_i & !tmp_4_i)> <Delay = 0.00> <CoreInst = "axis">   --->   Core 123 'axis' <Latency = 0> <II = 1> <Delay = 1.00> <Adapter> <Opcode : >
ST_1 : Operation 27 [1/1] (0.00ns)   --->   "%br_ln123 = br i1 %tmp_5_i, void %._crit_edge2.i, void" [/home/yangz0e/Desktop/Vitis_with_100Gbps_TCP-IP_top_k/fpga-network-stack/hls/toe/tx_app_if/tx_app_if.cpp:123]   --->   Operation 27 'br' 'br_ln123' <Predicate = (!tai_fsmState_load & !tmp_2_i & !tmp_3_i & !tmp_4_i)> <Delay = 0.00>
ST_1 : Operation 28 [1/1] (0.00ns)   --->   "%s_axis_close_conn_req_read = read i16 @_ssdm_op_Read.axis.volatile.i16P128A, i16 %s_axis_close_conn_req" [/tools/Xilinx/Vitis_HLS/2021.2/common/technology/autopilot/hls_stream_39.h:144]   --->   Operation 28 'read' 's_axis_close_conn_req_read' <Predicate = (!tai_fsmState_load & !tmp_2_i & !tmp_3_i & !tmp_4_i & tmp_5_i)> <Delay = 0.00> <CoreInst = "axis">   --->   Core 123 'axis' <Latency = 0> <II = 1> <Delay = 1.00> <Adapter> <Opcode : >
ST_1 : Operation 29 [1/1] (0.38ns)   --->   "%store_ln0 = store i1 1, i1 %tai_fsmState"   --->   Operation 29 'store' 'store_ln0' <Predicate = (!tai_fsmState_load & !tmp_2_i & !tmp_3_i & !tmp_4_i & tmp_5_i)> <Delay = 0.38>
ST_1 : Operation 30 [1/1] (0.00ns)   --->   "%br_ln0 = br void"   --->   Operation 30 'br' 'br_ln0' <Predicate = (!tai_fsmState_load & !tmp_2_i & !tmp_3_i & !tmp_4_i)> <Delay = 0.00>
ST_1 : Operation 31 [1/1] (1.16ns)   --->   "%timer2txApp_notification_read = read i72 @_ssdm_op_Read.ap_fifo.volatile.i72P0A, i72 %timer2txApp_notification" [/tools/Xilinx/Vitis_HLS/2021.2/common/technology/autopilot/hls_stream_39.h:144]   --->   Operation 31 'read' 'timer2txApp_notification_read' <Predicate = (!tai_fsmState_load & !tmp_2_i & !tmp_3_i & tmp_4_i)> <Delay = 1.16> <CoreInst = "FIFO_SRL">   --->   Core 81 'FIFO_SRL' <Latency = 0> <II = 1> <Delay = 1.41> <Storage> <Opcode : 'read' 'write' 'nbread' 'nbwrite'> <Ports = 0> <Width = 72> <Depth = 4> <FIFO>
ST_1 : Operation 32 [1/1] (0.00ns)   --->   "%br_ln0 = br void"   --->   Operation 32 'br' 'br_ln0' <Predicate = (!tai_fsmState_load & !tmp_2_i & !tmp_3_i)> <Delay = 0.00>
ST_1 : Operation 33 [1/1] (1.16ns)   --->   "%conEstablishedFifo_read = read i72 @_ssdm_op_Read.ap_fifo.volatile.i72P0A, i72 %conEstablishedFifo" [/tools/Xilinx/Vitis_HLS/2021.2/common/technology/autopilot/hls_stream_39.h:144]   --->   Operation 33 'read' 'conEstablishedFifo_read' <Predicate = (!tai_fsmState_load & !tmp_2_i & tmp_3_i)> <Delay = 1.16> <CoreInst = "FIFO_SRL">   --->   Core 81 'FIFO_SRL' <Latency = 0> <II = 1> <Delay = 1.41> <Storage> <Opcode : 'read' 'write' 'nbread' 'nbwrite'> <Ports = 0> <Width = 72> <Depth = 4> <FIFO>
ST_1 : Operation 34 [1/1] (0.00ns)   --->   "%br_ln0 = br void"   --->   Operation 34 'br' 'br_ln0' <Predicate = (!tai_fsmState_load & !tmp_2_i)> <Delay = 0.00>
ST_1 : Operation 35 [1/1] (1.16ns)   --->   "%sLookup2txApp_rsp_read = read i17 @_ssdm_op_Read.ap_fifo.volatile.i17P0A, i17 %sLookup2txApp_rsp" [/tools/Xilinx/Vitis_HLS/2021.2/common/technology/autopilot/hls_stream_39.h:144]   --->   Operation 35 'read' 'sLookup2txApp_rsp_read' <Predicate = (!tai_fsmState_load & tmp_2_i)> <Delay = 1.16> <CoreInst = "FIFO_SRL">   --->   Core 81 'FIFO_SRL' <Latency = 0> <II = 1> <Delay = 1.46> <Storage> <Opcode : 'read' 'write' 'nbread' 'nbwrite'> <Ports = 0> <Width = 17> <Depth = 4> <FIFO>
ST_1 : Operation 36 [1/1] (0.00ns)   --->   "%session_sessionID_V = trunc i17 %sLookup2txApp_rsp_read" [/tools/Xilinx/Vitis_HLS/2021.2/common/technology/autopilot/hls_stream_39.h:144]   --->   Operation 36 'trunc' 'session_sessionID_V' <Predicate = (!tai_fsmState_load & tmp_2_i)> <Delay = 0.00>
ST_1 : Operation 37 [1/1] (0.00ns)   --->   "%session_hit = bitselect i1 @_ssdm_op_BitSelect.i1.i17.i32, i17 %sLookup2txApp_rsp_read, i32 16" [/tools/Xilinx/Vitis_HLS/2021.2/common/technology/autopilot/hls_stream_39.h:144]   --->   Operation 37 'bitselect' 'session_hit' <Predicate = (!tai_fsmState_load & tmp_2_i)> <Delay = 0.00>
ST_1 : Operation 38 [1/1] (0.00ns)   --->   "%br_ln102 = br i1 %session_hit, void, void" [/home/yangz0e/Desktop/Vitis_with_100Gbps_TCP-IP_top_k/fpga-network-stack/hls/toe/tx_app_if/tx_app_if.cpp:102]   --->   Operation 38 'br' 'br_ln102' <Predicate = (!tai_fsmState_load & tmp_2_i)> <Delay = 0.00>
ST_1 : Operation 39 [1/1] (0.00ns)   --->   "%br_ln112 = br void" [/home/yangz0e/Desktop/Vitis_with_100Gbps_TCP-IP_top_k/fpga-network-stack/hls/toe/tx_app_if/tx_app_if.cpp:112]   --->   Operation 39 'br' 'br_ln112' <Predicate = (!tai_fsmState_load & tmp_2_i)> <Delay = 0.00>
ST_1 : Operation 40 [1/1] (0.00ns)   --->   "%br_ln129 = br void %tx_app_if.exit" [/home/yangz0e/Desktop/Vitis_with_100Gbps_TCP-IP_top_k/fpga-network-stack/hls/toe/tx_app_if/tx_app_if.cpp:129]   --->   Operation 40 'br' 'br_ln129' <Predicate = (!tai_fsmState_load)> <Delay = 0.00>
ST_1 : Operation 41 [1/1] (0.00ns)   --->   "%tmp_1_i = nbreadreq i1 @_ssdm_op_NbReadReq.ap_fifo.i32P0A, i32 %stateTable2txApp_upd_rsp, i32 1" [/tools/Xilinx/Vitis_HLS/2021.2/common/technology/autopilot/hls_stream_39.h:135]   --->   Operation 41 'nbreadreq' 'tmp_1_i' <Predicate = (tai_fsmState_load)> <Delay = 0.00> <CoreInst = "FIFO_SRL">   --->   Core 81 'FIFO_SRL' <Latency = 0> <II = 1> <Delay = 1.39> <Storage> <Opcode : 'read' 'write' 'nbread' 'nbwrite'> <Ports = 0> <Width = 32> <Depth = 2> <FIFO>
ST_1 : Operation 42 [1/1] (0.00ns)   --->   "%br_ln131 = br i1 %tmp_1_i, void %._crit_edge3.i, void" [/home/yangz0e/Desktop/Vitis_with_100Gbps_TCP-IP_top_k/fpga-network-stack/hls/toe/tx_app_if/tx_app_if.cpp:131]   --->   Operation 42 'br' 'br_ln131' <Predicate = (tai_fsmState_load)> <Delay = 0.00>
ST_1 : Operation 43 [1/1] (1.16ns)   --->   "%state_5 = read i32 @_ssdm_op_Read.ap_fifo.volatile.i32P0A, i32 %stateTable2txApp_upd_rsp" [/tools/Xilinx/Vitis_HLS/2021.2/common/technology/autopilot/hls_stream_39.h:144]   --->   Operation 43 'read' 'state_5' <Predicate = (tai_fsmState_load & tmp_1_i)> <Delay = 1.16> <CoreInst = "FIFO_SRL">   --->   Core 81 'FIFO_SRL' <Latency = 0> <II = 1> <Delay = 1.39> <Storage> <Opcode : 'read' 'write' 'nbread' 'nbwrite'> <Ports = 0> <Width = 32> <Depth = 2> <FIFO>
ST_1 : Operation 44 [1/1] (0.38ns)   --->   "%store_ln0 = store i1 0, i1 %tai_fsmState"   --->   Operation 44 'store' 'store_ln0' <Predicate = (tai_fsmState_load & tmp_1_i)> <Delay = 0.38>
ST_1 : Operation 45 [1/1] (0.00ns)   --->   "%br_ln146 = br void %._crit_edge3.i" [/home/yangz0e/Desktop/Vitis_with_100Gbps_TCP-IP_top_k/fpga-network-stack/hls/toe/tx_app_if/tx_app_if.cpp:146]   --->   Operation 45 'br' 'br_ln146' <Predicate = (tai_fsmState_load & tmp_1_i)> <Delay = 0.00>
ST_1 : Operation 46 [1/1] (0.00ns)   --->   "%br_ln147 = br void %tx_app_if.exit" [/home/yangz0e/Desktop/Vitis_with_100Gbps_TCP-IP_top_k/fpga-network-stack/hls/toe/tx_app_if/tx_app_if.cpp:147]   --->   Operation 46 'br' 'br_ln147' <Predicate = (tai_fsmState_load)> <Delay = 0.00>

State 2 <SV = 1> <Delay = 2.33>
ST_2 : Operation 47 [1/1] (0.00ns)   --->   "%specinterface_ln0 = specinterface void @_ssdm_op_SpecInterface, i32 %myIpAddress, void @ap_fifo_str, i32 0, i32 0, void @p_str, i32 0, i32 0, void @p_str, void @p_str, void @p_str, i32 2, i32 2, i32 16, i32 16, void @p_str, void @ScalarProp_str"   --->   Operation 47 'specinterface' 'specinterface_ln0' <Predicate = true> <Delay = 0.00>
ST_2 : Operation 48 [1/1] (1.16ns)   --->   "%myIpAddress_read = read i32 @_ssdm_op_Read.ap_fifo.i32P0A, i32 %myIpAddress" [/home/yangz0e/Desktop/Vitis_with_100Gbps_TCP-IP_top_k/fpga-network-stack/hls/toe/tx_app_if/tx_app_if.cpp:61]   --->   Operation 48 'read' 'myIpAddress_read' <Predicate = true> <Delay = 1.16> <CoreInst = "FIFO_SRL">   --->   Core 81 'FIFO_SRL' <Latency = 0> <II = 1> <Delay = 1.43> <Storage> <Opcode : 'read' 'write' 'nbread' 'nbwrite'> <Ports = 0> <Width = 32> <Depth = 14> <FIFO>
ST_2 : Operation 49 [1/1] (0.00ns)   --->   "%specinterface_ln0 = specinterface void @_ssdm_op_SpecInterface, i72 %conEstablishedFifo, void @empty_0, i32 0, i32 0, void @empty_3, i32 0, i32 0, void @empty_3, void @empty_3, void @empty_3, i32 0, i32 0, i32 0, i32 0, void @empty_3, void @empty_3"   --->   Operation 49 'specinterface' 'specinterface_ln0' <Predicate = true> <Delay = 0.00>
ST_2 : Operation 50 [1/1] (0.00ns)   --->   "%specinterface_ln0 = specinterface void @_ssdm_op_SpecInterface, i72 %conEstablishedFifo, void @empty_0, i32 0, i32 0, void @empty_3, i32 0, i32 0, void @empty_3, void @empty_3, void @empty_3, i32 0, i32 0, i32 0, i32 0, void @empty_3, void @empty_3"   --->   Operation 50 'specinterface' 'specinterface_ln0' <Predicate = true> <Delay = 0.00>
ST_2 : Operation 51 [1/1] (0.00ns)   --->   "%specinterface_ln0 = specinterface void @_ssdm_op_SpecInterface, i72 %conEstablishedFifo, void @empty_0, i32 0, i32 0, void @empty_3, i32 0, i32 0, void @empty_3, void @empty_3, void @empty_3, i32 0, i32 0, i32 0, i32 0, void @empty_3, void @empty_3"   --->   Operation 51 'specinterface' 'specinterface_ln0' <Predicate = true> <Delay = 0.00>
ST_2 : Operation 52 [1/1] (0.00ns)   --->   "%specinterface_ln0 = specinterface void @_ssdm_op_SpecInterface, i16 %portTable2txApp_port_rsp, void @empty_0, i32 0, i32 0, void @empty_3, i32 0, i32 0, void @empty_3, void @empty_3, void @empty_3, i32 0, i32 0, i32 0, i32 0, void @empty_3, void @empty_3"   --->   Operation 52 'specinterface' 'specinterface_ln0' <Predicate = true> <Delay = 0.00>
ST_2 : Operation 53 [1/1] (0.00ns)   --->   "%specinterface_ln0 = specinterface void @_ssdm_op_SpecInterface, i16 %portTable2txApp_port_rsp, void @empty_0, i32 0, i32 0, void @empty_3, i32 0, i32 0, void @empty_3, void @empty_3, void @empty_3, i32 0, i32 0, i32 0, i32 0, void @empty_3, void @empty_3"   --->   Operation 53 'specinterface' 'specinterface_ln0' <Predicate = true> <Delay = 0.00>
ST_2 : Operation 54 [1/1] (0.00ns)   --->   "%specinterface_ln0 = specinterface void @_ssdm_op_SpecInterface, i16 %portTable2txApp_port_rsp, void @empty_0, i32 0, i32 0, void @empty_3, i32 0, i32 0, void @empty_3, void @empty_3, void @empty_3, i32 0, i32 0, i32 0, i32 0, void @empty_3, void @empty_3"   --->   Operation 54 'specinterface' 'specinterface_ln0' <Predicate = true> <Delay = 0.00>
ST_2 : Operation 55 [1/1] (0.00ns)   --->   "%specinterface_ln0 = specinterface void @_ssdm_op_SpecInterface, i17 %sLookup2txApp_rsp, void @empty_0, i32 0, i32 0, void @empty_3, i32 0, i32 0, void @empty_3, void @empty_3, void @empty_3, i32 0, i32 0, i32 0, i32 0, void @empty_3, void @empty_3"   --->   Operation 55 'specinterface' 'specinterface_ln0' <Predicate = true> <Delay = 0.00>
ST_2 : Operation 56 [1/1] (0.00ns)   --->   "%specinterface_ln0 = specinterface void @_ssdm_op_SpecInterface, i17 %sLookup2txApp_rsp, void @empty_0, i32 0, i32 0, void @empty_3, i32 0, i32 0, void @empty_3, void @empty_3, void @empty_3, i32 0, i32 0, i32 0, i32 0, void @empty_3, void @empty_3"   --->   Operation 56 'specinterface' 'specinterface_ln0' <Predicate = true> <Delay = 0.00>
ST_2 : Operation 57 [1/1] (0.00ns)   --->   "%specinterface_ln0 = specinterface void @_ssdm_op_SpecInterface, i17 %sLookup2txApp_rsp, void @empty_0, i32 0, i32 0, void @empty_3, i32 0, i32 0, void @empty_3, void @empty_3, void @empty_3, i32 0, i32 0, i32 0, i32 0, void @empty_3, void @empty_3"   --->   Operation 57 'specinterface' 'specinterface_ln0' <Predicate = true> <Delay = 0.00>
ST_2 : Operation 58 [1/1] (0.00ns)   --->   "%specinterface_ln0 = specinterface void @_ssdm_op_SpecInterface, i32 %stateTable2txApp_upd_rsp, void @empty_0, i32 0, i32 0, void @empty_3, i32 0, i32 0, void @empty_3, void @empty_3, void @empty_3, i32 0, i32 0, i32 0, i32 0, void @empty_3, void @empty_3"   --->   Operation 58 'specinterface' 'specinterface_ln0' <Predicate = true> <Delay = 0.00>
ST_2 : Operation 59 [1/1] (0.00ns)   --->   "%specinterface_ln0 = specinterface void @_ssdm_op_SpecInterface, i32 %stateTable2txApp_upd_rsp, void @empty_0, i32 0, i32 0, void @empty_3, i32 0, i32 0, void @empty_3, void @empty_3, void @empty_3, i32 0, i32 0, i32 0, i32 0, void @empty_3, void @empty_3"   --->   Operation 59 'specinterface' 'specinterface_ln0' <Predicate = true> <Delay = 0.00>
ST_2 : Operation 60 [1/1] (0.00ns)   --->   "%specinterface_ln0 = specinterface void @_ssdm_op_SpecInterface, i32 %stateTable2txApp_upd_rsp, void @empty_0, i32 0, i32 0, void @empty_3, i32 0, i32 0, void @empty_3, void @empty_3, void @empty_3, i32 0, i32 0, i32 0, i32 0, void @empty_3, void @empty_3"   --->   Operation 60 'specinterface' 'specinterface_ln0' <Predicate = true> <Delay = 0.00>
ST_2 : Operation 61 [1/1] (0.00ns)   --->   "%specinterface_ln0 = specinterface void @_ssdm_op_SpecInterface, i72 %timer2txApp_notification, void @empty_0, i32 0, i32 0, void @empty_3, i32 0, i32 0, void @empty_3, void @empty_3, void @empty_3, i32 0, i32 0, i32 0, i32 0, void @empty_3, void @empty_3"   --->   Operation 61 'specinterface' 'specinterface_ln0' <Predicate = true> <Delay = 0.00>
ST_2 : Operation 62 [1/1] (0.00ns)   --->   "%specinterface_ln0 = specinterface void @_ssdm_op_SpecInterface, i72 %timer2txApp_notification, void @empty_0, i32 0, i32 0, void @empty_3, i32 0, i32 0, void @empty_3, void @empty_3, void @empty_3, i32 0, i32 0, i32 0, i32 0, void @empty_3, void @empty_3"   --->   Operation 62 'specinterface' 'specinterface_ln0' <Predicate = true> <Delay = 0.00>
ST_2 : Operation 63 [1/1] (0.00ns)   --->   "%specinterface_ln0 = specinterface void @_ssdm_op_SpecInterface, i72 %timer2txApp_notification, void @empty_0, i32 0, i32 0, void @empty_3, i32 0, i32 0, void @empty_3, void @empty_3, void @empty_3, i32 0, i32 0, i32 0, i32 0, void @empty_3, void @empty_3"   --->   Operation 63 'specinterface' 'specinterface_ln0' <Predicate = true> <Delay = 0.00>
ST_2 : Operation 64 [1/1] (0.00ns)   --->   "%specinterface_ln0 = specinterface void @_ssdm_op_SpecInterface, i85 %txApp2eventEng_mergeEvent, void @empty_0, i32 0, i32 0, void @empty_3, i32 0, i32 0, void @empty_3, void @empty_3, void @empty_3, i32 0, i32 0, i32 0, i32 0, void @empty_3, void @empty_3"   --->   Operation 64 'specinterface' 'specinterface_ln0' <Predicate = true> <Delay = 0.00>
ST_2 : Operation 65 [1/1] (0.00ns)   --->   "%specinterface_ln0 = specinterface void @_ssdm_op_SpecInterface, i85 %txApp2eventEng_mergeEvent, void @empty_0, i32 0, i32 0, void @empty_3, i32 0, i32 0, void @empty_3, void @empty_3, void @empty_3, i32 0, i32 0, i32 0, i32 0, void @empty_3, void @empty_3"   --->   Operation 65 'specinterface' 'specinterface_ln0' <Predicate = true> <Delay = 0.00>
ST_2 : Operation 66 [1/1] (0.00ns)   --->   "%specinterface_ln0 = specinterface void @_ssdm_op_SpecInterface, i85 %txApp2eventEng_mergeEvent, void @empty_0, i32 0, i32 0, void @empty_3, i32 0, i32 0, void @empty_3, void @empty_3, void @empty_3, i32 0, i32 0, i32 0, i32 0, void @empty_3, void @empty_3"   --->   Operation 66 'specinterface' 'specinterface_ln0' <Predicate = true> <Delay = 0.00>
ST_2 : Operation 67 [1/1] (0.00ns)   --->   "%specinterface_ln0 = specinterface void @_ssdm_op_SpecInterface, i96 %txApp2sLookup_req, void @empty_0, i32 0, i32 0, void @empty_3, i32 0, i32 0, void @empty_3, void @empty_3, void @empty_3, i32 0, i32 0, i32 0, i32 0, void @empty_3, void @empty_3"   --->   Operation 67 'specinterface' 'specinterface_ln0' <Predicate = true> <Delay = 0.00>
ST_2 : Operation 68 [1/1] (0.00ns)   --->   "%specinterface_ln0 = specinterface void @_ssdm_op_SpecInterface, i96 %txApp2sLookup_req, void @empty_0, i32 0, i32 0, void @empty_3, i32 0, i32 0, void @empty_3, void @empty_3, void @empty_3, i32 0, i32 0, i32 0, i32 0, void @empty_3, void @empty_3"   --->   Operation 68 'specinterface' 'specinterface_ln0' <Predicate = true> <Delay = 0.00>
ST_2 : Operation 69 [1/1] (0.00ns)   --->   "%specinterface_ln0 = specinterface void @_ssdm_op_SpecInterface, i96 %txApp2sLookup_req, void @empty_0, i32 0, i32 0, void @empty_3, i32 0, i32 0, void @empty_3, void @empty_3, void @empty_3, i32 0, i32 0, i32 0, i32 0, void @empty_3, void @empty_3"   --->   Operation 69 'specinterface' 'specinterface_ln0' <Predicate = true> <Delay = 0.00>
ST_2 : Operation 70 [1/1] (0.00ns)   --->   "%specinterface_ln0 = specinterface void @_ssdm_op_SpecInterface, i49 %txApp2stateTable_upd_req, void @empty_0, i32 0, i32 0, void @empty_3, i32 0, i32 0, void @empty_3, void @empty_3, void @empty_3, i32 0, i32 0, i32 0, i32 0, void @empty_3, void @empty_3"   --->   Operation 70 'specinterface' 'specinterface_ln0' <Predicate = true> <Delay = 0.00>
ST_2 : Operation 71 [1/1] (0.00ns)   --->   "%specinterface_ln0 = specinterface void @_ssdm_op_SpecInterface, i49 %txApp2stateTable_upd_req, void @empty_0, i32 0, i32 0, void @empty_3, i32 0, i32 0, void @empty_3, void @empty_3, void @empty_3, i32 0, i32 0, i32 0, i32 0, void @empty_3, void @empty_3"   --->   Operation 71 'specinterface' 'specinterface_ln0' <Predicate = true> <Delay = 0.00>
ST_2 : Operation 72 [1/1] (0.00ns)   --->   "%specinterface_ln0 = specinterface void @_ssdm_op_SpecInterface, i49 %txApp2stateTable_upd_req, void @empty_0, i32 0, i32 0, void @empty_3, i32 0, i32 0, void @empty_3, void @empty_3, void @empty_3, i32 0, i32 0, i32 0, i32 0, void @empty_3, void @empty_3"   --->   Operation 72 'specinterface' 'specinterface_ln0' <Predicate = true> <Delay = 0.00>
ST_2 : Operation 73 [1/1] (0.00ns)   --->   "%specinterface_ln0 = specinterface void @_ssdm_op_SpecInterface, i85 %txApp2eventEng_mergeEvent, void @empty_0, i32 0, i32 0, void @empty_3, i32 0, i32 0, void @empty_3, void @empty_3, void @empty_3, i32 0, i32 0, i32 0, i32 0, void @empty_3, void @empty_3"   --->   Operation 73 'specinterface' 'specinterface_ln0' <Predicate = true> <Delay = 0.00>
ST_2 : Operation 74 [1/1] (0.00ns)   --->   "%specinterface_ln0 = specinterface void @_ssdm_op_SpecInterface, i72 %conEstablishedFifo, void @empty_0, i32 0, i32 0, void @empty_3, i32 0, i32 0, void @empty_3, void @empty_3, void @empty_3, i32 0, i32 0, i32 0, i32 0, void @empty_3, void @empty_3"   --->   Operation 74 'specinterface' 'specinterface_ln0' <Predicate = true> <Delay = 0.00>
ST_2 : Operation 75 [1/1] (0.00ns)   --->   "%specinterface_ln0 = specinterface void @_ssdm_op_SpecInterface, i72 %timer2txApp_notification, void @empty_0, i32 0, i32 0, void @empty_3, i32 0, i32 0, void @empty_3, void @empty_3, void @empty_3, i32 0, i32 0, i32 0, i32 0, void @empty_3, void @empty_3"   --->   Operation 75 'specinterface' 'specinterface_ln0' <Predicate = true> <Delay = 0.00>
ST_2 : Operation 76 [1/1] (0.00ns)   --->   "%specinterface_ln0 = specinterface void @_ssdm_op_SpecInterface, i16 %portTable2txApp_port_rsp, void @empty_0, i32 0, i32 0, void @empty_3, i32 0, i32 0, void @empty_3, void @empty_3, void @empty_3, i32 0, i32 0, i32 0, i32 0, void @empty_3, void @empty_3"   --->   Operation 76 'specinterface' 'specinterface_ln0' <Predicate = true> <Delay = 0.00>
ST_2 : Operation 77 [1/1] (0.00ns)   --->   "%specinterface_ln0 = specinterface void @_ssdm_op_SpecInterface, i32 %stateTable2txApp_upd_rsp, void @empty_0, i32 0, i32 0, void @empty_3, i32 0, i32 0, void @empty_3, void @empty_3, void @empty_3, i32 0, i32 0, i32 0, i32 0, void @empty_3, void @empty_3"   --->   Operation 77 'specinterface' 'specinterface_ln0' <Predicate = true> <Delay = 0.00>
ST_2 : Operation 78 [1/1] (0.00ns)   --->   "%specinterface_ln0 = specinterface void @_ssdm_op_SpecInterface, i49 %txApp2stateTable_upd_req, void @empty_0, i32 0, i32 0, void @empty_3, i32 0, i32 0, void @empty_3, void @empty_3, void @empty_3, i32 0, i32 0, i32 0, i32 0, void @empty_3, void @empty_3"   --->   Operation 78 'specinterface' 'specinterface_ln0' <Predicate = true> <Delay = 0.00>
ST_2 : Operation 79 [1/1] (0.00ns)   --->   "%specinterface_ln0 = specinterface void @_ssdm_op_SpecInterface, i17 %sLookup2txApp_rsp, void @empty_0, i32 0, i32 0, void @empty_3, i32 0, i32 0, void @empty_3, void @empty_3, void @empty_3, i32 0, i32 0, i32 0, i32 0, void @empty_3, void @empty_3"   --->   Operation 79 'specinterface' 'specinterface_ln0' <Predicate = true> <Delay = 0.00>
ST_2 : Operation 80 [1/1] (0.00ns)   --->   "%specinterface_ln0 = specinterface void @_ssdm_op_SpecInterface, i96 %txApp2sLookup_req, void @empty_0, i32 0, i32 0, void @empty_3, i32 0, i32 0, void @empty_3, void @empty_3, void @empty_3, i32 0, i32 0, i32 0, i32 0, void @empty_3, void @empty_3"   --->   Operation 80 'specinterface' 'specinterface_ln0' <Predicate = true> <Delay = 0.00>
ST_2 : Operation 81 [1/1] (0.00ns)   --->   "%specinterface_ln0 = specinterface void @_ssdm_op_SpecInterface, i72 %m_axis_open_conn_rsp, void @empty_5, i32 1, i32 1, void @empty_4, i32 0, i32 0, void @empty_3, void @empty_3, void @empty_3, i32 0, i32 0, i32 0, i32 0, void @empty_3, void @empty_3"   --->   Operation 81 'specinterface' 'specinterface_ln0' <Predicate = true> <Delay = 0.00>
ST_2 : Operation 82 [1/1] (0.00ns)   --->   "%specinterface_ln0 = specinterface void @_ssdm_op_SpecInterface, i16 %s_axis_close_conn_req, void @empty_5, i32 1, i32 1, void @empty_4, i32 0, i32 0, void @empty_3, void @empty_3, void @empty_3, i32 0, i32 0, i32 0, i32 0, void @empty_3, void @empty_3"   --->   Operation 82 'specinterface' 'specinterface_ln0' <Predicate = true> <Delay = 0.00>
ST_2 : Operation 83 [1/1] (0.00ns)   --->   "%specinterface_ln0 = specinterface void @_ssdm_op_SpecInterface, i48 %s_axis_open_conn_req, void @empty_5, i32 1, i32 1, void @empty_4, i32 0, i32 0, void @empty_3, void @empty_3, void @empty_3, i32 0, i32 0, i32 0, i32 0, void @empty_3, void @empty_3"   --->   Operation 83 'specinterface' 'specinterface_ln0' <Predicate = true> <Delay = 0.00>
ST_2 : Operation 84 [1/1] (0.00ns)   --->   "%specpipeline_ln61 = specpipeline void @_ssdm_op_SpecPipeline, i32 1, i32 0, i32 0, i32 0, void @empty_3" [/home/yangz0e/Desktop/Vitis_with_100Gbps_TCP-IP_top_k/fpga-network-stack/hls/toe/tx_app_if/tx_app_if.cpp:61]   --->   Operation 84 'specpipeline' 'specpipeline_ln61' <Predicate = true> <Delay = 0.00>
ST_2 : Operation 85 [1/1] (0.00ns)   --->   "%p_s = bitconcatenate i96 @_ssdm_op_BitConcatenate.i96.i8.i8.i8.i8.i8.i8.i8.i8.i32, i8 %p_Result_6_i, i8 %p_Result_5_i, i8 %trunc_ln674_1, i8 %p_Result_3_i, i8 %trunc_ln674, i8 %p_Result_1_i, i8 %p_Result_i_164, i8 %p_Result_i, i32 %myIpAddress_read" [/tools/Xilinx/Vitis_HLS/2021.2/common/technology/autopilot/hls_stream_39.h:173]   --->   Operation 85 'bitconcatenate' 'p_s' <Predicate = (tmp_i & tmp_i_163)> <Delay = 0.00>
ST_2 : Operation 86 [1/1] (1.16ns)   --->   "%write_ln173 = write void @_ssdm_op_Write.ap_fifo.volatile.i96P0A, i96 %txApp2sLookup_req, i96 %p_s" [/tools/Xilinx/Vitis_HLS/2021.2/common/technology/autopilot/hls_stream_39.h:173]   --->   Operation 86 'write' 'write_ln173' <Predicate = (tmp_i & tmp_i_163)> <Delay = 1.16> <CoreInst = "FIFO_SRL">   --->   Core 81 'FIFO_SRL' <Latency = 0> <II = 1> <Delay = 1.41> <Storage> <Opcode : 'read' 'write' 'nbread' 'nbwrite'> <Ports = 0> <Width = 96> <Depth = 4> <FIFO>
ST_2 : Operation 87 [1/1] (0.00ns)   --->   "%br_ln92 = br void %._crit_edge.i" [/home/yangz0e/Desktop/Vitis_with_100Gbps_TCP-IP_top_k/fpga-network-stack/hls/toe/tx_app_if/tx_app_if.cpp:92]   --->   Operation 87 'br' 'br_ln92' <Predicate = (tmp_i & tmp_i_163)> <Delay = 0.00>
ST_2 : Operation 88 [1/1] (0.00ns)   --->   "%store_ln144 = store i16 %s_axis_close_conn_req_read, i16 %tai_closeSessionID_V" [/tools/Xilinx/Vitis_HLS/2021.2/common/technology/autopilot/hls_stream_39.h:144]   --->   Operation 88 'store' 'store_ln144' <Predicate = (!tai_fsmState_load & !tmp_2_i & !tmp_3_i & !tmp_4_i & tmp_5_i)> <Delay = 0.00>
ST_2 : Operation 89 [2/2] (0.00ns)   --->   "%write_ln173 = write void @_ssdm_op_Write.axis.volatile.i72P128A, i72 %m_axis_open_conn_rsp, i72 %timer2txApp_notification_read" [/tools/Xilinx/Vitis_HLS/2021.2/common/technology/autopilot/hls_stream_39.h:173]   --->   Operation 89 'write' 'write_ln173' <Predicate = (!tai_fsmState_load & !tmp_2_i & !tmp_3_i & tmp_4_i)> <Delay = 0.00> <CoreInst = "axis">   --->   Core 123 'axis' <Latency = 0> <II = 1> <Delay = 1.00> <Adapter> <Opcode : >
ST_2 : Operation 90 [2/2] (0.00ns)   --->   "%write_ln173 = write void @_ssdm_op_Write.axis.volatile.i72P128A, i72 %m_axis_open_conn_rsp, i72 %conEstablishedFifo_read" [/tools/Xilinx/Vitis_HLS/2021.2/common/technology/autopilot/hls_stream_39.h:173]   --->   Operation 90 'write' 'write_ln173' <Predicate = (!tai_fsmState_load & !tmp_2_i & tmp_3_i)> <Delay = 0.00> <CoreInst = "axis">   --->   Core 123 'axis' <Latency = 0> <II = 1> <Delay = 1.00> <Adapter> <Opcode : >
ST_2 : Operation 91 [2/2] (0.00ns)   --->   "%write_ln173 = write void @_ssdm_op_Write.axis.volatile.i72P128A, i72 %m_axis_open_conn_rsp, i72 0" [/tools/Xilinx/Vitis_HLS/2021.2/common/technology/autopilot/hls_stream_39.h:173]   --->   Operation 91 'write' 'write_ln173' <Predicate = (!tai_fsmState_load & tmp_2_i & !session_hit)> <Delay = 0.00> <CoreInst = "axis">   --->   Core 123 'axis' <Latency = 0> <II = 1> <Delay = 1.00> <Adapter> <Opcode : >
ST_2 : Operation 92 [1/1] (0.88ns)   --->   "%add_ln135 = add i32 %state_5, i32 4294967293" [/home/yangz0e/Desktop/Vitis_with_100Gbps_TCP-IP_top_k/fpga-network-stack/hls/toe/tx_app_if/tx_app_if.cpp:135]   --->   Operation 92 'add' 'add_ln135' <Predicate = (tai_fsmState_load & tmp_1_i)> <Delay = 0.88> <CoreInst = "Adder">   --->   Core 1 'Adder' <Latency = 0> <II = 1> <Delay = 0.88> <FuncUnit> <Opcode : 'add' 'sub'> <InPorts = 2> <OutPorts = 1>
ST_2 : Operation 93 [1/1] (0.85ns)   --->   "%icmp_ln135 = icmp_ult  i32 %add_ln135, i32 3" [/home/yangz0e/Desktop/Vitis_with_100Gbps_TCP-IP_top_k/fpga-network-stack/hls/toe/tx_app_if/tx_app_if.cpp:135]   --->   Operation 93 'icmp' 'icmp_ln135' <Predicate = (tai_fsmState_load & tmp_1_i)> <Delay = 0.85> <CoreInst = "Cmp">   --->   Core 9 'Cmp' <Latency = 0> <II = 1> <Delay = 0.85> <FuncUnit> <Opcode : 'icmp'> <InPorts = 2> <OutPorts = 1>
ST_2 : Operation 94 [1/1] (0.00ns)   --->   "%br_ln135 = br i1 %icmp_ln135, void, void" [/home/yangz0e/Desktop/Vitis_with_100Gbps_TCP-IP_top_k/fpga-network-stack/hls/toe/tx_app_if/tx_app_if.cpp:135]   --->   Operation 94 'br' 'br_ln135' <Predicate = (tai_fsmState_load & tmp_1_i)> <Delay = 0.00>

State 3 <SV = 2> <Delay = 1.16>
ST_3 : Operation 95 [1/1] (0.00ns)   --->   "%zext_ln173_2 = zext i16 %s_axis_close_conn_req_read" [/tools/Xilinx/Vitis_HLS/2021.2/common/technology/autopilot/hls_stream_39.h:173]   --->   Operation 95 'zext' 'zext_ln173_2' <Predicate = (!tai_fsmState_load & !tmp_2_i & !tmp_3_i & !tmp_4_i & tmp_5_i)> <Delay = 0.00>
ST_3 : Operation 96 [1/1] (1.16ns)   --->   "%write_ln173 = write void @_ssdm_op_Write.ap_fifo.volatile.i49P0A, i49 %txApp2stateTable_upd_req, i49 %zext_ln173_2" [/tools/Xilinx/Vitis_HLS/2021.2/common/technology/autopilot/hls_stream_39.h:173]   --->   Operation 96 'write' 'write_ln173' <Predicate = (!tai_fsmState_load & !tmp_2_i & !tmp_3_i & !tmp_4_i & tmp_5_i)> <Delay = 1.16> <CoreInst = "FIFO_SRL">   --->   Core 81 'FIFO_SRL' <Latency = 0> <II = 1> <Delay = 1.40> <Storage> <Opcode : 'read' 'write' 'nbread' 'nbwrite'> <Ports = 0> <Width = 49> <Depth = 2> <FIFO>
ST_3 : Operation 97 [1/1] (0.00ns)   --->   "%br_ln128 = br void %._crit_edge2.i" [/home/yangz0e/Desktop/Vitis_with_100Gbps_TCP-IP_top_k/fpga-network-stack/hls/toe/tx_app_if/tx_app_if.cpp:128]   --->   Operation 97 'br' 'br_ln128' <Predicate = (!tai_fsmState_load & !tmp_2_i & !tmp_3_i & !tmp_4_i & tmp_5_i)> <Delay = 0.00>
ST_3 : Operation 98 [1/2] (0.00ns)   --->   "%write_ln173 = write void @_ssdm_op_Write.axis.volatile.i72P128A, i72 %m_axis_open_conn_rsp, i72 %timer2txApp_notification_read" [/tools/Xilinx/Vitis_HLS/2021.2/common/technology/autopilot/hls_stream_39.h:173]   --->   Operation 98 'write' 'write_ln173' <Predicate = (!tai_fsmState_load & !tmp_2_i & !tmp_3_i & tmp_4_i)> <Delay = 0.00> <CoreInst = "axis">   --->   Core 123 'axis' <Latency = 0> <II = 1> <Delay = 1.00> <Adapter> <Opcode : >
ST_3 : Operation 99 [1/1] (0.00ns)   --->   "%br_ln122 = br void" [/home/yangz0e/Desktop/Vitis_with_100Gbps_TCP-IP_top_k/fpga-network-stack/hls/toe/tx_app_if/tx_app_if.cpp:122]   --->   Operation 99 'br' 'br_ln122' <Predicate = (!tai_fsmState_load & !tmp_2_i & !tmp_3_i & tmp_4_i)> <Delay = 0.00>
ST_3 : Operation 100 [1/2] (0.00ns)   --->   "%write_ln173 = write void @_ssdm_op_Write.axis.volatile.i72P128A, i72 %m_axis_open_conn_rsp, i72 %conEstablishedFifo_read" [/tools/Xilinx/Vitis_HLS/2021.2/common/technology/autopilot/hls_stream_39.h:173]   --->   Operation 100 'write' 'write_ln173' <Predicate = (!tai_fsmState_load & !tmp_2_i & tmp_3_i)> <Delay = 0.00> <CoreInst = "axis">   --->   Core 123 'axis' <Latency = 0> <II = 1> <Delay = 1.00> <Adapter> <Opcode : >
ST_3 : Operation 101 [1/1] (0.00ns)   --->   "%br_ln118 = br void" [/home/yangz0e/Desktop/Vitis_with_100Gbps_TCP-IP_top_k/fpga-network-stack/hls/toe/tx_app_if/tx_app_if.cpp:118]   --->   Operation 101 'br' 'br_ln118' <Predicate = (!tai_fsmState_load & !tmp_2_i & tmp_3_i)> <Delay = 0.00>
ST_3 : Operation 102 [1/2] (0.00ns)   --->   "%write_ln173 = write void @_ssdm_op_Write.axis.volatile.i72P128A, i72 %m_axis_open_conn_rsp, i72 0" [/tools/Xilinx/Vitis_HLS/2021.2/common/technology/autopilot/hls_stream_39.h:173]   --->   Operation 102 'write' 'write_ln173' <Predicate = (!tai_fsmState_load & tmp_2_i & !session_hit)> <Delay = 0.00> <CoreInst = "axis">   --->   Core 123 'axis' <Latency = 0> <II = 1> <Delay = 1.00> <Adapter> <Opcode : >
ST_3 : Operation 103 [1/1] (0.00ns)   --->   "%br_ln0 = br void"   --->   Operation 103 'br' 'br_ln0' <Predicate = (!tai_fsmState_load & tmp_2_i & !session_hit)> <Delay = 0.00>
ST_3 : Operation 104 [1/1] (0.00ns)   --->   "%shl_ln173_5 = bitconcatenate i48 @_ssdm_op_BitConcatenate.i48.i16.i32, i16 %session_sessionID_V, i32 0" [/tools/Xilinx/Vitis_HLS/2021.2/common/technology/autopilot/hls_stream_39.h:173]   --->   Operation 104 'bitconcatenate' 'shl_ln173_5' <Predicate = (!tai_fsmState_load & tmp_2_i & session_hit)> <Delay = 0.00>
ST_3 : Operation 105 [1/1] (0.00ns)   --->   "%or_ln173_1 = or i48 %shl_ln173_5, i48 3" [/tools/Xilinx/Vitis_HLS/2021.2/common/technology/autopilot/hls_stream_39.h:173]   --->   Operation 105 'or' 'or_ln173_1' <Predicate = (!tai_fsmState_load & tmp_2_i & session_hit)> <Delay = 0.00>
ST_3 : Operation 106 [1/1] (0.00ns)   --->   "%zext_ln173_1 = zext i48 %or_ln173_1" [/tools/Xilinx/Vitis_HLS/2021.2/common/technology/autopilot/hls_stream_39.h:173]   --->   Operation 106 'zext' 'zext_ln173_1' <Predicate = (!tai_fsmState_load & tmp_2_i & session_hit)> <Delay = 0.00>
ST_3 : Operation 107 [1/1] (1.06ns)   --->   "%write_ln173 = write void @_ssdm_op_Write.ap_fifo.volatile.i85P0A, i85 %txApp2eventEng_mergeEvent, i85 %zext_ln173_1" [/tools/Xilinx/Vitis_HLS/2021.2/common/technology/autopilot/hls_stream_39.h:173]   --->   Operation 107 'write' 'write_ln173' <Predicate = (!tai_fsmState_load & tmp_2_i & session_hit)> <Delay = 1.06> <CoreInst = "FIFO">   --->   Core 78 'FIFO' <Latency = 0> <II = 1> <Delay = 1.06> <Storage> <Opcode : 'read' 'write' 'nbread' 'nbwrite'> <Ports = 0> <Width = 85> <Depth = 64> <FIFO>
ST_3 : Operation 108 [1/1] (0.00ns)   --->   "%p_6 = bitconcatenate i49 @_ssdm_op_BitConcatenate.i49.i33.i16, i33 4294967297, i16 %session_sessionID_V" [/tools/Xilinx/Vitis_HLS/2021.2/common/technology/autopilot/hls_stream_39.h:173]   --->   Operation 108 'bitconcatenate' 'p_6' <Predicate = (!tai_fsmState_load & tmp_2_i & session_hit)> <Delay = 0.00>
ST_3 : Operation 109 [1/1] (1.16ns)   --->   "%write_ln173 = write void @_ssdm_op_Write.ap_fifo.volatile.i49P0A, i49 %txApp2stateTable_upd_req, i49 %p_6" [/tools/Xilinx/Vitis_HLS/2021.2/common/technology/autopilot/hls_stream_39.h:173]   --->   Operation 109 'write' 'write_ln173' <Predicate = (!tai_fsmState_load & tmp_2_i & session_hit)> <Delay = 1.16> <CoreInst = "FIFO_SRL">   --->   Core 81 'FIFO_SRL' <Latency = 0> <II = 1> <Delay = 1.40> <Storage> <Opcode : 'read' 'write' 'nbread' 'nbwrite'> <Ports = 0> <Width = 49> <Depth = 2> <FIFO>
ST_3 : Operation 110 [1/1] (0.00ns)   --->   "%br_ln106 = br void" [/home/yangz0e/Desktop/Vitis_with_100Gbps_TCP-IP_top_k/fpga-network-stack/hls/toe/tx_app_if/tx_app_if.cpp:106]   --->   Operation 110 'br' 'br_ln106' <Predicate = (!tai_fsmState_load & tmp_2_i & session_hit)> <Delay = 0.00>
ST_3 : Operation 111 [1/1] (0.00ns)   --->   "%tai_closeSessionID_V_load = load i16 %tai_closeSessionID_V" [/home/yangz0e/Desktop/Vitis_with_100Gbps_TCP-IP_top_k/fpga-network-stack/hls/toe/tx_app_if/tx_app_if.cpp:137]   --->   Operation 111 'load' 'tai_closeSessionID_V_load' <Predicate = (tai_fsmState_load & tmp_1_i)> <Delay = 0.00>
ST_3 : Operation 112 [1/1] (0.00ns)   --->   "%p_5 = bitconcatenate i49 @_ssdm_op_BitConcatenate.i49.i1.i32.i16, i1 1, i32 %state_5, i16 %tai_closeSessionID_V_load" [/tools/Xilinx/Vitis_HLS/2021.2/common/technology/autopilot/hls_stream_39.h:173]   --->   Operation 112 'bitconcatenate' 'p_5' <Predicate = (tai_fsmState_load & tmp_1_i & !icmp_ln135)> <Delay = 0.00>
ST_3 : Operation 113 [1/1] (1.16ns)   --->   "%write_ln173 = write void @_ssdm_op_Write.ap_fifo.volatile.i49P0A, i49 %txApp2stateTable_upd_req, i49 %p_5" [/tools/Xilinx/Vitis_HLS/2021.2/common/technology/autopilot/hls_stream_39.h:173]   --->   Operation 113 'write' 'write_ln173' <Predicate = (tai_fsmState_load & tmp_1_i & !icmp_ln135)> <Delay = 1.16> <CoreInst = "FIFO_SRL">   --->   Core 81 'FIFO_SRL' <Latency = 0> <II = 1> <Delay = 1.40> <Storage> <Opcode : 'read' 'write' 'nbread' 'nbwrite'> <Ports = 0> <Width = 49> <Depth = 2> <FIFO>
ST_3 : Operation 114 [1/1] (0.00ns)   --->   "%br_ln0 = br void"   --->   Operation 114 'br' 'br_ln0' <Predicate = (tai_fsmState_load & tmp_1_i & !icmp_ln135)> <Delay = 0.00>
ST_3 : Operation 115 [1/1] (0.00ns)   --->   "%p_4 = bitconcatenate i49 @_ssdm_op_BitConcatenate.i49.i33.i16, i33 4294967300, i16 %tai_closeSessionID_V_load" [/tools/Xilinx/Vitis_HLS/2021.2/common/technology/autopilot/hls_stream_39.h:173]   --->   Operation 115 'bitconcatenate' 'p_4' <Predicate = (tai_fsmState_load & tmp_1_i & icmp_ln135)> <Delay = 0.00>
ST_3 : Operation 116 [1/1] (1.16ns)   --->   "%write_ln173 = write void @_ssdm_op_Write.ap_fifo.volatile.i49P0A, i49 %txApp2stateTable_upd_req, i49 %p_4" [/tools/Xilinx/Vitis_HLS/2021.2/common/technology/autopilot/hls_stream_39.h:173]   --->   Operation 116 'write' 'write_ln173' <Predicate = (tai_fsmState_load & tmp_1_i & icmp_ln135)> <Delay = 1.16> <CoreInst = "FIFO_SRL">   --->   Core 81 'FIFO_SRL' <Latency = 0> <II = 1> <Delay = 1.40> <Storage> <Opcode : 'read' 'write' 'nbread' 'nbwrite'> <Ports = 0> <Width = 49> <Depth = 2> <FIFO>
ST_3 : Operation 117 [1/1] (0.00ns)   --->   "%shl_ln = bitconcatenate i48 @_ssdm_op_BitConcatenate.i48.i16.i32, i16 %tai_closeSessionID_V_load, i32 0" [/tools/Xilinx/Vitis_HLS/2021.2/common/technology/autopilot/hls_stream_39.h:173]   --->   Operation 117 'bitconcatenate' 'shl_ln' <Predicate = (tai_fsmState_load & tmp_1_i & icmp_ln135)> <Delay = 0.00>
ST_3 : Operation 118 [1/1] (0.00ns)   --->   "%or_ln173 = or i48 %shl_ln, i48 5" [/tools/Xilinx/Vitis_HLS/2021.2/common/technology/autopilot/hls_stream_39.h:173]   --->   Operation 118 'or' 'or_ln173' <Predicate = (tai_fsmState_load & tmp_1_i & icmp_ln135)> <Delay = 0.00>
ST_3 : Operation 119 [1/1] (0.00ns)   --->   "%zext_ln173 = zext i48 %or_ln173" [/tools/Xilinx/Vitis_HLS/2021.2/common/technology/autopilot/hls_stream_39.h:173]   --->   Operation 119 'zext' 'zext_ln173' <Predicate = (tai_fsmState_load & tmp_1_i & icmp_ln135)> <Delay = 0.00>
ST_3 : Operation 120 [1/1] (1.06ns)   --->   "%write_ln173 = write void @_ssdm_op_Write.ap_fifo.volatile.i85P0A, i85 %txApp2eventEng_mergeEvent, i85 %zext_ln173" [/tools/Xilinx/Vitis_HLS/2021.2/common/technology/autopilot/hls_stream_39.h:173]   --->   Operation 120 'write' 'write_ln173' <Predicate = (tai_fsmState_load & tmp_1_i & icmp_ln135)> <Delay = 1.06> <CoreInst = "FIFO">   --->   Core 78 'FIFO' <Latency = 0> <II = 1> <Delay = 1.06> <Storage> <Opcode : 'read' 'write' 'nbread' 'nbwrite'> <Ports = 0> <Width = 85> <Depth = 64> <FIFO>
ST_3 : Operation 121 [1/1] (0.00ns)   --->   "%br_ln139 = br void" [/home/yangz0e/Desktop/Vitis_with_100Gbps_TCP-IP_top_k/fpga-network-stack/hls/toe/tx_app_if/tx_app_if.cpp:139]   --->   Operation 121 'br' 'br_ln139' <Predicate = (tai_fsmState_load & tmp_1_i & icmp_ln135)> <Delay = 0.00>
ST_3 : Operation 122 [1/1] (0.00ns)   --->   "%ret_ln0 = ret"   --->   Operation 122 'ret' 'ret_ln0' <Predicate = true> <Delay = 0.00>


============================================================
+ Verbose Summary: Timing violations
============================================================
Target clock period: 3.2ns, clock uncertainty: 0.864ns.

 <State 1>: 1.46ns
The critical path consists of the following:
	fifo read operation ('timer2txApp_notification_read', /tools/Xilinx/Vitis_HLS/2021.2/common/technology/autopilot/hls_stream_39.h:144) on port 'timer2txApp_notification' (/tools/Xilinx/Vitis_HLS/2021.2/common/technology/autopilot/hls_stream_39.h:144) [97]  (1.17 ns)
	blocking operation 0.289 ns on control path)

 <State 2>: 2.34ns
The critical path consists of the following:
	fifo read operation ('myIpAddress_read', /home/yangz0e/Desktop/Vitis_with_100Gbps_TCP-IP_top_k/fpga-network-stack/hls/toe/tx_app_if/tx_app_if.cpp:61) on port 'myIpAddress' (/home/yangz0e/Desktop/Vitis_with_100Gbps_TCP-IP_top_k/fpga-network-stack/hls/toe/tx_app_if/tx_app_if.cpp:61) [16]  (1.17 ns)
	fifo write operation ('write_ln173', /tools/Xilinx/Vitis_HLS/2021.2/common/technology/autopilot/hls_stream_39.h:173) on port 'txApp2sLookup_req' (/tools/Xilinx/Vitis_HLS/2021.2/common/technology/autopilot/hls_stream_39.h:173) [70]  (1.17 ns)

 <State 3>: 1.17ns
The critical path consists of the following:
	'load' operation ('tai_closeSessionID_V_load', /home/yangz0e/Desktop/Vitis_with_100Gbps_TCP-IP_top_k/fpga-network-stack/hls/toe/tx_app_if/tx_app_if.cpp:137) on static variable 'tai_closeSessionID_V' [135]  (0 ns)
	fifo write operation ('write_ln173', /tools/Xilinx/Vitis_HLS/2021.2/common/technology/autopilot/hls_stream_39.h:173) on port 'txApp2stateTable_upd_req' (/tools/Xilinx/Vitis_HLS/2021.2/common/technology/autopilot/hls_stream_39.h:173) [143]  (1.17 ns)


============================================================
+ Verbose Summary: Binding
============================================================
N/A
* FSMD analyzer results:
  - Output states:
 - Input state : 
  - Chain level:
	State 1
	State 2
	State 3


============================================================
+ Verbose Summary: Datapath Resource usage 
============================================================
N/A
