

================================================================
== Vitis HLS Report for 'ip_handler_check_ipv4_checksum_32_s'
================================================================
* Date:           Sat Mar 18 14:33:52 2023

* Version:        2021.2 (Build 3367213 on Tue Oct 19 02:47:39 MDT 2021)
* Project:        ip_handler_prj
* Solution:       solution1 (Vivado IP Flow Target)
* Product family: virtexuplus
* Target device:  xcu280-fsvh2892-2L-e


================================================================
== Performance Estimates
================================================================
+ Timing: 
    * Summary: 
    +--------+---------+----------+------------+
    |  Clock |  Target | Estimated| Uncertainty|
    +--------+---------+----------+------------+
    |ap_clk  |  3.20 ns|  2.298 ns|     0.86 ns|
    +--------+---------+----------+------------+

+ Latency: 
    * Summary: 
    +---------+---------+-----------+-----------+-----+-----+---------+
    |  Latency (cycles) |   Latency (absolute)  |  Interval | Pipeline|
    |   min   |   max   |    min    |    max    | min | max |   Type  |
    +---------+---------+-----------+-----------+-----+-----+---------+
    |        5|        5|  16.000 ns|  16.000 ns|    1|    1|      yes|
    +---------+---------+-----------+-----------+-----+-----+---------+

    + Detail: 
        * Instance: 
        N/A

        * Loop: 
        N/A



================================================================
== Utilization Estimates
================================================================
* Summary: 
+---------------------+---------+------+---------+---------+-----+
|         Name        | BRAM_18K|  DSP |    FF   |   LUT   | URAM|
+---------------------+---------+------+---------+---------+-----+
|DSP                  |        -|     -|        -|        -|    -|
|Expression           |        -|     -|        0|     2399|    -|
|FIFO                 |        -|     -|        -|        -|    -|
|Instance             |        -|     -|        -|        -|    -|
|Memory               |        -|     -|        -|        -|    -|
|Multiplexer          |        -|     -|        -|       27|    -|
|Register             |        -|     -|     1117|       32|    -|
+---------------------+---------+------+---------+---------+-----+
|Total                |        0|     0|     1117|     2458|    0|
+---------------------+---------+------+---------+---------+-----+
|Available SLR        |     1344|  3008|   869120|   434560|  320|
+---------------------+---------+------+---------+---------+-----+
|Utilization SLR (%)  |        0|     0|       ~0|       ~0|    0|
+---------------------+---------+------+---------+---------+-----+
|Available            |     4032|  9024|  2607360|  1303680|  960|
+---------------------+---------+------+---------+---------+-----+
|Utilization (%)      |        0|     0|       ~0|       ~0|    0|
+---------------------+---------+------+---------+---------+-----+

+ Detail: 
    * Instance: 
    N/A

    * DSP: 
    N/A

    * Memory: 
    N/A

    * FIFO: 
    N/A

    * Expression: 
    +----------------------------------+----------+----+---+----+------------+------------+
    |           Variable Name          | Operation| DSP| FF| LUT| Bitwidth P0| Bitwidth P1|
    +----------------------------------+----------+----+---+----+------------+------------+
    |add_ln229_100_fu_2658_p2          |         +|   0|  0|  16|          16|          16|
    |add_ln229_101_fu_2698_p2          |         +|   0|  0|  16|          16|          16|
    |add_ln229_102_fu_2738_p2          |         +|   0|  0|  16|          16|          16|
    |add_ln229_103_fu_2785_p2          |         +|   0|  0|  16|          16|          16|
    |add_ln229_104_fu_2807_p2          |         +|   0|  0|  16|          16|          16|
    |add_ln229_105_fu_2841_p2          |         +|   0|  0|  16|          16|          16|
    |add_ln229_30_fu_1488_p2           |         +|   0|  0|  16|          16|          16|
    |add_ln229_32_fu_1524_p2           |         +|   0|  0|  16|          16|          16|
    |add_ln229_34_fu_1560_p2           |         +|   0|  0|  16|          16|          16|
    |add_ln229_36_fu_1596_p2           |         +|   0|  0|  16|          16|          16|
    |add_ln229_38_fu_1632_p2           |         +|   0|  0|  16|          16|          16|
    |add_ln229_40_fu_1668_p2           |         +|   0|  0|  16|          16|          16|
    |add_ln229_42_fu_1704_p2           |         +|   0|  0|  16|          16|          16|
    |add_ln229_44_fu_1740_p2           |         +|   0|  0|  16|          16|          16|
    |add_ln229_46_fu_1776_p2           |         +|   0|  0|  16|          16|          16|
    |add_ln229_48_fu_1812_p2           |         +|   0|  0|  16|          16|          16|
    |add_ln229_50_fu_1848_p2           |         +|   0|  0|  16|          16|          16|
    |add_ln229_52_fu_1884_p2           |         +|   0|  0|  16|          16|          16|
    |add_ln229_54_fu_1920_p2           |         +|   0|  0|  16|          16|          16|
    |add_ln229_56_fu_1956_p2           |         +|   0|  0|  16|          16|          16|
    |add_ln229_58_fu_1992_p2           |         +|   0|  0|  16|          16|          16|
    |add_ln229_60_fu_2028_p2           |         +|   0|  0|  16|          16|          16|
    |add_ln229_61_fu_1519_p2           |         +|   0|  0|  16|          16|          16|
    |add_ln229_62_fu_2101_p2           |         +|   0|  0|  16|          16|          16|
    |add_ln229_63_fu_1555_p2           |         +|   0|  0|  16|          16|          16|
    |add_ln229_64_fu_2165_p2           |         +|   0|  0|  16|          16|          16|
    |add_ln229_65_fu_1591_p2           |         +|   0|  0|  16|          16|          16|
    |add_ln229_66_fu_2229_p2           |         +|   0|  0|  16|          16|          16|
    |add_ln229_67_fu_1627_p2           |         +|   0|  0|  16|          16|          16|
    |add_ln229_68_fu_2293_p2           |         +|   0|  0|  16|          16|          16|
    |add_ln229_69_fu_2357_p2           |         +|   0|  0|  16|          16|          16|
    |add_ln229_70_fu_2411_p2           |         +|   0|  0|  16|          16|          16|
    |add_ln229_71_fu_2465_p2           |         +|   0|  0|  16|          16|          16|
    |add_ln229_72_fu_2519_p2           |         +|   0|  0|  16|          16|          16|
    |add_ln229_73_fu_2623_p2           |         +|   0|  0|  16|          16|          16|
    |add_ln229_74_fu_2663_p2           |         +|   0|  0|  16|          16|          16|
    |add_ln229_75_fu_2703_p2           |         +|   0|  0|  16|          16|          16|
    |add_ln229_76_fu_2743_p2           |         +|   0|  0|  16|          16|          16|
    |add_ln229_77_fu_2790_p2           |         +|   0|  0|  16|          16|          16|
    |add_ln229_78_fu_2812_p2           |         +|   0|  0|  16|          16|          16|
    |add_ln229_79_fu_2846_p2           |         +|   0|  0|  16|          16|          16|
    |add_ln229_80_fu_1663_p2           |         +|   0|  0|  16|          16|          16|
    |add_ln229_81_fu_1699_p2           |         +|   0|  0|  16|          16|          16|
    |add_ln229_82_fu_1735_p2           |         +|   0|  0|  16|          16|          16|
    |add_ln229_83_fu_1771_p2           |         +|   0|  0|  16|          16|          16|
    |add_ln229_84_fu_1807_p2           |         +|   0|  0|  16|          16|          16|
    |add_ln229_85_fu_1843_p2           |         +|   0|  0|  16|          16|          16|
    |add_ln229_86_fu_1879_p2           |         +|   0|  0|  16|          16|          16|
    |add_ln229_87_fu_1915_p2           |         +|   0|  0|  16|          16|          16|
    |add_ln229_88_fu_1951_p2           |         +|   0|  0|  16|          16|          16|
    |add_ln229_89_fu_1987_p2           |         +|   0|  0|  16|          16|          16|
    |add_ln229_90_fu_2023_p2           |         +|   0|  0|  16|          16|          16|
    |add_ln229_91_fu_2095_p2           |         +|   0|  0|  16|          16|          16|
    |add_ln229_92_fu_2159_p2           |         +|   0|  0|  16|          16|          16|
    |add_ln229_93_fu_2223_p2           |         +|   0|  0|  16|          16|          16|
    |add_ln229_94_fu_2287_p2           |         +|   0|  0|  16|          16|          16|
    |add_ln229_95_fu_2351_p2           |         +|   0|  0|  16|          16|          16|
    |add_ln229_96_fu_2405_p2           |         +|   0|  0|  16|          16|          16|
    |add_ln229_97_fu_2459_p2           |         +|   0|  0|  16|          16|          16|
    |add_ln229_98_fu_2513_p2           |         +|   0|  0|  16|          16|          16|
    |add_ln229_99_fu_2618_p2           |         +|   0|  0|  16|          16|          16|
    |add_ln229_fu_1483_p2              |         +|   0|  0|  16|          16|          16|
    |add_ln442_10_fu_1858_p2           |         +|   0|  0|  16|           8|           8|
    |add_ln442_11_fu_1894_p2           |         +|   0|  0|  16|           8|           8|
    |add_ln442_12_fu_1930_p2           |         +|   0|  0|  16|           8|           8|
    |add_ln442_13_fu_1966_p2           |         +|   0|  0|  16|           8|           8|
    |add_ln442_14_fu_2002_p2           |         +|   0|  0|  16|           8|           8|
    |add_ln442_15_fu_2038_p2           |         +|   0|  0|  16|           8|           8|
    |add_ln442_16_fu_1493_p2           |         +|   0|  0|  16|           8|           8|
    |add_ln442_17_fu_1529_p2           |         +|   0|  0|  16|           8|           8|
    |add_ln442_18_fu_1565_p2           |         +|   0|  0|  16|           8|           8|
    |add_ln442_19_fu_1601_p2           |         +|   0|  0|  16|           8|           8|
    |add_ln442_1_fu_1534_p2            |         +|   0|  0|  16|           8|           8|
    |add_ln442_20_fu_1637_p2           |         +|   0|  0|  16|           8|           8|
    |add_ln442_21_fu_1673_p2           |         +|   0|  0|  16|           8|           8|
    |add_ln442_22_fu_1709_p2           |         +|   0|  0|  16|           8|           8|
    |add_ln442_23_fu_1745_p2           |         +|   0|  0|  16|           8|           8|
    |add_ln442_24_fu_1781_p2           |         +|   0|  0|  16|           8|           8|
    |add_ln442_25_fu_1817_p2           |         +|   0|  0|  16|           8|           8|
    |add_ln442_26_fu_1853_p2           |         +|   0|  0|  16|           8|           8|
    |add_ln442_27_fu_1889_p2           |         +|   0|  0|  16|           8|           8|
    |add_ln442_28_fu_1925_p2           |         +|   0|  0|  16|           8|           8|
    |add_ln442_29_fu_1961_p2           |         +|   0|  0|  16|           8|           8|
    |add_ln442_2_fu_1570_p2            |         +|   0|  0|  16|           8|           8|
    |add_ln442_30_fu_1997_p2           |         +|   0|  0|  16|           8|           8|
    |add_ln442_31_fu_2033_p2           |         +|   0|  0|  16|           8|           8|
    |add_ln442_3_fu_1606_p2            |         +|   0|  0|  16|           8|           8|
    |add_ln442_4_fu_1642_p2            |         +|   0|  0|  16|           8|           8|
    |add_ln442_5_fu_1678_p2            |         +|   0|  0|  16|           8|           8|
    |add_ln442_6_fu_1714_p2            |         +|   0|  0|  16|           8|           8|
    |add_ln442_7_fu_1750_p2            |         +|   0|  0|  16|           8|           8|
    |add_ln442_8_fu_1786_p2            |         +|   0|  0|  16|           8|           8|
    |add_ln442_9_fu_1822_p2            |         +|   0|  0|  16|           8|           8|
    |add_ln442_fu_1498_p2              |         +|   0|  0|  16|           8|           8|
    |add_ln452_1_fu_2546_p2            |         +|   0|  0|  16|           8|           8|
    |add_ln452_2_fu_2559_p2            |         +|   0|  0|  16|           8|           8|
    |add_ln452_3_fu_2572_p2            |         +|   0|  0|  16|           8|           8|
    |add_ln452_4_fu_2528_p2            |         +|   0|  0|  16|           8|           8|
    |add_ln452_5_fu_2541_p2            |         +|   0|  0|  16|           8|           8|
    |add_ln452_6_fu_2554_p2            |         +|   0|  0|  16|           8|           8|
    |add_ln452_7_fu_2567_p2            |         +|   0|  0|  16|           8|           8|
    |add_ln452_fu_2533_p2              |         +|   0|  0|  16|           8|           8|
    |add_ln885_30_fu_707_p2            |         +|   0|  0|  24|          17|          17|
    |add_ln885_31_fu_761_p2            |         +|   0|  0|  24|          17|          17|
    |add_ln885_32_fu_815_p2            |         +|   0|  0|  24|          17|          17|
    |add_ln885_33_fu_869_p2            |         +|   0|  0|  24|          17|          17|
    |add_ln885_34_fu_923_p2            |         +|   0|  0|  24|          17|          17|
    |add_ln885_35_fu_977_p2            |         +|   0|  0|  24|          17|          17|
    |add_ln885_36_fu_1031_p2           |         +|   0|  0|  24|          17|          17|
    |add_ln885_37_fu_1085_p2           |         +|   0|  0|  24|          17|          17|
    |add_ln885_38_fu_1139_p2           |         +|   0|  0|  24|          17|          17|
    |add_ln885_39_fu_1193_p2           |         +|   0|  0|  24|          17|          17|
    |add_ln885_40_fu_1247_p2           |         +|   0|  0|  24|          17|          17|
    |add_ln885_41_fu_1301_p2           |         +|   0|  0|  24|          17|          17|
    |add_ln885_42_fu_1355_p2           |         +|   0|  0|  24|          17|          17|
    |add_ln885_43_fu_1409_p2           |         +|   0|  0|  24|          17|          17|
    |add_ln885_44_fu_1463_p2           |         +|   0|  0|  24|          17|          17|
    |add_ln885_45_fu_2077_p2           |         +|   0|  0|  24|          17|          17|
    |add_ln885_46_fu_2141_p2           |         +|   0|  0|  24|          17|          17|
    |add_ln885_47_fu_2205_p2           |         +|   0|  0|  24|          17|          17|
    |add_ln885_48_fu_2269_p2           |         +|   0|  0|  24|          17|          17|
    |add_ln885_49_fu_2333_p2           |         +|   0|  0|  24|          17|          17|
    |add_ln885_50_fu_2387_p2           |         +|   0|  0|  24|          17|          17|
    |add_ln885_51_fu_2441_p2           |         +|   0|  0|  24|          17|          17|
    |add_ln885_52_fu_2495_p2           |         +|   0|  0|  24|          17|          17|
    |add_ln885_53_fu_2600_p2           |         +|   0|  0|  24|          17|          17|
    |add_ln885_54_fu_2640_p2           |         +|   0|  0|  24|          17|          17|
    |add_ln885_55_fu_2680_p2           |         +|   0|  0|  24|          17|          17|
    |add_ln885_56_fu_2720_p2           |         +|   0|  0|  24|          17|          17|
    |add_ln885_57_fu_2761_p2           |         +|   0|  0|  24|          17|          17|
    |add_ln885_58_fu_2767_p2           |         +|   0|  0|  24|          17|          17|
    |add_ln885_59_fu_2823_p2           |         +|   0|  0|  24|          17|          17|
    |add_ln885_fu_653_p2               |         +|   0|  0|  24|          17|          17|
    |ap_block_state6_pp0_stage0_iter5  |       and|   0|  0|   2|           1|           1|
    |tmp_i_nbreadreq_fu_290_p3         |       and|   0|  0|   2|           1|           0|
    |icmp_ln1064_fu_2851_p2            |      icmp|   0|  0|  13|          16|           2|
    |ap_block_pp0_stage0_01001         |        or|   0|  0|   2|           1|           1|
    |ap_block_state1_pp0_stage0_iter0  |        or|   0|  0|   2|           1|           1|
    |ap_enable_pp0                     |       xor|   0|  0|   2|           1|           2|
    +----------------------------------+----------+----+---+----+------------+------------+
    |Total                             |          |   0|  0|2399|        1860|        1846|
    +----------------------------------+----------+----+---+----+------------+------------+

    * Multiplexer: 
    +--------------------------+----+-----------+-----+-----------+
    |           Name           | LUT| Input Size| Bits| Total Bits|
    +--------------------------+----+-----------+-----+-----------+
    |ap_done                   |   9|          2|    1|          2|
    |iph_subSumsFifoOut_blk_n  |   9|          2|    1|          2|
    |validChecksumFifo_blk_n   |   9|          2|    1|          2|
    +--------------------------+----+-----------+-----+-----------+
    |Total                     |  27|          6|    3|          6|
    +--------------------------+----+-----------+-----+-----------+

    * Register: 
    +-------------------------+----+----+-----+-----------+
    |           Name          | FF | LUT| Bits| Const Bits|
    +-------------------------+----+----+-----+-----------+
    |add_ln229_69_reg_3357    |  16|   0|   16|          0|
    |add_ln229_70_reg_3363    |  16|   0|   16|          0|
    |add_ln229_71_reg_3369    |  16|   0|   16|          0|
    |add_ln229_72_reg_3375    |  16|   0|   16|          0|
    |add_ln229_73_reg_3381    |  16|   0|   16|          0|
    |add_ln229_74_reg_3387    |  16|   0|   16|          0|
    |add_ln229_75_reg_3393    |  16|   0|   16|          0|
    |add_ln229_76_reg_3399    |  16|   0|   16|          0|
    |add_ln229_77_reg_3405    |  16|   0|   16|          0|
    |add_ln229_78_reg_3411    |  16|   0|   16|          0|
    |add_ln442_10_reg_3307    |   8|   0|    8|          0|
    |add_ln442_11_reg_3312    |   8|   0|    8|          0|
    |add_ln442_1_reg_3282     |   8|   0|    8|          0|
    |add_ln442_2_reg_3287     |   8|   0|    8|          0|
    |add_ln442_3_reg_3292     |   8|   0|    8|          0|
    |add_ln442_8_reg_3297     |   8|   0|    8|          0|
    |add_ln442_9_reg_3302     |   8|   0|    8|          0|
    |add_ln442_reg_3277       |   8|   0|    8|          0|
    |ap_CS_fsm                |   1|   0|    1|          0|
    |ap_done_reg              |   1|   0|    1|          0|
    |ap_enable_reg_pp0_iter1  |   1|   0|    1|          0|
    |ap_enable_reg_pp0_iter2  |   1|   0|    1|          0|
    |ap_enable_reg_pp0_iter3  |   1|   0|    1|          0|
    |ap_enable_reg_pp0_iter4  |   1|   0|    1|          0|
    |ap_enable_reg_pp0_iter5  |   1|   0|    1|          0|
    |icmp_ln1064_reg_3417     |   1|   0|    1|          0|
    |or_ln1_reg_3043          |  16|   0|   16|          0|
    |or_ln885_26_reg_3022     |  16|   0|   16|          0|
    |or_ln885_27_reg_3064     |  16|   0|   16|          0|
    |or_ln885_28_reg_3085     |  16|   0|   16|          0|
    |or_ln885_29_reg_3090     |  16|   0|   16|          0|
    |or_ln885_30_reg_3101     |  16|   0|   16|          0|
    |or_ln885_31_reg_3106     |  16|   0|   16|          0|
    |or_ln885_32_reg_3117     |  16|   0|   16|          0|
    |or_ln885_33_reg_3122     |  16|   0|   16|          0|
    |or_ln885_34_reg_3133     |  16|   0|   16|          0|
    |or_ln885_35_reg_3138     |  16|   0|   16|          0|
    |or_ln885_36_reg_3149     |  16|   0|   16|          0|
    |or_ln885_37_reg_3154     |  16|   0|   16|          0|
    |or_ln885_38_reg_3165     |  16|   0|   16|          0|
    |or_ln885_39_reg_3170     |  16|   0|   16|          0|
    |or_ln885_40_reg_3181     |  16|   0|   16|          0|
    |or_ln885_41_reg_3186     |  16|   0|   16|          0|
    |or_ln885_42_reg_3197     |  16|   0|   16|          0|
    |or_ln885_43_reg_3202     |  16|   0|   16|          0|
    |or_ln885_44_reg_3213     |  16|   0|   16|          0|
    |or_ln885_45_reg_3218     |  16|   0|   16|          0|
    |or_ln885_46_reg_3229     |  16|   0|   16|          0|
    |or_ln885_47_reg_3234     |  16|   0|   16|          0|
    |or_ln885_48_reg_3245     |  16|   0|   16|          0|
    |or_ln885_49_reg_3250     |  16|   0|   16|          0|
    |or_ln885_50_reg_3261     |  16|   0|   16|          0|
    |or_ln885_51_reg_3266     |  16|   0|   16|          0|
    |tmp_10_reg_2911          |   8|   0|    8|          0|
    |tmp_11_reg_2916          |   8|   0|    8|          0|
    |tmp_12_reg_2921          |   8|   0|    8|          0|
    |tmp_13_reg_2926          |   8|   0|    8|          0|
    |tmp_14_reg_2931          |   8|   0|    8|          0|
    |tmp_15_reg_2936          |   8|   0|    8|          0|
    |tmp_16_reg_2941          |   8|   0|    8|          0|
    |tmp_17_reg_2946          |   8|   0|    8|          0|
    |tmp_18_reg_2951          |   8|   0|    8|          0|
    |tmp_19_reg_2956          |   8|   0|    8|          0|
    |tmp_1_reg_2891           |   8|   0|    8|          0|
    |tmp_20_reg_2961          |   8|   0|    8|          0|
    |tmp_2_reg_2896           |   8|   0|    8|          0|
    |tmp_35_reg_3037          |   1|   0|    1|          0|
    |tmp_36_reg_3058          |   1|   0|    1|          0|
    |tmp_37_reg_3079          |   1|   0|    1|          0|
    |tmp_38_reg_3095          |   1|   0|    1|          0|
    |tmp_39_reg_3111          |   1|   0|    1|          0|
    |tmp_3_reg_2901           |   8|   0|    8|          0|
    |tmp_40_reg_3127          |   1|   0|    1|          0|
    |tmp_41_reg_3143          |   1|   0|    1|          0|
    |tmp_42_reg_3159          |   1|   0|    1|          0|
    |tmp_43_reg_3175          |   1|   0|    1|          0|
    |tmp_44_reg_3191          |   1|   0|    1|          0|
    |tmp_45_reg_3207          |   1|   0|    1|          0|
    |tmp_46_reg_3223          |   1|   0|    1|          0|
    |tmp_47_reg_3239          |   1|   0|    1|          0|
    |tmp_48_reg_3255          |   1|   0|    1|          0|
    |tmp_49_reg_3271          |   1|   0|    1|          0|
    |tmp_4_reg_2906           |   8|   0|    8|          0|
    |tmp_50_reg_3317          |   1|   0|    1|          0|
    |tmp_51_reg_3327          |   1|   0|    1|          0|
    |tmp_52_reg_3337          |   1|   0|    1|          0|
    |tmp_53_reg_3347          |   1|   0|    1|          0|
    |tmp_5_reg_2861           |   8|   0|    8|          0|
    |tmp_6_reg_2866           |   8|   0|    8|          0|
    |tmp_7_reg_2871           |   8|   0|    8|          0|
    |tmp_8_reg_2876           |   8|   0|    8|          0|
    |tmp_9_reg_2881           |   8|   0|    8|          0|
    |tmp_i_reg_2857           |   1|   0|    1|          0|
    |tmp_reg_3016             |   1|   0|    1|          0|
    |tmp_s_reg_2886           |   8|   0|    8|          0|
    |trunc_ln144_1_reg_2966   |   8|   0|    8|          0|
    |trunc_ln144_2_reg_2971   |   8|   0|    8|          0|
    |trunc_ln144_3_reg_2976   |   8|   0|    8|          0|
    |trunc_ln144_4_reg_2981   |   8|   0|    8|          0|
    |trunc_ln144_5_reg_2986   |   8|   0|    8|          0|
    |trunc_ln144_6_reg_2991   |   8|   0|    8|          0|
    |trunc_ln452_1_reg_3332   |   8|   0|    8|          0|
    |trunc_ln452_2_reg_3342   |   8|   0|    8|          0|
    |trunc_ln452_3_reg_3352   |   8|   0|    8|          0|
    |trunc_ln4_reg_3322       |   8|   0|    8|          0|
    |trunc_ln885_1_reg_3001   |   8|   0|    8|          0|
    |trunc_ln885_2_reg_3032   |  16|   0|   16|          0|
    |trunc_ln885_33_reg_3006  |  16|   0|   16|          0|
    |trunc_ln885_3_reg_3027   |   8|   0|    8|          0|
    |trunc_ln885_4_reg_3053   |  16|   0|   16|          0|
    |trunc_ln885_5_reg_3048   |   8|   0|    8|          0|
    |trunc_ln885_6_reg_3074   |  16|   0|   16|          0|
    |trunc_ln885_7_reg_3069   |   8|   0|    8|          0|
    |trunc_ln885_reg_2996     |   8|   0|    8|          0|
    |trunc_ln885_s_reg_3011   |  16|   0|   16|          0|
    |tmp_i_reg_2857           |  64|  32|    1|          0|
    +-------------------------+----+----+-----+-----------+
    |Total                    |1117|  32| 1054|          0|
    +-------------------------+----+----+-----+-----------+



================================================================
== Interface
================================================================
* Summary: 
+----------------------------+-----+-----+------------+------------------------------------+--------------+
|          RTL Ports         | Dir | Bits|  Protocol  |            Source Object           |    C Type    |
+----------------------------+-----+-----+------------+------------------------------------+--------------+
|ap_clk                      |   in|    1|  ap_ctrl_hs|  ip_handler_check_ipv4_checksum<32>|  return value|
|ap_rst                      |   in|    1|  ap_ctrl_hs|  ip_handler_check_ipv4_checksum<32>|  return value|
|ap_start                    |   in|    1|  ap_ctrl_hs|  ip_handler_check_ipv4_checksum<32>|  return value|
|ap_done                     |  out|    1|  ap_ctrl_hs|  ip_handler_check_ipv4_checksum<32>|  return value|
|ap_continue                 |   in|    1|  ap_ctrl_hs|  ip_handler_check_ipv4_checksum<32>|  return value|
|ap_idle                     |  out|    1|  ap_ctrl_hs|  ip_handler_check_ipv4_checksum<32>|  return value|
|ap_ready                    |  out|    1|  ap_ctrl_hs|  ip_handler_check_ipv4_checksum<32>|  return value|
|iph_subSumsFifoOut_dout     |   in|  544|     ap_fifo|                  iph_subSumsFifoOut|       pointer|
|iph_subSumsFifoOut_empty_n  |   in|    1|     ap_fifo|                  iph_subSumsFifoOut|       pointer|
|iph_subSumsFifoOut_read     |  out|    1|     ap_fifo|                  iph_subSumsFifoOut|       pointer|
|validChecksumFifo_din       |  out|    1|     ap_fifo|                   validChecksumFifo|       pointer|
|validChecksumFifo_full_n    |   in|    1|     ap_fifo|                   validChecksumFifo|       pointer|
|validChecksumFifo_write     |  out|    1|     ap_fifo|                   validChecksumFifo|       pointer|
+----------------------------+-----+-----+------------+------------------------------------+--------------+

