

================================================================
== Vitis HLS Report for 'arp_table'
================================================================
* Date:           Sat Mar 18 14:32:58 2023

* Version:        2021.2 (Build 3367213 on Tue Oct 19 02:47:39 MDT 2021)
* Project:        arp_server_subnet_prj
* Solution:       solution1 (Vivado IP Flow Target)
* Product family: virtexuplus
* Target device:  xcu280-fsvh2892-2L-e


================================================================
== Performance Estimates
================================================================
+ Timing: 
    * Summary: 
    +--------+---------+----------+------------+
    |  Clock |  Target | Estimated| Uncertainty|
    +--------+---------+----------+------------+
    |ap_clk  |  3.20 ns|  1.200 ns|     0.86 ns|
    +--------+---------+----------+------------+

+ Latency: 
    * Summary: 
    +---------+---------+----------+----------+-----+-----+---------+
    |  Latency (cycles) |  Latency (absolute) |  Interval | Pipeline|
    |   min   |   max   |    min   |    max   | min | max |   Type  |
    +---------+---------+----------+----------+-----+-----+---------+
    |        3|        3|  9.600 ns|  9.600 ns|    1|    1|      yes|
    +---------+---------+----------+----------+-----+-----+---------+

    + Detail: 
        * Instance: 
        N/A

        * Loop: 
        N/A



================================================================
== Utilization Estimates
================================================================
* Summary: 
+---------------------+---------+------+---------+---------+-----+
|         Name        | BRAM_18K|  DSP |    FF   |   LUT   | URAM|
+---------------------+---------+------+---------+---------+-----+
|DSP                  |        -|     -|        -|        -|    -|
|Expression           |        -|     -|        0|       48|    -|
|FIFO                 |        -|     -|        -|        -|    -|
|Instance             |        -|     -|        -|        -|    -|
|Memory               |        3|     -|        0|        0|    -|
|Multiplexer          |        -|     -|        -|      117|    -|
|Register             |        -|     -|      467|      160|    -|
+---------------------+---------+------+---------+---------+-----+
|Total                |        3|     0|      467|      325|    0|
+---------------------+---------+------+---------+---------+-----+
|Available SLR        |     1344|  3008|   869120|   434560|  320|
+---------------------+---------+------+---------+---------+-----+
|Utilization SLR (%)  |       ~0|     0|       ~0|       ~0|    0|
+---------------------+---------+------+---------+---------+-----+
|Available            |     4032|  9024|  2607360|  1303680|  960|
+---------------------+---------+------+---------+---------+-----+
|Utilization (%)      |       ~0|     0|       ~0|       ~0|    0|
+---------------------+---------+------+---------+---------+-----+

+ Detail: 
    * Instance: 
    N/A

    * DSP: 
    N/A

    * Memory: 
    +-------------------------+--------------------------------------------------+---------+---+----+-----+------+-----+------+-------------+
    |          Memory         |                      Module                      | BRAM_18K| FF| LUT| URAM| Words| Bits| Banks| W*Bits*Banks|
    +-------------------------+--------------------------------------------------+---------+---+----+-----+------+-----+------+-------------+
    |arpTable_macAddress_V_U  |arp_table_arpTable_macAddress_V_RAM_1P_BRAM_1R1W  |        2|  0|   0|    0|   256|   48|     1|        12288|
    |arpTable_valid_U         |arp_table_arpTable_valid_RAM_1P_BRAM_1R1W         |        1|  0|   0|    0|   256|    1|     1|          256|
    +-------------------------+--------------------------------------------------+---------+---+----+-----+------+-----+------+-------------+
    |Total                    |                                                  |        3|  0|   0|    0|   512|   49|     2|        12544|
    +-------------------------+--------------------------------------------------+---------+---+----+-----+------+-----+------+-------------+

    * FIFO: 
    N/A

    * Expression: 
    +-----------------------------------+----------+----+---+----+------------+------------+
    |           Variable Name           | Operation| DSP| FF| LUT| Bitwidth P0| Bitwidth P1|
    +-----------------------------------+----------+----+---+----+------------+------------+
    |ap_block_pp0                       |       and|   0|  0|   2|           1|           1|
    |ap_condition_257                   |       and|   0|  0|   2|           1|           1|
    |ap_condition_280                   |       and|   0|  0|   2|           1|           1|
    |ap_enable_state2_pp0_iter1_stage0  |       and|   0|  0|   2|           1|           1|
    |ap_enable_state3_pp0_iter2_stage0  |       and|   0|  0|   2|           1|           1|
    |ap_predicate_op26_read_state1      |       and|   0|  0|   2|           1|           1|
    |ap_predicate_op29_read_state1      |       and|   0|  0|   2|           1|           1|
    |ap_predicate_op43_load_state2      |       and|   0|  0|   2|           1|           1|
    |ap_predicate_op52_load_state3      |       and|   0|  0|   2|           1|           1|
    |ap_predicate_op58_load_state3      |       and|   0|  0|   2|           1|           1|
    |ap_predicate_op64_write_state4     |       and|   0|  0|   2|           1|           1|
    |ap_predicate_op66_write_state4     |       and|   0|  0|   2|           1|           1|
    |ap_predicate_op68_write_state4     |       and|   0|  0|   2|           1|           1|
    |ap_predicate_op70_write_state4     |       and|   0|  0|   2|           1|           1|
    |tmp_1_i_nbreadreq_fu_90_p3         |       and|   0|  0|   2|           1|           0|
    |tmp_i_31_nbreadreq_fu_82_p3        |       and|   0|  0|   2|           1|           0|
    |tmp_i_nbreadreq_fu_74_p3           |       and|   0|  0|   2|           1|           0|
    |ap_block_pp0_stage0_01001          |        or|   0|  0|   2|           1|           1|
    |ap_block_pp0_stage0_11001          |        or|   0|  0|   2|           1|           1|
    |ap_block_state1_pp0_stage0_iter0   |        or|   0|  0|   2|           1|           1|
    |ap_block_state3_io                 |        or|   0|  0|   2|           1|           1|
    |ap_block_state4_io                 |        or|   0|  0|   2|           1|           1|
    |ap_block_state4_pp0_stage0_iter3   |        or|   0|  0|   2|           1|           1|
    |ap_enable_pp0                      |       xor|   0|  0|   2|           1|           2|
    +-----------------------------------+----------+----+---+----+------------+------------+
    |Total                              |          |   0|  0|  48|          24|          22|
    +-----------------------------------+----------+----+---+----+------------+------------+

    * Multiplexer: 
    +--------------------------------------------+----+-----------+-----+-----------+
    |                    Name                    | LUT| Input Size| Bits| Total Bits|
    +--------------------------------------------+----+-----------+-----+-----------+
    |ap_done                                     |   9|          2|    1|          2|
    |arpRequestMetaFifo_blk_n                    |   9|          2|    1|          2|
    |arpRequestMetaFifo_din                      |  14|          3|   32|         96|
    |arpTableInsertFifo_blk_n                    |   9|          2|    1|          2|
    |arpTable_macAddress_V_address0              |  20|          4|    8|         32|
    |arpTable_valid_address0                     |  20|          4|    8|         32|
    |m_axis_arp_lookup_reply_TDATA_blk_n         |   9|          2|    1|          2|
    |m_axis_host_arp_lookup_reply_TDATA_blk_n    |   9|          2|    1|          2|
    |s_axis_arp_lookup_request_TDATA_blk_n       |   9|          2|    1|          2|
    |s_axis_host_arp_lookup_request_TDATA_blk_n  |   9|          2|    1|          2|
    +--------------------------------------------+----+-----------+-----+-----------+
    |Total                                       | 117|         25|   55|        174|
    +--------------------------------------------+----+-----------+-----+-----------+

    * Register: 
    +--------------------------------+----+----+-----+-----------+
    |              Name              | FF | LUT| Bits| Const Bits|
    +--------------------------------+----+----+-----+-----------+
    |ap_CS_fsm                       |   1|   0|    1|          0|
    |ap_done_reg                     |   1|   0|    1|          0|
    |ap_enable_reg_pp0_iter1         |   1|   0|    1|          0|
    |ap_enable_reg_pp0_iter2         |   1|   0|    1|          0|
    |ap_enable_reg_pp0_iter3         |   1|   0|    1|          0|
    |currEntry_macAddress_V_reg_316  |  48|   0|   48|          0|
    |currEntry_valid_1_reg_360       |   1|   0|    1|          0|
    |currEntry_valid_2_reg_351       |   1|   0|    1|          0|
    |currEntry_valid_reg_321         |   1|   0|    1|          0|
    |p_Result_3_i_reg_301            |   8|   0|    8|          0|
    |p_Result_i_32_reg_311           |   8|   0|    8|          0|
    |p_Result_i_reg_326              |   8|   0|    8|          0|
    |query_ip_V_1_reg_296            |  32|   0|   32|          0|
    |query_ip_V_reg_306              |  32|   0|   32|          0|
    |tmp_1_i_reg_292                 |   1|   0|    1|          0|
    |tmp_i_31_reg_288                |   1|   0|    1|          0|
    |tmp_i_reg_284                   |   1|   0|    1|          0|
    |query_ip_V_1_reg_296            |  64|  32|   32|          0|
    |query_ip_V_reg_306              |  64|  32|   32|          0|
    |tmp_1_i_reg_292                 |  64|  32|    1|          0|
    |tmp_i_31_reg_288                |  64|  32|    1|          0|
    |tmp_i_reg_284                   |  64|  32|    1|          0|
    +--------------------------------+----+----+-----+-----------+
    |Total                           | 467| 160|  214|          0|
    +--------------------------------+----+----+-----+-----------+



================================================================
== Interface
================================================================
* Summary: 
+---------------------------------------+-----+-----+------------+--------------------------------+--------------+
|               RTL Ports               | Dir | Bits|  Protocol  |          Source Object         |    C Type    |
+---------------------------------------+-----+-----+------------+--------------------------------+--------------+
|ap_clk                                 |   in|    1|  ap_ctrl_hs|                       arp_table|  return value|
|ap_rst                                 |   in|    1|  ap_ctrl_hs|                       arp_table|  return value|
|ap_start                               |   in|    1|  ap_ctrl_hs|                       arp_table|  return value|
|ap_done                                |  out|    1|  ap_ctrl_hs|                       arp_table|  return value|
|ap_continue                            |   in|    1|  ap_ctrl_hs|                       arp_table|  return value|
|ap_idle                                |  out|    1|  ap_ctrl_hs|                       arp_table|  return value|
|ap_ready                               |  out|    1|  ap_ctrl_hs|                       arp_table|  return value|
|s_axis_host_arp_lookup_request_TVALID  |   in|    1|        axis|  s_axis_host_arp_lookup_request|       pointer|
|s_axis_host_arp_lookup_request_TDATA   |   in|   32|        axis|  s_axis_host_arp_lookup_request|       pointer|
|s_axis_host_arp_lookup_request_TREADY  |  out|    1|        axis|  s_axis_host_arp_lookup_request|       pointer|
|s_axis_arp_lookup_request_TVALID       |   in|    1|        axis|       s_axis_arp_lookup_request|       pointer|
|s_axis_arp_lookup_request_TDATA        |   in|   32|        axis|       s_axis_arp_lookup_request|       pointer|
|s_axis_arp_lookup_request_TREADY       |  out|    1|        axis|       s_axis_arp_lookup_request|       pointer|
|arpTableInsertFifo_dout                |   in|   81|     ap_fifo|              arpTableInsertFifo|       pointer|
|arpTableInsertFifo_empty_n             |   in|    1|     ap_fifo|              arpTableInsertFifo|       pointer|
|arpTableInsertFifo_read                |  out|    1|     ap_fifo|              arpTableInsertFifo|       pointer|
|m_axis_host_arp_lookup_reply_TREADY    |   in|    1|        axis|    m_axis_host_arp_lookup_reply|       pointer|
|m_axis_host_arp_lookup_reply_TDATA     |  out|   56|        axis|    m_axis_host_arp_lookup_reply|       pointer|
|m_axis_host_arp_lookup_reply_TVALID    |  out|    1|        axis|    m_axis_host_arp_lookup_reply|       pointer|
|m_axis_arp_lookup_reply_TREADY         |   in|    1|        axis|         m_axis_arp_lookup_reply|       pointer|
|m_axis_arp_lookup_reply_TDATA          |  out|   56|        axis|         m_axis_arp_lookup_reply|       pointer|
|m_axis_arp_lookup_reply_TVALID         |  out|    1|        axis|         m_axis_arp_lookup_reply|       pointer|
|arpRequestMetaFifo_din                 |  out|   32|     ap_fifo|              arpRequestMetaFifo|       pointer|
|arpRequestMetaFifo_full_n              |   in|    1|     ap_fifo|              arpRequestMetaFifo|       pointer|
|arpRequestMetaFifo_write               |  out|    1|     ap_fifo|              arpRequestMetaFifo|       pointer|
+---------------------------------------+-----+-----+------------+--------------------------------+--------------+

