

================================================================
== Vitis HLS Report for 'generate_arp_pkg_512_s'
================================================================
* Date:           Sat Mar 18 14:32:58 2023

* Version:        2021.2 (Build 3367213 on Tue Oct 19 02:47:39 MDT 2021)
* Project:        arp_server_subnet_prj
* Solution:       solution1 (Vivado IP Flow Target)
* Product family: virtexuplus
* Target device:  xcu280-fsvh2892-2L-e


================================================================
== Performance Estimates
================================================================
+ Timing: 
    * Summary: 
    +--------+---------+----------+------------+
    |  Clock |  Target | Estimated| Uncertainty|
    +--------+---------+----------+------------+
    |ap_clk  |  3.20 ns|  1.555 ns|     0.86 ns|
    +--------+---------+----------+------------+

+ Latency: 
    * Summary: 
    +---------+---------+----------+----------+-----+-----+---------+
    |  Latency (cycles) |  Latency (absolute) |  Interval | Pipeline|
    |   min   |   max   |    min   |    max   | min | max |   Type  |
    +---------+---------+----------+----------+-----+-----+---------+
    |        1|        1|  3.200 ns|  3.200 ns|    1|    1|      yes|
    +---------+---------+----------+----------+-----+-----+---------+

    + Detail: 
        * Instance: 
        N/A

        * Loop: 
        N/A



================================================================
== Utilization Estimates
================================================================
* Summary: 
+---------------------+---------+------+---------+---------+-----+
|         Name        | BRAM_18K|  DSP |    FF   |   LUT   | URAM|
+---------------------+---------+------+---------+---------+-----+
|DSP                  |        -|     -|        -|        -|    -|
|Expression           |        -|     -|        0|       59|    -|
|FIFO                 |        -|     -|        -|        -|    -|
|Instance             |        -|     -|        -|        -|    -|
|Memory               |        -|     -|        -|        -|    -|
|Multiplexer          |        -|     -|        -|       86|    -|
|Register             |        -|     -|      693|        -|    -|
+---------------------+---------+------+---------+---------+-----+
|Total                |        0|     0|      693|      145|    0|
+---------------------+---------+------+---------+---------+-----+
|Available SLR        |     1344|  3008|   869120|   434560|  320|
+---------------------+---------+------+---------+---------+-----+
|Utilization SLR (%)  |        0|     0|       ~0|       ~0|    0|
+---------------------+---------+------+---------+---------+-----+
|Available            |     4032|  9024|  2607360|  1303680|  960|
+---------------------+---------+------+---------+---------+-----+
|Utilization (%)      |        0|     0|       ~0|       ~0|    0|
+---------------------+---------+------+---------+---------+-----+

+ Detail: 
    * Instance: 
    N/A

    * DSP: 
    N/A

    * Memory: 
    N/A

    * FIFO: 
    N/A

    * Expression: 
    +----------------------------------+----------+----+---+----+------------+------------+
    |           Variable Name          | Operation| DSP| FF| LUT| Bitwidth P0| Bitwidth P1|
    +----------------------------------+----------+----+---+----+------------+------------+
    |add_ln85_fu_328_p2                |         +|   0|  0|  23|          16|           1|
    |ap_block_state2_pp0_stage0_iter1  |       and|   0|  0|   2|           1|           1|
    |ap_condition_131                  |       and|   0|  0|   2|           1|           1|
    |ap_condition_148                  |       and|   0|  0|   2|           1|           1|
    |ap_predicate_op29_read_state1     |       and|   0|  0|   2|           1|           1|
    |ap_predicate_op38_read_state1     |       and|   0|  0|   2|           1|           1|
    |tmp_i_30_nbreadreq_fu_122_p3      |       and|   0|  0|   2|           1|           0|
    |tmp_i_nbreadreq_fu_114_p3         |       and|   0|  0|   2|           1|           0|
    |icmp_ln82_fu_322_p2               |      icmp|   0|  0|  16|          25|           9|
    |ap_block_pp0_stage0_01001         |        or|   0|  0|   2|           1|           1|
    |ap_block_state1_pp0_stage0_iter0  |        or|   0|  0|   2|           1|           1|
    |ap_enable_pp0                     |       xor|   0|  0|   2|           1|           2|
    +----------------------------------+----------+----+---+----+------------+------------+
    |Total                             |          |   0|  0|  59|          51|          19|
    +----------------------------------+----------+----+---+----+------------+------------+

    * Multiplexer: 
    +------------------------------------------------+----+-----------+-----+-----------+
    |                      Name                      | LUT| Input Size| Bits| Total Bits|
    +------------------------------------------------+----+-----------+-----+-----------+
    |ap_done                                         |   9|          2|    1|          2|
    |ap_phi_reg_pp0_iter1_sendWord_data_V_1_reg_149  |  14|          3|  336|       1008|
    |arpDataOut_internal_blk_n                       |   9|          2|    1|          2|
    |arpReplyMetaFifo_blk_n                          |   9|          2|    1|          2|
    |arpRequestMetaFifo_blk_n                        |   9|          2|    1|          2|
    |header_header_V_1                               |   9|          2|  336|        672|
    |header_idx_1                                    |   9|          2|   16|         32|
    |myIpAddress_blk_n                               |   9|          2|    1|          2|
    |myMacAddress_blk_n                              |   9|          2|    1|          2|
    +------------------------------------------------+----+-----------+-----+-----------+
    |Total                                           |  86|         19|  694|       1724|
    +------------------------------------------------+----+-----------+-----+-----------+

    * Register: 
    +------------------------------------------------+-----+----+-----+-----------+
    |                      Name                      |  FF | LUT| Bits| Const Bits|
    +------------------------------------------------+-----+----+-----+-----------+
    |ap_CS_fsm                                       |    1|   0|    1|          0|
    |ap_done_reg                                     |    1|   0|    1|          0|
    |ap_enable_reg_pp0_iter1                         |    1|   0|    1|          0|
    |ap_phi_reg_pp0_iter1_sendWord_data_V_1_reg_149  |  336|   0|  336|          0|
    |gap_state                                       |    1|   0|    1|          0|
    |gap_state_load_reg_363                          |    1|   0|    1|          0|
    |header_header_V_1                               |  336|   0|  336|          0|
    |header_idx_1                                    |   16|   0|   16|          0|
    +------------------------------------------------+-----+----+-----+-----------+
    |Total                                           |  693|   0|  693|          0|
    +------------------------------------------------+-----+----+-----+-----------+



================================================================
== Interface
================================================================
* Summary: 
+----------------------------+-----+------+------------+-----------------------+--------------+
|          RTL Ports         | Dir | Bits |  Protocol  |     Source Object     |    C Type    |
+----------------------------+-----+------+------------+-----------------------+--------------+
|ap_clk                      |   in|     1|  ap_ctrl_hs|  generate_arp_pkg<512>|  return value|
|ap_rst                      |   in|     1|  ap_ctrl_hs|  generate_arp_pkg<512>|  return value|
|ap_start                    |   in|     1|  ap_ctrl_hs|  generate_arp_pkg<512>|  return value|
|ap_done                     |  out|     1|  ap_ctrl_hs|  generate_arp_pkg<512>|  return value|
|ap_continue                 |   in|     1|  ap_ctrl_hs|  generate_arp_pkg<512>|  return value|
|ap_idle                     |  out|     1|  ap_ctrl_hs|  generate_arp_pkg<512>|  return value|
|ap_ready                    |  out|     1|  ap_ctrl_hs|  generate_arp_pkg<512>|  return value|
|myIpAddress_dout            |   in|    32|     ap_fifo|            myIpAddress|       pointer|
|myIpAddress_empty_n         |   in|     1|     ap_fifo|            myIpAddress|       pointer|
|myIpAddress_read            |  out|     1|     ap_fifo|            myIpAddress|       pointer|
|myMacAddress_dout           |   in|    48|     ap_fifo|           myMacAddress|       pointer|
|myMacAddress_empty_n        |   in|     1|     ap_fifo|           myMacAddress|       pointer|
|myMacAddress_read           |  out|     1|     ap_fifo|           myMacAddress|       pointer|
|arpRequestMetaFifo_dout     |   in|    32|     ap_fifo|     arpRequestMetaFifo|       pointer|
|arpRequestMetaFifo_empty_n  |   in|     1|     ap_fifo|     arpRequestMetaFifo|       pointer|
|arpRequestMetaFifo_read     |  out|     1|     ap_fifo|     arpRequestMetaFifo|       pointer|
|arpReplyMetaFifo_dout       |   in|   128|     ap_fifo|       arpReplyMetaFifo|       pointer|
|arpReplyMetaFifo_empty_n    |   in|     1|     ap_fifo|       arpReplyMetaFifo|       pointer|
|arpReplyMetaFifo_read       |  out|     1|     ap_fifo|       arpReplyMetaFifo|       pointer|
|arpDataOut_internal_din     |  out|  1024|     ap_fifo|    arpDataOut_internal|       pointer|
|arpDataOut_internal_full_n  |   in|     1|     ap_fifo|    arpDataOut_internal|       pointer|
|arpDataOut_internal_write   |  out|     1|     ap_fifo|    arpDataOut_internal|       pointer|
+----------------------------+-----+------+------------+-----------------------+--------------+

