

================================================================
== Vitis HLS Report for 'extract_ip_address_512_s'
================================================================
* Date:           Sat Mar 18 14:35:14 2023

* Version:        2021.2 (Build 3367213 on Tue Oct 19 02:47:39 MDT 2021)
* Project:        mac_ip_encode_prj
* Solution:       solution1 (Vivado IP Flow Target)
* Product family: virtexuplus
* Target device:  xcu280-fsvh2892-2L-e


================================================================
== Performance Estimates
================================================================
+ Timing: 
    * Summary: 
    +--------+---------+----------+------------+
    |  Clock |  Target | Estimated| Uncertainty|
    +--------+---------+----------+------------+
    |ap_clk  |  3.20 ns|  2.027 ns|     0.86 ns|
    +--------+---------+----------+------------+

+ Latency: 
    * Summary: 
    +---------+---------+----------+----------+-----+-----+---------+
    |  Latency (cycles) |  Latency (absolute) |  Interval | Pipeline|
    |   min   |   max   |    min   |    max   | min | max |   Type  |
    +---------+---------+----------+----------+-----+-----+---------+
    |        3|        3|  9.600 ns|  9.600 ns|    1|    1|      yes|
    +---------+---------+----------+----------+-----+-----+---------+

    + Detail: 
        * Instance: 
        N/A

        * Loop: 
        N/A



================================================================
== Utilization Estimates
================================================================
* Summary: 
+---------------------+---------+------+---------+---------+-----+
|         Name        | BRAM_18K|  DSP |    FF   |   LUT   | URAM|
+---------------------+---------+------+---------+---------+-----+
|DSP                  |        -|     -|        -|        -|    -|
|Expression           |        -|     -|        0|     1581|    -|
|FIFO                 |        -|     -|        -|        -|    -|
|Instance             |        -|     -|        -|        -|    -|
|Memory               |        -|     -|        -|        -|    -|
|Multiplexer          |        -|     -|        -|      119|    -|
|Register             |        -|     -|     1117|       64|    -|
+---------------------+---------+------+---------+---------+-----+
|Total                |        0|     0|     1117|     1764|    0|
+---------------------+---------+------+---------+---------+-----+
|Available SLR        |     1344|  3008|   869120|   434560|  320|
+---------------------+---------+------+---------+---------+-----+
|Utilization SLR (%)  |        0|     0|       ~0|       ~0|    0|
+---------------------+---------+------+---------+---------+-----+
|Available            |     4032|  9024|  2607360|  1303680|  960|
+---------------------+---------+------+---------+---------+-----+
|Utilization (%)      |        0|     0|       ~0|       ~0|    0|
+---------------------+---------+------+---------+---------+-----+

+ Detail: 
    * Instance: 
    N/A

    * DSP: 
    N/A

    * Memory: 
    N/A

    * FIFO: 
    N/A

    * Expression: 
    +----------------------------------+----------+----+---+-----+------------+------------+
    |           Variable Name          | Operation| DSP| FF| LUT | Bitwidth P0| Bitwidth P1|
    +----------------------------------+----------+----+---+-----+------------+------------+
    |add_ln67_fu_209_p2                |         +|   0|  0|   23|          16|           1|
    |and_ln1064_fu_376_p2              |       and|   0|  0|   32|          32|          32|
    |and_ln414_1_fu_288_p2             |       and|   0|  0|  160|         160|         160|
    |and_ln414_2_fu_294_p2             |       and|   0|  0|  160|         160|         160|
    |and_ln414_fu_276_p2               |       and|   0|  0|  160|         160|         160|
    |ap_condition_224                  |       and|   0|  0|    2|           1|           1|
    |ap_predicate_op65_write_state2    |       and|   0|  0|    2|           1|           1|
    |ap_predicate_op66_write_state2    |       and|   0|  0|    2|           1|           1|
    |ap_predicate_op73_write_state3    |       and|   0|  0|    2|           1|           1|
    |ap_predicate_op74_write_state3    |       and|   0|  0|    2|           1|           1|
    |ap_predicate_op75_write_state4    |       and|   0|  0|    2|           1|           1|
    |ap_predicate_op77_write_state4    |       and|   0|  0|    2|           1|           1|
    |tmp_i_nbreadreq_fu_92_p3          |       and|   0|  0|  160|           1|           0|
    |icmp_ln1064_fu_382_p2             |      icmp|   0|  0|   20|          32|           1|
    |icmp_ln414_fu_216_p2              |      icmp|   0|  0|   16|          25|           8|
    |ap_block_pp0_stage0_01001         |        or|   0|  0|    2|           1|           1|
    |ap_block_pp0_stage0_11001         |        or|   0|  0|    2|           1|           1|
    |ap_block_state1_pp0_stage0_iter0  |        or|   0|  0|    2|           1|           1|
    |ap_block_state2_pp0_stage0_iter1  |        or|   0|  0|    2|           1|           1|
    |ap_block_state3_io                |        or|   0|  0|    2|           1|           1|
    |ap_block_state4_io                |        or|   0|  0|    2|           1|           1|
    |ap_block_state4_pp0_stage0_iter3  |        or|   0|  0|    2|           1|           1|
    |or_ln67_1_fu_336_p2               |        or|   0|  0|    2|           1|           1|
    |or_ln67_fu_316_p2                 |        or|   0|  0|    2|           1|           1|
    |p_Result_s_fu_300_p2              |        or|   0|  0|  160|         160|         160|
    |select_ln414_1_fu_252_p3          |    select|   0|  0|  148|           1|         160|
    |select_ln414_2_fu_260_p3          |    select|   0|  0|  148|           1|         161|
    |select_ln414_3_fu_268_p3          |    select|   0|  0|    2|           1|           1|
    |select_ln414_fu_234_p3            |    select|   0|  0|  148|           1|         160|
    |select_ln67_fu_328_p3             |    select|   0|  0|   16|           1|           1|
    |ap_enable_pp0                     |       xor|   0|  0|    2|           1|           2|
    |xor_ln1064_fu_370_p2              |       xor|   0|  0|   32|          32|          32|
    |xor_ln414_fu_282_p2               |       xor|   0|  0|  160|           2|         160|
    |xor_ln67_fu_322_p2                |       xor|   0|  0|    2|           1|           2|
    +----------------------------------+----------+----+---+-----+------------+------------+
    |Total                             |          |   0|  0| 1581|         803|        1377|
    +----------------------------------+----------+----+---+-----+------------+------------+

    * Multiplexer: 
    +------------------------------------------------+----+-----------+-----+-----------+
    |                      Name                      | LUT| Input Size| Bits| Total Bits|
    +------------------------------------------------+----+-----------+-----+-----------+
    |ap_done                                         |   9|          2|    1|          2|
    |ap_phi_mux_header_idx_new_0_i_phi_fu_146_p4     |   9|          2|   16|         32|
    |ap_phi_mux_header_ready_flag_0_i_phi_fu_135_p4  |  14|          3|    1|          3|
    |ap_phi_mux_metaWritten_flag_0_i_phi_fu_156_p4   |  14|          3|    1|          3|
    |ap_phi_reg_pp0_iter1_p_Val2_7_reg_164           |  14|          3|  160|        480|
    |dataIn_internal_blk_n                           |   9|          2|    1|          2|
    |dataStreamBuffer0_blk_n                         |   9|          2|    1|          2|
    |m_axis_arp_lookup_request_TDATA_blk_n           |   9|          2|    1|          2|
    |m_axis_arp_lookup_request_TDATA_int_regslice    |  14|          3|   32|         96|
    |regDefaultGateway_blk_n                         |   9|          2|    1|          2|
    |regSubNetMask_blk_n                             |   9|          2|    1|          2|
    +------------------------------------------------+----+-----------+-----+-----------+
    |Total                                           | 119|         26|  216|        626|
    +------------------------------------------------+----+-----------+-----+-----------+

    * Register: 
    +---------------------------------------+-----+----+-----+-----------+
    |                  Name                 |  FF | LUT| Bits| Const Bits|
    +---------------------------------------+-----+----+-----+-----------+
    |ap_CS_fsm                              |    1|   0|    1|          0|
    |ap_done_reg                            |    1|   0|    1|          0|
    |ap_enable_reg_pp0_iter1                |    1|   0|    1|          0|
    |ap_enable_reg_pp0_iter2                |    1|   0|    1|          0|
    |ap_enable_reg_pp0_iter3                |    1|   0|    1|          0|
    |ap_phi_reg_pp0_iter1_p_Val2_7_reg_164  |  160|   0|  160|          0|
    |dstIpAddress_V_reg_426                 |   32|   0|   32|          0|
    |header_header_V                        |  160|   0|  160|          0|
    |header_idx                             |   16|   0|   16|          0|
    |header_ready                           |    1|   0|    1|          0|
    |header_ready_load_reg_392              |    1|   0|    1|          0|
    |icmp_ln1064_reg_431                    |    1|   0|    1|          0|
    |icmp_ln1064_reg_431_pp0_iter2_reg      |    1|   0|    1|          0|
    |lhs_V_1_reg_421                        |   32|   0|   32|          0|
    |metaWritten                            |    1|   0|    1|          0|
    |metaWritten_load_reg_411               |    1|   0|    1|          0|
    |tmp_i_reg_388                          |    1|   0|    1|          0|
    |trunc_ln173_reg_396                    |  577|   0|  577|          0|
    |metaWritten_load_reg_411               |   64|  32|    1|          0|
    |tmp_i_reg_388                          |   64|  32|    1|          0|
    +---------------------------------------+-----+----+-----+-----------+
    |Total                                  | 1117|  64|  991|          0|
    +---------------------------------------+-----+----+-----+-----------+



================================================================
== Interface
================================================================
* Summary: 
+----------------------------------+-----+------+------------+---------------------------+--------------+
|             RTL Ports            | Dir | Bits |  Protocol  |       Source Object       |    C Type    |
+----------------------------------+-----+------+------------+---------------------------+--------------+
|ap_clk                            |   in|     1|  ap_ctrl_hs|    extract_ip_address<512>|  return value|
|ap_rst                            |   in|     1|  ap_ctrl_hs|    extract_ip_address<512>|  return value|
|ap_start                          |   in|     1|  ap_ctrl_hs|    extract_ip_address<512>|  return value|
|ap_done                           |  out|     1|  ap_ctrl_hs|    extract_ip_address<512>|  return value|
|ap_continue                       |   in|     1|  ap_ctrl_hs|    extract_ip_address<512>|  return value|
|ap_idle                           |  out|     1|  ap_ctrl_hs|    extract_ip_address<512>|  return value|
|ap_ready                          |  out|     1|  ap_ctrl_hs|    extract_ip_address<512>|  return value|
|dataIn_internal_dout              |   in|  1024|     ap_fifo|            dataIn_internal|       pointer|
|dataIn_internal_empty_n           |   in|     1|     ap_fifo|            dataIn_internal|       pointer|
|dataIn_internal_read              |  out|     1|     ap_fifo|            dataIn_internal|       pointer|
|regDefaultGateway_dout            |   in|    32|     ap_fifo|          regDefaultGateway|       pointer|
|regDefaultGateway_empty_n         |   in|     1|     ap_fifo|          regDefaultGateway|       pointer|
|regDefaultGateway_read            |  out|     1|     ap_fifo|          regDefaultGateway|       pointer|
|regSubNetMask_dout                |   in|    32|     ap_fifo|              regSubNetMask|       pointer|
|regSubNetMask_empty_n             |   in|     1|     ap_fifo|              regSubNetMask|       pointer|
|regSubNetMask_read                |  out|     1|     ap_fifo|              regSubNetMask|       pointer|
|dataStreamBuffer0_din             |  out|   577|     ap_fifo|          dataStreamBuffer0|       pointer|
|dataStreamBuffer0_full_n          |   in|     1|     ap_fifo|          dataStreamBuffer0|       pointer|
|dataStreamBuffer0_write           |  out|     1|     ap_fifo|          dataStreamBuffer0|       pointer|
|m_axis_arp_lookup_request_TREADY  |   in|     1|        axis|  m_axis_arp_lookup_request|       pointer|
|m_axis_arp_lookup_request_TDATA   |  out|    32|        axis|  m_axis_arp_lookup_request|       pointer|
|m_axis_arp_lookup_request_TVALID  |  out|     1|        axis|  m_axis_arp_lookup_request|       pointer|
+----------------------------------+-----+------+------------+---------------------------+--------------+

