

================================================================
== Vitis HLS Report for 'mac_finalize_ipv4_checksum_32_s'
================================================================
* Date:           Sat Mar 18 14:35:16 2023

* Version:        2021.2 (Build 3367213 on Tue Oct 19 02:47:39 MDT 2021)
* Project:        mac_ip_encode_prj
* Solution:       solution1 (Vivado IP Flow Target)
* Product family: virtexuplus
* Target device:  xcu280-fsvh2892-2L-e


================================================================
== Performance Estimates
================================================================
+ Timing: 
    * Summary: 
    +--------+---------+----------+------------+
    |  Clock |  Target | Estimated| Uncertainty|
    +--------+---------+----------+------------+
    |ap_clk  |  3.20 ns|  2.298 ns|     0.86 ns|
    +--------+---------+----------+------------+

+ Latency: 
    * Summary: 
    +---------+---------+-----------+-----------+-----+-----+---------+
    |  Latency (cycles) |   Latency (absolute)  |  Interval | Pipeline|
    |   min   |   max   |    min    |    max    | min | max |   Type  |
    +---------+---------+-----------+-----------+-----+-----+---------+
    |        4|        4|  12.800 ns|  12.800 ns|    1|    1|      yes|
    +---------+---------+-----------+-----------+-----+-----+---------+

    + Detail: 
        * Instance: 
        N/A

        * Loop: 
        N/A



================================================================
== Utilization Estimates
================================================================
* Summary: 
+---------------------+---------+------+---------+---------+-----+
|         Name        | BRAM_18K|  DSP |    FF   |   LUT   | URAM|
+---------------------+---------+------+---------+---------+-----+
|DSP                  |        -|     -|        -|        -|    -|
|Expression           |        -|     -|        0|     2416|    -|
|FIFO                 |        -|     -|        -|        -|    -|
|Instance             |        -|     -|        -|        -|    -|
|Memory               |        -|     -|        -|        -|    -|
|Multiplexer          |        -|     -|        -|       27|    -|
|Register             |        -|     -|     1116|       32|    -|
+---------------------+---------+------+---------+---------+-----+
|Total                |        0|     0|     1116|     2475|    0|
+---------------------+---------+------+---------+---------+-----+
|Available SLR        |     1344|  3008|   869120|   434560|  320|
+---------------------+---------+------+---------+---------+-----+
|Utilization SLR (%)  |        0|     0|       ~0|       ~0|    0|
+---------------------+---------+------+---------+---------+-----+
|Available            |     4032|  9024|  2607360|  1303680|  960|
+---------------------+---------+------+---------+---------+-----+
|Utilization (%)      |        0|     0|       ~0|       ~0|    0|
+---------------------+---------+------+---------+---------+-----+

+ Detail: 
    * Instance: 
    N/A

    * DSP: 
    N/A

    * Memory: 
    N/A

    * FIFO: 
    N/A

    * Expression: 
    +----------------------------------+----------+----+---+----+------------+------------+
    |           Variable Name          | Operation| DSP| FF| LUT| Bitwidth P0| Bitwidth P1|
    +----------------------------------+----------+----+---+----+------------+------------+
    |add_ln229_10_fu_1663_p2           |         +|   0|  0|  16|          16|          16|
    |add_ln229_11_fu_1668_p2           |         +|   0|  0|  16|          16|          16|
    |add_ln229_12_fu_1699_p2           |         +|   0|  0|  16|          16|          16|
    |add_ln229_13_fu_1704_p2           |         +|   0|  0|  16|          16|          16|
    |add_ln229_14_fu_1735_p2           |         +|   0|  0|  16|          16|          16|
    |add_ln229_15_fu_1740_p2           |         +|   0|  0|  16|          16|          16|
    |add_ln229_16_fu_1771_p2           |         +|   0|  0|  16|          16|          16|
    |add_ln229_17_fu_1776_p2           |         +|   0|  0|  16|          16|          16|
    |add_ln229_18_fu_1807_p2           |         +|   0|  0|  16|          16|          16|
    |add_ln229_19_fu_1812_p2           |         +|   0|  0|  16|          16|          16|
    |add_ln229_1_fu_1488_p2            |         +|   0|  0|  16|          16|          16|
    |add_ln229_20_fu_1843_p2           |         +|   0|  0|  16|          16|          16|
    |add_ln229_21_fu_1848_p2           |         +|   0|  0|  16|          16|          16|
    |add_ln229_22_fu_1879_p2           |         +|   0|  0|  16|          16|          16|
    |add_ln229_23_fu_1884_p2           |         +|   0|  0|  16|          16|          16|
    |add_ln229_24_fu_1915_p2           |         +|   0|  0|  16|          16|          16|
    |add_ln229_25_fu_1920_p2           |         +|   0|  0|  16|          16|          16|
    |add_ln229_26_fu_1951_p2           |         +|   0|  0|  16|          16|          16|
    |add_ln229_27_fu_1956_p2           |         +|   0|  0|  16|          16|          16|
    |add_ln229_28_fu_1987_p2           |         +|   0|  0|  16|          16|          16|
    |add_ln229_29_fu_1992_p2           |         +|   0|  0|  16|          16|          16|
    |add_ln229_2_fu_1519_p2            |         +|   0|  0|  16|          16|          16|
    |add_ln229_30_fu_2023_p2           |         +|   0|  0|  16|          16|          16|
    |add_ln229_31_fu_2028_p2           |         +|   0|  0|  16|          16|          16|
    |add_ln229_32_fu_2095_p2           |         +|   0|  0|  16|          16|          16|
    |add_ln229_33_fu_2101_p2           |         +|   0|  0|  16|          16|          16|
    |add_ln229_34_fu_2159_p2           |         +|   0|  0|  16|          16|          16|
    |add_ln229_35_fu_2165_p2           |         +|   0|  0|  16|          16|          16|
    |add_ln229_36_fu_2223_p2           |         +|   0|  0|  16|          16|          16|
    |add_ln229_37_fu_2229_p2           |         +|   0|  0|  16|          16|          16|
    |add_ln229_38_fu_2287_p2           |         +|   0|  0|  16|          16|          16|
    |add_ln229_39_fu_2293_p2           |         +|   0|  0|  16|          16|          16|
    |add_ln229_3_fu_1524_p2            |         +|   0|  0|  16|          16|          16|
    |add_ln229_40_fu_2357_p2           |         +|   0|  0|  16|          16|          16|
    |add_ln229_41_fu_2411_p2           |         +|   0|  0|  16|          16|          16|
    |add_ln229_42_fu_2465_p2           |         +|   0|  0|  16|          16|          16|
    |add_ln229_43_fu_2519_p2           |         +|   0|  0|  16|          16|          16|
    |add_ln229_44_fu_2623_p2           |         +|   0|  0|  16|          16|          16|
    |add_ln229_45_fu_2663_p2           |         +|   0|  0|  16|          16|          16|
    |add_ln229_46_fu_2703_p2           |         +|   0|  0|  16|          16|          16|
    |add_ln229_47_fu_2743_p2           |         +|   0|  0|  16|          16|          16|
    |add_ln229_48_fu_2790_p2           |         +|   0|  0|  16|          16|          16|
    |add_ln229_49_fu_2816_p2           |         +|   0|  0|  16|          16|          16|
    |add_ln229_4_fu_1555_p2            |         +|   0|  0|  16|          16|          16|
    |add_ln229_50_fu_2847_p2           |         +|   0|  0|  16|          16|          16|
    |add_ln229_51_fu_2351_p2           |         +|   0|  0|  16|          16|          16|
    |add_ln229_52_fu_2405_p2           |         +|   0|  0|  16|          16|          16|
    |add_ln229_53_fu_2459_p2           |         +|   0|  0|  16|          16|          16|
    |add_ln229_54_fu_2513_p2           |         +|   0|  0|  16|          16|          16|
    |add_ln229_55_fu_2618_p2           |         +|   0|  0|  16|          16|          16|
    |add_ln229_56_fu_2658_p2           |         +|   0|  0|  16|          16|          16|
    |add_ln229_57_fu_2698_p2           |         +|   0|  0|  16|          16|          16|
    |add_ln229_58_fu_2738_p2           |         +|   0|  0|  16|          16|          16|
    |add_ln229_59_fu_2785_p2           |         +|   0|  0|  16|          16|          16|
    |add_ln229_5_fu_1560_p2            |         +|   0|  0|  16|          16|          16|
    |add_ln229_60_fu_2811_p2           |         +|   0|  0|  16|          16|          16|
    |add_ln229_61_fu_2842_p2           |         +|   0|  0|  16|          16|          16|
    |add_ln229_6_fu_1591_p2            |         +|   0|  0|  16|          16|          16|
    |add_ln229_7_fu_1596_p2            |         +|   0|  0|  16|          16|          16|
    |add_ln229_8_fu_1627_p2            |         +|   0|  0|  16|          16|          16|
    |add_ln229_9_fu_1632_p2            |         +|   0|  0|  16|          16|          16|
    |add_ln229_fu_1483_p2              |         +|   0|  0|  16|          16|          16|
    |add_ln553_10_fu_1858_p2           |         +|   0|  0|  16|           8|           8|
    |add_ln553_11_fu_1894_p2           |         +|   0|  0|  16|           8|           8|
    |add_ln553_12_fu_1930_p2           |         +|   0|  0|  16|           8|           8|
    |add_ln553_13_fu_1966_p2           |         +|   0|  0|  16|           8|           8|
    |add_ln553_14_fu_2002_p2           |         +|   0|  0|  16|           8|           8|
    |add_ln553_15_fu_2038_p2           |         +|   0|  0|  16|           8|           8|
    |add_ln553_16_fu_1493_p2           |         +|   0|  0|  16|           8|           8|
    |add_ln553_17_fu_1529_p2           |         +|   0|  0|  16|           8|           8|
    |add_ln553_18_fu_1565_p2           |         +|   0|  0|  16|           8|           8|
    |add_ln553_19_fu_1601_p2           |         +|   0|  0|  16|           8|           8|
    |add_ln553_1_fu_1534_p2            |         +|   0|  0|  16|           8|           8|
    |add_ln553_20_fu_1637_p2           |         +|   0|  0|  16|           8|           8|
    |add_ln553_21_fu_1673_p2           |         +|   0|  0|  16|           8|           8|
    |add_ln553_22_fu_1709_p2           |         +|   0|  0|  16|           8|           8|
    |add_ln553_23_fu_1745_p2           |         +|   0|  0|  16|           8|           8|
    |add_ln553_24_fu_1781_p2           |         +|   0|  0|  16|           8|           8|
    |add_ln553_25_fu_1817_p2           |         +|   0|  0|  16|           8|           8|
    |add_ln553_26_fu_1853_p2           |         +|   0|  0|  16|           8|           8|
    |add_ln553_27_fu_1889_p2           |         +|   0|  0|  16|           8|           8|
    |add_ln553_28_fu_1925_p2           |         +|   0|  0|  16|           8|           8|
    |add_ln553_29_fu_1961_p2           |         +|   0|  0|  16|           8|           8|
    |add_ln553_2_fu_1570_p2            |         +|   0|  0|  16|           8|           8|
    |add_ln553_30_fu_1997_p2           |         +|   0|  0|  16|           8|           8|
    |add_ln553_31_fu_2033_p2           |         +|   0|  0|  16|           8|           8|
    |add_ln553_3_fu_1606_p2            |         +|   0|  0|  16|           8|           8|
    |add_ln553_4_fu_1642_p2            |         +|   0|  0|  16|           8|           8|
    |add_ln553_5_fu_1678_p2            |         +|   0|  0|  16|           8|           8|
    |add_ln553_6_fu_1714_p2            |         +|   0|  0|  16|           8|           8|
    |add_ln553_7_fu_1750_p2            |         +|   0|  0|  16|           8|           8|
    |add_ln553_8_fu_1786_p2            |         +|   0|  0|  16|           8|           8|
    |add_ln553_9_fu_1822_p2            |         +|   0|  0|  16|           8|           8|
    |add_ln553_fu_1498_p2              |         +|   0|  0|  16|           8|           8|
    |add_ln563_1_fu_2546_p2            |         +|   0|  0|  16|           8|           8|
    |add_ln563_2_fu_2559_p2            |         +|   0|  0|  16|           8|           8|
    |add_ln563_3_fu_2572_p2            |         +|   0|  0|  16|           8|           8|
    |add_ln563_4_fu_2528_p2            |         +|   0|  0|  16|           8|           8|
    |add_ln563_5_fu_2541_p2            |         +|   0|  0|  16|           8|           8|
    |add_ln563_6_fu_2554_p2            |         +|   0|  0|  16|           8|           8|
    |add_ln563_7_fu_2567_p2            |         +|   0|  0|  16|           8|           8|
    |add_ln563_fu_2533_p2              |         +|   0|  0|  16|           8|           8|
    |add_ln885_10_fu_1193_p2           |         +|   0|  0|  24|          17|          17|
    |add_ln885_11_fu_1247_p2           |         +|   0|  0|  24|          17|          17|
    |add_ln885_12_fu_1301_p2           |         +|   0|  0|  24|          17|          17|
    |add_ln885_13_fu_1355_p2           |         +|   0|  0|  24|          17|          17|
    |add_ln885_14_fu_1409_p2           |         +|   0|  0|  24|          17|          17|
    |add_ln885_15_fu_1463_p2           |         +|   0|  0|  24|          17|          17|
    |add_ln885_16_fu_2077_p2           |         +|   0|  0|  24|          17|          17|
    |add_ln885_17_fu_2141_p2           |         +|   0|  0|  24|          17|          17|
    |add_ln885_18_fu_2205_p2           |         +|   0|  0|  24|          17|          17|
    |add_ln885_19_fu_2269_p2           |         +|   0|  0|  24|          17|          17|
    |add_ln885_1_fu_707_p2             |         +|   0|  0|  24|          17|          17|
    |add_ln885_20_fu_2333_p2           |         +|   0|  0|  24|          17|          17|
    |add_ln885_21_fu_2387_p2           |         +|   0|  0|  24|          17|          17|
    |add_ln885_22_fu_2441_p2           |         +|   0|  0|  24|          17|          17|
    |add_ln885_23_fu_2495_p2           |         +|   0|  0|  24|          17|          17|
    |add_ln885_24_fu_2600_p2           |         +|   0|  0|  24|          17|          17|
    |add_ln885_25_fu_2640_p2           |         +|   0|  0|  24|          17|          17|
    |add_ln885_26_fu_2680_p2           |         +|   0|  0|  24|          17|          17|
    |add_ln885_27_fu_2720_p2           |         +|   0|  0|  24|          17|          17|
    |add_ln885_28_fu_2761_p2           |         +|   0|  0|  24|          17|          17|
    |add_ln885_29_fu_2767_p2           |         +|   0|  0|  24|          17|          17|
    |add_ln885_2_fu_761_p2             |         +|   0|  0|  24|          17|          17|
    |add_ln885_30_fu_2825_p2           |         +|   0|  0|  24|          17|          17|
    |add_ln885_3_fu_815_p2             |         +|   0|  0|  24|          17|          17|
    |add_ln885_4_fu_869_p2             |         +|   0|  0|  24|          17|          17|
    |add_ln885_5_fu_923_p2             |         +|   0|  0|  24|          17|          17|
    |add_ln885_6_fu_977_p2             |         +|   0|  0|  24|          17|          17|
    |add_ln885_7_fu_1031_p2            |         +|   0|  0|  24|          17|          17|
    |add_ln885_8_fu_1085_p2            |         +|   0|  0|  24|          17|          17|
    |add_ln885_9_fu_1139_p2            |         +|   0|  0|  24|          17|          17|
    |add_ln885_fu_653_p2               |         +|   0|  0|  24|          17|          17|
    |ap_block_state5_pp0_stage0_iter4  |       and|   0|  0|   2|           1|           1|
    |tmp_i_nbreadreq_fu_290_p3         |       and|   0|  0|  16|           1|           0|
    |ap_block_pp0_stage0_01001         |        or|   0|  0|   2|           1|           1|
    |ap_block_state1_pp0_stage0_iter0  |        or|   0|  0|   2|           1|           1|
    |ap_enable_pp0                     |       xor|   0|  0|   2|           1|           2|
    |checksumFifo_din                  |       xor|   0|  0|  16|           2|          16|
    +----------------------------------+----------+----+---+----+------------+------------+
    |Total                             |          |   0|  0|2416|        1846|        1860|
    +----------------------------------+----------+----+---+----+------------+------------+

    * Multiplexer: 
    +--------------------+----+-----------+-----+-----------+
    |        Name        | LUT| Input Size| Bits| Total Bits|
    +--------------------+----+-----------+-----+-----------+
    |ap_done             |   9|          2|    1|          2|
    |checksumFifo_blk_n  |   9|          2|    1|          2|
    |subSumFifo_blk_n    |   9|          2|    1|          2|
    +--------------------+----+-----------+-----+-----------+
    |Total               |  27|          6|    3|          6|
    +--------------------+----+-----------+-----+-----------+

    * Register: 
    +-------------------------+----+----+-----+-----------+
    |           Name          | FF | LUT| Bits| Const Bits|
    +-------------------------+----+----+-----+-----------+
    |add_ln229_40_reg_3359    |  16|   0|   16|          0|
    |add_ln229_41_reg_3365    |  16|   0|   16|          0|
    |add_ln229_42_reg_3371    |  16|   0|   16|          0|
    |add_ln229_43_reg_3377    |  16|   0|   16|          0|
    |add_ln229_44_reg_3383    |  16|   0|   16|          0|
    |add_ln229_45_reg_3389    |  16|   0|   16|          0|
    |add_ln229_46_reg_3395    |  16|   0|   16|          0|
    |add_ln229_47_reg_3401    |  16|   0|   16|          0|
    |add_ln229_48_reg_3407    |  16|   0|   16|          0|
    |add_ln229_49_reg_3412    |  16|   0|   16|          0|
    |add_ln553_10_reg_3309    |   8|   0|    8|          0|
    |add_ln553_11_reg_3314    |   8|   0|    8|          0|
    |add_ln553_1_reg_3284     |   8|   0|    8|          0|
    |add_ln553_2_reg_3289     |   8|   0|    8|          0|
    |add_ln553_3_reg_3294     |   8|   0|    8|          0|
    |add_ln553_8_reg_3299     |   8|   0|    8|          0|
    |add_ln553_9_reg_3304     |   8|   0|    8|          0|
    |add_ln553_reg_3279       |   8|   0|    8|          0|
    |ap_CS_fsm                |   1|   0|    1|          0|
    |ap_done_reg              |   1|   0|    1|          0|
    |ap_enable_reg_pp0_iter1  |   1|   0|    1|          0|
    |ap_enable_reg_pp0_iter2  |   1|   0|    1|          0|
    |ap_enable_reg_pp0_iter3  |   1|   0|    1|          0|
    |ap_enable_reg_pp0_iter4  |   1|   0|    1|          0|
    |or_ln1_reg_3045          |  16|   0|   16|          0|
    |or_ln885_26_reg_3024     |  16|   0|   16|          0|
    |or_ln885_27_reg_3066     |  16|   0|   16|          0|
    |or_ln885_28_reg_3087     |  16|   0|   16|          0|
    |or_ln885_29_reg_3092     |  16|   0|   16|          0|
    |or_ln885_30_reg_3103     |  16|   0|   16|          0|
    |or_ln885_31_reg_3108     |  16|   0|   16|          0|
    |or_ln885_32_reg_3119     |  16|   0|   16|          0|
    |or_ln885_33_reg_3124     |  16|   0|   16|          0|
    |or_ln885_34_reg_3135     |  16|   0|   16|          0|
    |or_ln885_35_reg_3140     |  16|   0|   16|          0|
    |or_ln885_36_reg_3151     |  16|   0|   16|          0|
    |or_ln885_37_reg_3156     |  16|   0|   16|          0|
    |or_ln885_38_reg_3167     |  16|   0|   16|          0|
    |or_ln885_39_reg_3172     |  16|   0|   16|          0|
    |or_ln885_40_reg_3183     |  16|   0|   16|          0|
    |or_ln885_41_reg_3188     |  16|   0|   16|          0|
    |or_ln885_42_reg_3199     |  16|   0|   16|          0|
    |or_ln885_43_reg_3204     |  16|   0|   16|          0|
    |or_ln885_44_reg_3215     |  16|   0|   16|          0|
    |or_ln885_45_reg_3220     |  16|   0|   16|          0|
    |or_ln885_46_reg_3231     |  16|   0|   16|          0|
    |or_ln885_47_reg_3236     |  16|   0|   16|          0|
    |or_ln885_48_reg_3247     |  16|   0|   16|          0|
    |or_ln885_49_reg_3252     |  16|   0|   16|          0|
    |or_ln885_50_reg_3263     |  16|   0|   16|          0|
    |or_ln885_51_reg_3268     |  16|   0|   16|          0|
    |tmp_10_reg_3193          |   1|   0|    1|          0|
    |tmp_11_reg_3209          |   1|   0|    1|          0|
    |tmp_12_reg_3225          |   1|   0|    1|          0|
    |tmp_13_reg_3241          |   1|   0|    1|          0|
    |tmp_14_reg_3257          |   1|   0|    1|          0|
    |tmp_15_reg_3273          |   1|   0|    1|          0|
    |tmp_16_reg_3319          |   1|   0|    1|          0|
    |tmp_17_reg_3329          |   1|   0|    1|          0|
    |tmp_18_reg_3339          |   1|   0|    1|          0|
    |tmp_19_reg_3349          |   1|   0|    1|          0|
    |tmp_1_reg_3039           |   1|   0|    1|          0|
    |tmp_2_reg_3060           |   1|   0|    1|          0|
    |tmp_30_reg_3417          |   1|   0|    1|          0|
    |tmp_3_reg_3081           |   1|   0|    1|          0|
    |tmp_4_reg_3097           |   1|   0|    1|          0|
    |tmp_5_reg_3113           |   1|   0|    1|          0|
    |tmp_6_reg_3129           |   1|   0|    1|          0|
    |tmp_7_reg_3145           |   1|   0|    1|          0|
    |tmp_8_reg_3161           |   1|   0|    1|          0|
    |tmp_9_reg_3177           |   1|   0|    1|          0|
    |tmp_i_reg_2859           |   1|   0|    1|          0|
    |tmp_reg_3018             |   1|   0|    1|          0|
    |trunc_ln144_10_reg_2913  |   8|   0|    8|          0|
    |trunc_ln144_11_reg_2918  |   8|   0|    8|          0|
    |trunc_ln144_12_reg_2923  |   8|   0|    8|          0|
    |trunc_ln144_13_reg_2928  |   8|   0|    8|          0|
    |trunc_ln144_14_reg_2933  |   8|   0|    8|          0|
    |trunc_ln144_15_reg_2938  |   8|   0|    8|          0|
    |trunc_ln144_16_reg_2943  |   8|   0|    8|          0|
    |trunc_ln144_17_reg_2948  |   8|   0|    8|          0|
    |trunc_ln144_18_reg_2953  |   8|   0|    8|          0|
    |trunc_ln144_19_reg_2958  |   8|   0|    8|          0|
    |trunc_ln144_1_reg_2863   |   8|   0|    8|          0|
    |trunc_ln144_20_reg_2963  |   8|   0|    8|          0|
    |trunc_ln144_21_reg_2968  |   8|   0|    8|          0|
    |trunc_ln144_22_reg_2973  |   8|   0|    8|          0|
    |trunc_ln144_23_reg_2978  |   8|   0|    8|          0|
    |trunc_ln144_24_reg_2983  |   8|   0|    8|          0|
    |trunc_ln144_25_reg_2988  |   8|   0|    8|          0|
    |trunc_ln144_26_reg_2993  |   8|   0|    8|          0|
    |trunc_ln144_2_reg_2868   |   8|   0|    8|          0|
    |trunc_ln144_3_reg_2873   |   8|   0|    8|          0|
    |trunc_ln144_4_reg_2878   |   8|   0|    8|          0|
    |trunc_ln144_5_reg_2883   |   8|   0|    8|          0|
    |trunc_ln144_6_reg_2888   |   8|   0|    8|          0|
    |trunc_ln144_7_reg_2893   |   8|   0|    8|          0|
    |trunc_ln144_8_reg_2898   |   8|   0|    8|          0|
    |trunc_ln144_9_reg_2903   |   8|   0|    8|          0|
    |trunc_ln144_s_reg_2908   |   8|   0|    8|          0|
    |trunc_ln3_reg_3324       |   8|   0|    8|          0|
    |trunc_ln563_1_reg_3334   |   8|   0|    8|          0|
    |trunc_ln563_2_reg_3344   |   8|   0|    8|          0|
    |trunc_ln563_3_reg_3354   |   8|   0|    8|          0|
    |trunc_ln885_1_reg_3003   |   8|   0|    8|          0|
    |trunc_ln885_2_reg_3013   |  16|   0|   16|          0|
    |trunc_ln885_3_reg_3029   |   8|   0|    8|          0|
    |trunc_ln885_4_reg_3034   |  16|   0|   16|          0|
    |trunc_ln885_5_reg_3050   |   8|   0|    8|          0|
    |trunc_ln885_6_reg_3055   |  16|   0|   16|          0|
    |trunc_ln885_7_reg_3071   |   8|   0|    8|          0|
    |trunc_ln885_8_reg_3076   |  16|   0|   16|          0|
    |trunc_ln885_9_reg_3008   |  16|   0|   16|          0|
    |trunc_ln885_reg_2998     |   8|   0|    8|          0|
    |tmp_i_reg_2859           |  64|  32|    1|          0|
    +-------------------------+----+----+-----+-----------+
    |Total                    |1116|  32| 1053|          0|
    +-------------------------+----+----+-----+-----------+



================================================================
== Interface
================================================================
* Summary: 
+---------------------+-----+------+------------+--------------------------------+--------------+
|      RTL Ports      | Dir | Bits |  Protocol  |          Source Object         |    C Type    |
+---------------------+-----+------+------------+--------------------------------+--------------+
|ap_clk               |   in|     1|  ap_ctrl_hs|  mac_finalize_ipv4_checksum<32>|  return value|
|ap_rst               |   in|     1|  ap_ctrl_hs|  mac_finalize_ipv4_checksum<32>|  return value|
|ap_start             |   in|     1|  ap_ctrl_hs|  mac_finalize_ipv4_checksum<32>|  return value|
|ap_done              |  out|     1|  ap_ctrl_hs|  mac_finalize_ipv4_checksum<32>|  return value|
|ap_continue          |   in|     1|  ap_ctrl_hs|  mac_finalize_ipv4_checksum<32>|  return value|
|ap_idle              |  out|     1|  ap_ctrl_hs|  mac_finalize_ipv4_checksum<32>|  return value|
|ap_ready             |  out|     1|  ap_ctrl_hs|  mac_finalize_ipv4_checksum<32>|  return value|
|subSumFifo_dout      |   in|  1024|     ap_fifo|                      subSumFifo|       pointer|
|subSumFifo_empty_n   |   in|     1|     ap_fifo|                      subSumFifo|       pointer|
|subSumFifo_read      |  out|     1|     ap_fifo|                      subSumFifo|       pointer|
|checksumFifo_din     |  out|    16|     ap_fifo|                    checksumFifo|       pointer|
|checksumFifo_full_n  |   in|     1|     ap_fifo|                    checksumFifo|       pointer|
|checksumFifo_write   |  out|     1|     ap_fifo|                    checksumFifo|       pointer|
+---------------------+-----+------+------------+--------------------------------+--------------+

