

================================================================
== Vitis HLS Report for 'mac_compute_ipv4_checksum'
================================================================
* Date:           Sat Mar 18 14:35:15 2023

* Version:        2021.2 (Build 3367213 on Tue Oct 19 02:47:39 MDT 2021)
* Project:        mac_ip_encode_prj
* Solution:       solution1 (Vivado IP Flow Target)
* Product family: virtexuplus
* Target device:  xcu280-fsvh2892-2L-e


================================================================
== Performance Estimates
================================================================
+ Timing: 
    * Summary: 
    +--------+---------+----------+------------+
    |  Clock |  Target | Estimated| Uncertainty|
    +--------+---------+----------+------------+
    |ap_clk  |  3.20 ns|  2.389 ns|     0.86 ns|
    +--------+---------+----------+------------+

+ Latency: 
    * Summary: 
    +---------+---------+----------+----------+-----+-----+---------+
    |  Latency (cycles) |  Latency (absolute) |  Interval | Pipeline|
    |   min   |   max   |    min   |    max   | min | max |   Type  |
    +---------+---------+----------+----------+-----+-----+---------+
    |        2|        2|  6.400 ns|  6.400 ns|    1|    1|      yes|
    +---------+---------+----------+----------+-----+-----+---------+

    + Detail: 
        * Instance: 
        N/A

        * Loop: 
        N/A



================================================================
== Utilization Estimates
================================================================
* Summary: 
+---------------------+---------+------+---------+---------+-----+
|         Name        | BRAM_18K|  DSP |    FF   |   LUT   | URAM|
+---------------------+---------+------+---------+---------+-----+
|DSP                  |        -|     -|        -|        -|    -|
|Expression           |        -|     -|        0|     2780|    -|
|FIFO                 |        -|     -|        -|        -|    -|
|Instance             |        -|     -|        -|        -|    -|
|Memory               |        -|     -|        -|        -|    -|
|Multiplexer          |        -|     -|        -|      521|    -|
|Register             |        -|     -|     1572|        -|    -|
+---------------------+---------+------+---------+---------+-----+
|Total                |        0|     0|     1572|     3301|    0|
+---------------------+---------+------+---------+---------+-----+
|Available SLR        |     1344|  3008|   869120|   434560|  320|
+---------------------+---------+------+---------+---------+-----+
|Utilization SLR (%)  |        0|     0|       ~0|       ~0|    0|
+---------------------+---------+------+---------+---------+-----+
|Available            |     4032|  9024|  2607360|  1303680|  960|
+---------------------+---------+------+---------+---------+-----+
|Utilization (%)      |        0|     0|       ~0|       ~0|    0|
+---------------------+---------+------+---------+---------+-----+

+ Detail: 
    * Instance: 
    N/A

    * DSP: 
    N/A

    * Memory: 
    N/A

    * FIFO: 
    N/A

    * Expression: 
    +----------------------------------+----------+----+---+----+------------+------------+
    |           Variable Name          | Operation| DSP| FF| LUT| Bitwidth P0| Bitwidth P1|
    +----------------------------------+----------+----+---+----+------------+------------+
    |add_ln229_100_fu_2752_p2          |         +|   0|  0|  16|          16|          16|
    |add_ln229_101_fu_2829_p2          |         +|   0|  0|  16|          16|          16|
    |add_ln229_102_fu_2913_p2          |         +|   0|  0|  16|          16|          16|
    |add_ln229_103_fu_2990_p2          |         +|   0|  0|  16|          16|          16|
    |add_ln229_104_fu_3074_p2          |         +|   0|  0|  16|          16|          16|
    |add_ln229_105_fu_3151_p2          |         +|   0|  0|  16|          16|          16|
    |add_ln229_106_fu_3235_p2          |         +|   0|  0|  16|          16|          16|
    |add_ln229_107_fu_3312_p2          |         +|   0|  0|  16|          16|          16|
    |add_ln229_51_fu_1122_p2           |         +|   0|  0|  16|          16|          16|
    |add_ln229_52_fu_1215_p2           |         +|   0|  0|  16|          16|          16|
    |add_ln229_53_fu_1292_p2           |         +|   0|  0|  16|          16|          16|
    |add_ln229_54_fu_1376_p2           |         +|   0|  0|  16|          16|          16|
    |add_ln229_55_fu_1469_p2           |         +|   0|  0|  16|          16|          16|
    |add_ln229_56_fu_1546_p2           |         +|   0|  0|  16|          16|          16|
    |add_ln229_57_fu_1630_p2           |         +|   0|  0|  16|          16|          16|
    |add_ln229_58_fu_1707_p2           |         +|   0|  0|  16|          16|          16|
    |add_ln229_59_fu_1791_p2           |         +|   0|  0|  16|          16|          16|
    |add_ln229_60_fu_1868_p2           |         +|   0|  0|  16|          16|          16|
    |add_ln229_61_fu_1952_p2           |         +|   0|  0|  16|          16|          16|
    |add_ln229_62_fu_2029_p2           |         +|   0|  0|  16|          16|          16|
    |add_ln229_63_fu_2114_p2           |         +|   0|  0|  16|          16|          16|
    |add_ln229_64_fu_2191_p2           |         +|   0|  0|  16|          16|          16|
    |add_ln229_65_fu_2275_p2           |         +|   0|  0|  16|          16|          16|
    |add_ln229_66_fu_2352_p2           |         +|   0|  0|  16|          16|          16|
    |add_ln229_67_fu_2436_p2           |         +|   0|  0|  16|          16|          16|
    |add_ln229_68_fu_2513_p2           |         +|   0|  0|  16|          16|          16|
    |add_ln229_69_fu_2597_p2           |         +|   0|  0|  16|          16|          16|
    |add_ln229_70_fu_2674_p2           |         +|   0|  0|  16|          16|          16|
    |add_ln229_71_fu_2758_p2           |         +|   0|  0|  16|          16|          16|
    |add_ln229_72_fu_2835_p2           |         +|   0|  0|  16|          16|          16|
    |add_ln229_73_fu_2919_p2           |         +|   0|  0|  16|          16|          16|
    |add_ln229_74_fu_2996_p2           |         +|   0|  0|  16|          16|          16|
    |add_ln229_75_fu_3080_p2           |         +|   0|  0|  16|          16|          16|
    |add_ln229_76_fu_3157_p2           |         +|   0|  0|  16|          16|          16|
    |add_ln229_77_fu_3241_p2           |         +|   0|  0|  16|          16|          16|
    |add_ln229_78_fu_3318_p2           |         +|   0|  0|  16|          16|          16|
    |add_ln229_79_fu_1039_p2           |         +|   0|  0|  16|          16|          16|
    |add_ln229_80_fu_1116_p2           |         +|   0|  0|  16|          16|          16|
    |add_ln229_81_fu_1209_p2           |         +|   0|  0|  16|          16|          16|
    |add_ln229_82_fu_1286_p2           |         +|   0|  0|  16|          16|          16|
    |add_ln229_83_fu_1370_p2           |         +|   0|  0|  16|          16|          16|
    |add_ln229_84_fu_1463_p2           |         +|   0|  0|  16|          16|          16|
    |add_ln229_85_fu_1540_p2           |         +|   0|  0|  16|          16|          16|
    |add_ln229_86_fu_1624_p2           |         +|   0|  0|  16|          16|          16|
    |add_ln229_87_fu_1701_p2           |         +|   0|  0|  16|          16|          16|
    |add_ln229_88_fu_1785_p2           |         +|   0|  0|  16|          16|          16|
    |add_ln229_89_fu_1862_p2           |         +|   0|  0|  16|          16|          16|
    |add_ln229_90_fu_1946_p2           |         +|   0|  0|  16|          16|          16|
    |add_ln229_91_fu_2023_p2           |         +|   0|  0|  16|          16|          16|
    |add_ln229_92_fu_2108_p2           |         +|   0|  0|  16|          16|          16|
    |add_ln229_93_fu_2185_p2           |         +|   0|  0|  16|          16|          16|
    |add_ln229_94_fu_2269_p2           |         +|   0|  0|  16|          16|          16|
    |add_ln229_95_fu_2346_p2           |         +|   0|  0|  16|          16|          16|
    |add_ln229_96_fu_2430_p2           |         +|   0|  0|  16|          16|          16|
    |add_ln229_97_fu_2507_p2           |         +|   0|  0|  16|          16|          16|
    |add_ln229_98_fu_2591_p2           |         +|   0|  0|  16|          16|          16|
    |add_ln229_99_fu_2668_p2           |         +|   0|  0|  16|          16|          16|
    |add_ln229_fu_1045_p2              |         +|   0|  0|  16|          16|          16|
    |add_ln885_31_fu_1098_p2           |         +|   0|  0|  24|          17|          17|
    |add_ln885_32_fu_1191_p2           |         +|   0|  0|  24|          17|          17|
    |add_ln885_33_fu_1268_p2           |         +|   0|  0|  24|          17|          17|
    |add_ln885_34_fu_1352_p2           |         +|   0|  0|  24|          17|          17|
    |add_ln885_35_fu_1445_p2           |         +|   0|  0|  24|          17|          17|
    |add_ln885_36_fu_1522_p2           |         +|   0|  0|  24|          17|          17|
    |add_ln885_37_fu_1606_p2           |         +|   0|  0|  24|          17|          17|
    |add_ln885_38_fu_1683_p2           |         +|   0|  0|  24|          17|          17|
    |add_ln885_39_fu_1767_p2           |         +|   0|  0|  24|          17|          17|
    |add_ln885_40_fu_1844_p2           |         +|   0|  0|  24|          17|          17|
    |add_ln885_41_fu_1928_p2           |         +|   0|  0|  24|          17|          17|
    |add_ln885_42_fu_2005_p2           |         +|   0|  0|  24|          17|          17|
    |add_ln885_43_fu_2090_p2           |         +|   0|  0|  24|          17|          17|
    |add_ln885_44_fu_2167_p2           |         +|   0|  0|  24|          17|          17|
    |add_ln885_45_fu_2251_p2           |         +|   0|  0|  24|          17|          17|
    |add_ln885_46_fu_2328_p2           |         +|   0|  0|  24|          17|          17|
    |add_ln885_47_fu_2412_p2           |         +|   0|  0|  24|          17|          17|
    |add_ln885_48_fu_2489_p2           |         +|   0|  0|  24|          17|          17|
    |add_ln885_49_fu_2573_p2           |         +|   0|  0|  24|          17|          17|
    |add_ln885_50_fu_2650_p2           |         +|   0|  0|  24|          17|          17|
    |add_ln885_51_fu_2734_p2           |         +|   0|  0|  24|          17|          17|
    |add_ln885_52_fu_2811_p2           |         +|   0|  0|  24|          17|          17|
    |add_ln885_53_fu_2895_p2           |         +|   0|  0|  24|          17|          17|
    |add_ln885_54_fu_2972_p2           |         +|   0|  0|  24|          17|          17|
    |add_ln885_55_fu_3056_p2           |         +|   0|  0|  24|          17|          17|
    |add_ln885_56_fu_3133_p2           |         +|   0|  0|  24|          17|          17|
    |add_ln885_57_fu_3217_p2           |         +|   0|  0|  24|          17|          17|
    |add_ln885_58_fu_3294_p2           |         +|   0|  0|  24|          17|          17|
    |add_ln885_fu_1021_p2              |         +|   0|  0|  24|          17|          17|
    |ap_block_state2_pp0_stage0_iter1  |       and|   0|  0|   2|           1|           1|
    |ap_block_state3_pp0_stage0_iter2  |       and|   0|  0|   2|           1|           1|
    |ap_predicate_op575_write_state3   |       and|   0|  0|   2|           1|           1|
    |tmp_i_nbreadreq_fu_376_p3         |       and|   0|  0|   2|           1|           0|
    |icmp_ln1072_10_fu_2719_p2         |      icmp|   0|  0|   9|           4|           4|
    |icmp_ln1072_11_fu_2880_p2         |      icmp|   0|  0|   9|           4|           4|
    |icmp_ln1072_12_fu_3041_p2         |      icmp|   0|  0|   9|           4|           3|
    |icmp_ln1072_13_fu_3202_p2         |      icmp|   0|  0|   9|           4|           2|
    |icmp_ln1072_1_fu_1176_p2          |      icmp|   0|  0|   8|           3|           1|
    |icmp_ln1072_2_fu_1337_p2          |      icmp|   0|  0|   9|           4|           2|
    |icmp_ln1072_3_fu_1430_p2          |      icmp|   0|  0|   8|           2|           1|
    |icmp_ln1072_4_fu_1591_p2          |      icmp|   0|  0|   9|           4|           3|
    |icmp_ln1072_5_fu_1752_p2          |      icmp|   0|  0|   9|           4|           3|
    |icmp_ln1072_6_fu_1913_p2          |      icmp|   0|  0|   9|           4|           3|
    |icmp_ln1072_7_fu_2236_p2          |      icmp|   0|  0|   9|           4|           5|
    |icmp_ln1072_8_fu_2397_p2          |      icmp|   0|  0|   9|           4|           4|
    |icmp_ln1072_9_fu_2558_p2          |      icmp|   0|  0|   9|           4|           4|
    |icmp_ln1072_fu_1006_p2            |      icmp|   0|  0|   9|           4|           1|
    |ap_block_pp0_stage0_01001         |        or|   0|  0|   2|           1|           1|
    |ap_block_state1_pp0_stage0_iter0  |        or|   0|  0|   2|           1|           1|
    |or_ln514_10_fu_3506_p2            |        or|   0|  0|   2|           1|           1|
    |or_ln514_11_fu_3525_p2            |        or|   0|  0|   2|           1|           1|
    |or_ln514_12_fu_3544_p2            |        or|   0|  0|   2|           1|           1|
    |or_ln514_13_fu_3563_p2            |        or|   0|  0|   2|           1|           1|
    |or_ln514_14_fu_3582_p2            |        or|   0|  0|   2|           1|           1|
    |or_ln514_15_fu_3601_p2            |        or|   0|  0|   2|           1|           1|
    |or_ln514_1_fu_3342_p2             |        or|   0|  0|   2|           1|           1|
    |or_ln514_2_fu_3361_p2             |        or|   0|  0|   2|           1|           1|
    |or_ln514_3_fu_3380_p2             |        or|   0|  0|   2|           1|           1|
    |or_ln514_4_fu_3392_p2             |        or|   0|  0|   2|           1|           1|
    |or_ln514_5_fu_3411_p2             |        or|   0|  0|   2|           1|           1|
    |or_ln514_6_fu_3430_p2             |        or|   0|  0|   2|           1|           1|
    |or_ln514_7_fu_3449_p2             |        or|   0|  0|   2|           1|           1|
    |or_ln514_8_fu_3468_p2             |        or|   0|  0|   2|           1|           1|
    |or_ln514_9_fu_3487_p2             |        or|   0|  0|   2|           1|           1|
    |or_ln514_fu_3337_p2               |        or|   0|  0|   2|           1|           1|
    |select_ln1072_10_fu_1878_p3       |    select|   0|  0|  17|           1|          17|
    |select_ln1072_11_fu_1962_p3       |    select|   0|  0|  17|           1|          17|
    |select_ln1072_12_fu_2039_p3       |    select|   0|  0|  17|           1|          17|
    |select_ln1072_13_fu_2124_p3       |    select|   0|  0|  17|           1|          17|
    |select_ln1072_14_fu_2201_p3       |    select|   0|  0|  17|           1|          17|
    |select_ln1072_15_fu_2285_p3       |    select|   0|  0|  17|           1|          17|
    |select_ln1072_16_fu_2362_p3       |    select|   0|  0|  17|           1|          17|
    |select_ln1072_17_fu_2446_p3       |    select|   0|  0|  17|           1|          17|
    |select_ln1072_18_fu_2523_p3       |    select|   0|  0|  17|           1|          17|
    |select_ln1072_19_fu_2607_p3       |    select|   0|  0|  17|           1|          17|
    |select_ln1072_1_fu_1132_p3        |    select|   0|  0|  17|           1|          17|
    |select_ln1072_20_fu_2684_p3       |    select|   0|  0|  17|           1|          17|
    |select_ln1072_21_fu_2768_p3       |    select|   0|  0|  17|           1|          17|
    |select_ln1072_22_fu_2845_p3       |    select|   0|  0|  17|           1|          17|
    |select_ln1072_23_fu_2929_p3       |    select|   0|  0|  17|           1|          17|
    |select_ln1072_24_fu_3006_p3       |    select|   0|  0|  17|           1|          17|
    |select_ln1072_25_fu_3090_p3       |    select|   0|  0|  17|           1|          17|
    |select_ln1072_26_fu_3167_p3       |    select|   0|  0|  17|           1|          17|
    |select_ln1072_27_fu_3251_p3       |    select|   0|  0|  17|           1|          17|
    |select_ln1072_28_fu_3328_p3       |    select|   0|  0|  17|           1|          17|
    |select_ln1072_2_fu_1225_p3        |    select|   0|  0|  17|           1|          17|
    |select_ln1072_3_fu_1302_p3        |    select|   0|  0|  17|           1|          17|
    |select_ln1072_4_fu_1386_p3        |    select|   0|  0|  17|           1|          17|
    |select_ln1072_5_fu_1479_p3        |    select|   0|  0|  17|           1|          17|
    |select_ln1072_6_fu_1556_p3        |    select|   0|  0|  17|           1|          17|
    |select_ln1072_7_fu_1640_p3        |    select|   0|  0|  17|           1|          17|
    |select_ln1072_8_fu_1717_p3        |    select|   0|  0|  17|           1|          17|
    |select_ln1072_9_fu_1801_p3        |    select|   0|  0|  17|           1|          17|
    |select_ln1072_fu_1055_p3          |    select|   0|  0|  17|           1|          17|
    |select_ln514_10_fu_3442_p3        |    select|   0|  0|  17|           1|           1|
    |select_ln514_11_fu_3454_p3        |    select|   0|  0|  17|           1|           1|
    |select_ln514_12_fu_3461_p3        |    select|   0|  0|  17|           1|           1|
    |select_ln514_13_fu_3473_p3        |    select|   0|  0|  17|           1|           1|
    |select_ln514_14_fu_3480_p3        |    select|   0|  0|  17|           1|           1|
    |select_ln514_15_fu_3492_p3        |    select|   0|  0|  17|           1|           1|
    |select_ln514_16_fu_3499_p3        |    select|   0|  0|  17|           1|           1|
    |select_ln514_17_fu_3511_p3        |    select|   0|  0|  17|           1|           1|
    |select_ln514_18_fu_3518_p3        |    select|   0|  0|  17|           1|           1|
    |select_ln514_19_fu_3530_p3        |    select|   0|  0|  17|           1|           1|
    |select_ln514_1_fu_3354_p3         |    select|   0|  0|  17|           1|           1|
    |select_ln514_20_fu_3537_p3        |    select|   0|  0|  17|           1|           1|
    |select_ln514_21_fu_3549_p3        |    select|   0|  0|  17|           1|           1|
    |select_ln514_22_fu_3556_p3        |    select|   0|  0|  17|           1|           1|
    |select_ln514_23_fu_3568_p3        |    select|   0|  0|  17|           1|           1|
    |select_ln514_24_fu_3575_p3        |    select|   0|  0|  17|           1|           1|
    |select_ln514_25_fu_3587_p3        |    select|   0|  0|  17|           1|           1|
    |select_ln514_26_fu_3594_p3        |    select|   0|  0|  17|           1|           1|
    |select_ln514_27_fu_3606_p3        |    select|   0|  0|  17|           1|           1|
    |select_ln514_28_fu_3613_p3        |    select|   0|  0|  17|           1|           1|
    |select_ln514_2_fu_3366_p3         |    select|   0|  0|  17|           1|           1|
    |select_ln514_3_fu_3373_p3         |    select|   0|  0|  17|           1|           1|
    |select_ln514_4_fu_3385_p3         |    select|   0|  0|  17|           1|           1|
    |select_ln514_5_fu_3397_p3         |    select|   0|  0|  17|           1|           1|
    |select_ln514_6_fu_3404_p3         |    select|   0|  0|  17|           1|           1|
    |select_ln514_7_fu_3416_p3         |    select|   0|  0|  17|           1|           1|
    |select_ln514_8_fu_3423_p3         |    select|   0|  0|  17|           1|           1|
    |select_ln514_9_fu_3435_p3         |    select|   0|  0|  17|           1|           1|
    |select_ln514_fu_3347_p3           |    select|   0|  0|  17|           1|           1|
    |ap_enable_pp0                     |       xor|   0|  0|   2|           1|           2|
    +----------------------------------+----------+----+---+----+------------+------------+
    |Total                             |          |   0|  0|2780|        1555|        2006|
    +----------------------------------+----------+----+---+----+------------+------------+

    * Multiplexer: 
    +---------------------------------------------------------+----+-----------+-----+-----------+
    |                           Name                          | LUT| Input Size| Bits| Total Bits|
    +---------------------------------------------------------+----+-----------+-----+-----------+
    |ap_done                                                  |   9|          2|    1|          2|
    |ap_phi_mux_cics_firstWord_flag_0_i_phi_fu_407_p4         |  14|          3|    1|          3|
    |ap_phi_mux_cics_ip_sums_sum_V_0_flag_1_i_phi_fu_418_p4   |  14|          3|    1|          3|
    |ap_phi_mux_cics_ip_sums_sum_V_0_new_1_i_phi_fu_428_p4    |   9|          2|   17|         34|
    |ap_phi_mux_cics_ip_sums_sum_V_10_flag_0_i_phi_fu_558_p4  |  14|          3|    1|          3|
    |ap_phi_mux_cics_ip_sums_sum_V_10_new_0_i_phi_fu_568_p4   |   9|          2|   17|         34|
    |ap_phi_mux_cics_ip_sums_sum_V_11_new_0_i_phi_fu_578_p4   |   9|          2|   17|         34|
    |ap_phi_mux_cics_ip_sums_sum_V_12_flag_0_i_phi_fu_588_p4  |  14|          3|    1|          3|
    |ap_phi_mux_cics_ip_sums_sum_V_12_new_0_i_phi_fu_598_p4   |   9|          2|   17|         34|
    |ap_phi_mux_cics_ip_sums_sum_V_13_new_0_i_phi_fu_608_p4   |   9|          2|   17|         34|
    |ap_phi_mux_cics_ip_sums_sum_V_14_flag_0_i_phi_fu_618_p4  |  14|          3|    1|          3|
    |ap_phi_mux_cics_ip_sums_sum_V_14_new_0_i_phi_fu_628_p4   |   9|          2|   17|         34|
    |ap_phi_mux_cics_ip_sums_sum_V_15_new_0_i_phi_fu_638_p4   |   9|          2|   17|         34|
    |ap_phi_mux_cics_ip_sums_sum_V_16_flag_0_i_phi_fu_648_p4  |  14|          3|    1|          3|
    |ap_phi_mux_cics_ip_sums_sum_V_16_new_0_i_phi_fu_658_p4   |   9|          2|   17|         34|
    |ap_phi_mux_cics_ip_sums_sum_V_17_new_0_i_phi_fu_668_p4   |   9|          2|   17|         34|
    |ap_phi_mux_cics_ip_sums_sum_V_18_flag_0_i_phi_fu_678_p4  |  14|          3|    1|          3|
    |ap_phi_mux_cics_ip_sums_sum_V_18_new_0_i_phi_fu_688_p4   |   9|          2|   17|         34|
    |ap_phi_mux_cics_ip_sums_sum_V_19_new_0_i_phi_fu_698_p4   |   9|          2|   17|         34|
    |ap_phi_mux_cics_ip_sums_sum_V_1_new_0_i_phi_fu_438_p4    |   9|          2|   17|         34|
    |ap_phi_mux_cics_ip_sums_sum_V_20_flag_0_i_phi_fu_708_p4  |  14|          3|    1|          3|
    |ap_phi_mux_cics_ip_sums_sum_V_20_new_0_i_phi_fu_718_p4   |   9|          2|   17|         34|
    |ap_phi_mux_cics_ip_sums_sum_V_21_new_0_i_phi_fu_728_p4   |   9|          2|   17|         34|
    |ap_phi_mux_cics_ip_sums_sum_V_22_flag_0_i_phi_fu_738_p4  |  14|          3|    1|          3|
    |ap_phi_mux_cics_ip_sums_sum_V_22_new_0_i_phi_fu_748_p4   |   9|          2|   17|         34|
    |ap_phi_mux_cics_ip_sums_sum_V_23_new_0_i_phi_fu_758_p4   |   9|          2|   17|         34|
    |ap_phi_mux_cics_ip_sums_sum_V_24_flag_0_i_phi_fu_768_p4  |  14|          3|    1|          3|
    |ap_phi_mux_cics_ip_sums_sum_V_24_new_0_i_phi_fu_778_p4   |   9|          2|   17|         34|
    |ap_phi_mux_cics_ip_sums_sum_V_25_new_0_i_phi_fu_788_p4   |   9|          2|   17|         34|
    |ap_phi_mux_cics_ip_sums_sum_V_26_flag_0_i_phi_fu_798_p4  |  14|          3|    1|          3|
    |ap_phi_mux_cics_ip_sums_sum_V_26_new_0_i_phi_fu_808_p4   |   9|          2|   17|         34|
    |ap_phi_mux_cics_ip_sums_sum_V_27_new_0_i_phi_fu_818_p4   |   9|          2|   17|         34|
    |ap_phi_mux_cics_ip_sums_sum_V_28_flag_0_i_phi_fu_828_p4  |  14|          3|    1|          3|
    |ap_phi_mux_cics_ip_sums_sum_V_28_new_0_i_phi_fu_838_p4   |   9|          2|   17|         34|
    |ap_phi_mux_cics_ip_sums_sum_V_29_new_0_i_phi_fu_848_p4   |   9|          2|   17|         34|
    |ap_phi_mux_cics_ip_sums_sum_V_2_flag_0_i_phi_fu_448_p4   |  14|          3|    1|          3|
    |ap_phi_mux_cics_ip_sums_sum_V_2_new_0_i_phi_fu_458_p4    |   9|          2|   17|         34|
    |ap_phi_mux_cics_ip_sums_sum_V_3_new_0_i_phi_fu_468_p4    |   9|          2|   17|         34|
    |ap_phi_mux_cics_ip_sums_sum_V_4_flag_0_i_phi_fu_478_p4   |  14|          3|    1|          3|
    |ap_phi_mux_cics_ip_sums_sum_V_4_new_0_i_phi_fu_488_p4    |   9|          2|   17|         34|
    |ap_phi_mux_cics_ip_sums_sum_V_6_flag_0_i_phi_fu_498_p4   |  14|          3|    1|          3|
    |ap_phi_mux_cics_ip_sums_sum_V_6_new_0_i_phi_fu_508_p4    |   9|          2|   17|         34|
    |ap_phi_mux_cics_ip_sums_sum_V_7_new_0_i_phi_fu_518_p4    |   9|          2|   17|         34|
    |ap_phi_mux_cics_ip_sums_sum_V_8_flag_0_i_phi_fu_528_p4   |  14|          3|    1|          3|
    |ap_phi_mux_cics_ip_sums_sum_V_8_new_0_i_phi_fu_538_p4    |   9|          2|   17|         34|
    |ap_phi_mux_cics_ip_sums_sum_V_9_new_0_i_phi_fu_548_p4    |   9|          2|   17|         34|
    |dataStreamBuffer0_blk_n                                  |   9|          2|    1|          2|
    |dataStreamBuffer1_blk_n                                  |   9|          2|    1|          2|
    |subSumFifo_blk_n                                         |   9|          2|    1|          2|
    +---------------------------------------------------------+----+-----------+-----+-----------+
    |Total                                                    | 521|        114|  513|       1042|
    +---------------------------------------------------------+----+-----------+-----+-----------+

    * Register: 
    +---------------------------------+-----+----+-----+-----------+
    |               Name              |  FF | LUT| Bits| Const Bits|
    +---------------------------------+-----+----+-----+-----------+
    |ap_CS_fsm                        |    1|   0|    1|          0|
    |ap_done_reg                      |    1|   0|    1|          0|
    |ap_enable_reg_pp0_iter1          |    1|   0|    1|          0|
    |ap_enable_reg_pp0_iter2          |    1|   0|    1|          0|
    |cics_firstWord                   |    1|   0|    1|          0|
    |cics_firstWord_load_reg_4016     |    1|   0|    1|          0|
    |cics_ip_sums_sum_V_0             |   17|   0|   17|          0|
    |cics_ip_sums_sum_V_1             |   17|   0|   17|          0|
    |cics_ip_sums_sum_V_10            |   17|   0|   17|          0|
    |cics_ip_sums_sum_V_11            |   17|   0|   17|          0|
    |cics_ip_sums_sum_V_12            |   17|   0|   17|          0|
    |cics_ip_sums_sum_V_13            |   17|   0|   17|          0|
    |cics_ip_sums_sum_V_14            |   17|   0|   17|          0|
    |cics_ip_sums_sum_V_15            |   17|   0|   17|          0|
    |cics_ip_sums_sum_V_16            |   17|   0|   17|          0|
    |cics_ip_sums_sum_V_17            |   17|   0|   17|          0|
    |cics_ip_sums_sum_V_18            |   17|   0|   17|          0|
    |cics_ip_sums_sum_V_19            |   17|   0|   17|          0|
    |cics_ip_sums_sum_V_2             |   17|   0|   17|          0|
    |cics_ip_sums_sum_V_20            |   17|   0|   17|          0|
    |cics_ip_sums_sum_V_21            |   17|   0|   17|          0|
    |cics_ip_sums_sum_V_22            |   17|   0|   17|          0|
    |cics_ip_sums_sum_V_23            |   17|   0|   17|          0|
    |cics_ip_sums_sum_V_24            |   17|   0|   17|          0|
    |cics_ip_sums_sum_V_25            |   17|   0|   17|          0|
    |cics_ip_sums_sum_V_26            |   17|   0|   17|          0|
    |cics_ip_sums_sum_V_27            |   17|   0|   17|          0|
    |cics_ip_sums_sum_V_28            |   17|   0|   17|          0|
    |cics_ip_sums_sum_V_29            |   17|   0|   17|          0|
    |cics_ip_sums_sum_V_3             |   17|   0|   17|          0|
    |cics_ip_sums_sum_V_4             |   17|   0|   17|          0|
    |cics_ip_sums_sum_V_6             |   17|   0|   17|          0|
    |cics_ip_sums_sum_V_7             |   17|   0|   17|          0|
    |cics_ip_sums_sum_V_8             |   17|   0|   17|          0|
    |cics_ip_sums_sum_V_9             |   17|   0|   17|          0|
    |dataStreamBuffer0_read_reg_3899  |  577|   0|  577|          0|
    |select_ln1072_10_reg_4070        |   17|   0|   17|          0|
    |select_ln1072_11_reg_4075        |   17|   0|   17|          0|
    |select_ln1072_12_reg_4080        |   17|   0|   17|          0|
    |select_ln1072_13_reg_4085        |   17|   0|   17|          0|
    |select_ln1072_14_reg_4090        |   17|   0|   17|          0|
    |select_ln1072_15_reg_4095        |   17|   0|   17|          0|
    |select_ln1072_16_reg_4100        |   17|   0|   17|          0|
    |select_ln1072_17_reg_4105        |   17|   0|   17|          0|
    |select_ln1072_18_reg_4110        |   17|   0|   17|          0|
    |select_ln1072_19_reg_4115        |   17|   0|   17|          0|
    |select_ln1072_1_reg_4025         |   17|   0|   17|          0|
    |select_ln1072_20_reg_4120        |   17|   0|   17|          0|
    |select_ln1072_21_reg_4125        |   17|   0|   17|          0|
    |select_ln1072_22_reg_4130        |   17|   0|   17|          0|
    |select_ln1072_23_reg_4135        |   17|   0|   17|          0|
    |select_ln1072_24_reg_4140        |   17|   0|   17|          0|
    |select_ln1072_25_reg_4145        |   17|   0|   17|          0|
    |select_ln1072_26_reg_4150        |   17|   0|   17|          0|
    |select_ln1072_27_reg_4155        |   17|   0|   17|          0|
    |select_ln1072_28_reg_4160        |   17|   0|   17|          0|
    |select_ln1072_2_reg_4030         |   17|   0|   17|          0|
    |select_ln1072_3_reg_4035         |   17|   0|   17|          0|
    |select_ln1072_4_reg_4040         |   17|   0|   17|          0|
    |select_ln1072_5_reg_4045         |   17|   0|   17|          0|
    |select_ln1072_6_reg_4050         |   17|   0|   17|          0|
    |select_ln1072_7_reg_4055         |   17|   0|   17|          0|
    |select_ln1072_8_reg_4060         |   17|   0|   17|          0|
    |select_ln1072_9_reg_4065         |   17|   0|   17|          0|
    |select_ln1072_reg_4020           |   17|   0|   17|          0|
    |tmp_i_reg_3895                   |    1|   0|    1|          0|
    |tmp_i_reg_3895_pp0_iter1_reg     |    1|   0|    1|          0|
    |tmp_last_V_reg_3966              |    1|   0|    1|          0|
    +---------------------------------+-----+----+-----+-----------+
    |Total                            | 1572|   0| 1572|          0|
    +---------------------------------+-----+----+-----+-----------+



================================================================
== Interface
================================================================
* Summary: 
+---------------------------+-----+------+------------+---------------------------+--------------+
|         RTL Ports         | Dir | Bits |  Protocol  |       Source Object       |    C Type    |
+---------------------------+-----+------+------------+---------------------------+--------------+
|ap_clk                     |   in|     1|  ap_ctrl_hs|  mac_compute_ipv4_checksum|  return value|
|ap_rst                     |   in|     1|  ap_ctrl_hs|  mac_compute_ipv4_checksum|  return value|
|ap_start                   |   in|     1|  ap_ctrl_hs|  mac_compute_ipv4_checksum|  return value|
|ap_done                    |  out|     1|  ap_ctrl_hs|  mac_compute_ipv4_checksum|  return value|
|ap_continue                |   in|     1|  ap_ctrl_hs|  mac_compute_ipv4_checksum|  return value|
|ap_idle                    |  out|     1|  ap_ctrl_hs|  mac_compute_ipv4_checksum|  return value|
|ap_ready                   |  out|     1|  ap_ctrl_hs|  mac_compute_ipv4_checksum|  return value|
|dataStreamBuffer0_dout     |   in|   577|     ap_fifo|          dataStreamBuffer0|       pointer|
|dataStreamBuffer0_empty_n  |   in|     1|     ap_fifo|          dataStreamBuffer0|       pointer|
|dataStreamBuffer0_read     |  out|     1|     ap_fifo|          dataStreamBuffer0|       pointer|
|dataStreamBuffer1_din      |  out|   577|     ap_fifo|          dataStreamBuffer1|       pointer|
|dataStreamBuffer1_full_n   |   in|     1|     ap_fifo|          dataStreamBuffer1|       pointer|
|dataStreamBuffer1_write    |  out|     1|     ap_fifo|          dataStreamBuffer1|       pointer|
|subSumFifo_din             |  out|  1024|     ap_fifo|                 subSumFifo|       pointer|
|subSumFifo_full_n          |   in|     1|     ap_fifo|                 subSumFifo|       pointer|
|subSumFifo_write           |  out|     1|     ap_fifo|                 subSumFifo|       pointer|
+---------------------------+-----+------+------------+---------------------------+--------------+

