

================================================================
== Vitis HLS Report for 'arp_server_subnet_top'
================================================================
* Date:           Sat Mar 18 14:32:58 2023

* Version:        2021.2 (Build 3367213 on Tue Oct 19 02:47:39 MDT 2021)
* Project:        arp_server_subnet_prj
* Solution:       solution1 (Vivado IP Flow Target)
* Product family: virtexuplus
* Target device:  xcu280-fsvh2892-2L-e


================================================================
== Performance Estimates
================================================================
+ Timing: 
    * Summary: 
    +--------+---------+----------+------------+
    |  Clock |  Target | Estimated| Uncertainty|
    +--------+---------+----------+------------+
    |ap_clk  |  3.20 ns|  2.336 ns|     0.86 ns|
    +--------+---------+----------+------------+

+ Latency: 
    * Summary: 
    +---------+---------+-----------+-----------+-----+-----+----------+
    |  Latency (cycles) |   Latency (absolute)  |  Interval | Pipeline |
    |   min   |   max   |    min    |    max    | min | max |   Type   |
    +---------+---------+-----------+-----------+-----+-----+----------+
    |        9|        9|  28.800 ns|  28.800 ns|    1|    1|  dataflow|
    +---------+---------+-----------+-----------+-----+-----+----------+

    + Detail: 
        * Instance: 
        +---------------------------------+--------------------------------+---------+---------+----------+----------+-----+-----+---------+
        |                                 |                                |  Latency (cycles) |  Latency (absolute) |  Interval | Pipeline|
        |             Instance            |             Module             |   min   |   max   |    min   |    max   | min | max |   Type  |
        +---------------------------------+--------------------------------+---------+---------+----------+----------+-----+-----+---------+
        |entry_proc_U0                    |entry_proc                      |        0|        0|      0 ns|      0 ns|    0|    0|       no|
        |convert_axis_to_net_axis_512_U0  |convert_axis_to_net_axis_512_s  |        1|        1|  3.200 ns|  3.200 ns|    1|    1|      yes|
        |process_arp_pkg_512_U0           |process_arp_pkg_512_s           |        3|        3|  9.600 ns|  9.600 ns|    1|    1|      yes|
        |convert_net_axis_to_axis_512_U0  |convert_net_axis_to_axis_512_s  |        2|        2|  6.400 ns|  6.400 ns|    1|    1|      yes|
        |generate_arp_pkg_512_U0          |generate_arp_pkg_512_s          |        1|        1|  3.200 ns|  3.200 ns|    1|    1|      yes|
        |arp_table_U0                     |arp_table                       |        3|        3|  9.600 ns|  9.600 ns|    1|    1|      yes|
        +---------------------------------+--------------------------------+---------+---------+----------+----------+-----+-----+---------+

        * Loop: 
        N/A



================================================================
== Utilization Estimates
================================================================
* Summary: 
+---------------------+---------+------+---------+---------+-----+
|         Name        | BRAM_18K|  DSP |    FF   |   LUT   | URAM|
+---------------------+---------+------+---------+---------+-----+
|DSP                  |        -|     -|        -|        -|    -|
|Expression           |        -|     -|        -|        -|    -|
|FIFO                 |        -|     -|     4209|     2348|    -|
|Instance             |        3|     -|     4817|     3815|    -|
|Memory               |        -|     -|        -|        -|    -|
|Multiplexer          |        -|     -|        -|        -|    -|
|Register             |        -|     -|        -|        -|    -|
+---------------------+---------+------+---------+---------+-----+
|Total                |        3|     0|     9026|     6163|    0|
+---------------------+---------+------+---------+---------+-----+
|Available SLR        |     1344|  3008|   869120|   434560|  320|
+---------------------+---------+------+---------+---------+-----+
|Utilization SLR (%)  |       ~0|     0|        1|        1|    0|
+---------------------+---------+------+---------+---------+-----+
|Available            |     4032|  9024|  2607360|  1303680|  960|
+---------------------+---------+------+---------+---------+-----+
|Utilization (%)      |       ~0|     0|       ~0|       ~0|    0|
+---------------------+---------+------+---------+---------+-----+

+ Detail: 
    * Instance: 
    +---------------------------------+--------------------------------+---------+----+------+------+-----+
    |             Instance            |             Module             | BRAM_18K| DSP|  FF  |  LUT | URAM|
    +---------------------------------+--------------------------------+---------+----+------+------+-----+
    |arp_table_U0                     |arp_table                       |        3|   0|   467|   325|    0|
    |convert_axis_to_net_axis_512_U0  |convert_axis_to_net_axis_512_s  |        0|   0|   581|    37|    0|
    |convert_net_axis_to_axis_512_U0  |convert_net_axis_to_axis_512_s  |        0|   0|   583|    43|    0|
    |entry_proc_U0                    |entry_proc                      |        0|   0|     2|    29|    0|
    |generate_arp_pkg_512_U0          |generate_arp_pkg_512_s          |        0|   0|   693|   145|    0|
    |process_arp_pkg_512_U0           |process_arp_pkg_512_s           |        0|   0|  2491|  3236|    0|
    +---------------------------------+--------------------------------+---------+----+------+------+-----+
    |Total                            |                                |        3|   0|  4817|  3815|    0|
    +---------------------------------+--------------------------------+---------+----+------+------+-----+

    * DSP: 
    N/A

    * Memory: 
    N/A

    * FIFO: 
    +-----------------------+---------+------+----+-----+------+------+---------+
    |          Name         | BRAM_18K|  FF  | LUT| URAM| Depth| Bits | Size:D*B|
    +-----------------------+---------+------+----+-----+------+------+---------+
    |arpDataIn_internal_U   |        0|  2058|   0|    -|     2|  1024|     2048|
    |arpDataOut_internal_U  |        0|  2058|   0|    -|     2|  1024|     2048|
    |arpReplyMetaFifo_U     |        0|     5|   0|    -|     4|   128|      512|
    |arpRequestMetaFifo_U   |        0|     5|   0|    -|     4|    32|      128|
    |arpTableInsertFifo_U   |        0|     5|   0|    -|     4|    81|      324|
    |myIpAddress_c16_U      |        0|     5|   0|    -|     3|    32|       96|
    |myIpAddress_c_U        |        0|    68|   0|    -|     2|    32|       64|
    |myMacAddress_c_U       |        0|     5|   0|    -|     4|    48|      192|
    +-----------------------+---------+------+----+-----+------+------+---------+
    |Total                  |        0|  4209|   0|    0|    25|  2401|     5412|
    +-----------------------+---------+------+----+-----+------+------+---------+

    * Expression: 
    N/A

    * Multiplexer: 
    N/A

    * Register: 
    N/A



================================================================
== Interface
================================================================
* Summary: 
+---------------------------------------+-----+-----+--------------+--------------------------------+--------------+
|               RTL Ports               | Dir | Bits|   Protocol   |          Source Object         |    C Type    |
+---------------------------------------+-----+-----+--------------+--------------------------------+--------------+
|ap_local_block                         |  out|    1|  ap_ctrl_none|           arp_server_subnet_top|  return value|
|ap_local_deadlock                      |  out|    1|  ap_ctrl_none|           arp_server_subnet_top|  return value|
|ap_clk                                 |   in|    1|  ap_ctrl_none|           arp_server_subnet_top|  return value|
|ap_rst_n                               |   in|    1|  ap_ctrl_none|           arp_server_subnet_top|  return value|
|s_axis_TDATA                           |   in|  512|          axis|                 s_axis_V_data_V|       pointer|
|s_axis_TKEEP                           |   in|   64|          axis|                 s_axis_V_keep_V|       pointer|
|s_axis_TSTRB                           |   in|   64|          axis|                 s_axis_V_strb_V|       pointer|
|s_axis_TLAST                           |   in|    1|          axis|                 s_axis_V_last_V|       pointer|
|s_axis_TVALID                          |   in|    1|          axis|                 s_axis_V_last_V|       pointer|
|s_axis_TREADY                          |  out|    1|          axis|                 s_axis_V_last_V|       pointer|
|s_axis_arp_lookup_request_TDATA        |   in|   32|          axis|       s_axis_arp_lookup_request|       pointer|
|s_axis_arp_lookup_request_TVALID       |   in|    1|          axis|       s_axis_arp_lookup_request|       pointer|
|s_axis_arp_lookup_request_TREADY       |  out|    1|          axis|       s_axis_arp_lookup_request|       pointer|
|s_axis_host_arp_lookup_request_TDATA   |   in|   32|          axis|  s_axis_host_arp_lookup_request|       pointer|
|s_axis_host_arp_lookup_request_TVALID  |   in|    1|          axis|  s_axis_host_arp_lookup_request|       pointer|
|s_axis_host_arp_lookup_request_TREADY  |  out|    1|          axis|  s_axis_host_arp_lookup_request|       pointer|
|m_axis_TDATA                           |  out|  512|          axis|                 m_axis_V_data_V|       pointer|
|m_axis_TKEEP                           |  out|   64|          axis|                 m_axis_V_keep_V|       pointer|
|m_axis_TSTRB                           |  out|   64|          axis|                 m_axis_V_strb_V|       pointer|
|m_axis_TLAST                           |  out|    1|          axis|                 m_axis_V_last_V|       pointer|
|m_axis_TVALID                          |  out|    1|          axis|                 m_axis_V_last_V|       pointer|
|m_axis_TREADY                          |   in|    1|          axis|                 m_axis_V_last_V|       pointer|
|m_axis_arp_lookup_reply_TDATA          |  out|   56|          axis|         m_axis_arp_lookup_reply|       pointer|
|m_axis_arp_lookup_reply_TVALID         |  out|    1|          axis|         m_axis_arp_lookup_reply|       pointer|
|m_axis_arp_lookup_reply_TREADY         |   in|    1|          axis|         m_axis_arp_lookup_reply|       pointer|
|m_axis_host_arp_lookup_reply_TDATA     |  out|   56|          axis|    m_axis_host_arp_lookup_reply|       pointer|
|m_axis_host_arp_lookup_reply_TVALID    |  out|    1|          axis|    m_axis_host_arp_lookup_reply|       pointer|
|m_axis_host_arp_lookup_reply_TREADY    |   in|    1|          axis|    m_axis_host_arp_lookup_reply|       pointer|
|myMacAddress                           |   in|   48|       ap_none|                    myMacAddress|        scalar|
|myIpAddress                            |   in|   32|       ap_none|                     myIpAddress|        scalar|
|regRequestCount                        |  out|   16|        ap_vld|                 regRequestCount|       pointer|
|regRequestCount_ap_vld                 |  out|    1|        ap_vld|                 regRequestCount|       pointer|
|regReplyCount                          |  out|   16|        ap_vld|                   regReplyCount|       pointer|
|regReplyCount_ap_vld                   |  out|    1|        ap_vld|                   regReplyCount|       pointer|
+---------------------------------------+-----+-----+--------------+--------------------------------+--------------+

============================================================
+ Verbose Summary: Synthesis Manager
============================================================
InlineROM: 1
ExposeGlobal: 0
============================================================
+ Verbose Summary: CDFG Model
============================================================
IsTopModel: 1
ResetActiveHigh: 1
IsCombinational: 2
IsDatapathOnly: 2
HasWiredReturn: 1
HasMFsm: 0
HasVarLatency: 1
IsPipeline: 0
IsRtlPipelined: 0
IsInstanceOverlapped: 0
IsDontTouch: 0
HasImplIP: 0
IsGatedGlobalClock: 0


============================================================
+ Verbose Summary: Schedule
============================================================
* Number of FSM states : 14
* Pipeline : 0
* Dataflow Pipeline: 1
  DF-Pipeline-0: Size = 14, States = { 1 2 3 4 5 6 7 8 9 10 11 12 13 14 }

* FSM state transitions: 
1 --> 2 
2 --> 3 
3 --> 4 
4 --> 5 
5 --> 6 
6 --> 7 
7 --> 8 
8 --> 9 
9 --> 10 
10 --> 11 
11 --> 12 
12 --> 13 
13 --> 14 
14 --> 

* FSM state operations: 

State 1 <SV = 0> <Delay = 0.00>
ST_1 : Operation 15 [2/2] (0.00ns)   --->   "%myIpAddress_read = read i32 @_ssdm_op_Read.ap_none.i32, i32 %myIpAddress"   --->   Operation 15 'read' 'myIpAddress_read' <Predicate = true> <Delay = 0.00>
ST_1 : Operation 16 [2/2] (0.00ns)   --->   "%myMacAddress_read = read i48 @_ssdm_op_Read.ap_none.i48, i48 %myMacAddress"   --->   Operation 16 'read' 'myMacAddress_read' <Predicate = true> <Delay = 0.00>
ST_1 : Operation 17 [1/1] (0.00ns)   --->   "%myIpAddress_c16 = alloca i64 1"   --->   Operation 17 'alloca' 'myIpAddress_c16' <Predicate = true> <Delay = 0.00> <CoreInst = "FIFO_SRL">   --->   Core 81 'FIFO_SRL' <Latency = 0> <II = 1> <Delay = 1.46> <Storage> <Opcode : 'read' 'write' 'nbread' 'nbwrite'> <Ports = 0> <Width = 32> <Depth = 3> <FIFO>
ST_1 : Operation 18 [1/1] (0.00ns)   --->   "%myIpAddress_c = alloca i64 1"   --->   Operation 18 'alloca' 'myIpAddress_c' <Predicate = true> <Delay = 0.00> <CoreInst = "FIFO_SRL">   --->   Core 81 'FIFO_SRL' <Latency = 0> <II = 1> <Delay = 1.39> <Storage> <Opcode : 'read' 'write' 'nbread' 'nbwrite'> <Ports = 0> <Width = 32> <Depth = 2> <FIFO>
ST_1 : Operation 19 [1/1] (0.00ns)   --->   "%myMacAddress_c = alloca i64 1"   --->   Operation 19 'alloca' 'myMacAddress_c' <Predicate = true> <Delay = 0.00> <CoreInst = "FIFO_SRL">   --->   Core 81 'FIFO_SRL' <Latency = 0> <II = 1> <Delay = 1.41> <Storage> <Opcode : 'read' 'write' 'nbread' 'nbwrite'> <Ports = 0> <Width = 48> <Depth = 4> <FIFO>

State 2 <SV = 1> <Delay = 1.16>
ST_2 : Operation 20 [1/2] (0.00ns)   --->   "%myIpAddress_read = read i32 @_ssdm_op_Read.ap_none.i32, i32 %myIpAddress"   --->   Operation 20 'read' 'myIpAddress_read' <Predicate = true> <Delay = 0.00>
ST_2 : Operation 21 [1/2] (0.00ns)   --->   "%myMacAddress_read = read i48 @_ssdm_op_Read.ap_none.i48, i48 %myMacAddress"   --->   Operation 21 'read' 'myMacAddress_read' <Predicate = true> <Delay = 0.00>
ST_2 : Operation 22 [1/1] (1.16ns)   --->   "%call_ln0 = call void @entry_proc, i48 %myMacAddress_read, i48 %myMacAddress_c, i32 %myIpAddress_read, i32 %myIpAddress_c16"   --->   Operation 22 'call' 'call_ln0' <Predicate = true> <Delay = 1.16> <CoreType = "Generic">   --->   Core 0 '' <Latency = 0> <II = 1> <Delay = 1.00> <Generic> <Opcode : >
ST_2 : Operation 23 [2/2] (0.00ns)   --->   "%call_ln291 = call void @convert_axis_to_net_axis<512>, i512 %s_axis_V_data_V, i64 %s_axis_V_keep_V, i64 %s_axis_V_strb_V, i1 %s_axis_V_last_V, i1024 %arpDataIn_internal" [/home/yangz0e/Desktop/Vitis_with_100Gbps_TCP-IP_top_k/fpga-network-stack/hls/arp_server_subnet/arp_server_subnet.cpp:291]   --->   Operation 23 'call' 'call_ln291' <Predicate = true> <Delay = 0.00> <CoreType = "Generic">   --->   Core 0 '' <Latency = 0> <II = 1> <Delay = 1.00> <Generic> <Opcode : >

State 3 <SV = 2> <Delay = 0.00>
ST_3 : Operation 24 [1/2] (0.00ns)   --->   "%call_ln291 = call void @convert_axis_to_net_axis<512>, i512 %s_axis_V_data_V, i64 %s_axis_V_keep_V, i64 %s_axis_V_strb_V, i1 %s_axis_V_last_V, i1024 %arpDataIn_internal" [/home/yangz0e/Desktop/Vitis_with_100Gbps_TCP-IP_top_k/fpga-network-stack/hls/arp_server_subnet/arp_server_subnet.cpp:291]   --->   Operation 24 'call' 'call_ln291' <Predicate = true> <Delay = 0.00> <CoreType = "Generic">   --->   Core 0 '' <Latency = 0> <II = 1> <Delay = 1.00> <Generic> <Opcode : >

State 4 <SV = 3> <Delay = 0.00>
ST_4 : Operation 25 [4/4] (0.00ns)   --->   "%call_ln240 = call void @process_arp_pkg<512>, i32 %myIpAddress_c16, i16 %regRequestCount, i16 %regReplyCount, i32 %myIpAddress_c, i1024 %arpDataIn_internal, i1 %header_ready, i16 %header_idx, i336 %header_header_V, i128 %arpReplyMetaFifo, i16 %pag_requestCounter_V, i81 %arpTableInsertFifo, i16 %pag_replyCounter_V" [/home/yangz0e/Desktop/Vitis_with_100Gbps_TCP-IP_top_k/fpga-network-stack/hls/arp_server_subnet/arp_server_subnet.cpp:240]   --->   Operation 25 'call' 'call_ln240' <Predicate = true> <Delay = 0.00> <CoreType = "Generic">   --->   Core 0 '' <Latency = 0> <II = 1> <Delay = 1.00> <Generic> <Opcode : >

State 5 <SV = 4> <Delay = 0.00>
ST_5 : Operation 26 [3/3] (0.00ns)   --->   "%call_ln294 = call void @convert_net_axis_to_axis<512>, i512 %m_axis_V_data_V, i64 %m_axis_V_keep_V, i64 %m_axis_V_strb_V, i1 %m_axis_V_last_V, i1024 %arpDataOut_internal" [/home/yangz0e/Desktop/Vitis_with_100Gbps_TCP-IP_top_k/fpga-network-stack/hls/arp_server_subnet/arp_server_subnet.cpp:294]   --->   Operation 26 'call' 'call_ln294' <Predicate = true> <Delay = 0.00> <CoreType = "Generic">   --->   Core 0 '' <Latency = 0> <II = 1> <Delay = 1.00> <Generic> <Opcode : >
ST_5 : Operation 27 [3/4] (0.00ns)   --->   "%call_ln240 = call void @process_arp_pkg<512>, i32 %myIpAddress_c16, i16 %regRequestCount, i16 %regReplyCount, i32 %myIpAddress_c, i1024 %arpDataIn_internal, i1 %header_ready, i16 %header_idx, i336 %header_header_V, i128 %arpReplyMetaFifo, i16 %pag_requestCounter_V, i81 %arpTableInsertFifo, i16 %pag_replyCounter_V" [/home/yangz0e/Desktop/Vitis_with_100Gbps_TCP-IP_top_k/fpga-network-stack/hls/arp_server_subnet/arp_server_subnet.cpp:240]   --->   Operation 27 'call' 'call_ln240' <Predicate = true> <Delay = 0.00> <CoreType = "Generic">   --->   Core 0 '' <Latency = 0> <II = 1> <Delay = 1.00> <Generic> <Opcode : >

State 6 <SV = 5> <Delay = 1.16>
ST_6 : Operation 28 [2/3] (1.16ns)   --->   "%call_ln294 = call void @convert_net_axis_to_axis<512>, i512 %m_axis_V_data_V, i64 %m_axis_V_keep_V, i64 %m_axis_V_strb_V, i1 %m_axis_V_last_V, i1024 %arpDataOut_internal" [/home/yangz0e/Desktop/Vitis_with_100Gbps_TCP-IP_top_k/fpga-network-stack/hls/arp_server_subnet/arp_server_subnet.cpp:294]   --->   Operation 28 'call' 'call_ln294' <Predicate = true> <Delay = 1.16> <CoreType = "Generic">   --->   Core 0 '' <Latency = 0> <II = 1> <Delay = 1.00> <Generic> <Opcode : >
ST_6 : Operation 29 [2/4] (0.00ns)   --->   "%call_ln240 = call void @process_arp_pkg<512>, i32 %myIpAddress_c16, i16 %regRequestCount, i16 %regReplyCount, i32 %myIpAddress_c, i1024 %arpDataIn_internal, i1 %header_ready, i16 %header_idx, i336 %header_header_V, i128 %arpReplyMetaFifo, i16 %pag_requestCounter_V, i81 %arpTableInsertFifo, i16 %pag_replyCounter_V" [/home/yangz0e/Desktop/Vitis_with_100Gbps_TCP-IP_top_k/fpga-network-stack/hls/arp_server_subnet/arp_server_subnet.cpp:240]   --->   Operation 29 'call' 'call_ln240' <Predicate = true> <Delay = 0.00> <CoreType = "Generic">   --->   Core 0 '' <Latency = 0> <II = 1> <Delay = 1.00> <Generic> <Opcode : >

State 7 <SV = 6> <Delay = 0.78>
ST_7 : Operation 30 [1/3] (0.00ns)   --->   "%call_ln294 = call void @convert_net_axis_to_axis<512>, i512 %m_axis_V_data_V, i64 %m_axis_V_keep_V, i64 %m_axis_V_strb_V, i1 %m_axis_V_last_V, i1024 %arpDataOut_internal" [/home/yangz0e/Desktop/Vitis_with_100Gbps_TCP-IP_top_k/fpga-network-stack/hls/arp_server_subnet/arp_server_subnet.cpp:294]   --->   Operation 30 'call' 'call_ln294' <Predicate = true> <Delay = 0.00> <CoreType = "Generic">   --->   Core 0 '' <Latency = 0> <II = 1> <Delay = 1.00> <Generic> <Opcode : >
ST_7 : Operation 31 [1/4] (0.78ns)   --->   "%call_ln240 = call void @process_arp_pkg<512>, i32 %myIpAddress_c16, i16 %regRequestCount, i16 %regReplyCount, i32 %myIpAddress_c, i1024 %arpDataIn_internal, i1 %header_ready, i16 %header_idx, i336 %header_header_V, i128 %arpReplyMetaFifo, i16 %pag_requestCounter_V, i81 %arpTableInsertFifo, i16 %pag_replyCounter_V" [/home/yangz0e/Desktop/Vitis_with_100Gbps_TCP-IP_top_k/fpga-network-stack/hls/arp_server_subnet/arp_server_subnet.cpp:240]   --->   Operation 31 'call' 'call_ln240' <Predicate = true> <Delay = 0.78> <CoreType = "Generic">   --->   Core 0 '' <Latency = 0> <II = 1> <Delay = 1.00> <Generic> <Opcode : >

State 8 <SV = 7> <Delay = 0.00>
ST_8 : Operation 32 [2/2] (0.00ns)   --->   "%call_ln247 = call void @generate_arp_pkg<512>, i48 %myMacAddress_c, i32 %myIpAddress_c, i1 %gap_state, i16 %header_idx_1, i336 %header_header_V_1, i128 %arpReplyMetaFifo, i32 %arpRequestMetaFifo, i1024 %arpDataOut_internal" [/home/yangz0e/Desktop/Vitis_with_100Gbps_TCP-IP_top_k/fpga-network-stack/hls/arp_server_subnet/arp_server_subnet.cpp:247]   --->   Operation 32 'call' 'call_ln247' <Predicate = true> <Delay = 0.00> <CoreType = "Generic">   --->   Core 0 '' <Latency = 0> <II = 1> <Delay = 1.00> <Generic> <Opcode : >

State 9 <SV = 8> <Delay = 0.00>
ST_9 : Operation 33 [1/2] (0.00ns)   --->   "%call_ln247 = call void @generate_arp_pkg<512>, i48 %myMacAddress_c, i32 %myIpAddress_c, i1 %gap_state, i16 %header_idx_1, i336 %header_header_V_1, i128 %arpReplyMetaFifo, i32 %arpRequestMetaFifo, i1024 %arpDataOut_internal" [/home/yangz0e/Desktop/Vitis_with_100Gbps_TCP-IP_top_k/fpga-network-stack/hls/arp_server_subnet/arp_server_subnet.cpp:247]   --->   Operation 33 'call' 'call_ln247' <Predicate = true> <Delay = 0.00> <CoreType = "Generic">   --->   Core 0 '' <Latency = 0> <II = 1> <Delay = 1.00> <Generic> <Opcode : >

State 10 <SV = 9> <Delay = 0.00>
ST_10 : Operation 34 [4/4] (0.00ns)   --->   "%call_ln253 = call void @arp_table, i32 %s_axis_arp_lookup_request, i32 %s_axis_host_arp_lookup_request, i56 %m_axis_arp_lookup_reply, i56 %m_axis_host_arp_lookup_reply, i81 %arpTableInsertFifo, i48 %arpTable_macAddress_V, i1 %arpTable_valid, i32 %arpRequestMetaFifo" [/home/yangz0e/Desktop/Vitis_with_100Gbps_TCP-IP_top_k/fpga-network-stack/hls/arp_server_subnet/arp_server_subnet.cpp:253]   --->   Operation 34 'call' 'call_ln253' <Predicate = true> <Delay = 0.00> <CoreType = "Generic">   --->   Core 0 '' <Latency = 0> <II = 1> <Delay = 1.00> <Generic> <Opcode : >

State 11 <SV = 10> <Delay = 0.00>
ST_11 : Operation 35 [3/4] (0.00ns)   --->   "%call_ln253 = call void @arp_table, i32 %s_axis_arp_lookup_request, i32 %s_axis_host_arp_lookup_request, i56 %m_axis_arp_lookup_reply, i56 %m_axis_host_arp_lookup_reply, i81 %arpTableInsertFifo, i48 %arpTable_macAddress_V, i1 %arpTable_valid, i32 %arpRequestMetaFifo" [/home/yangz0e/Desktop/Vitis_with_100Gbps_TCP-IP_top_k/fpga-network-stack/hls/arp_server_subnet/arp_server_subnet.cpp:253]   --->   Operation 35 'call' 'call_ln253' <Predicate = true> <Delay = 0.00> <CoreType = "Generic">   --->   Core 0 '' <Latency = 0> <II = 1> <Delay = 1.00> <Generic> <Opcode : >

State 12 <SV = 11> <Delay = 0.00>
ST_12 : Operation 36 [2/4] (0.00ns)   --->   "%call_ln253 = call void @arp_table, i32 %s_axis_arp_lookup_request, i32 %s_axis_host_arp_lookup_request, i56 %m_axis_arp_lookup_reply, i56 %m_axis_host_arp_lookup_reply, i81 %arpTableInsertFifo, i48 %arpTable_macAddress_V, i1 %arpTable_valid, i32 %arpRequestMetaFifo" [/home/yangz0e/Desktop/Vitis_with_100Gbps_TCP-IP_top_k/fpga-network-stack/hls/arp_server_subnet/arp_server_subnet.cpp:253]   --->   Operation 36 'call' 'call_ln253' <Predicate = true> <Delay = 0.00> <CoreType = "Generic">   --->   Core 0 '' <Latency = 0> <II = 1> <Delay = 1.00> <Generic> <Opcode : >

State 13 <SV = 12> <Delay = 0.00>
ST_13 : Operation 37 [1/4] (0.00ns)   --->   "%call_ln253 = call void @arp_table, i32 %s_axis_arp_lookup_request, i32 %s_axis_host_arp_lookup_request, i56 %m_axis_arp_lookup_reply, i56 %m_axis_host_arp_lookup_reply, i81 %arpTableInsertFifo, i48 %arpTable_macAddress_V, i1 %arpTable_valid, i32 %arpRequestMetaFifo" [/home/yangz0e/Desktop/Vitis_with_100Gbps_TCP-IP_top_k/fpga-network-stack/hls/arp_server_subnet/arp_server_subnet.cpp:253]   --->   Operation 37 'call' 'call_ln253' <Predicate = true> <Delay = 0.00> <CoreType = "Generic">   --->   Core 0 '' <Latency = 0> <II = 1> <Delay = 1.00> <Generic> <Opcode : >

State 14 <SV = 13> <Delay = 0.00>
ST_14 : Operation 38 [1/1] (0.00ns)   --->   "%empty = specchannel i32 @_ssdm_op_SpecChannel, void @myIpAddress_c16_str, i32 1, void @p_str, void @p_str, i32 3, i32 0, i32 %myIpAddress_c16, i32 %myIpAddress_c16"   --->   Operation 38 'specchannel' 'empty' <Predicate = true> <Delay = 0.00>
ST_14 : Operation 39 [1/1] (0.00ns)   --->   "%specinterface_ln0 = specinterface void @_ssdm_op_SpecInterface, i32 %myIpAddress_c16, void @ap_fifo_str, i32 0, i32 0, void @p_str, i32 0, i32 0, void @p_str, void @p_str, void @p_str, i32 2, i32 2, i32 16, i32 16, void @p_str, void @p_str"   --->   Operation 39 'specinterface' 'specinterface_ln0' <Predicate = true> <Delay = 0.00>
ST_14 : Operation 40 [1/1] (0.00ns)   --->   "%empty_33 = specchannel i32 @_ssdm_op_SpecChannel, void @myIpAddress_c_str, i32 1, void @p_str, void @p_str, i32 2, i32 0, i32 %myIpAddress_c, i32 %myIpAddress_c"   --->   Operation 40 'specchannel' 'empty_33' <Predicate = true> <Delay = 0.00>
ST_14 : Operation 41 [1/1] (0.00ns)   --->   "%specinterface_ln0 = specinterface void @_ssdm_op_SpecInterface, i32 %myIpAddress_c, void @ap_fifo_str, i32 0, i32 0, void @p_str, i32 0, i32 0, void @p_str, void @p_str, void @p_str, i32 2, i32 2, i32 16, i32 16, void @p_str, void @p_str"   --->   Operation 41 'specinterface' 'specinterface_ln0' <Predicate = true> <Delay = 0.00>
ST_14 : Operation 42 [1/1] (0.00ns)   --->   "%empty_34 = specchannel i32 @_ssdm_op_SpecChannel, void @myMacAddress_c_str, i32 1, void @p_str, void @p_str, i32 4, i32 0, i48 %myMacAddress_c, i48 %myMacAddress_c"   --->   Operation 42 'specchannel' 'empty_34' <Predicate = true> <Delay = 0.00>
ST_14 : Operation 43 [1/1] (0.00ns)   --->   "%specinterface_ln0 = specinterface void @_ssdm_op_SpecInterface, i48 %myMacAddress_c, void @ap_fifo_str, i32 0, i32 0, void @p_str, i32 0, i32 0, void @p_str, void @p_str, void @p_str, i32 2, i32 2, i32 16, i32 16, void @p_str, void @p_str"   --->   Operation 43 'specinterface' 'specinterface_ln0' <Predicate = true> <Delay = 0.00>
ST_14 : Operation 44 [1/1] (0.00ns)   --->   "%specdataflowpipeline_ln0 = specdataflowpipeline void @_ssdm_op_SpecDataflowPipeline, i32 4294967295, i32 1, void @empty_1"   --->   Operation 44 'specdataflowpipeline' 'specdataflowpipeline_ln0' <Predicate = true> <Delay = 0.00>
ST_14 : Operation 45 [1/1] (0.00ns)   --->   "%empty_35 = specchannel i32 @_ssdm_op_SpecChannel, void @arpDataIn_internal_str, i32 1, void @p_str, void @p_str, i32 2, i32 2, i1024 %arpDataIn_internal, i1024 %arpDataIn_internal"   --->   Operation 45 'specchannel' 'empty_35' <Predicate = true> <Delay = 0.00>
ST_14 : Operation 46 [1/1] (0.00ns)   --->   "%empty_36 = specchannel i32 @_ssdm_op_SpecChannel, void @arpDataOut_internal_str, i32 1, void @p_str, void @p_str, i32 2, i32 2, i1024 %arpDataOut_internal, i1024 %arpDataOut_internal"   --->   Operation 46 'specchannel' 'empty_36' <Predicate = true> <Delay = 0.00>
ST_14 : Operation 47 [1/1] (0.00ns)   --->   "%empty_37 = specchannel i32 @_ssdm_op_SpecChannel, void @arpReplyMetaFifo_str, i32 1, void @p_str, void @p_str, i32 4, i32 4, i128 %arpReplyMetaFifo, i128 %arpReplyMetaFifo"   --->   Operation 47 'specchannel' 'empty_37' <Predicate = true> <Delay = 0.00>
ST_14 : Operation 48 [1/1] (0.00ns)   --->   "%empty_38 = specchannel i32 @_ssdm_op_SpecChannel, void @arpRequestMetaFifo_str, i32 1, void @p_str, void @p_str, i32 4, i32 4, i32 %arpRequestMetaFifo, i32 %arpRequestMetaFifo"   --->   Operation 48 'specchannel' 'empty_38' <Predicate = true> <Delay = 0.00>
ST_14 : Operation 49 [1/1] (0.00ns)   --->   "%empty_39 = specchannel i32 @_ssdm_op_SpecChannel, void @arpTableInsertFifo_str, i32 1, void @p_str, void @p_str, i32 4, i32 4, i81 %arpTableInsertFifo, i81 %arpTableInsertFifo"   --->   Operation 49 'specchannel' 'empty_39' <Predicate = true> <Delay = 0.00>
ST_14 : Operation 50 [1/1] (0.00ns)   --->   "%spectopmodule_ln0 = spectopmodule void @_ssdm_op_SpecTopModule, void @empty_5"   --->   Operation 50 'spectopmodule' 'spectopmodule_ln0' <Predicate = true> <Delay = 0.00>
ST_14 : Operation 51 [1/1] (0.00ns)   --->   "%specinterface_ln0 = specinterface void @_ssdm_op_SpecInterface, i32 0, void @empty_6, i32 0, i32 0, void @empty_1, i32 0, i32 0, void @empty_1, void @empty_1, void @empty_1, i32 0, i32 0, i32 0, i32 0, void @empty_1, void @empty_1"   --->   Operation 51 'specinterface' 'specinterface_ln0' <Predicate = true> <Delay = 0.00>
ST_14 : Operation 52 [1/1] (0.00ns)   --->   "%specinterface_ln0 = specinterface void @_ssdm_op_SpecInterface, i512 %s_axis_V_data_V, i64 %s_axis_V_keep_V, i64 %s_axis_V_strb_V, i1 %s_axis_V_last_V, void @empty, i32 1, i32 1, void @empty_0, i32 0, i32 0, void @empty_1, void @empty_1, void @empty_1, i32 0, i32 0, i32 0, i32 0, void @empty_1, void @empty_1"   --->   Operation 52 'specinterface' 'specinterface_ln0' <Predicate = true> <Delay = 0.00>
ST_14 : Operation 53 [1/1] (0.00ns)   --->   "%specbitsmap_ln0 = specbitsmap void @_ssdm_op_SpecBitsMap, i512 %s_axis_V_data_V"   --->   Operation 53 'specbitsmap' 'specbitsmap_ln0' <Predicate = true> <Delay = 0.00>
ST_14 : Operation 54 [1/1] (0.00ns)   --->   "%specbitsmap_ln0 = specbitsmap void @_ssdm_op_SpecBitsMap, i64 %s_axis_V_keep_V"   --->   Operation 54 'specbitsmap' 'specbitsmap_ln0' <Predicate = true> <Delay = 0.00>
ST_14 : Operation 55 [1/1] (0.00ns)   --->   "%specbitsmap_ln0 = specbitsmap void @_ssdm_op_SpecBitsMap, i64 %s_axis_V_strb_V"   --->   Operation 55 'specbitsmap' 'specbitsmap_ln0' <Predicate = true> <Delay = 0.00>
ST_14 : Operation 56 [1/1] (0.00ns)   --->   "%specbitsmap_ln0 = specbitsmap void @_ssdm_op_SpecBitsMap, i1 %s_axis_V_last_V"   --->   Operation 56 'specbitsmap' 'specbitsmap_ln0' <Predicate = true> <Delay = 0.00>
ST_14 : Operation 57 [1/1] (0.00ns)   --->   "%specinterface_ln0 = specinterface void @_ssdm_op_SpecInterface, i32 %s_axis_arp_lookup_request, void @empty, i32 1, i32 1, void @empty_0, i32 0, i32 0, void @empty_1, void @empty_1, void @empty_1, i32 0, i32 0, i32 0, i32 0, void @empty_1, void @empty_1"   --->   Operation 57 'specinterface' 'specinterface_ln0' <Predicate = true> <Delay = 0.00>
ST_14 : Operation 58 [1/1] (0.00ns)   --->   "%specbitsmap_ln0 = specbitsmap void @_ssdm_op_SpecBitsMap, i32 %s_axis_arp_lookup_request"   --->   Operation 58 'specbitsmap' 'specbitsmap_ln0' <Predicate = true> <Delay = 0.00>
ST_14 : Operation 59 [1/1] (0.00ns)   --->   "%specinterface_ln0 = specinterface void @_ssdm_op_SpecInterface, i32 %s_axis_host_arp_lookup_request, void @empty, i32 1, i32 1, void @empty_0, i32 0, i32 0, void @empty_1, void @empty_1, void @empty_1, i32 0, i32 0, i32 0, i32 0, void @empty_1, void @empty_1"   --->   Operation 59 'specinterface' 'specinterface_ln0' <Predicate = true> <Delay = 0.00>
ST_14 : Operation 60 [1/1] (0.00ns)   --->   "%specbitsmap_ln0 = specbitsmap void @_ssdm_op_SpecBitsMap, i32 %s_axis_host_arp_lookup_request"   --->   Operation 60 'specbitsmap' 'specbitsmap_ln0' <Predicate = true> <Delay = 0.00>
ST_14 : Operation 61 [1/1] (0.00ns)   --->   "%specinterface_ln0 = specinterface void @_ssdm_op_SpecInterface, i512 %m_axis_V_data_V, i64 %m_axis_V_keep_V, i64 %m_axis_V_strb_V, i1 %m_axis_V_last_V, void @empty, i32 1, i32 1, void @empty_0, i32 0, i32 0, void @empty_1, void @empty_1, void @empty_1, i32 0, i32 0, i32 0, i32 0, void @empty_1, void @empty_1"   --->   Operation 61 'specinterface' 'specinterface_ln0' <Predicate = true> <Delay = 0.00>
ST_14 : Operation 62 [1/1] (0.00ns)   --->   "%specbitsmap_ln0 = specbitsmap void @_ssdm_op_SpecBitsMap, i512 %m_axis_V_data_V"   --->   Operation 62 'specbitsmap' 'specbitsmap_ln0' <Predicate = true> <Delay = 0.00>
ST_14 : Operation 63 [1/1] (0.00ns)   --->   "%specbitsmap_ln0 = specbitsmap void @_ssdm_op_SpecBitsMap, i64 %m_axis_V_keep_V"   --->   Operation 63 'specbitsmap' 'specbitsmap_ln0' <Predicate = true> <Delay = 0.00>
ST_14 : Operation 64 [1/1] (0.00ns)   --->   "%specbitsmap_ln0 = specbitsmap void @_ssdm_op_SpecBitsMap, i64 %m_axis_V_strb_V"   --->   Operation 64 'specbitsmap' 'specbitsmap_ln0' <Predicate = true> <Delay = 0.00>
ST_14 : Operation 65 [1/1] (0.00ns)   --->   "%specbitsmap_ln0 = specbitsmap void @_ssdm_op_SpecBitsMap, i1 %m_axis_V_last_V"   --->   Operation 65 'specbitsmap' 'specbitsmap_ln0' <Predicate = true> <Delay = 0.00>
ST_14 : Operation 66 [1/1] (0.00ns)   --->   "%specinterface_ln0 = specinterface void @_ssdm_op_SpecInterface, i56 %m_axis_arp_lookup_reply, void @empty, i32 1, i32 1, void @empty_0, i32 0, i32 0, void @empty_1, void @empty_1, void @empty_1, i32 0, i32 0, i32 0, i32 0, void @empty_1, void @empty_1"   --->   Operation 66 'specinterface' 'specinterface_ln0' <Predicate = true> <Delay = 0.00>
ST_14 : Operation 67 [1/1] (0.00ns)   --->   "%specbitsmap_ln0 = specbitsmap void @_ssdm_op_SpecBitsMap, i56 %m_axis_arp_lookup_reply"   --->   Operation 67 'specbitsmap' 'specbitsmap_ln0' <Predicate = true> <Delay = 0.00>
ST_14 : Operation 68 [1/1] (0.00ns)   --->   "%specinterface_ln0 = specinterface void @_ssdm_op_SpecInterface, i56 %m_axis_host_arp_lookup_reply, void @empty, i32 1, i32 1, void @empty_0, i32 0, i32 0, void @empty_1, void @empty_1, void @empty_1, i32 0, i32 0, i32 0, i32 0, void @empty_1, void @empty_1"   --->   Operation 68 'specinterface' 'specinterface_ln0' <Predicate = true> <Delay = 0.00>
ST_14 : Operation 69 [1/1] (0.00ns)   --->   "%specbitsmap_ln0 = specbitsmap void @_ssdm_op_SpecBitsMap, i56 %m_axis_host_arp_lookup_reply"   --->   Operation 69 'specbitsmap' 'specbitsmap_ln0' <Predicate = true> <Delay = 0.00>
ST_14 : Operation 70 [1/1] (0.00ns)   --->   "%specbitsmap_ln0 = specbitsmap void @_ssdm_op_SpecBitsMap, i48 %myMacAddress"   --->   Operation 70 'specbitsmap' 'specbitsmap_ln0' <Predicate = true> <Delay = 0.00>
ST_14 : Operation 71 [1/1] (0.00ns)   --->   "%specinterface_ln0 = specinterface void @_ssdm_op_SpecInterface, i48 %myMacAddress, void @empty_2, i32 1, i32 1, void @empty_0, i32 0, i32 0, void @empty_1, void @empty_1, void @empty_1, i32 0, i32 0, i32 0, i32 0, void @empty_1, void @empty_1"   --->   Operation 71 'specinterface' 'specinterface_ln0' <Predicate = true> <Delay = 0.00>
ST_14 : Operation 72 [1/1] (0.00ns)   --->   "%specbitsmap_ln0 = specbitsmap void @_ssdm_op_SpecBitsMap, i32 %myIpAddress"   --->   Operation 72 'specbitsmap' 'specbitsmap_ln0' <Predicate = true> <Delay = 0.00>
ST_14 : Operation 73 [1/1] (0.00ns)   --->   "%specinterface_ln0 = specinterface void @_ssdm_op_SpecInterface, i32 %myIpAddress, void @empty_2, i32 1, i32 1, void @empty_0, i32 0, i32 0, void @empty_1, void @empty_1, void @empty_1, i32 0, i32 0, i32 0, i32 0, void @empty_1, void @empty_1"   --->   Operation 73 'specinterface' 'specinterface_ln0' <Predicate = true> <Delay = 0.00>
ST_14 : Operation 74 [1/1] (0.00ns)   --->   "%specbitsmap_ln0 = specbitsmap void @_ssdm_op_SpecBitsMap, i16 %regRequestCount"   --->   Operation 74 'specbitsmap' 'specbitsmap_ln0' <Predicate = true> <Delay = 0.00>
ST_14 : Operation 75 [1/1] (0.00ns)   --->   "%specinterface_ln0 = specinterface void @_ssdm_op_SpecInterface, i16 %regRequestCount, void @empty_3, i32 0, i32 0, void @empty_1, i32 0, i32 0, void @empty_1, void @empty_1, void @empty_1, i32 0, i32 0, i32 0, i32 0, void @empty_1, void @empty_1"   --->   Operation 75 'specinterface' 'specinterface_ln0' <Predicate = true> <Delay = 0.00>
ST_14 : Operation 76 [1/1] (0.00ns)   --->   "%specbitsmap_ln0 = specbitsmap void @_ssdm_op_SpecBitsMap, i16 %regReplyCount"   --->   Operation 76 'specbitsmap' 'specbitsmap_ln0' <Predicate = true> <Delay = 0.00>
ST_14 : Operation 77 [1/1] (0.00ns)   --->   "%specinterface_ln0 = specinterface void @_ssdm_op_SpecInterface, i16 %regReplyCount, void @empty_3, i32 0, i32 0, void @empty_1, i32 0, i32 0, void @empty_1, void @empty_1, void @empty_1, i32 0, i32 0, i32 0, i32 0, void @empty_1, void @empty_1"   --->   Operation 77 'specinterface' 'specinterface_ln0' <Predicate = true> <Delay = 0.00>
ST_14 : Operation 78 [1/1] (0.00ns)   --->   "%specinterface_ln0 = specinterface void @_ssdm_op_SpecInterface, i1024 %arpDataIn_internal, void @empty_4, i32 0, i32 0, void @empty_1, i32 0, i32 0, void @empty_1, void @empty_1, void @empty_1, i32 0, i32 0, i32 0, i32 0, void @empty_1, void @empty_1"   --->   Operation 78 'specinterface' 'specinterface_ln0' <Predicate = true> <Delay = 0.00>
ST_14 : Operation 79 [1/1] (0.00ns)   --->   "%specinterface_ln0 = specinterface void @_ssdm_op_SpecInterface, i1024 %arpDataOut_internal, void @empty_4, i32 0, i32 0, void @empty_1, i32 0, i32 0, void @empty_1, void @empty_1, void @empty_1, i32 0, i32 0, i32 0, i32 0, void @empty_1, void @empty_1"   --->   Operation 79 'specinterface' 'specinterface_ln0' <Predicate = true> <Delay = 0.00>
ST_14 : Operation 80 [1/1] (0.00ns)   --->   "%specinterface_ln0 = specinterface void @_ssdm_op_SpecInterface, i128 %arpReplyMetaFifo, void @empty_4, i32 0, i32 0, void @empty_1, i32 0, i32 0, void @empty_1, void @empty_1, void @empty_1, i32 0, i32 0, i32 0, i32 0, void @empty_1, void @empty_1"   --->   Operation 80 'specinterface' 'specinterface_ln0' <Predicate = true> <Delay = 0.00>
ST_14 : Operation 81 [1/1] (0.00ns)   --->   "%specinterface_ln0 = specinterface void @_ssdm_op_SpecInterface, i81 %arpTableInsertFifo, void @empty_4, i32 0, i32 0, void @empty_1, i32 0, i32 0, void @empty_1, void @empty_1, void @empty_1, i32 0, i32 0, i32 0, i32 0, void @empty_1, void @empty_1"   --->   Operation 81 'specinterface' 'specinterface_ln0' <Predicate = true> <Delay = 0.00>
ST_14 : Operation 82 [1/1] (0.00ns)   --->   "%specinterface_ln0 = specinterface void @_ssdm_op_SpecInterface, i32 %arpRequestMetaFifo, void @empty_4, i32 0, i32 0, void @empty_1, i32 0, i32 0, void @empty_1, void @empty_1, void @empty_1, i32 0, i32 0, i32 0, i32 0, void @empty_1, void @empty_1"   --->   Operation 82 'specinterface' 'specinterface_ln0' <Predicate = true> <Delay = 0.00>
ST_14 : Operation 83 [1/1] (0.00ns)   --->   "%ret_ln307 = ret" [/home/yangz0e/Desktop/Vitis_with_100Gbps_TCP-IP_top_k/fpga-network-stack/hls/arp_server_subnet/arp_server_subnet.cpp:307]   --->   Operation 83 'ret' 'ret_ln307' <Predicate = true> <Delay = 0.00>


============================================================
+ Verbose Summary: Binding
============================================================
STG Binding: 
---------------- STG Properties BEGIN ----------------
- Is combinational: 0
- Is one-state seq: 0
- Is datapath-only: 0
- Is pipelined: 0
- Is top level: 1
Port [ Return ] is wired: 1; IO mode=ap_ctrl_none:ce=0
Port [ s_axis_V_data_V]:  wired=1; compound=1; hidden=0; nouse=0; global=0; static=0; extern=0; dir=0; type=0; pingpong=0; private_global=0; IO mode=axis:ce=0
Port [ s_axis_V_keep_V]:  wired=1; compound=1; hidden=0; nouse=0; global=0; static=0; extern=0; dir=0; type=0; pingpong=0; private_global=0; IO mode=axis:ce=0
Port [ s_axis_V_strb_V]:  wired=1; compound=1; hidden=0; nouse=0; global=0; static=0; extern=0; dir=0; type=0; pingpong=0; private_global=0; IO mode=axis:ce=0
Port [ s_axis_V_last_V]:  wired=1; compound=1; hidden=0; nouse=0; global=0; static=0; extern=0; dir=0; type=0; pingpong=0; private_global=0; IO mode=axis:ce=0
Port [ s_axis_arp_lookup_request]:  wired=1; compound=1; hidden=0; nouse=0; global=0; static=0; extern=0; dir=0; type=0; pingpong=0; private_global=0; IO mode=axis:ce=0
Port [ s_axis_host_arp_lookup_request]:  wired=1; compound=1; hidden=0; nouse=0; global=0; static=0; extern=0; dir=0; type=0; pingpong=0; private_global=0; IO mode=axis:ce=0
Port [ m_axis_V_data_V]:  wired=1; compound=1; hidden=0; nouse=0; global=0; static=0; extern=0; dir=1; type=0; pingpong=0; private_global=0; IO mode=axis:ce=0
Port [ m_axis_V_keep_V]:  wired=1; compound=1; hidden=0; nouse=0; global=0; static=0; extern=0; dir=1; type=0; pingpong=0; private_global=0; IO mode=axis:ce=0
Port [ m_axis_V_strb_V]:  wired=1; compound=1; hidden=0; nouse=0; global=0; static=0; extern=0; dir=1; type=0; pingpong=0; private_global=0; IO mode=axis:ce=0
Port [ m_axis_V_last_V]:  wired=1; compound=1; hidden=0; nouse=0; global=0; static=0; extern=0; dir=1; type=0; pingpong=0; private_global=0; IO mode=axis:ce=0
Port [ m_axis_arp_lookup_reply]:  wired=1; compound=1; hidden=0; nouse=0; global=0; static=0; extern=0; dir=1; type=0; pingpong=0; private_global=0; IO mode=axis:ce=0
Port [ m_axis_host_arp_lookup_reply]:  wired=1; compound=1; hidden=0; nouse=0; global=0; static=0; extern=0; dir=1; type=0; pingpong=0; private_global=0; IO mode=axis:ce=0
Port [ myMacAddress]:  wired=1; compound=0; hidden=0; nouse=0; global=0; static=0; extern=0; dir=0; type=0; pingpong=0; private_global=0; IO mode=ap_none:ce=0
Port [ myIpAddress]:  wired=1; compound=0; hidden=0; nouse=0; global=0; static=0; extern=0; dir=0; type=0; pingpong=0; private_global=0; IO mode=ap_none:ce=0
Port [ regRequestCount]:  wired=1; compound=0; hidden=0; nouse=0; global=0; static=0; extern=0; dir=1; type=0; pingpong=0; private_global=0; IO mode=ap_vld:ce=0
Port [ regReplyCount]:  wired=1; compound=0; hidden=0; nouse=0; global=0; static=0; extern=0; dir=1; type=0; pingpong=0; private_global=0; IO mode=ap_vld:ce=0
Port [ arpDataIn_internal]:  wired=0; compound=1; hidden=1; nouse=0; global=1; static=1; extern=0; dir=2; type=3; pingpong=0; private_global=1; IO mode=ap_fifo:ce=0
Port [ arpDataOut_internal]:  wired=0; compound=1; hidden=1; nouse=0; global=1; static=1; extern=0; dir=2; type=3; pingpong=0; private_global=1; IO mode=ap_fifo:ce=0
Port [ header_ready]:  wired=0; compound=0; hidden=1; nouse=1; global=1; static=1; extern=0; dir=2; type=0; pingpong=0; private_global=0; IO mode=ap_ovld:ce=0
Port [ header_idx]:  wired=0; compound=0; hidden=1; nouse=1; global=1; static=1; extern=0; dir=2; type=0; pingpong=0; private_global=0; IO mode=ap_ovld:ce=0
Port [ header_header_V]:  wired=0; compound=0; hidden=1; nouse=1; global=1; static=1; extern=0; dir=2; type=0; pingpong=0; private_global=0; IO mode=ap_ovld:ce=0
Port [ arpReplyMetaFifo]:  wired=0; compound=1; hidden=1; nouse=0; global=1; static=1; extern=0; dir=2; type=3; pingpong=0; private_global=1; IO mode=ap_fifo:ce=0
Port [ pag_requestCounter_V]:  wired=0; compound=0; hidden=1; nouse=1; global=1; static=1; extern=0; dir=2; type=0; pingpong=0; private_global=0; IO mode=ap_ovld:ce=0
Port [ arpTableInsertFifo]:  wired=0; compound=1; hidden=1; nouse=0; global=1; static=1; extern=0; dir=2; type=3; pingpong=0; private_global=1; IO mode=ap_fifo:ce=0
Port [ pag_replyCounter_V]:  wired=0; compound=0; hidden=1; nouse=1; global=1; static=1; extern=0; dir=2; type=0; pingpong=0; private_global=0; IO mode=ap_ovld:ce=0
Port [ gap_state]:  wired=0; compound=0; hidden=1; nouse=1; global=1; static=1; extern=0; dir=2; type=0; pingpong=0; private_global=0; IO mode=ap_ovld:ce=0
Port [ header_idx_1]:  wired=0; compound=0; hidden=1; nouse=1; global=1; static=1; extern=0; dir=2; type=0; pingpong=0; private_global=0; IO mode=ap_ovld:ce=0
Port [ header_header_V_1]:  wired=0; compound=0; hidden=1; nouse=1; global=1; static=1; extern=0; dir=2; type=0; pingpong=0; private_global=0; IO mode=ap_ovld:ce=0
Port [ arpRequestMetaFifo]:  wired=0; compound=1; hidden=1; nouse=0; global=1; static=1; extern=0; dir=2; type=3; pingpong=0; private_global=1; IO mode=ap_fifo:ce=0
Port [ arpTable_macAddress_V]:  wired=0; compound=1; hidden=1; nouse=1; global=1; static=1; extern=0; dir=2; type=1; pingpong=0; private_global=0; MemPort=[2]; IO mode=ap_memory:ce=0
Port [ arpTable_valid]:  wired=0; compound=1; hidden=1; nouse=1; global=1; static=1; extern=0; dir=2; type=1; pingpong=0; private_global=0; MemPort=[2]; IO mode=ap_memory:ce=0
---------------- STG Properties END ------------------

---------------- Datapath Model BEGIN ----------------

<LifeTime>
<method=bitvector/>
myIpAddress_c16          (alloca              ) [ 001111111111111]
myIpAddress_c            (alloca              ) [ 001111111111111]
myMacAddress_c           (alloca              ) [ 001111111111111]
myIpAddress_read         (read                ) [ 000000000000000]
myMacAddress_read        (read                ) [ 000000000000000]
call_ln0                 (call                ) [ 000000000000000]
call_ln291               (call                ) [ 000000000000000]
call_ln294               (call                ) [ 000000000000000]
call_ln240               (call                ) [ 000000000000000]
call_ln247               (call                ) [ 000000000000000]
call_ln253               (call                ) [ 000000000000000]
empty                    (specchannel         ) [ 000000000000000]
specinterface_ln0        (specinterface       ) [ 000000000000000]
empty_33                 (specchannel         ) [ 000000000000000]
specinterface_ln0        (specinterface       ) [ 000000000000000]
empty_34                 (specchannel         ) [ 000000000000000]
specinterface_ln0        (specinterface       ) [ 000000000000000]
specdataflowpipeline_ln0 (specdataflowpipeline) [ 000000000000000]
empty_35                 (specchannel         ) [ 000000000000000]
empty_36                 (specchannel         ) [ 000000000000000]
empty_37                 (specchannel         ) [ 000000000000000]
empty_38                 (specchannel         ) [ 000000000000000]
empty_39                 (specchannel         ) [ 000000000000000]
spectopmodule_ln0        (spectopmodule       ) [ 000000000000000]
specinterface_ln0        (specinterface       ) [ 000000000000000]
specinterface_ln0        (specinterface       ) [ 000000000000000]
specbitsmap_ln0          (specbitsmap         ) [ 000000000000000]
specbitsmap_ln0          (specbitsmap         ) [ 000000000000000]
specbitsmap_ln0          (specbitsmap         ) [ 000000000000000]
specbitsmap_ln0          (specbitsmap         ) [ 000000000000000]
specinterface_ln0        (specinterface       ) [ 000000000000000]
specbitsmap_ln0          (specbitsmap         ) [ 000000000000000]
specinterface_ln0        (specinterface       ) [ 000000000000000]
specbitsmap_ln0          (specbitsmap         ) [ 000000000000000]
specinterface_ln0        (specinterface       ) [ 000000000000000]
specbitsmap_ln0          (specbitsmap         ) [ 000000000000000]
specbitsmap_ln0          (specbitsmap         ) [ 000000000000000]
specbitsmap_ln0          (specbitsmap         ) [ 000000000000000]
specbitsmap_ln0          (specbitsmap         ) [ 000000000000000]
specinterface_ln0        (specinterface       ) [ 000000000000000]
specbitsmap_ln0          (specbitsmap         ) [ 000000000000000]
specinterface_ln0        (specinterface       ) [ 000000000000000]
specbitsmap_ln0          (specbitsmap         ) [ 000000000000000]
specbitsmap_ln0          (specbitsmap         ) [ 000000000000000]
specinterface_ln0        (specinterface       ) [ 000000000000000]
specbitsmap_ln0          (specbitsmap         ) [ 000000000000000]
specinterface_ln0        (specinterface       ) [ 000000000000000]
specbitsmap_ln0          (specbitsmap         ) [ 000000000000000]
specinterface_ln0        (specinterface       ) [ 000000000000000]
specbitsmap_ln0          (specbitsmap         ) [ 000000000000000]
specinterface_ln0        (specinterface       ) [ 000000000000000]
specinterface_ln0        (specinterface       ) [ 000000000000000]
specinterface_ln0        (specinterface       ) [ 000000000000000]
specinterface_ln0        (specinterface       ) [ 000000000000000]
specinterface_ln0        (specinterface       ) [ 000000000000000]
specinterface_ln0        (specinterface       ) [ 000000000000000]
ret_ln307                (ret                 ) [ 000000000000000]
</LifeTime>

<model>

<comp_list>
<comp id="0" class="1000" name="s_axis_V_data_V">
<pin_list>
<pin id="1" dir="1" index="0" bw="1" slack="0"/>
</pin_list>
<bind>
<StgValue><ssdm name="s_axis_V_data_V"/></StgValue>
</bind>
</comp>

<comp id="2" class="1000" name="s_axis_V_keep_V">
<pin_list>
<pin id="3" dir="1" index="0" bw="1" slack="0"/>
</pin_list>
<bind>
<StgValue><ssdm name="s_axis_V_keep_V"/></StgValue>
</bind>
</comp>

<comp id="4" class="1000" name="s_axis_V_strb_V">
<pin_list>
<pin id="5" dir="1" index="0" bw="1" slack="0"/>
</pin_list>
<bind>
<StgValue><ssdm name="s_axis_V_strb_V"/></StgValue>
</bind>
</comp>

<comp id="6" class="1000" name="s_axis_V_last_V">
<pin_list>
<pin id="7" dir="1" index="0" bw="1" slack="0"/>
</pin_list>
<bind>
<StgValue><ssdm name="s_axis_V_last_V"/></StgValue>
</bind>
</comp>

<comp id="8" class="1000" name="s_axis_arp_lookup_request">
<pin_list>
<pin id="9" dir="1" index="0" bw="1" slack="0"/>
</pin_list>
<bind>
<StgValue><ssdm name="s_axis_arp_lookup_request"/></StgValue>
</bind>
</comp>

<comp id="10" class="1000" name="s_axis_host_arp_lookup_request">
<pin_list>
<pin id="11" dir="1" index="0" bw="1" slack="0"/>
</pin_list>
<bind>
<StgValue><ssdm name="s_axis_host_arp_lookup_request"/></StgValue>
</bind>
</comp>

<comp id="12" class="1000" name="m_axis_V_data_V">
<pin_list>
<pin id="13" dir="1" index="0" bw="1" slack="0"/>
</pin_list>
<bind>
<StgValue><ssdm name="m_axis_V_data_V"/></StgValue>
</bind>
</comp>

<comp id="14" class="1000" name="m_axis_V_keep_V">
<pin_list>
<pin id="15" dir="1" index="0" bw="1" slack="0"/>
</pin_list>
<bind>
<StgValue><ssdm name="m_axis_V_keep_V"/></StgValue>
</bind>
</comp>

<comp id="16" class="1000" name="m_axis_V_strb_V">
<pin_list>
<pin id="17" dir="1" index="0" bw="1" slack="0"/>
</pin_list>
<bind>
<StgValue><ssdm name="m_axis_V_strb_V"/></StgValue>
</bind>
</comp>

<comp id="18" class="1000" name="m_axis_V_last_V">
<pin_list>
<pin id="19" dir="1" index="0" bw="1" slack="0"/>
</pin_list>
<bind>
<StgValue><ssdm name="m_axis_V_last_V"/></StgValue>
</bind>
</comp>

<comp id="20" class="1000" name="m_axis_arp_lookup_reply">
<pin_list>
<pin id="21" dir="1" index="0" bw="1" slack="0"/>
</pin_list>
<bind>
<StgValue><ssdm name="m_axis_arp_lookup_reply"/></StgValue>
</bind>
</comp>

<comp id="22" class="1000" name="m_axis_host_arp_lookup_reply">
<pin_list>
<pin id="23" dir="1" index="0" bw="1" slack="0"/>
</pin_list>
<bind>
<StgValue><ssdm name="m_axis_host_arp_lookup_reply"/></StgValue>
</bind>
</comp>

<comp id="24" class="1000" name="myMacAddress">
<pin_list>
<pin id="25" dir="1" index="0" bw="1" slack="0"/>
</pin_list>
<bind>
<StgValue><ssdm name="myMacAddress"/></StgValue>
</bind>
</comp>

<comp id="26" class="1000" name="myIpAddress">
<pin_list>
<pin id="27" dir="1" index="0" bw="1" slack="0"/>
</pin_list>
<bind>
<StgValue><ssdm name="myIpAddress"/></StgValue>
</bind>
</comp>

<comp id="28" class="1000" name="regRequestCount">
<pin_list>
<pin id="29" dir="1" index="0" bw="1" slack="0"/>
</pin_list>
<bind>
<StgValue><ssdm name="regRequestCount"/></StgValue>
</bind>
</comp>

<comp id="30" class="1000" name="regReplyCount">
<pin_list>
<pin id="31" dir="1" index="0" bw="1" slack="0"/>
</pin_list>
<bind>
<StgValue><ssdm name="regReplyCount"/></StgValue>
</bind>
</comp>

<comp id="32" class="1000" name="arpDataIn_internal">
<pin_list>
<pin id="33" dir="1" index="0" bw="1" slack="0"/>
</pin_list>
<bind>
<StgValue><ssdm name="arpDataIn_internal"/></StgValue>
</bind>
</comp>

<comp id="34" class="1000" name="arpDataOut_internal">
<pin_list>
<pin id="35" dir="1" index="0" bw="1" slack="0"/>
</pin_list>
<bind>
<StgValue><ssdm name="arpDataOut_internal"/></StgValue>
</bind>
</comp>

<comp id="36" class="1000" name="header_ready">
<pin_list>
<pin id="37" dir="1" index="0" bw="1" slack="0"/>
</pin_list>
<bind>
<StgValue><ssdm name="header_ready"/></StgValue>
</bind>
</comp>

<comp id="38" class="1000" name="header_idx">
<pin_list>
<pin id="39" dir="1" index="0" bw="1" slack="0"/>
</pin_list>
<bind>
<StgValue><ssdm name="header_idx"/></StgValue>
</bind>
</comp>

<comp id="40" class="1000" name="header_header_V">
<pin_list>
<pin id="41" dir="1" index="0" bw="1" slack="0"/>
</pin_list>
<bind>
<StgValue><ssdm name="header_header_V"/></StgValue>
</bind>
</comp>

<comp id="42" class="1000" name="arpReplyMetaFifo">
<pin_list>
<pin id="43" dir="1" index="0" bw="1" slack="0"/>
</pin_list>
<bind>
<StgValue><ssdm name="arpReplyMetaFifo"/></StgValue>
</bind>
</comp>

<comp id="44" class="1000" name="pag_requestCounter_V">
<pin_list>
<pin id="45" dir="1" index="0" bw="1" slack="0"/>
</pin_list>
<bind>
<StgValue><ssdm name="pag_requestCounter_V"/></StgValue>
</bind>
</comp>

<comp id="46" class="1000" name="arpTableInsertFifo">
<pin_list>
<pin id="47" dir="1" index="0" bw="1" slack="0"/>
</pin_list>
<bind>
<StgValue><ssdm name="arpTableInsertFifo"/></StgValue>
</bind>
</comp>

<comp id="48" class="1000" name="pag_replyCounter_V">
<pin_list>
<pin id="49" dir="1" index="0" bw="1" slack="0"/>
</pin_list>
<bind>
<StgValue><ssdm name="pag_replyCounter_V"/></StgValue>
</bind>
</comp>

<comp id="50" class="1000" name="gap_state">
<pin_list>
<pin id="51" dir="1" index="0" bw="1" slack="0"/>
</pin_list>
<bind>
<StgValue><ssdm name="gap_state"/></StgValue>
</bind>
</comp>

<comp id="52" class="1000" name="header_idx_1">
<pin_list>
<pin id="53" dir="1" index="0" bw="1" slack="0"/>
</pin_list>
<bind>
<StgValue><ssdm name="header_idx_1"/></StgValue>
</bind>
</comp>

<comp id="54" class="1000" name="header_header_V_1">
<pin_list>
<pin id="55" dir="1" index="0" bw="1" slack="0"/>
</pin_list>
<bind>
<StgValue><ssdm name="header_header_V_1"/></StgValue>
</bind>
</comp>

<comp id="56" class="1000" name="arpRequestMetaFifo">
<pin_list>
<pin id="57" dir="1" index="0" bw="1" slack="0"/>
</pin_list>
<bind>
<StgValue><ssdm name="arpRequestMetaFifo"/></StgValue>
</bind>
</comp>

<comp id="58" class="1000" name="arpTable_macAddress_V">
<pin_list>
<pin id="59" dir="1" index="0" bw="1" slack="0"/>
</pin_list>
<bind>
<StgValue><ssdm name="arpTable_macAddress_V"/><MemPortTyVec>2 </MemPortTyVec>
</StgValue>
</bind>
</comp>

<comp id="60" class="1000" name="arpTable_valid">
<pin_list>
<pin id="61" dir="1" index="0" bw="1" slack="0"/>
</pin_list>
<bind>
<StgValue><ssdm name="arpTable_valid"/><MemPortTyVec>2 </MemPortTyVec>
</StgValue>
</bind>
</comp>

<comp id="62" class="1001" name="const_62">
<pin_list>
<pin id="63" dir="1" index="0" bw="1" slack="0"/>
</pin_list>
<bind>
<StgValue><ssdm name="_ssdm_op_Read.ap_none.i32"/></StgValue>
</bind>
</comp>

<comp id="64" class="1001" name="const_64">
<pin_list>
<pin id="65" dir="1" index="0" bw="1" slack="0"/>
</pin_list>
<bind>
<StgValue><ssdm name="_ssdm_op_Read.ap_none.i48"/></StgValue>
</bind>
</comp>

<comp id="66" class="1001" name="const_66">
<pin_list>
<pin id="67" dir="1" index="0" bw="1" slack="0"/>
</pin_list>
<bind>
<StgValue><ssdm name=""/></StgValue>
</bind>
</comp>

<comp id="68" class="1001" name="const_68">
<pin_list>
<pin id="69" dir="1" index="0" bw="1" slack="0"/>
</pin_list>
<bind>
<StgValue><ssdm name="entry_proc"/></StgValue>
</bind>
</comp>

<comp id="70" class="1001" name="const_70">
<pin_list>
<pin id="71" dir="1" index="0" bw="1" slack="0"/>
</pin_list>
<bind>
<StgValue><ssdm name="convert_axis_to_net_axis<512>"/></StgValue>
</bind>
</comp>

<comp id="72" class="1001" name="const_72">
<pin_list>
<pin id="73" dir="1" index="0" bw="1" slack="0"/>
</pin_list>
<bind>
<StgValue><ssdm name="process_arp_pkg<512>"/></StgValue>
</bind>
</comp>

<comp id="74" class="1001" name="const_74">
<pin_list>
<pin id="75" dir="1" index="0" bw="1" slack="0"/>
</pin_list>
<bind>
<StgValue><ssdm name="convert_net_axis_to_axis<512>"/></StgValue>
</bind>
</comp>

<comp id="76" class="1001" name="const_76">
<pin_list>
<pin id="77" dir="1" index="0" bw="1" slack="0"/>
</pin_list>
<bind>
<StgValue><ssdm name="generate_arp_pkg<512>"/></StgValue>
</bind>
</comp>

<comp id="78" class="1001" name="const_78">
<pin_list>
<pin id="79" dir="1" index="0" bw="1" slack="0"/>
</pin_list>
<bind>
<StgValue><ssdm name="arp_table"/></StgValue>
</bind>
</comp>

<comp id="80" class="1001" name="const_80">
<pin_list>
<pin id="81" dir="1" index="0" bw="1" slack="2147483647"/>
</pin_list>
<bind>
<StgValue><ssdm name="_ssdm_op_SpecChannel"/></StgValue>
</bind>
</comp>

<comp id="82" class="1001" name="const_82">
<pin_list>
<pin id="83" dir="1" index="0" bw="1" slack="2147483647"/>
</pin_list>
<bind>
<StgValue><ssdm name="myIpAddress_c16_str"/></StgValue>
</bind>
</comp>

<comp id="84" class="1001" name="const_84">
<pin_list>
<pin id="85" dir="1" index="0" bw="1" slack="2147483647"/>
</pin_list>
<bind>
<StgValue><ssdm name=""/></StgValue>
</bind>
</comp>

<comp id="86" class="1001" name="const_86">
<pin_list>
<pin id="87" dir="1" index="0" bw="1" slack="2147483647"/>
</pin_list>
<bind>
<StgValue><ssdm name="p_str"/></StgValue>
</bind>
</comp>

<comp id="88" class="1001" name="const_88">
<pin_list>
<pin id="89" dir="1" index="0" bw="1" slack="2147483647"/>
</pin_list>
<bind>
<StgValue><ssdm name=""/></StgValue>
</bind>
</comp>

<comp id="90" class="1001" name="const_90">
<pin_list>
<pin id="91" dir="1" index="0" bw="1" slack="2147483647"/>
</pin_list>
<bind>
<StgValue><ssdm name=""/></StgValue>
</bind>
</comp>

<comp id="92" class="1001" name="const_92">
<pin_list>
<pin id="93" dir="1" index="0" bw="1" slack="2147483647"/>
</pin_list>
<bind>
<StgValue><ssdm name="_ssdm_op_SpecInterface"/></StgValue>
</bind>
</comp>

<comp id="94" class="1001" name="const_94">
<pin_list>
<pin id="95" dir="1" index="0" bw="1" slack="2147483647"/>
</pin_list>
<bind>
<StgValue><ssdm name="ap_fifo_str"/></StgValue>
</bind>
</comp>

<comp id="96" class="1001" name="const_96">
<pin_list>
<pin id="97" dir="1" index="0" bw="1" slack="2147483647"/>
</pin_list>
<bind>
<StgValue><ssdm name=""/></StgValue>
</bind>
</comp>

<comp id="98" class="1001" name="const_98">
<pin_list>
<pin id="99" dir="1" index="0" bw="1" slack="2147483647"/>
</pin_list>
<bind>
<StgValue><ssdm name=""/></StgValue>
</bind>
</comp>

<comp id="100" class="1001" name="const_100">
<pin_list>
<pin id="101" dir="1" index="0" bw="1" slack="2147483647"/>
</pin_list>
<bind>
<StgValue><ssdm name="myIpAddress_c_str"/></StgValue>
</bind>
</comp>

<comp id="102" class="1001" name="const_102">
<pin_list>
<pin id="103" dir="1" index="0" bw="1" slack="2147483647"/>
</pin_list>
<bind>
<StgValue><ssdm name="myMacAddress_c_str"/></StgValue>
</bind>
</comp>

<comp id="104" class="1001" name="const_104">
<pin_list>
<pin id="105" dir="1" index="0" bw="1" slack="2147483647"/>
</pin_list>
<bind>
<StgValue><ssdm name=""/></StgValue>
</bind>
</comp>

<comp id="106" class="1001" name="const_106">
<pin_list>
<pin id="107" dir="1" index="0" bw="1" slack="2147483647"/>
</pin_list>
<bind>
<StgValue><ssdm name="_ssdm_op_SpecDataflowPipeline"/></StgValue>
</bind>
</comp>

<comp id="108" class="1001" name="const_108">
<pin_list>
<pin id="109" dir="1" index="0" bw="1" slack="2147483647"/>
</pin_list>
<bind>
<StgValue><ssdm name=""/></StgValue>
</bind>
</comp>

<comp id="110" class="1001" name="const_110">
<pin_list>
<pin id="111" dir="1" index="0" bw="1" slack="2147483647"/>
</pin_list>
<bind>
<StgValue><ssdm name="empty_1"/></StgValue>
</bind>
</comp>

<comp id="112" class="1001" name="const_112">
<pin_list>
<pin id="113" dir="1" index="0" bw="1" slack="2147483647"/>
</pin_list>
<bind>
<StgValue><ssdm name="arpDataIn_internal_str"/></StgValue>
</bind>
</comp>

<comp id="114" class="1001" name="const_114">
<pin_list>
<pin id="115" dir="1" index="0" bw="1" slack="2147483647"/>
</pin_list>
<bind>
<StgValue><ssdm name="arpDataOut_internal_str"/></StgValue>
</bind>
</comp>

<comp id="116" class="1001" name="const_116">
<pin_list>
<pin id="117" dir="1" index="0" bw="1" slack="2147483647"/>
</pin_list>
<bind>
<StgValue><ssdm name="arpReplyMetaFifo_str"/></StgValue>
</bind>
</comp>

<comp id="118" class="1001" name="const_118">
<pin_list>
<pin id="119" dir="1" index="0" bw="1" slack="2147483647"/>
</pin_list>
<bind>
<StgValue><ssdm name="arpRequestMetaFifo_str"/></StgValue>
</bind>
</comp>

<comp id="120" class="1001" name="const_120">
<pin_list>
<pin id="121" dir="1" index="0" bw="1" slack="2147483647"/>
</pin_list>
<bind>
<StgValue><ssdm name="arpTableInsertFifo_str"/></StgValue>
</bind>
</comp>

<comp id="122" class="1001" name="const_122">
<pin_list>
<pin id="123" dir="1" index="0" bw="1" slack="2147483647"/>
</pin_list>
<bind>
<StgValue><ssdm name="_ssdm_op_SpecTopModule"/></StgValue>
</bind>
</comp>

<comp id="124" class="1001" name="const_124">
<pin_list>
<pin id="125" dir="1" index="0" bw="1" slack="2147483647"/>
</pin_list>
<bind>
<StgValue><ssdm name="empty_5"/></StgValue>
</bind>
</comp>

<comp id="126" class="1001" name="const_126">
<pin_list>
<pin id="127" dir="1" index="0" bw="1" slack="2147483647"/>
</pin_list>
<bind>
<StgValue><ssdm name="empty_6"/></StgValue>
</bind>
</comp>

<comp id="128" class="1001" name="const_128">
<pin_list>
<pin id="129" dir="1" index="0" bw="1" slack="2147483647"/>
</pin_list>
<bind>
<StgValue><ssdm name="empty"/></StgValue>
</bind>
</comp>

<comp id="130" class="1001" name="const_130">
<pin_list>
<pin id="131" dir="1" index="0" bw="1" slack="2147483647"/>
</pin_list>
<bind>
<StgValue><ssdm name="empty_0"/></StgValue>
</bind>
</comp>

<comp id="132" class="1001" name="const_132">
<pin_list>
<pin id="133" dir="1" index="0" bw="1" slack="2147483647"/>
</pin_list>
<bind>
<StgValue><ssdm name="_ssdm_op_SpecBitsMap"/></StgValue>
</bind>
</comp>

<comp id="134" class="1001" name="const_134">
<pin_list>
<pin id="135" dir="1" index="0" bw="1" slack="2147483647"/>
</pin_list>
<bind>
<StgValue><ssdm name="empty_2"/></StgValue>
</bind>
</comp>

<comp id="136" class="1001" name="const_136">
<pin_list>
<pin id="137" dir="1" index="0" bw="1" slack="2147483647"/>
</pin_list>
<bind>
<StgValue><ssdm name="empty_3"/></StgValue>
</bind>
</comp>

<comp id="138" class="1001" name="const_138">
<pin_list>
<pin id="139" dir="1" index="0" bw="1" slack="2147483647"/>
</pin_list>
<bind>
<StgValue><ssdm name="empty_4"/></StgValue>
</bind>
</comp>

<comp id="140" class="1004" name="myIpAddress_c16_fu_140">
<pin_list>
<pin id="141" dir="0" index="0" bw="1" slack="0"/>
<pin id="142" dir="1" index="1" bw="32" slack="1"/>
</pin_list>
<bind>
<opcode="alloca(26) " fcode="alloca"/>
<opset="myIpAddress_c16/1 "/>
</bind>
</comp>

<comp id="144" class="1004" name="myIpAddress_c_fu_144">
<pin_list>
<pin id="145" dir="0" index="0" bw="1" slack="0"/>
<pin id="146" dir="1" index="1" bw="32" slack="3"/>
</pin_list>
<bind>
<opcode="alloca(26) " fcode="alloca"/>
<opset="myIpAddress_c/1 "/>
</bind>
</comp>

<comp id="148" class="1004" name="myMacAddress_c_fu_148">
<pin_list>
<pin id="149" dir="0" index="0" bw="1" slack="0"/>
<pin id="150" dir="1" index="1" bw="48" slack="1"/>
</pin_list>
<bind>
<opcode="alloca(26) " fcode="alloca"/>
<opset="myMacAddress_c/1 "/>
</bind>
</comp>

<comp id="152" class="1004" name="grp_read_fu_152">
<pin_list>
<pin id="153" dir="0" index="0" bw="32" slack="0"/>
<pin id="154" dir="0" index="1" bw="32" slack="0"/>
<pin id="155" dir="1" index="2" bw="32" slack="0"/>
</pin_list>
<bind>
<opcode="read(1150) " fcode="read"/>
<opset="myIpAddress_read/1 "/>
</bind>
</comp>

<comp id="158" class="1004" name="grp_read_fu_158">
<pin_list>
<pin id="159" dir="0" index="0" bw="48" slack="0"/>
<pin id="160" dir="0" index="1" bw="48" slack="0"/>
<pin id="161" dir="1" index="2" bw="48" slack="0"/>
</pin_list>
<bind>
<opcode="read(1150) " fcode="read"/>
<opset="myMacAddress_read/1 "/>
</bind>
</comp>

<comp id="164" class="1004" name="call_ln0_entry_proc_fu_164">
<pin_list>
<pin id="165" dir="0" index="0" bw="0" slack="0"/>
<pin id="166" dir="0" index="1" bw="48" slack="0"/>
<pin id="167" dir="0" index="2" bw="48" slack="1"/>
<pin id="168" dir="0" index="3" bw="32" slack="0"/>
<pin id="169" dir="0" index="4" bw="32" slack="1"/>
<pin id="170" dir="1" index="5" bw="0" slack="2147483647"/>
</pin_list>
<bind>
<opcode="call(48) " fcode="call"/>
<opset="call_ln0/2 "/>
</bind>
</comp>

<comp id="174" class="1004" name="grp_convert_axis_to_net_axis_512_s_fu_174">
<pin_list>
<pin id="175" dir="0" index="0" bw="0" slack="0"/>
<pin id="176" dir="0" index="1" bw="512" slack="0"/>
<pin id="177" dir="0" index="2" bw="64" slack="0"/>
<pin id="178" dir="0" index="3" bw="64" slack="0"/>
<pin id="179" dir="0" index="4" bw="1" slack="0"/>
<pin id="180" dir="0" index="5" bw="1024" slack="0"/>
<pin id="181" dir="1" index="6" bw="0" slack="2147483647"/>
</pin_list>
<bind>
<opcode="call(48) " fcode="call"/>
<opset="call_ln291/2 "/>
</bind>
</comp>

<comp id="188" class="1004" name="grp_process_arp_pkg_512_s_fu_188">
<pin_list>
<pin id="189" dir="0" index="0" bw="0" slack="0"/>
<pin id="190" dir="0" index="1" bw="32" slack="3"/>
<pin id="191" dir="0" index="2" bw="16" slack="0"/>
<pin id="192" dir="0" index="3" bw="16" slack="0"/>
<pin id="193" dir="0" index="4" bw="32" slack="3"/>
<pin id="194" dir="0" index="5" bw="1024" slack="0"/>
<pin id="195" dir="0" index="6" bw="1" slack="0"/>
<pin id="196" dir="0" index="7" bw="16" slack="0"/>
<pin id="197" dir="0" index="8" bw="336" slack="0"/>
<pin id="198" dir="0" index="9" bw="128" slack="0"/>
<pin id="199" dir="0" index="10" bw="16" slack="0"/>
<pin id="200" dir="0" index="11" bw="81" slack="0"/>
<pin id="201" dir="0" index="12" bw="16" slack="0"/>
<pin id="202" dir="1" index="13" bw="0" slack="2147483647"/>
</pin_list>
<bind>
<opcode="call(48) " fcode="call"/>
<opset="call_ln240/4 "/>
</bind>
</comp>

<comp id="214" class="1004" name="grp_convert_net_axis_to_axis_512_s_fu_214">
<pin_list>
<pin id="215" dir="0" index="0" bw="0" slack="0"/>
<pin id="216" dir="0" index="1" bw="512" slack="0"/>
<pin id="217" dir="0" index="2" bw="64" slack="0"/>
<pin id="218" dir="0" index="3" bw="64" slack="0"/>
<pin id="219" dir="0" index="4" bw="1" slack="0"/>
<pin id="220" dir="0" index="5" bw="1024" slack="0"/>
<pin id="221" dir="1" index="6" bw="0" slack="2147483647"/>
</pin_list>
<bind>
<opcode="call(48) " fcode="call"/>
<opset="call_ln294/5 "/>
</bind>
</comp>

<comp id="228" class="1004" name="grp_generate_arp_pkg_512_s_fu_228">
<pin_list>
<pin id="229" dir="0" index="0" bw="0" slack="0"/>
<pin id="230" dir="0" index="1" bw="48" slack="7"/>
<pin id="231" dir="0" index="2" bw="32" slack="7"/>
<pin id="232" dir="0" index="3" bw="1" slack="0"/>
<pin id="233" dir="0" index="4" bw="16" slack="0"/>
<pin id="234" dir="0" index="5" bw="336" slack="0"/>
<pin id="235" dir="0" index="6" bw="128" slack="0"/>
<pin id="236" dir="0" index="7" bw="32" slack="0"/>
<pin id="237" dir="0" index="8" bw="1024" slack="0"/>
<pin id="238" dir="1" index="9" bw="0" slack="2147483647"/>
</pin_list>
<bind>
<opcode="call(48) " fcode="call"/>
<opset="call_ln247/8 "/>
</bind>
</comp>

<comp id="246" class="1004" name="grp_arp_table_fu_246">
<pin_list>
<pin id="247" dir="0" index="0" bw="0" slack="0"/>
<pin id="248" dir="0" index="1" bw="32" slack="0"/>
<pin id="249" dir="0" index="2" bw="32" slack="0"/>
<pin id="250" dir="0" index="3" bw="56" slack="0"/>
<pin id="251" dir="0" index="4" bw="56" slack="0"/>
<pin id="252" dir="0" index="5" bw="81" slack="0"/>
<pin id="253" dir="0" index="6" bw="48" slack="0"/>
<pin id="254" dir="0" index="7" bw="1" slack="0"/>
<pin id="255" dir="0" index="8" bw="32" slack="0"/>
<pin id="256" dir="1" index="9" bw="0" slack="2147483647"/>
</pin_list>
<bind>
<opcode="call(48) " fcode="call"/>
<opset="call_ln253/10 "/>
</bind>
</comp>

<comp id="266" class="1005" name="myIpAddress_c16_reg_266">
<pin_list>
<pin id="267" dir="0" index="0" bw="32" slack="1"/>
<pin id="268" dir="1" index="1" bw="32" slack="1"/>
</pin_list>
<bind>
<opset="myIpAddress_c16 "/>
</bind>
</comp>

<comp id="272" class="1005" name="myIpAddress_c_reg_272">
<pin_list>
<pin id="273" dir="0" index="0" bw="32" slack="3"/>
<pin id="274" dir="1" index="1" bw="32" slack="3"/>
</pin_list>
<bind>
<opset="myIpAddress_c "/>
</bind>
</comp>

<comp id="278" class="1005" name="myMacAddress_c_reg_278">
<pin_list>
<pin id="279" dir="0" index="0" bw="48" slack="1"/>
<pin id="280" dir="1" index="1" bw="48" slack="1"/>
</pin_list>
<bind>
<opset="myMacAddress_c "/>
</bind>
</comp>

</comp_list>

<net_list>
<net id="143"><net_src comp="66" pin="0"/><net_sink comp="140" pin=0"/></net>

<net id="147"><net_src comp="66" pin="0"/><net_sink comp="144" pin=0"/></net>

<net id="151"><net_src comp="66" pin="0"/><net_sink comp="148" pin=0"/></net>

<net id="156"><net_src comp="62" pin="0"/><net_sink comp="152" pin=0"/></net>

<net id="157"><net_src comp="26" pin="0"/><net_sink comp="152" pin=1"/></net>

<net id="162"><net_src comp="64" pin="0"/><net_sink comp="158" pin=0"/></net>

<net id="163"><net_src comp="24" pin="0"/><net_sink comp="158" pin=1"/></net>

<net id="171"><net_src comp="68" pin="0"/><net_sink comp="164" pin=0"/></net>

<net id="172"><net_src comp="158" pin="2"/><net_sink comp="164" pin=1"/></net>

<net id="173"><net_src comp="152" pin="2"/><net_sink comp="164" pin=3"/></net>

<net id="182"><net_src comp="70" pin="0"/><net_sink comp="174" pin=0"/></net>

<net id="183"><net_src comp="0" pin="0"/><net_sink comp="174" pin=1"/></net>

<net id="184"><net_src comp="2" pin="0"/><net_sink comp="174" pin=2"/></net>

<net id="185"><net_src comp="4" pin="0"/><net_sink comp="174" pin=3"/></net>

<net id="186"><net_src comp="6" pin="0"/><net_sink comp="174" pin=4"/></net>

<net id="187"><net_src comp="32" pin="0"/><net_sink comp="174" pin=5"/></net>

<net id="203"><net_src comp="72" pin="0"/><net_sink comp="188" pin=0"/></net>

<net id="204"><net_src comp="28" pin="0"/><net_sink comp="188" pin=2"/></net>

<net id="205"><net_src comp="30" pin="0"/><net_sink comp="188" pin=3"/></net>

<net id="206"><net_src comp="32" pin="0"/><net_sink comp="188" pin=5"/></net>

<net id="207"><net_src comp="36" pin="0"/><net_sink comp="188" pin=6"/></net>

<net id="208"><net_src comp="38" pin="0"/><net_sink comp="188" pin=7"/></net>

<net id="209"><net_src comp="40" pin="0"/><net_sink comp="188" pin=8"/></net>

<net id="210"><net_src comp="42" pin="0"/><net_sink comp="188" pin=9"/></net>

<net id="211"><net_src comp="44" pin="0"/><net_sink comp="188" pin=10"/></net>

<net id="212"><net_src comp="46" pin="0"/><net_sink comp="188" pin=11"/></net>

<net id="213"><net_src comp="48" pin="0"/><net_sink comp="188" pin=12"/></net>

<net id="222"><net_src comp="74" pin="0"/><net_sink comp="214" pin=0"/></net>

<net id="223"><net_src comp="12" pin="0"/><net_sink comp="214" pin=1"/></net>

<net id="224"><net_src comp="14" pin="0"/><net_sink comp="214" pin=2"/></net>

<net id="225"><net_src comp="16" pin="0"/><net_sink comp="214" pin=3"/></net>

<net id="226"><net_src comp="18" pin="0"/><net_sink comp="214" pin=4"/></net>

<net id="227"><net_src comp="34" pin="0"/><net_sink comp="214" pin=5"/></net>

<net id="239"><net_src comp="76" pin="0"/><net_sink comp="228" pin=0"/></net>

<net id="240"><net_src comp="50" pin="0"/><net_sink comp="228" pin=3"/></net>

<net id="241"><net_src comp="52" pin="0"/><net_sink comp="228" pin=4"/></net>

<net id="242"><net_src comp="54" pin="0"/><net_sink comp="228" pin=5"/></net>

<net id="243"><net_src comp="42" pin="0"/><net_sink comp="228" pin=6"/></net>

<net id="244"><net_src comp="56" pin="0"/><net_sink comp="228" pin=7"/></net>

<net id="245"><net_src comp="34" pin="0"/><net_sink comp="228" pin=8"/></net>

<net id="257"><net_src comp="78" pin="0"/><net_sink comp="246" pin=0"/></net>

<net id="258"><net_src comp="8" pin="0"/><net_sink comp="246" pin=1"/></net>

<net id="259"><net_src comp="10" pin="0"/><net_sink comp="246" pin=2"/></net>

<net id="260"><net_src comp="20" pin="0"/><net_sink comp="246" pin=3"/></net>

<net id="261"><net_src comp="22" pin="0"/><net_sink comp="246" pin=4"/></net>

<net id="262"><net_src comp="46" pin="0"/><net_sink comp="246" pin=5"/></net>

<net id="263"><net_src comp="58" pin="0"/><net_sink comp="246" pin=6"/></net>

<net id="264"><net_src comp="60" pin="0"/><net_sink comp="246" pin=7"/></net>

<net id="265"><net_src comp="56" pin="0"/><net_sink comp="246" pin=8"/></net>

<net id="269"><net_src comp="140" pin="1"/><net_sink comp="266" pin=0"/></net>

<net id="270"><net_src comp="266" pin="1"/><net_sink comp="164" pin=4"/></net>

<net id="271"><net_src comp="266" pin="1"/><net_sink comp="188" pin=1"/></net>

<net id="275"><net_src comp="144" pin="1"/><net_sink comp="272" pin=0"/></net>

<net id="276"><net_src comp="272" pin="1"/><net_sink comp="188" pin=4"/></net>

<net id="277"><net_src comp="272" pin="1"/><net_sink comp="228" pin=2"/></net>

<net id="281"><net_src comp="148" pin="1"/><net_sink comp="278" pin=0"/></net>

<net id="282"><net_src comp="278" pin="1"/><net_sink comp="164" pin=2"/></net>

<net id="283"><net_src comp="278" pin="1"/><net_sink comp="228" pin=1"/></net>

</net_list>

</model> 
---------------- Datapath Model END ------------------

* FSMD analyzer results:
  - Output states:
	Port: m_axis_V_data_V | {7 }
	Port: m_axis_V_keep_V | {7 }
	Port: m_axis_V_strb_V | {7 }
	Port: m_axis_V_last_V | {7 }
	Port: m_axis_arp_lookup_reply | {13 }
	Port: m_axis_host_arp_lookup_reply | {13 }
	Port: regRequestCount | {7 }
	Port: regReplyCount | {7 }
	Port: arpDataIn_internal | {3 }
	Port: arpDataOut_internal | {9 }
	Port: header_ready | {5 }
	Port: header_idx | {5 }
	Port: header_header_V | {5 }
	Port: arpReplyMetaFifo | {7 }
	Port: pag_requestCounter_V | {7 }
	Port: arpTableInsertFifo | {7 }
	Port: pag_replyCounter_V | {7 }
	Port: gap_state | {8 }
	Port: header_idx_1 | {8 }
	Port: header_header_V_1 | {8 }
	Port: arpRequestMetaFifo | {13 }
	Port: arpTable_macAddress_V | {11 }
	Port: arpTable_valid | {11 }
 - Input state : 
	Port: arp_server_subnet_top : s_axis_V_data_V | {2 }
	Port: arp_server_subnet_top : s_axis_V_keep_V | {2 }
	Port: arp_server_subnet_top : s_axis_V_strb_V | {2 }
	Port: arp_server_subnet_top : s_axis_V_last_V | {2 }
	Port: arp_server_subnet_top : s_axis_arp_lookup_request | {10 }
	Port: arp_server_subnet_top : s_axis_host_arp_lookup_request | {10 }
	Port: arp_server_subnet_top : myMacAddress | {1 }
	Port: arp_server_subnet_top : myIpAddress | {1 }
	Port: arp_server_subnet_top : arpDataIn_internal | {4 }
	Port: arp_server_subnet_top : arpDataOut_internal | {5 }
	Port: arp_server_subnet_top : header_ready | {5 }
	Port: arp_server_subnet_top : header_idx | {5 }
	Port: arp_server_subnet_top : header_header_V | {5 }
	Port: arp_server_subnet_top : arpReplyMetaFifo | {8 }
	Port: arp_server_subnet_top : pag_requestCounter_V | {7 }
	Port: arp_server_subnet_top : arpTableInsertFifo | {10 }
	Port: arp_server_subnet_top : pag_replyCounter_V | {7 }
	Port: arp_server_subnet_top : gap_state | {8 }
	Port: arp_server_subnet_top : header_idx_1 | {8 }
	Port: arp_server_subnet_top : header_header_V_1 | {8 }
	Port: arp_server_subnet_top : arpRequestMetaFifo | {8 }
	Port: arp_server_subnet_top : arpTable_macAddress_V | {11 12 }
	Port: arp_server_subnet_top : arpTable_valid | {11 12 }
  - Chain level:
	State 1
	State 2
	State 3
	State 4
	State 5
	State 6
	State 7
	State 8
	State 9
	State 10
	State 11
	State 12
	State 13
	State 14


============================================================
+ Verbose Summary: Datapath Resource usage 
============================================================

* Functional unit list:
|----------|-------------------------------------------|---------|---------|---------|
| Operation|              Functional Unit              |  Delay  |    FF   |   LUT   |
|----------|-------------------------------------------|---------|---------|---------|
|          |         call_ln0_entry_proc_fu_164        |    0    |    0    |    0    |
|          | grp_convert_axis_to_net_axis_512_s_fu_174 |    0    |   578   |    0    |
|   call   |      grp_process_arp_pkg_512_s_fu_188     |    0    |   2294  |   2941  |
|          | grp_convert_net_axis_to_axis_512_s_fu_214 |    0    |   578   |    0    |
|          |     grp_generate_arp_pkg_512_s_fu_228     |    0    |   673   |    39   |
|          |            grp_arp_table_fu_246           | 2.13214 |   286   |    79   |
|----------|-------------------------------------------|---------|---------|---------|
|   read   |              grp_read_fu_152              |    0    |    0    |    0    |
|          |              grp_read_fu_158              |    0    |    0    |    0    |
|----------|-------------------------------------------|---------|---------|---------|
|   Total  |                                           | 2.13214 |   4409  |   3059  |
|----------|-------------------------------------------|---------|---------|---------|

Memories:
+---------------------+--------+--------+--------+
|                     |  BRAM  |   FF   |   LUT  |
+---------------------+--------+--------+--------+
|arpTable_macAddress_V|    2   |    0   |    0   |
|    arpTable_valid   |    1   |    0   |    0   |
+---------------------+--------+--------+--------+
|        Total        |    3   |    0   |    0   |
+---------------------+--------+--------+--------+

* Register list:
+-----------------------+--------+
|                       |   FF   |
+-----------------------+--------+
|myIpAddress_c16_reg_266|   32   |
| myIpAddress_c_reg_272 |   32   |
| myMacAddress_c_reg_278|   48   |
+-----------------------+--------+
|         Total         |   112  |
+-----------------------+--------+

* Multiplexer (MUX) list: 
|--------|------|------|------|--------|
|  Comp  |  Pin | Size |  BW  | S x BW |
|--------|------|------|------|--------|
|  Total |      |      |      |    0   |
|--------|------|------|------|--------|



* Summary:
+-----------+--------+--------+--------+--------+
|           |  BRAM  |  Delay |   FF   |   LUT  |
+-----------+--------+--------+--------+--------+
|  Function |    -   |    2   |  4409  |  3059  |
|   Memory  |    3   |    -   |    0   |    0   |
|Multiplexer|    -   |    -   |    -   |    -   |
|  Register |    -   |    -   |   112  |    -   |
+-----------+--------+--------+--------+--------+
|   Total   |    3   |    2   |  4521  |  3059  |
+-----------+--------+--------+--------+--------+
