
****** Vitis HLS - High-Level Synthesis from C, C++ and OpenCL v2021.2 (64-bit)
  **** SW Build 3367213 on Tue Oct 19 02:47:39 MDT 2021
  **** IP Build 3369179 on Thu Oct 21 08:25:16 MDT 2021
    ** Copyright 1986-2021 Xilinx, Inc. All Rights Reserved.

source /tools/Xilinx/Vitis_HLS/2021.2/scripts/vitis_hls/hls.tcl -notrace
INFO: Applying HLS Y2K22 patch v1.2 for IP revision
INFO: [HLS 200-10] Running '/tools/Xilinx/Vitis_HLS/2021.2/bin/unwrapped/lnx64.o/vitis_hls'
INFO: [HLS 200-10] For user 'yangz0e' on host 'kw61088.kaust.edu.sa' (Linux_x86_64 version 5.4.0-132-generic) on Sat Mar 18 14:32:40 +03 2023
INFO: [HLS 200-10] On os Ubuntu 18.04.6 LTS
INFO: [HLS 200-10] In directory '/home/yangz0e/Desktop/Vitis_with_100Gbps_TCP-IP_top_k/build/fpga-network-stack/hls/dhcp_client'
Sourcing Tcl script 'make.tcl'
INFO: [HLS 200-1510] Running: open_project dhcp_client_prj 
INFO: [HLS 200-10] Opening project '/home/yangz0e/Desktop/Vitis_with_100Gbps_TCP-IP_top_k/build/fpga-network-stack/hls/dhcp_client/dhcp_client_prj'.
INFO: [HLS 200-1510] Running: open_solution solution1 
INFO: [HLS 200-10] Opening solution '/home/yangz0e/Desktop/Vitis_with_100Gbps_TCP-IP_top_k/build/fpga-network-stack/hls/dhcp_client/dhcp_client_prj/solution1'.
INFO: [SYN 201-201] Setting up clock 'default' with a period of 3.2ns.
INFO: [HLS 200-1611] Setting target device to 'xcu280-fsvh2892-2L-e'
INFO: [HLS 200-1505] Using flow_target 'vivado'
Resolution: For help on HLS 200-1505 see www.xilinx.com/cgi-bin/docs/rdoc?v=2021.2;t=hls+guidance;d=200-1505.html
INFO: [HLS 200-1464] Running solution command: config_export -description {DHCP Client to be used with the Xilinx Labs TCP & UDP offload engines.}
INFO: [HLS 200-1464] Running solution command: config_export -display_name {DHCP Client}
INFO: [HLS 200-1464] Running solution command: config_export -format=ip_catalog
INFO: [HLS 200-1464] Running solution command: config_export -ipname=dhcp_client
INFO: [HLS 200-1464] Running solution command: config_export -vendor=xilinx.labs
INFO: [HLS 200-1464] Running solution command: config_export -version=1.05
INFO: [HLS 200-1510] Running: set_part xcu280-fsvh2892-2L-e 
INFO: [HLS 200-1510] Running: create_clock -period 3.2 -name default 
INFO: [HLS 200-1510] Running: set_top dhcp_client 
INFO: [HLS 200-1510] Running: add_files /home/yangz0e/Desktop/Vitis_with_100Gbps_TCP-IP_top_k/fpga-network-stack/hls/dhcp_client/dhcp_client.cpp -cflags -I/home/yangz0e/Desktop/Vitis_with_100Gbps_TCP-IP_top_k/build/fpga-network-stack/hls/dhcp_client 
INFO: [HLS 200-10] Adding design file '/home/yangz0e/Desktop/Vitis_with_100Gbps_TCP-IP_top_k/fpga-network-stack/hls/dhcp_client/dhcp_client.cpp' to the project
INFO: [HLS 200-112] Total CPU user time: 2.07 seconds. Total CPU system time: 0.32 seconds. Total elapsed time: 1.42 seconds; peak allocated memory: 1.188 GB.
INFO: [Common 17-206] Exiting vitis_hls at Sat Mar 18 14:32:41 2023...
